
WARNING: version mismatch between CFITSIO header (v3.47) and linked library (v4.02).


WARNING: version mismatch between CFITSIO header (v3.47) and linked library (v4.02).


WARNING: version mismatch between CFITSIO header (v3.47) and linked library (v4.02).

2023-03-21 22:35:20,689:INFO:mapsims:Parsing configuration from common.toml, co_low.toml
2023-03-21 22:35:20,701:INFO:mapsims:Nside: 8192, Modeling Nside: 2048, Ellmax: 5120
2023-03-21 22:35:20,739:INFO:mapsims:Initializing the PySM Sky object
2023-03-21 22:35:20,741:INFO:pysm3:Access data from /mnt/sdceph/users/azonca/pysm-data/co/HFI_CompMap_CO-Type1_2048_R2.00_ring.fits
2023-03-21 22:35:20,741:INFO:pysm3:Access data from /mnt/sdceph/users/azonca/pysm-data/co/HFI_CompMap_CO-Type1_2048_R2.00_ring.fits
2023-03-21 22:35:37,524:INFO:mapsims:Processing channel Channel LAT_f150
2023-03-21 22:35:37,524:INFO:mapsims:Bandpass integration for Channel LAT_f150
2023-03-21 22:35:38,372:INFO:mapsims:Smoothing and coord-transform for Channel LAT_f150
/mnt/home/azonca/mambaforge-pypy3/envs/so/lib/python3.10/site-packages/healpy/sphtfunc.py:414: RuntimeWarning: invalid value encountered in double_scalars
  return realalm2alm(res[0]), res[3] / norm(maps.reshape((-1,))), res[2]
2023-03-21 22:35:48,334:INFO:pysm3:Used map2alm_lsq, converged in 0 iterations,residual relative error nan
2023-03-21 22:35:48,334:INFO:pysm3:Smoothing with fwhm of 1.4 arcmin
2023-03-21 22:35:49,236:INFO:pysm3:Rotate Alm
2023-03-21 22:37:04,575:INFO:pysm3:Alm to map HEALPix
2023-03-21 22:37:21,035:INFO:pysm3:Alm to map CAR
2023-03-21 22:38:01,293:INFO:mapsims:Writing output map sobs_mbs-s0012-20230321_LAT_mission_LAT_f150_co_low_healpix.fits
2023-03-21 22:38:01,293:INFO:mapsims:Replace NaN with UNSEEN
2023-03-21 22:38:03,740:INFO:mapsims:Reorder ring to nest
2023-03-21 22:39:06,395:INFO:mapsims:Writing output map
2023-03-21 22:39:42,202:INFO:mapsims:Writing output map sobs_mbs-s0012-20230321_LAT_mission_LAT_f150_co_low_car.fits
2023-03-21 22:39:42,243:INFO:mapsims:Writing output map

real	5m12.191s
user	68m10.359s
sys	1m52.703s
