
WARNING: version mismatch between CFITSIO header (v3.47) and linked library (v4.02).


WARNING: version mismatch between CFITSIO header (v3.47) and linked library (v4.02).


WARNING: version mismatch between CFITSIO header (v3.47) and linked library (v4.02).

2023-03-21 22:40:22,534:INFO:mapsims:Parsing configuration from common.toml, dust_low.toml
2023-03-21 22:40:22,546:INFO:mapsims:Nside: 8192, Modeling Nside: 8192, Ellmax: 16384
2023-03-21 22:40:22,548:INFO:mapsims:Initializing the PySM Sky object
2023-03-21 22:40:22,550:INFO:pysm3:Access data from /mnt/sdceph/users/azonca/pysm-data/dust_gnilc/gnilc_dust_template_nside8192.fits
2023-03-21 22:40:46,909:INFO:mapsims:Processing channel Channel LAT_f230
2023-03-21 22:40:46,909:INFO:mapsims:Bandpass integration for Channel LAT_f230
2023-03-21 23:38:13,845:INFO:mapsims:Smoothing and coord-transform for Channel LAT_f230
2023-03-21 23:46:20,961:INFO:pysm3:Used map2alm_lsq, converged in 2 iterations,residual relative error 0.004
2023-03-21 23:46:20,961:INFO:pysm3:Smoothing with fwhm of 1.0 arcmin
2023-03-21 23:46:30,375:INFO:pysm3:Rotate Alm
2023-03-22 00:59:55,910:INFO:pysm3:Alm to map HEALPix
2023-03-22 01:00:34,255:INFO:pysm3:Alm to map CAR
2023-03-22 01:01:28,205:INFO:mapsims:Writing output map sobs_mbs-s0012-20230321_LAT_mission_LAT_f230_dust_low_healpix.fits
2023-03-22 01:01:28,205:INFO:mapsims:Replace NaN with UNSEEN
2023-03-22 01:01:30,724:INFO:mapsims:Reorder ring to nest
2023-03-22 01:02:33,732:INFO:mapsims:Writing output map
2023-03-22 01:03:08,443:INFO:mapsims:Writing output map sobs_mbs-s0012-20230321_LAT_mission_LAT_f230_dust_low_car.fits
2023-03-22 01:03:08,482:INFO:mapsims:Writing output map

real	143m35.528s
user	1743m36.712s
sys	25m5.852s
