
WARNING: version mismatch between CFITSIO header (v3.47) and linked library (v4.02).


WARNING: version mismatch between CFITSIO header (v3.47) and linked library (v4.02).


WARNING: version mismatch between CFITSIO header (v3.47) and linked library (v4.02).

2023-03-21 22:52:52,293:INFO:mapsims:Parsing configuration from common.toml, synchrotron_low.toml
2023-03-21 22:52:52,303:INFO:mapsims:Nside: 8192, Modeling Nside: 8192, Ellmax: 16384
2023-03-21 22:52:52,305:INFO:mapsims:Initializing the PySM Sky object
2023-03-21 22:52:52,306:INFO:pysm3:Access data from /mnt/sdceph/users/azonca/pysm-data/synch/synch_template_nside8192_2023.02.25.fits
2023-03-21 22:53:15,269:INFO:mapsims:Processing channel Channel LAT_f150
2023-03-21 22:53:15,269:INFO:mapsims:Bandpass integration for Channel LAT_f150
2023-03-21 22:58:35,200:INFO:mapsims:Smoothing and coord-transform for Channel LAT_f150
2023-03-21 23:06:45,990:INFO:pysm3:Used map2alm_lsq, converged in 2 iterations,residual relative error 0.0019
2023-03-21 23:06:45,991:INFO:pysm3:Smoothing with fwhm of 1.4 arcmin
2023-03-21 23:06:56,289:INFO:pysm3:Rotate Alm
2023-03-22 00:20:22,691:INFO:pysm3:Alm to map HEALPix
2023-03-22 00:21:00,859:INFO:pysm3:Alm to map CAR
2023-03-22 00:21:54,409:INFO:mapsims:Writing output map sobs_mbs-s0012-20230321_LAT_mission_LAT_f150_synchrotron_low_healpix.fits
2023-03-22 00:21:54,410:INFO:mapsims:Replace NaN with UNSEEN
2023-03-22 00:21:57,378:INFO:mapsims:Reorder ring to nest
2023-03-22 00:23:00,832:INFO:mapsims:Writing output map
2023-03-22 00:23:36,276:INFO:mapsims:Writing output map sobs_mbs-s0012-20230321_LAT_mission_LAT_f150_synchrotron_low_car.fits
2023-03-22 00:23:36,316:INFO:mapsims:Writing output map

real	91m35.320s
user	1670m4.508s
sys	12m13.736s
