
WARNING: version mismatch between CFITSIO header (v3.47) and linked library (v4.02).


WARNING: version mismatch between CFITSIO header (v3.47) and linked library (v4.02).


WARNING: version mismatch between CFITSIO header (v3.47) and linked library (v4.02).

2023-03-21 22:35:30,024:INFO:mapsims:Parsing configuration from common.toml, synchrotron.toml
2023-03-21 22:35:30,045:INFO:mapsims:Nside: 8192, Modeling Nside: 8192, Ellmax: 16384
2023-03-21 22:35:30,048:INFO:mapsims:Initializing the PySM Sky object
2023-03-21 22:35:30,049:INFO:pysm3:Access data from /mnt/sdceph/users/azonca/pysm-data/synch/synch_template_nside8192_2023.02.25.fits
2023-03-21 22:36:10,406:INFO:pysm3:Access data from /mnt/sdceph/users/azonca/pysm-data/synch/synch_beta_nside8192.fits
2023-03-21 22:36:17,764:INFO:mapsims:Processing channel Channel LAT_f090
2023-03-21 22:36:17,764:INFO:mapsims:Bandpass integration for Channel LAT_f090
2023-03-21 22:40:41,661:INFO:mapsims:Smoothing and coord-transform for Channel LAT_f090
2023-03-21 22:48:58,679:INFO:pysm3:Used map2alm_lsq, converged in 2 iterations,residual relative error 0.0019
2023-03-21 22:48:58,679:INFO:pysm3:Smoothing with fwhm of 2.2 arcmin
2023-03-21 22:49:07,359:INFO:pysm3:Rotate Alm
2023-03-22 00:02:06,708:INFO:pysm3:Alm to map HEALPix
2023-03-22 00:02:46,029:INFO:pysm3:Alm to map CAR
2023-03-22 00:03:41,076:INFO:mapsims:Writing output map sobs_mbs-s0012-20230321_LAT_mission_LAT_f090_synchrotron_healpix.fits
2023-03-22 00:03:41,076:INFO:mapsims:Replace NaN with UNSEEN
2023-03-22 00:03:44,192:INFO:mapsims:Reorder ring to nest
2023-03-22 00:04:47,551:INFO:mapsims:Writing output map
2023-03-22 00:05:23,288:INFO:mapsims:Writing output map sobs_mbs-s0012-20230321_LAT_mission_LAT_f090_synchrotron_car.fits
2023-03-22 00:05:23,332:INFO:mapsims:Writing output map

real	90m50.026s
user	1991m5.892s
sys	10m39.951s
