
WARNING: version mismatch between CFITSIO header (v3.47) and linked library (v4.02).


WARNING: version mismatch between CFITSIO header (v3.47) and linked library (v4.02).


WARNING: version mismatch between CFITSIO header (v3.47) and linked library (v4.02).

2023-03-21 22:38:13,275:INFO:mapsims:Parsing configuration from common.toml, cib.toml
2023-03-21 22:38:13,286:INFO:mapsims:Nside: 512, Modeling Nside: 4096, Ellmax: 1280
2023-03-21 22:38:13,288:INFO:mapsims:Initializing the PySM Sky object
2023-03-21 22:38:13,495:INFO:mapsims:Processing channel Channel SAT_f090
2023-03-21 22:38:13,495:INFO:mapsims:Bandpass integration for Channel SAT_f090
2023-03-21 22:38:13,659:INFO:pysm3:Frequencies considered: [ 70.   73.7  79.6  90.2 100.  111.  129. ]
2023-03-21 22:38:13,779:INFO:pysm3:Access data from /mnt/sdceph/users/azonca/pysm-data/websky/0.4/cib/cib_0070.0.fits
2023-03-21 22:38:13,779:INFO:pysm3:Reading map /mnt/sdceph/users/azonca/pysm-data/websky/0.4/cib/cib_0070.0.fits
2023-03-21 22:38:13,780:INFO:pysm3:Access data from /mnt/sdceph/users/azonca/pysm-data/websky/0.4/cib/cib_0070.0.fits
2023-03-21 22:38:17,150:INFO:pysm3:Access data from /mnt/sdceph/users/azonca/pysm-data/websky/0.4/cib/cib_0070.0.fits
2023-03-21 22:38:21,700:INFO:pysm3:Mean emission at 70.0 GHz in I: 7.214 uK_RJ
2023-03-21 22:38:21,801:INFO:pysm3:Access data from /mnt/sdceph/users/azonca/pysm-data/websky/0.4/cib/cib_0073.7.fits
2023-03-21 22:38:21,801:INFO:pysm3:Reading map /mnt/sdceph/users/azonca/pysm-data/websky/0.4/cib/cib_0073.7.fits
2023-03-21 22:38:21,802:INFO:pysm3:Access data from /mnt/sdceph/users/azonca/pysm-data/websky/0.4/cib/cib_0073.7.fits
2023-03-21 22:38:26,973:INFO:pysm3:Access data from /mnt/sdceph/users/azonca/pysm-data/websky/0.4/cib/cib_0073.7.fits
2023-03-21 22:38:31,017:INFO:pysm3:Mean emission at 73.7 GHz in I: 7.749 uK_RJ
2023-03-21 22:38:31,018:INFO:pysm3:Access data from /mnt/sdceph/users/azonca/pysm-data/websky/0.4/cib/cib_0079.6.fits
2023-03-21 22:38:31,018:INFO:pysm3:Reading map /mnt/sdceph/users/azonca/pysm-data/websky/0.4/cib/cib_0079.6.fits
2023-03-21 22:38:31,019:INFO:pysm3:Access data from /mnt/sdceph/users/azonca/pysm-data/websky/0.4/cib/cib_0079.6.fits
2023-03-21 22:38:36,012:INFO:pysm3:Access data from /mnt/sdceph/users/azonca/pysm-data/websky/0.4/cib/cib_0079.6.fits
2023-03-21 22:38:40,055:INFO:pysm3:Mean emission at 79.6 GHz in I: 8.612 uK_RJ
2023-03-21 22:38:40,057:INFO:pysm3:Access data from /mnt/sdceph/users/azonca/pysm-data/websky/0.4/cib/cib_0090.2.fits
2023-03-21 22:38:40,057:INFO:pysm3:Reading map /mnt/sdceph/users/azonca/pysm-data/websky/0.4/cib/cib_0090.2.fits
2023-03-21 22:38:40,058:INFO:pysm3:Access data from /mnt/sdceph/users/azonca/pysm-data/websky/0.4/cib/cib_0090.2.fits
2023-03-21 22:38:45,189:INFO:pysm3:Access data from /mnt/sdceph/users/azonca/pysm-data/websky/0.4/cib/cib_0090.2.fits
2023-03-21 22:38:49,218:INFO:pysm3:Mean emission at 90.2 GHz in I: 10.19 uK_RJ
2023-03-21 22:38:49,220:INFO:pysm3:Access data from /mnt/sdceph/users/azonca/pysm-data/websky/0.4/cib/cib_0100.0.fits
2023-03-21 22:38:49,220:INFO:pysm3:Reading map /mnt/sdceph/users/azonca/pysm-data/websky/0.4/cib/cib_0100.0.fits
2023-03-21 22:38:49,221:INFO:pysm3:Access data from /mnt/sdceph/users/azonca/pysm-data/websky/0.4/cib/cib_0100.0.fits
2023-03-21 22:38:54,002:INFO:pysm3:Access data from /mnt/sdceph/users/azonca/pysm-data/websky/0.4/cib/cib_0100.0.fits
2023-03-21 22:38:58,033:INFO:pysm3:Mean emission at 100.0 GHz in I: 11.66 uK_RJ
2023-03-21 22:38:58,035:INFO:pysm3:Access data from /mnt/sdceph/users/azonca/pysm-data/websky/0.4/cib/cib_0111.0.fits
2023-03-21 22:38:58,035:INFO:pysm3:Reading map /mnt/sdceph/users/azonca/pysm-data/websky/0.4/cib/cib_0111.0.fits
2023-03-21 22:38:58,036:INFO:pysm3:Access data from /mnt/sdceph/users/azonca/pysm-data/websky/0.4/cib/cib_0111.0.fits
2023-03-21 22:39:02,043:INFO:pysm3:Access data from /mnt/sdceph/users/azonca/pysm-data/websky/0.4/cib/cib_0111.0.fits
2023-03-21 22:39:06,071:INFO:pysm3:Mean emission at 111.0 GHz in I: 13.31 uK_RJ
2023-03-21 22:39:06,074:INFO:pysm3:Access data from /mnt/sdceph/users/azonca/pysm-data/websky/0.4/cib/cib_0129.0.fits
2023-03-21 22:39:06,074:INFO:pysm3:Reading map /mnt/sdceph/users/azonca/pysm-data/websky/0.4/cib/cib_0129.0.fits
2023-03-21 22:39:06,075:INFO:pysm3:Access data from /mnt/sdceph/users/azonca/pysm-data/websky/0.4/cib/cib_0129.0.fits
2023-03-21 22:39:09,953:INFO:pysm3:Access data from /mnt/sdceph/users/azonca/pysm-data/websky/0.4/cib/cib_0129.0.fits
2023-03-21 22:39:13,982:INFO:pysm3:Mean emission at 129.0 GHz in I: 15.97 uK_RJ
2023-03-21 22:40:07,500:INFO:mapsims:Smoothing and coord-transform for Channel SAT_f090
2023-03-21 22:40:07,502:INFO:pysm3:Using map2alm with pixel weights
2023-03-21 22:40:12,474:INFO:pysm3:Smoothing with fwhm of 30.0 arcmin
2023-03-21 22:40:12,530:INFO:pysm3:Rotate Alm
2023-03-21 22:40:15,092:INFO:pysm3:Alm to map HEALPix
2023-03-21 22:40:15,176:INFO:pysm3:Alm to map CAR
2023-03-21 22:40:15,728:INFO:mapsims:Writing output map sobs_mbs-s0012-20230321_SAT_mission_SAT_f090_cib_healpix.fits
2023-03-21 22:40:15,728:INFO:mapsims:Replace NaN with UNSEEN
2023-03-21 22:40:15,737:INFO:mapsims:Reorder ring to nest
2023-03-21 22:40:15,963:INFO:mapsims:Writing output map
2023-03-21 22:40:16,132:INFO:mapsims:Writing output map sobs_mbs-s0012-20230321_SAT_mission_SAT_f090_cib_car.fits
2023-03-21 22:40:16,132:INFO:mapsims:Writing output map

real	2m5.705s
user	3m32.357s
sys	0m52.222s
