
WARNING: version mismatch between CFITSIO header (v3.47) and linked library (v4.02).


WARNING: version mismatch between CFITSIO header (v3.47) and linked library (v4.02).


WARNING: version mismatch between CFITSIO header (v3.47) and linked library (v4.02).

2023-03-21 22:35:28,819:INFO:mapsims:Parsing configuration from common.toml, synchrotron.toml
2023-03-21 22:35:28,843:INFO:mapsims:Nside: 2048, Modeling Nside: 4096, Ellmax: 5120
2023-03-21 22:35:28,847:INFO:mapsims:Initializing the PySM Sky object
2023-03-21 22:35:28,848:INFO:pysm3:Access data from /mnt/sdceph/users/azonca/pysm-data/synch/synch_template_nside4096_2023.02.25.fits
2023-03-21 22:35:44,758:INFO:pysm3:Access data from /mnt/sdceph/users/azonca/pysm-data/synch/synch_beta_nside4096.fits
2023-03-21 22:35:47,621:INFO:mapsims:Processing channel Channel LAT_f040
2023-03-21 22:35:47,621:INFO:mapsims:Bandpass integration for Channel LAT_f040
2023-03-21 22:44:39,908:INFO:mapsims:Smoothing and coord-transform for Channel LAT_f040
2023-03-21 22:44:39,909:INFO:pysm3:Using map2alm with pixel weights
2023-03-21 22:44:45,529:INFO:pysm3:Smoothing with fwhm of 5.1 arcmin
2023-03-21 22:44:46,056:INFO:pysm3:Rotate Alm
2023-03-21 22:45:44,075:INFO:pysm3:Alm to map HEALPix
2023-03-21 22:45:45,561:INFO:pysm3:Alm to map CAR
2023-03-21 22:45:48,116:INFO:mapsims:Writing output map sobs_mbs-s0012-20230321_LAT_mission_LAT_f040_synchrotron_healpix.fits
2023-03-21 22:45:48,116:INFO:mapsims:Replace NaN with UNSEEN
2023-03-21 22:45:48,252:INFO:mapsims:Reorder ring to nest
2023-03-21 22:45:51,864:INFO:mapsims:Writing output map
2023-03-21 22:45:54,448:INFO:mapsims:Writing output map sobs_mbs-s0012-20230321_LAT_mission_LAT_f040_synchrotron_car.fits
2023-03-21 22:45:54,451:INFO:mapsims:Writing output map

real	10m34.304s
user	130m22.440s
sys	8m28.652s
