
WARNING: version mismatch between CFITSIO header (v3.47) and linked library (v4.02).


WARNING: version mismatch between CFITSIO header (v3.47) and linked library (v4.02).


WARNING: version mismatch between CFITSIO header (v3.47) and linked library (v4.02).

2023-03-21 22:59:50,604:INFO:mapsims:Parsing configuration from common.toml, tsz.toml
2023-03-21 22:59:50,615:INFO:mapsims:Nside: 1024, Modeling Nside: 8192, Ellmax: 2560
2023-03-21 22:59:50,617:INFO:mapsims:Initializing the PySM Sky object
2023-03-21 22:59:50,618:INFO:pysm3:Access data from /mnt/sdceph/users/azonca/pysm-data/websky/0.4/tsz_8192_hp.fits
2023-03-21 22:59:50,619:INFO:pysm3:Access data from /mnt/sdceph/users/azonca/pysm-data/websky/0.4/tsz_8192_hp.fits
2023-03-21 22:59:57,654:INFO:mapsims:Processing channel Channel SAT_f290
2023-03-21 22:59:57,654:INFO:mapsims:Bandpass integration for Channel SAT_f290
2023-03-21 23:09:42,520:INFO:mapsims:Smoothing and coord-transform for Channel SAT_f290
2023-03-21 23:09:42,522:INFO:pysm3:Using map2alm with pixel weights
2023-03-21 23:10:02,214:INFO:pysm3:Smoothing with fwhm of 9.0 arcmin
2023-03-21 23:10:02,427:INFO:pysm3:Rotate Alm
2023-03-21 23:10:15,113:INFO:pysm3:Alm to map HEALPix
2023-03-21 23:10:15,479:INFO:pysm3:Alm to map CAR
2023-03-21 23:10:16,285:INFO:mapsims:Writing output map sobs_mbs-s0012-20230321_SAT_mission_SAT_f290_tsz_healpix.fits
2023-03-21 23:10:16,285:INFO:mapsims:Replace NaN with UNSEEN
2023-03-21 23:10:16,320:INFO:mapsims:Reorder ring to nest
2023-03-21 23:10:17,225:INFO:mapsims:Writing output map
2023-03-21 23:10:17,803:INFO:mapsims:Writing output map sobs_mbs-s0012-20230321_SAT_mission_SAT_f290_tsz_car.fits
2023-03-21 23:10:17,804:INFO:mapsims:Writing output map

real	10m30.099s
user	24m27.545s
sys	9m20.692s
