
WARNING: version mismatch between CFITSIO header (v3.47) and linked library (v4.02).


WARNING: version mismatch between CFITSIO header (v3.47) and linked library (v4.02).


WARNING: version mismatch between CFITSIO header (v3.47) and linked library (v4.02).

2023-03-21 22:35:20,757:INFO:mapsims:Parsing configuration from common.toml, co_low.toml
2023-03-21 22:35:20,770:INFO:mapsims:Nside: 1024, Modeling Nside: 2048, Ellmax: 2560
2023-03-21 22:35:20,772:INFO:mapsims:Initializing the PySM Sky object
2023-03-21 22:35:20,773:INFO:pysm3:Access data from /mnt/sdceph/users/azonca/pysm-data/co/HFI_CompMap_CO-Type1_2048_R2.00_ring.fits
2023-03-21 22:35:20,774:INFO:pysm3:Access data from /mnt/sdceph/users/azonca/pysm-data/co/HFI_CompMap_CO-Type1_2048_R2.00_ring.fits
2023-03-21 22:35:39,706:INFO:mapsims:Processing channel Channel SAT_f290
2023-03-21 22:35:39,706:INFO:mapsims:Bandpass integration for Channel SAT_f290
2023-03-21 22:35:41,293:INFO:mapsims:Smoothing and coord-transform for Channel SAT_f290
2023-03-21 22:35:41,294:INFO:pysm3:Using map2alm with pixel weights
2023-03-21 22:35:43,097:INFO:pysm3:Smoothing with fwhm of 9.0 arcmin
2023-03-21 22:35:43,319:INFO:pysm3:Rotate Alm
2023-03-21 22:35:55,200:INFO:pysm3:Alm to map HEALPix
2023-03-21 22:35:55,562:INFO:pysm3:Alm to map CAR
2023-03-21 22:35:56,414:INFO:mapsims:Writing output map sobs_mbs-s0012-20230321_SAT_mission_SAT_f290_co_low_healpix.fits
2023-03-21 22:35:56,414:INFO:mapsims:Replace NaN with UNSEEN
2023-03-21 22:35:56,450:INFO:mapsims:Reorder ring to nest
2023-03-21 22:35:57,354:INFO:mapsims:Writing output map
2023-03-21 22:35:58,002:INFO:mapsims:Writing output map sobs_mbs-s0012-20230321_SAT_mission_SAT_f290_co_low_car.fits
2023-03-21 22:35:58,002:INFO:mapsims:Writing output map

real	0m40.144s
user	10m23.367s
sys	0m12.395s
