
WARNING: version mismatch between CFITSIO header (v3.47) and linked library (v4.02).


WARNING: version mismatch between CFITSIO header (v3.47) and linked library (v4.02).


WARNING: version mismatch between CFITSIO header (v3.47) and linked library (v4.02).

2023-03-21 22:37:27,372:INFO:mapsims:Parsing configuration from common.toml, cib.toml
2023-03-21 22:37:27,384:INFO:mapsims:Nside: 8192, Modeling Nside: 4096, Ellmax: 10240
2023-03-21 22:37:27,386:INFO:mapsims:Initializing the PySM Sky object
2023-03-21 22:37:27,617:INFO:mapsims:Processing channel Channel LAT_f230
2023-03-21 22:37:27,618:INFO:mapsims:Bandpass integration for Channel LAT_f230
2023-03-21 22:37:27,795:INFO:pysm3:Frequencies considered: [164. 189. 210. 217. 232. 256. 275. 294. 306. 314. 340. 353.]
2023-03-21 22:37:27,922:INFO:pysm3:Access data from /mnt/sdceph/users/azonca/pysm-data/websky/0.4/cib/cib_0164.0.fits
2023-03-21 22:37:27,922:INFO:pysm3:Reading map /mnt/sdceph/users/azonca/pysm-data/websky/0.4/cib/cib_0164.0.fits
2023-03-21 22:37:27,923:INFO:pysm3:Access data from /mnt/sdceph/users/azonca/pysm-data/websky/0.4/cib/cib_0164.0.fits
2023-03-21 22:37:36,007:INFO:pysm3:Access data from /mnt/sdceph/users/azonca/pysm-data/websky/0.4/cib/cib_0164.0.fits
2023-03-21 22:37:40,897:INFO:pysm3:Mean emission at 164.0 GHz in I: 20.82 uK_RJ
2023-03-21 22:37:41,000:INFO:pysm3:Access data from /mnt/sdceph/users/azonca/pysm-data/websky/0.4/cib/cib_0189.0.fits
2023-03-21 22:37:41,000:INFO:pysm3:Reading map /mnt/sdceph/users/azonca/pysm-data/websky/0.4/cib/cib_0189.0.fits
2023-03-21 22:37:41,000:INFO:pysm3:Access data from /mnt/sdceph/users/azonca/pysm-data/websky/0.4/cib/cib_0189.0.fits
2023-03-21 22:37:49,790:INFO:pysm3:Access data from /mnt/sdceph/users/azonca/pysm-data/websky/0.4/cib/cib_0189.0.fits
2023-03-21 22:37:54,170:INFO:pysm3:Mean emission at 189.0 GHz in I: 23.88 uK_RJ
2023-03-21 22:37:54,172:INFO:pysm3:Access data from /mnt/sdceph/users/azonca/pysm-data/websky/0.4/cib/cib_0210.0.fits
2023-03-21 22:37:54,172:INFO:pysm3:Reading map /mnt/sdceph/users/azonca/pysm-data/websky/0.4/cib/cib_0210.0.fits
2023-03-21 22:37:54,172:INFO:pysm3:Access data from /mnt/sdceph/users/azonca/pysm-data/websky/0.4/cib/cib_0210.0.fits
2023-03-21 22:38:11,263:INFO:pysm3:Access data from /mnt/sdceph/users/azonca/pysm-data/websky/0.4/cib/cib_0210.0.fits
2023-03-21 22:38:15,684:INFO:pysm3:Mean emission at 210.0 GHz in I: 26.14 uK_RJ
2023-03-21 22:38:15,685:INFO:pysm3:Access data from /mnt/sdceph/users/azonca/pysm-data/websky/0.4/cib/cib_0217.0.fits
2023-03-21 22:38:15,685:INFO:pysm3:Reading map /mnt/sdceph/users/azonca/pysm-data/websky/0.4/cib/cib_0217.0.fits
2023-03-21 22:38:15,686:INFO:pysm3:Access data from /mnt/sdceph/users/azonca/pysm-data/websky/0.4/cib/cib_0217.0.fits
2023-03-21 22:38:24,527:INFO:pysm3:Access data from /mnt/sdceph/users/azonca/pysm-data/websky/0.4/cib/cib_0217.0.fits
2023-03-21 22:38:28,921:INFO:pysm3:Mean emission at 217.0 GHz in I: 26.83 uK_RJ
2023-03-21 22:38:28,923:INFO:pysm3:Access data from /mnt/sdceph/users/azonca/pysm-data/websky/0.4/cib/cib_0232.0.fits
2023-03-21 22:38:28,923:INFO:pysm3:Reading map /mnt/sdceph/users/azonca/pysm-data/websky/0.4/cib/cib_0232.0.fits
2023-03-21 22:38:28,924:INFO:pysm3:Access data from /mnt/sdceph/users/azonca/pysm-data/websky/0.4/cib/cib_0232.0.fits
2023-03-21 22:38:35,014:INFO:pysm3:Access data from /mnt/sdceph/users/azonca/pysm-data/websky/0.4/cib/cib_0232.0.fits
2023-03-21 22:38:39,403:INFO:pysm3:Mean emission at 232.0 GHz in I: 28.19 uK_RJ
2023-03-21 22:38:39,405:INFO:pysm3:Access data from /mnt/sdceph/users/azonca/pysm-data/websky/0.4/cib/cib_0256.0.fits
2023-03-21 22:38:39,405:INFO:pysm3:Reading map /mnt/sdceph/users/azonca/pysm-data/websky/0.4/cib/cib_0256.0.fits
2023-03-21 22:38:39,406:INFO:pysm3:Access data from /mnt/sdceph/users/azonca/pysm-data/websky/0.4/cib/cib_0256.0.fits
2023-03-21 22:38:47,043:INFO:pysm3:Access data from /mnt/sdceph/users/azonca/pysm-data/websky/0.4/cib/cib_0256.0.fits
2023-03-21 22:38:51,393:INFO:pysm3:Mean emission at 256.0 GHz in I: 30.05 uK_RJ
2023-03-21 22:38:51,398:INFO:pysm3:Access data from /mnt/sdceph/users/azonca/pysm-data/websky/0.4/cib/cib_0275.0.fits
2023-03-21 22:38:51,398:INFO:pysm3:Reading map /mnt/sdceph/users/azonca/pysm-data/websky/0.4/cib/cib_0275.0.fits
2023-03-21 22:38:51,399:INFO:pysm3:Access data from /mnt/sdceph/users/azonca/pysm-data/websky/0.4/cib/cib_0275.0.fits
2023-03-21 22:39:02,768:INFO:pysm3:Access data from /mnt/sdceph/users/azonca/pysm-data/websky/0.4/cib/cib_0275.0.fits
2023-03-21 22:39:07,107:INFO:pysm3:Mean emission at 275.0 GHz in I: 31.29 uK_RJ
2023-03-21 22:39:07,109:INFO:pysm3:Access data from /mnt/sdceph/users/azonca/pysm-data/websky/0.4/cib/cib_0294.0.fits
2023-03-21 22:39:07,109:INFO:pysm3:Reading map /mnt/sdceph/users/azonca/pysm-data/websky/0.4/cib/cib_0294.0.fits
2023-03-21 22:39:07,110:INFO:pysm3:Access data from /mnt/sdceph/users/azonca/pysm-data/websky/0.4/cib/cib_0294.0.fits
2023-03-21 22:39:15,304:INFO:pysm3:Access data from /mnt/sdceph/users/azonca/pysm-data/websky/0.4/cib/cib_0294.0.fits
2023-03-21 22:39:19,647:INFO:pysm3:Mean emission at 294.0 GHz in I: 32.34 uK_RJ
2023-03-21 22:39:19,649:INFO:pysm3:Access data from /mnt/sdceph/users/azonca/pysm-data/websky/0.4/cib/cib_0306.0.fits
2023-03-21 22:39:19,649:INFO:pysm3:Reading map /mnt/sdceph/users/azonca/pysm-data/websky/0.4/cib/cib_0306.0.fits
2023-03-21 22:39:19,650:INFO:pysm3:Access data from /mnt/sdceph/users/azonca/pysm-data/websky/0.4/cib/cib_0306.0.fits
2023-03-21 22:39:25,185:INFO:pysm3:Access data from /mnt/sdceph/users/azonca/pysm-data/websky/0.4/cib/cib_0306.0.fits
2023-03-21 22:39:29,479:INFO:pysm3:Mean emission at 306.0 GHz in I: 32.93 uK_RJ
2023-03-21 22:39:29,481:INFO:pysm3:Access data from /mnt/sdceph/users/azonca/pysm-data/websky/0.4/cib/cib_0314.0.fits
2023-03-21 22:39:29,481:INFO:pysm3:Reading map /mnt/sdceph/users/azonca/pysm-data/websky/0.4/cib/cib_0314.0.fits
2023-03-21 22:39:29,482:INFO:pysm3:Access data from /mnt/sdceph/users/azonca/pysm-data/websky/0.4/cib/cib_0314.0.fits
2023-03-21 22:39:35,468:INFO:pysm3:Access data from /mnt/sdceph/users/azonca/pysm-data/websky/0.4/cib/cib_0314.0.fits
2023-03-21 22:39:39,764:INFO:pysm3:Mean emission at 314.0 GHz in I: 33.28 uK_RJ
2023-03-21 22:39:39,766:INFO:pysm3:Access data from /mnt/sdceph/users/azonca/pysm-data/websky/0.4/cib/cib_0340.0.fits
2023-03-21 22:39:39,766:INFO:pysm3:Reading map /mnt/sdceph/users/azonca/pysm-data/websky/0.4/cib/cib_0340.0.fits
2023-03-21 22:39:39,767:INFO:pysm3:Access data from /mnt/sdceph/users/azonca/pysm-data/websky/0.4/cib/cib_0340.0.fits
2023-03-21 22:39:44,729:INFO:pysm3:Access data from /mnt/sdceph/users/azonca/pysm-data/websky/0.4/cib/cib_0340.0.fits
2023-03-21 22:39:49,033:INFO:pysm3:Mean emission at 340.0 GHz in I: 34.28 uK_RJ
2023-03-21 22:39:49,035:INFO:pysm3:Access data from /mnt/sdceph/users/azonca/pysm-data/websky/0.4/cib/cib_0353.0.fits
2023-03-21 22:39:49,035:INFO:pysm3:Reading map /mnt/sdceph/users/azonca/pysm-data/websky/0.4/cib/cib_0353.0.fits
2023-03-21 22:39:49,035:INFO:pysm3:Access data from /mnt/sdceph/users/azonca/pysm-data/websky/0.4/cib/cib_0353.0.fits
2023-03-21 22:39:54,926:INFO:pysm3:Access data from /mnt/sdceph/users/azonca/pysm-data/websky/0.4/cib/cib_0353.0.fits
2023-03-21 22:39:59,227:INFO:pysm3:Mean emission at 353.0 GHz in I: 34.7 uK_RJ
2023-03-21 22:47:26,058:INFO:mapsims:Smoothing and coord-transform for Channel LAT_f230
2023-03-21 22:54:30,887:WARNING:pysm3:hp.map2alm_lsq did not converge in 10 iterations, residual relative error is 0.39
2023-03-21 22:54:30,888:INFO:pysm3:Smoothing with fwhm of 1.0 arcmin
2023-03-21 22:54:34,299:INFO:pysm3:Rotate Alm
2023-03-21 23:04:55,487:INFO:pysm3:Alm to map HEALPix
2023-03-21 23:05:20,045:INFO:pysm3:Alm to map CAR
2023-03-21 23:06:07,308:INFO:mapsims:Writing output map sobs_mbs-s0012-20230321_LAT_mission_LAT_f230_cib_healpix.fits
2023-03-21 23:06:07,308:INFO:mapsims:Replace NaN with UNSEEN
2023-03-21 23:06:10,612:INFO:mapsims:Reorder ring to nest
2023-03-21 23:07:14,366:INFO:mapsims:Writing output map
2023-03-21 23:07:51,212:INFO:mapsims:Writing output map sobs_mbs-s0012-20230321_LAT_mission_LAT_f230_cib_car.fits
2023-03-21 23:07:51,260:INFO:mapsims:Writing output map

real	31m15.987s
user	582m2.718s
sys	11m22.532s
