
WARNING: version mismatch between CFITSIO header (v3.47) and linked library (v4.02).


WARNING: version mismatch between CFITSIO header (v3.47) and linked library (v4.02).


WARNING: version mismatch between CFITSIO header (v3.47) and linked library (v4.02).

2023-03-21 23:11:15,284:INFO:mapsims:Parsing configuration from common.toml, freefree.toml
2023-03-21 23:11:15,295:INFO:mapsims:Nside: 1024, Modeling Nside: 512, Ellmax: 1280
2023-03-21 23:11:15,297:INFO:mapsims:Initializing the PySM Sky object
2023-03-21 23:11:15,298:INFO:pysm3:Access data from /mnt/sdceph/users/azonca/pysm-data/pysm_2/ff_t_new.fits
2023-03-21 23:11:15,332:INFO:mapsims:Processing channel Channel SAT_f230
2023-03-21 23:11:15,333:INFO:mapsims:Bandpass integration for Channel SAT_f230
2023-03-21 23:11:19,188:INFO:mapsims:Smoothing and coord-transform for Channel SAT_f230
2023-03-21 23:11:24,056:INFO:pysm3:Used map2alm_lsq, converged in 8 iterations,residual relative error 0.11
2023-03-21 23:11:24,056:INFO:pysm3:Smoothing with fwhm of 11.0 arcmin
2023-03-21 23:11:24,115:INFO:pysm3:Rotate Alm
2023-03-21 23:11:26,606:INFO:pysm3:Alm to map HEALPix
2023-03-21 23:11:26,872:INFO:pysm3:Alm to map CAR
2023-03-21 23:11:27,672:INFO:mapsims:Writing output map sobs_mbs-s0012-20230321_SAT_mission_SAT_f230_freefree_healpix.fits
2023-03-21 23:11:27,672:INFO:mapsims:Replace NaN with UNSEEN
2023-03-21 23:11:27,705:INFO:mapsims:Reorder ring to nest
2023-03-21 23:11:28,622:INFO:mapsims:Writing output map
2023-03-21 23:11:29,132:INFO:mapsims:Writing output map sobs_mbs-s0012-20230321_SAT_mission_SAT_f230_freefree_car.fits
2023-03-21 23:11:29,133:INFO:mapsims:Writing output map

real	0m16.506s
user	3m35.449s
sys	1m21.977s
