
WARNING: version mismatch between CFITSIO header (v3.47) and linked library (v4.02).


WARNING: version mismatch between CFITSIO header (v3.47) and linked library (v4.02).


WARNING: version mismatch between CFITSIO header (v3.47) and linked library (v4.02).

2023-03-21 22:49:22,197:INFO:mapsims:Parsing configuration from common.toml, cmb_unlensed.toml
2023-03-21 22:49:22,209:INFO:mapsims:Nside: 1024, Modeling Nside: 4096, Ellmax: 2560
2023-03-21 22:49:22,212:INFO:mapsims:Initializing the PySM Sky object
2023-03-21 22:49:22,214:INFO:pysm3:Access data from /mnt/sdceph/users/azonca/pysm-data/websky/0.4/cmb/map_I_unlensed_alm_seed1_nside4096.fits
2023-03-21 22:49:22,215:INFO:pysm3:Access data from /mnt/sdceph/users/azonca/pysm-data/websky/0.4/cmb/map_Q_unlensed_alm_seed1_nside4096.fits
2023-03-21 22:49:22,217:INFO:pysm3:Access data from /mnt/sdceph/users/azonca/pysm-data/websky/0.4/cmb/map_U_unlensed_alm_seed1_nside4096.fits
2023-03-21 22:49:22,217:INFO:pysm3:Access data from /mnt/sdceph/users/azonca/pysm-data/websky/0.4/cmb/map_I_unlensed_alm_seed1_nside4096.fits
2023-03-21 22:49:23,987:INFO:pysm3:Access data from /mnt/sdceph/users/azonca/pysm-data/websky/0.4/cmb/map_Q_unlensed_alm_seed1_nside4096.fits
2023-03-21 22:49:25,880:INFO:pysm3:Access data from /mnt/sdceph/users/azonca/pysm-data/websky/0.4/cmb/map_U_unlensed_alm_seed1_nside4096.fits
2023-03-21 22:49:28,632:INFO:mapsims:Processing channel Channel SAT_f230
2023-03-21 22:49:28,632:INFO:mapsims:Bandpass integration for Channel SAT_f230
2023-03-21 22:49:31,206:INFO:mapsims:Smoothing and coord-transform for Channel SAT_f230
2023-03-21 22:49:31,207:INFO:pysm3:Using map2alm with pixel weights
2023-03-21 22:49:36,305:INFO:pysm3:Smoothing with fwhm of 11.0 arcmin
2023-03-21 22:49:36,520:INFO:pysm3:Rotate Alm
2023-03-21 22:49:47,767:INFO:pysm3:Alm to map HEALPix
2023-03-21 22:49:48,125:INFO:pysm3:Alm to map CAR
2023-03-21 22:49:48,957:INFO:mapsims:Writing output map sobs_mbs-s0012-20230321_SAT_mission_SAT_f230_cmb_unlensed_healpix.fits
2023-03-21 22:49:48,957:INFO:mapsims:Replace NaN with UNSEEN
2023-03-21 22:49:48,992:INFO:mapsims:Reorder ring to nest
2023-03-21 22:49:49,864:INFO:mapsims:Writing output map
2023-03-21 22:49:50,479:INFO:mapsims:Writing output map sobs_mbs-s0012-20230321_SAT_mission_SAT_f230_cmb_unlensed_car.fits
2023-03-21 22:49:50,480:INFO:mapsims:Writing output map

real	0m31.077s
user	9m58.171s
sys	0m12.158s
