
WARNING: version mismatch between CFITSIO header (v3.47) and linked library (v4.02).


WARNING: version mismatch between CFITSIO header (v3.47) and linked library (v4.02).


WARNING: version mismatch between CFITSIO header (v3.47) and linked library (v4.02).

2023-03-21 22:51:42,416:INFO:mapsims:Parsing configuration from common.toml, ame_high.toml
2023-03-21 22:51:42,426:INFO:mapsims:Nside: 128, Modeling Nside: 512, Ellmax: 320
2023-03-21 22:51:42,428:INFO:mapsims:Initializing the PySM Sky object
2023-03-21 22:51:42,429:INFO:pysm3:Access data from /mnt/sdceph/users/azonca/pysm-data/pysm_2/ame_t_new.fits
2023-03-21 22:51:42,479:INFO:pysm3:Access data from /mnt/sdceph/users/azonca/pysm-data/pysm_2/ame_nu_peak_0.fits
2023-03-21 22:51:42,521:INFO:pysm3:Access data from /mnt/sdceph/users/azonca/pysm-data/pysm_2/emissivity.txt
2023-03-21 22:51:42,525:INFO:pysm3:Access data from /mnt/sdceph/users/azonca/pysm-data/pysm_2/dust_u_new.fits
2023-03-21 22:51:42,578:WARNING:pysm3:No physical unit associated with file /mnt/sdceph/users/azonca/pysm-data/pysm_2/dust_u_new.fits
2023-03-21 22:51:42,579:INFO:pysm3:Access data from /mnt/sdceph/users/azonca/pysm-data/pysm_2/dust_q_new.fits
2023-03-21 22:51:42,624:WARNING:pysm3:No physical unit associated with file /mnt/sdceph/users/azonca/pysm-data/pysm_2/dust_q_new.fits
2023-03-21 22:51:42,685:INFO:pysm3:Access data from /mnt/sdceph/users/azonca/pysm-data/pysm_2/ame2_t_new.fits
2023-03-21 22:51:42,728:INFO:pysm3:Access data from /mnt/sdceph/users/azonca/pysm-data/pysm_2/emissivity.txt
2023-03-21 22:51:42,733:INFO:pysm3:Access data from /mnt/sdceph/users/azonca/pysm-data/pysm_2/dust_u_new.fits
2023-03-21 22:51:42,767:WARNING:pysm3:No physical unit associated with file /mnt/sdceph/users/azonca/pysm-data/pysm_2/dust_u_new.fits
2023-03-21 22:51:42,767:INFO:pysm3:Access data from /mnt/sdceph/users/azonca/pysm-data/pysm_2/dust_q_new.fits
2023-03-21 22:51:42,802:WARNING:pysm3:No physical unit associated with file /mnt/sdceph/users/azonca/pysm-data/pysm_2/dust_q_new.fits
2023-03-21 22:51:42,862:INFO:mapsims:Processing channel Channel SAT_f030
2023-03-21 22:51:42,863:INFO:mapsims:Bandpass integration for Channel SAT_f030
2023-03-21 22:52:22,310:INFO:mapsims:Smoothing and coord-transform for Channel SAT_f030
2023-03-21 22:52:22,311:INFO:pysm3:Using map2alm with pixel weights
2023-03-21 22:52:22,559:INFO:pysm3:Smoothing with fwhm of 91.0 arcmin
2023-03-21 22:52:22,563:INFO:pysm3:Rotate Alm
2023-03-21 22:52:22,804:INFO:pysm3:Alm to map HEALPix
2023-03-21 22:52:22,809:INFO:pysm3:Alm to map CAR
2023-03-21 22:52:22,934:INFO:mapsims:Writing output map sobs_mbs-s0012-20230321_SAT_mission_SAT_f030_ame_high_healpix.fits
2023-03-21 22:52:22,934:INFO:mapsims:Replace NaN with UNSEEN
2023-03-21 22:52:22,935:INFO:mapsims:Reorder ring to nest
2023-03-21 22:52:22,946:INFO:mapsims:Writing output map
2023-03-21 22:52:22,973:INFO:mapsims:Writing output map sobs_mbs-s0012-20230321_SAT_mission_SAT_f030_ame_high_car.fits
2023-03-21 22:52:22,973:INFO:mapsims:Writing output map

real	0m42.586s
user	1m35.591s
sys	0m21.131s
