
WARNING: version mismatch between CFITSIO header (v3.47) and linked library (v4.02).


WARNING: version mismatch between CFITSIO header (v3.47) and linked library (v4.02).


WARNING: version mismatch between CFITSIO header (v3.47) and linked library (v4.02).

2023-03-21 22:48:01,680:INFO:mapsims:Parsing configuration from common.toml, cmb_unlensed.toml
2023-03-21 22:48:01,690:INFO:mapsims:Nside: 8192, Modeling Nside: 4096, Ellmax: 10240
2023-03-21 22:48:01,692:INFO:mapsims:Initializing the PySM Sky object
2023-03-21 22:48:01,694:INFO:pysm3:Access data from /mnt/sdceph/users/azonca/pysm-data/websky/0.4/cmb/map_I_unlensed_alm_seed1_nside4096.fits
2023-03-21 22:48:01,695:INFO:pysm3:Access data from /mnt/sdceph/users/azonca/pysm-data/websky/0.4/cmb/map_Q_unlensed_alm_seed1_nside4096.fits
2023-03-21 22:48:01,696:INFO:pysm3:Access data from /mnt/sdceph/users/azonca/pysm-data/websky/0.4/cmb/map_U_unlensed_alm_seed1_nside4096.fits
2023-03-21 22:48:01,697:INFO:pysm3:Access data from /mnt/sdceph/users/azonca/pysm-data/websky/0.4/cmb/map_I_unlensed_alm_seed1_nside4096.fits
2023-03-21 22:48:03,692:INFO:pysm3:Access data from /mnt/sdceph/users/azonca/pysm-data/websky/0.4/cmb/map_Q_unlensed_alm_seed1_nside4096.fits
2023-03-21 22:48:05,437:INFO:pysm3:Access data from /mnt/sdceph/users/azonca/pysm-data/websky/0.4/cmb/map_U_unlensed_alm_seed1_nside4096.fits
2023-03-21 22:48:08,318:INFO:mapsims:Processing channel Channel LAT_f090
2023-03-21 22:48:08,318:INFO:mapsims:Bandpass integration for Channel LAT_f090
2023-03-21 22:48:10,882:INFO:mapsims:Smoothing and coord-transform for Channel LAT_f090
2023-03-21 22:50:20,833:INFO:pysm3:Used map2alm_lsq, converged in 2 iterations,residual relative error 4.4e-08
2023-03-21 22:50:20,834:INFO:pysm3:Smoothing with fwhm of 2.2 arcmin
2023-03-21 22:50:24,424:INFO:pysm3:Rotate Alm
2023-03-21 23:05:01,386:INFO:pysm3:Alm to map HEALPix
2023-03-21 23:05:25,524:INFO:pysm3:Alm to map CAR
2023-03-21 23:06:12,029:INFO:mapsims:Writing output map sobs_mbs-s0012-20230321_LAT_mission_LAT_f090_cmb_unlensed_healpix.fits
2023-03-21 23:06:12,029:INFO:mapsims:Replace NaN with UNSEEN
2023-03-21 23:06:14,286:INFO:mapsims:Reorder ring to nest
2023-03-21 23:07:16,822:INFO:mapsims:Writing output map
2023-03-21 23:07:52,741:INFO:mapsims:Writing output map sobs_mbs-s0012-20230321_LAT_mission_LAT_f090_cmb_unlensed_car.fits
2023-03-21 23:07:52,781:INFO:mapsims:Writing output map

real	20m42.501s
user	469m1.123s
sys	3m31.657s
