
WARNING: version mismatch between CFITSIO header (v3.47) and linked library (v4.02).


WARNING: version mismatch between CFITSIO header (v3.47) and linked library (v4.02).


WARNING: version mismatch between CFITSIO header (v3.47) and linked library (v4.02).

2023-03-21 22:36:10,096:INFO:mapsims:Parsing configuration from common.toml, radio.toml
2023-03-21 22:36:10,107:INFO:mapsims:Nside: 1024, Modeling Nside: 4096, Ellmax: 2560
2023-03-21 22:36:10,109:INFO:mapsims:Initializing the PySM Sky object
2023-03-21 22:36:10,532:INFO:mapsims:Processing channel Channel SAT_f230
2023-03-21 22:36:10,532:INFO:mapsims:Bandpass integration for Channel SAT_f230
2023-03-21 22:36:10,698:INFO:pysm3:Frequencies considered: [164. 189. 210. 217. 232. 256. 275. 294. 306. 314. 340. 353.]
2023-03-21 22:36:10,767:INFO:pysm3:Access data from /mnt/sdceph/users/azonca/pysm-data/websky/0.4/radio/radio_0164.0.fits
2023-03-21 22:36:10,767:INFO:pysm3:Reading map /mnt/sdceph/users/azonca/pysm-data/websky/0.4/radio/radio_0164.0.fits
2023-03-21 22:36:10,768:INFO:pysm3:Access data from /mnt/sdceph/users/azonca/pysm-data/websky/0.4/radio/radio_0164.0.fits
2023-03-21 22:36:16,352:INFO:pysm3:Access data from /mnt/sdceph/users/azonca/pysm-data/websky/0.4/radio/radio_0164.0.fits
2023-03-21 22:36:20,803:INFO:pysm3:Mean emission at 164.0 GHz in I: 0.3017 uK_RJ
2023-03-21 22:36:20,905:INFO:pysm3:Access data from /mnt/sdceph/users/azonca/pysm-data/websky/0.4/radio/radio_0189.0.fits
2023-03-21 22:36:20,905:INFO:pysm3:Reading map /mnt/sdceph/users/azonca/pysm-data/websky/0.4/radio/radio_0189.0.fits
2023-03-21 22:36:20,906:INFO:pysm3:Access data from /mnt/sdceph/users/azonca/pysm-data/websky/0.4/radio/radio_0189.0.fits
2023-03-21 22:36:24,675:INFO:pysm3:Access data from /mnt/sdceph/users/azonca/pysm-data/websky/0.4/radio/radio_0189.0.fits
2023-03-21 22:36:28,582:INFO:pysm3:Mean emission at 189.0 GHz in I: 0.2159 uK_RJ
2023-03-21 22:36:28,583:INFO:pysm3:Access data from /mnt/sdceph/users/azonca/pysm-data/websky/0.4/radio/radio_0210.0.fits
2023-03-21 22:36:28,583:INFO:pysm3:Reading map /mnt/sdceph/users/azonca/pysm-data/websky/0.4/radio/radio_0210.0.fits
2023-03-21 22:36:28,584:INFO:pysm3:Access data from /mnt/sdceph/users/azonca/pysm-data/websky/0.4/radio/radio_0210.0.fits
2023-03-21 22:36:31,509:INFO:pysm3:Access data from /mnt/sdceph/users/azonca/pysm-data/websky/0.4/radio/radio_0210.0.fits
2023-03-21 22:36:35,422:INFO:pysm3:Mean emission at 210.0 GHz in I: 0.1688 uK_RJ
2023-03-21 22:36:35,424:INFO:pysm3:Access data from /mnt/sdceph/users/azonca/pysm-data/websky/0.4/radio/radio_0217.0.fits
2023-03-21 22:36:35,424:INFO:pysm3:Reading map /mnt/sdceph/users/azonca/pysm-data/websky/0.4/radio/radio_0217.0.fits
2023-03-21 22:36:35,425:INFO:pysm3:Access data from /mnt/sdceph/users/azonca/pysm-data/websky/0.4/radio/radio_0217.0.fits
2023-03-21 22:36:39,109:INFO:pysm3:Access data from /mnt/sdceph/users/azonca/pysm-data/websky/0.4/radio/radio_0217.0.fits
2023-03-21 22:36:43,015:INFO:pysm3:Mean emission at 217.0 GHz in I: 0.1564 uK_RJ
2023-03-21 22:36:43,017:INFO:pysm3:Access data from /mnt/sdceph/users/azonca/pysm-data/websky/0.4/radio/radio_0232.0.fits
2023-03-21 22:36:43,017:INFO:pysm3:Reading map /mnt/sdceph/users/azonca/pysm-data/websky/0.4/radio/radio_0232.0.fits
2023-03-21 22:36:43,018:INFO:pysm3:Access data from /mnt/sdceph/users/azonca/pysm-data/websky/0.4/radio/radio_0232.0.fits
2023-03-21 22:36:46,952:INFO:pysm3:Access data from /mnt/sdceph/users/azonca/pysm-data/websky/0.4/radio/radio_0232.0.fits
2023-03-21 22:36:50,867:INFO:pysm3:Mean emission at 232.0 GHz in I: 0.134 uK_RJ
2023-03-21 22:36:50,868:INFO:pysm3:Access data from /mnt/sdceph/users/azonca/pysm-data/websky/0.4/radio/radio_0256.0.fits
2023-03-21 22:36:50,868:INFO:pysm3:Reading map /mnt/sdceph/users/azonca/pysm-data/websky/0.4/radio/radio_0256.0.fits
2023-03-21 22:36:50,869:INFO:pysm3:Access data from /mnt/sdceph/users/azonca/pysm-data/websky/0.4/radio/radio_0256.0.fits
2023-03-21 22:36:54,759:INFO:pysm3:Access data from /mnt/sdceph/users/azonca/pysm-data/websky/0.4/radio/radio_0256.0.fits
2023-03-21 22:36:58,678:INFO:pysm3:Mean emission at 256.0 GHz in I: 0.1068 uK_RJ
2023-03-21 22:36:58,680:INFO:pysm3:Access data from /mnt/sdceph/users/azonca/pysm-data/websky/0.4/radio/radio_0275.0.fits
2023-03-21 22:36:58,680:INFO:pysm3:Reading map /mnt/sdceph/users/azonca/pysm-data/websky/0.4/radio/radio_0275.0.fits
2023-03-21 22:36:58,681:INFO:pysm3:Access data from /mnt/sdceph/users/azonca/pysm-data/websky/0.4/radio/radio_0275.0.fits
2023-03-21 22:37:01,860:INFO:pysm3:Access data from /mnt/sdceph/users/azonca/pysm-data/websky/0.4/radio/radio_0275.0.fits
2023-03-21 22:37:05,768:INFO:pysm3:Mean emission at 275.0 GHz in I: 0.09058 uK_RJ
2023-03-21 22:37:05,770:INFO:pysm3:Access data from /mnt/sdceph/users/azonca/pysm-data/websky/0.4/radio/radio_0294.0.fits
2023-03-21 22:37:05,770:INFO:pysm3:Reading map /mnt/sdceph/users/azonca/pysm-data/websky/0.4/radio/radio_0294.0.fits
2023-03-21 22:37:05,771:INFO:pysm3:Access data from /mnt/sdceph/users/azonca/pysm-data/websky/0.4/radio/radio_0294.0.fits
2023-03-21 22:37:08,987:INFO:pysm3:Access data from /mnt/sdceph/users/azonca/pysm-data/websky/0.4/radio/radio_0294.0.fits
2023-03-21 22:37:12,896:INFO:pysm3:Mean emission at 294.0 GHz in I: 0.07775 uK_RJ
2023-03-21 22:37:12,898:INFO:pysm3:Access data from /mnt/sdceph/users/azonca/pysm-data/websky/0.4/radio/radio_0306.0.fits
2023-03-21 22:37:12,898:INFO:pysm3:Reading map /mnt/sdceph/users/azonca/pysm-data/websky/0.4/radio/radio_0306.0.fits
2023-03-21 22:37:12,899:INFO:pysm3:Access data from /mnt/sdceph/users/azonca/pysm-data/websky/0.4/radio/radio_0306.0.fits
2023-03-21 22:37:16,045:INFO:pysm3:Access data from /mnt/sdceph/users/azonca/pysm-data/websky/0.4/radio/radio_0306.0.fits
2023-03-21 22:37:19,940:INFO:pysm3:Mean emission at 306.0 GHz in I: 0.07098 uK_RJ
2023-03-21 22:37:19,941:INFO:pysm3:Access data from /mnt/sdceph/users/azonca/pysm-data/websky/0.4/radio/radio_0314.0.fits
2023-03-21 22:37:19,942:INFO:pysm3:Reading map /mnt/sdceph/users/azonca/pysm-data/websky/0.4/radio/radio_0314.0.fits
2023-03-21 22:37:19,943:INFO:pysm3:Access data from /mnt/sdceph/users/azonca/pysm-data/websky/0.4/radio/radio_0314.0.fits
2023-03-21 22:37:23,035:INFO:pysm3:Access data from /mnt/sdceph/users/azonca/pysm-data/websky/0.4/radio/radio_0314.0.fits
2023-03-21 22:37:26,931:INFO:pysm3:Mean emission at 314.0 GHz in I: 0.06693 uK_RJ
2023-03-21 22:37:26,933:INFO:pysm3:Access data from /mnt/sdceph/users/azonca/pysm-data/websky/0.4/radio/radio_0340.0.fits
2023-03-21 22:37:26,933:INFO:pysm3:Reading map /mnt/sdceph/users/azonca/pysm-data/websky/0.4/radio/radio_0340.0.fits
2023-03-21 22:37:26,934:INFO:pysm3:Access data from /mnt/sdceph/users/azonca/pysm-data/websky/0.4/radio/radio_0340.0.fits
2023-03-21 22:37:30,546:INFO:pysm3:Access data from /mnt/sdceph/users/azonca/pysm-data/websky/0.4/radio/radio_0340.0.fits
2023-03-21 22:37:34,443:INFO:pysm3:Mean emission at 340.0 GHz in I: 0.05588 uK_RJ
2023-03-21 22:37:34,445:INFO:pysm3:Access data from /mnt/sdceph/users/azonca/pysm-data/websky/0.4/radio/radio_0353.0.fits
2023-03-21 22:37:34,445:INFO:pysm3:Reading map /mnt/sdceph/users/azonca/pysm-data/websky/0.4/radio/radio_0353.0.fits
2023-03-21 22:37:34,446:INFO:pysm3:Access data from /mnt/sdceph/users/azonca/pysm-data/websky/0.4/radio/radio_0353.0.fits
2023-03-21 22:37:37,500:INFO:pysm3:Access data from /mnt/sdceph/users/azonca/pysm-data/websky/0.4/radio/radio_0353.0.fits
2023-03-21 22:37:41,402:INFO:pysm3:Mean emission at 353.0 GHz in I: 0.05134 uK_RJ
2023-03-21 22:45:03,295:INFO:mapsims:Smoothing and coord-transform for Channel SAT_f230
2023-03-21 22:45:03,296:INFO:pysm3:Using map2alm with pixel weights
2023-03-21 22:45:08,829:INFO:pysm3:Smoothing with fwhm of 11.0 arcmin
2023-03-21 22:45:09,053:INFO:pysm3:Rotate Alm
2023-03-21 22:45:18,974:INFO:pysm3:Alm to map HEALPix
2023-03-21 22:45:19,344:INFO:pysm3:Alm to map CAR
2023-03-21 22:45:20,223:INFO:mapsims:Writing output map sobs_mbs-s0012-20230321_SAT_mission_SAT_f230_radio_healpix.fits
2023-03-21 22:45:20,223:INFO:mapsims:Replace NaN with UNSEEN
2023-03-21 22:45:20,263:INFO:mapsims:Reorder ring to nest
2023-03-21 22:45:21,149:INFO:mapsims:Writing output map
2023-03-21 22:45:21,801:INFO:mapsims:Writing output map sobs_mbs-s0012-20230321_SAT_mission_SAT_f230_radio_car.fits
2023-03-21 22:45:21,802:INFO:mapsims:Writing output map

real	9m14.722s
user	14m8.309s
sys	3m33.989s
