
WARNING: version mismatch between CFITSIO header (v3.47) and linked library (v4.02).


WARNING: version mismatch between CFITSIO header (v3.47) and linked library (v4.02).


WARNING: version mismatch between CFITSIO header (v3.47) and linked library (v4.02).

2023-03-21 22:49:37,016:INFO:mapsims:Parsing configuration from common.toml, cmb.toml
2023-03-21 22:49:37,027:INFO:mapsims:Nside: 2048, Modeling Nside: 4096, Ellmax: 5120
2023-03-21 22:49:37,031:INFO:mapsims:Initializing the PySM Sky object
2023-03-21 22:49:37,032:INFO:pysm3:Access data from /mnt/sdceph/users/azonca/pysm-data/websky/0.4/cmb/map_I_lensed_alm_seed1_nside4096.fits
2023-03-21 22:49:37,033:INFO:pysm3:Access data from /mnt/sdceph/users/azonca/pysm-data/websky/0.4/cmb/map_Q_lensed_alm_seed1_nside4096.fits
2023-03-21 22:49:37,034:INFO:pysm3:Access data from /mnt/sdceph/users/azonca/pysm-data/websky/0.4/cmb/map_U_lensed_alm_seed1_nside4096.fits
2023-03-21 22:49:37,035:INFO:pysm3:Access data from /mnt/sdceph/users/azonca/pysm-data/websky/0.4/cmb/map_I_lensed_alm_seed1_nside4096.fits
2023-03-21 22:49:40,272:INFO:pysm3:Access data from /mnt/sdceph/users/azonca/pysm-data/websky/0.4/cmb/map_Q_lensed_alm_seed1_nside4096.fits
2023-03-21 22:49:45,033:INFO:pysm3:Access data from /mnt/sdceph/users/azonca/pysm-data/websky/0.4/cmb/map_U_lensed_alm_seed1_nside4096.fits
2023-03-21 22:49:49,841:INFO:mapsims:Processing channel Channel LAT_f030
2023-03-21 22:49:49,841:INFO:mapsims:Bandpass integration for Channel LAT_f030
2023-03-21 22:49:52,438:INFO:mapsims:Smoothing and coord-transform for Channel LAT_f030
2023-03-21 22:49:52,439:INFO:pysm3:Using map2alm with pixel weights
2023-03-21 22:49:59,236:INFO:pysm3:Smoothing with fwhm of 7.4 arcmin
2023-03-21 22:50:00,134:INFO:pysm3:Rotate Alm
2023-03-21 22:51:21,497:INFO:pysm3:Alm to map HEALPix
2023-03-21 22:51:23,160:INFO:pysm3:Alm to map CAR
2023-03-21 22:51:26,183:INFO:mapsims:Writing output map sobs_mbs-s0012-20230321_LAT_mission_LAT_f030_cmb_healpix.fits
2023-03-21 22:51:26,184:INFO:mapsims:Replace NaN with UNSEEN
2023-03-21 22:51:26,355:INFO:mapsims:Reorder ring to nest
2023-03-21 22:51:30,687:INFO:mapsims:Writing output map
2023-03-21 22:51:33,042:INFO:mapsims:Writing output map sobs_mbs-s0012-20230321_LAT_mission_LAT_f030_cmb_car.fits
2023-03-21 22:51:33,044:INFO:mapsims:Writing output map

real	2m1.646s
user	62m3.439s
sys	0m19.581s
