
WARNING: version mismatch between CFITSIO header (v3.47) and linked library (v4.02).


WARNING: version mismatch between CFITSIO header (v3.47) and linked library (v4.02).


WARNING: version mismatch between CFITSIO header (v3.47) and linked library (v4.02).

2023-03-21 22:38:35,016:INFO:mapsims:Parsing configuration from common.toml, dust_low.toml
2023-03-21 22:38:35,027:INFO:mapsims:Nside: 2048, Modeling Nside: 4096, Ellmax: 5120
2023-03-21 22:38:35,033:INFO:mapsims:Initializing the PySM Sky object
2023-03-21 22:38:35,034:INFO:pysm3:Access data from /mnt/sdceph/users/azonca/pysm-data/dust_gnilc/gnilc_dust_template_nside4096.fits
2023-03-21 22:38:45,087:INFO:mapsims:Processing channel Channel LAT_f030
2023-03-21 22:38:45,087:INFO:mapsims:Bandpass integration for Channel LAT_f030
2023-03-21 22:48:06,962:INFO:mapsims:Smoothing and coord-transform for Channel LAT_f030
2023-03-21 22:48:06,963:INFO:pysm3:Using map2alm with pixel weights
2023-03-21 22:48:13,500:INFO:pysm3:Smoothing with fwhm of 7.4 arcmin
2023-03-21 22:48:14,346:INFO:pysm3:Rotate Alm
2023-03-21 22:49:40,006:INFO:pysm3:Alm to map HEALPix
2023-03-21 22:49:41,656:INFO:pysm3:Alm to map CAR
2023-03-21 22:49:44,552:INFO:mapsims:Writing output map sobs_mbs-s0012-20230321_LAT_mission_LAT_f030_dust_low_healpix.fits
2023-03-21 22:49:44,553:INFO:mapsims:Replace NaN with UNSEEN
2023-03-21 22:49:44,690:INFO:mapsims:Reorder ring to nest
2023-03-21 22:49:48,689:INFO:mapsims:Writing output map
2023-03-21 22:49:51,086:INFO:mapsims:Writing output map sobs_mbs-s0012-20230321_LAT_mission_LAT_f030_dust_low_car.fits
2023-03-21 22:49:51,089:INFO:mapsims:Writing output map

real	11m21.679s
user	77m34.640s
sys	3m35.951s
