
WARNING: version mismatch between CFITSIO header (v3.47) and linked library (v4.02).


WARNING: version mismatch between CFITSIO header (v3.47) and linked library (v4.02).


WARNING: version mismatch between CFITSIO header (v3.47) and linked library (v4.02).

2023-03-21 22:47:16,682:INFO:mapsims:Parsing configuration from common.toml, ame.toml
2023-03-21 22:47:16,692:INFO:mapsims:Nside: 512, Modeling Nside: 512, Ellmax: 1280
2023-03-21 22:47:16,695:INFO:mapsims:Initializing the PySM Sky object
2023-03-21 22:47:16,696:INFO:pysm3:Access data from /mnt/sdceph/users/azonca/pysm-data/pysm_2/ame_t_new.fits
2023-03-21 22:47:16,744:INFO:pysm3:Access data from /mnt/sdceph/users/azonca/pysm-data/pysm_2/ame_nu_peak_0.fits
2023-03-21 22:47:16,785:INFO:pysm3:Access data from /mnt/sdceph/users/azonca/pysm-data/pysm_2/emissivity.txt
2023-03-21 22:47:16,789:INFO:pysm3:Access data from /mnt/sdceph/users/azonca/pysm-data/pysm_2/ame2_t_new.fits
2023-03-21 22:47:16,825:INFO:pysm3:Access data from /mnt/sdceph/users/azonca/pysm-data/pysm_2/emissivity.txt
2023-03-21 22:47:16,828:INFO:mapsims:Processing channel Channel SAT_f090
2023-03-21 22:47:16,828:INFO:mapsims:Bandpass integration for Channel SAT_f090
2023-03-21 22:47:26,306:INFO:mapsims:Smoothing and coord-transform for Channel SAT_f090
2023-03-21 22:47:30,594:INFO:pysm3:Used map2alm_lsq, converged in 7 iterations,residual relative error 0.15
2023-03-21 22:47:30,595:INFO:pysm3:Smoothing with fwhm of 30.0 arcmin
2023-03-21 22:47:30,651:INFO:pysm3:Rotate Alm
2023-03-21 22:47:33,002:INFO:pysm3:Alm to map HEALPix
2023-03-21 22:47:33,086:INFO:pysm3:Alm to map CAR
2023-03-21 22:47:33,601:INFO:mapsims:Writing output map sobs_mbs-s0012-20230321_SAT_mission_SAT_f090_ame_healpix.fits
2023-03-21 22:47:33,601:INFO:mapsims:Replace NaN with UNSEEN
2023-03-21 22:47:33,608:INFO:mapsims:Reorder ring to nest
2023-03-21 22:47:33,816:INFO:mapsims:Writing output map
2023-03-21 22:47:33,974:INFO:mapsims:Writing output map sobs_mbs-s0012-20230321_SAT_mission_SAT_f090_ame_car.fits
2023-03-21 22:47:33,974:INFO:mapsims:Writing output map

real	0m20.212s
user	3m16.915s
sys	1m12.018s
