
WARNING: version mismatch between CFITSIO header (v3.47) and linked library (v4.02).


WARNING: version mismatch between CFITSIO header (v3.47) and linked library (v4.02).


WARNING: version mismatch between CFITSIO header (v3.47) and linked library (v4.02).

2023-03-21 23:10:24,450:INFO:mapsims:Parsing configuration from common.toml, co.toml
2023-03-21 23:10:24,461:INFO:mapsims:Nside: 1024, Modeling Nside: 2048, Ellmax: 2560
2023-03-21 23:10:24,466:INFO:mapsims:Initializing the PySM Sky object
2023-03-21 23:10:24,467:INFO:pysm3:Access data from /mnt/sdceph/users/azonca/pysm-data/co/HFI_CompMap_CO-Type1_2048_R2.00_ring.fits
2023-03-21 23:10:24,468:INFO:pysm3:Access data from /mnt/sdceph/users/azonca/pysm-data/co/HFI_CompMap_CO-Type1_2048_R2.00_ring.fits
2023-03-21 23:10:41,384:INFO:pysm3:Access data from /mnt/sdceph/users/azonca/pysm-data/co/psimap_dust90_2048.fits
2023-03-21 23:10:41,385:INFO:pysm3:Access data from /mnt/sdceph/users/azonca/pysm-data/co/psimap_dust90_2048.fits
2023-03-21 23:10:41,840:WARNING:pysm3:No physical unit associated with file /mnt/sdceph/users/azonca/pysm-data/co/psimap_dust90_2048.fits
2023-03-21 23:10:41,841:INFO:pysm3:Access data from /mnt/sdceph/users/azonca/pysm-data/co/gmap_dust90_2048.fits
2023-03-21 23:10:41,842:INFO:pysm3:Access data from /mnt/sdceph/users/azonca/pysm-data/co/gmap_dust90_2048.fits
2023-03-21 23:10:42,329:WARNING:pysm3:No physical unit associated with file /mnt/sdceph/users/azonca/pysm-data/co/gmap_dust90_2048.fits
2023-03-21 23:10:42,330:INFO:pysm3:Access data from /mnt/sdceph/users/azonca/pysm-data/co/mcmoleCO_HGL_2048.fits
2023-03-21 23:10:42,331:INFO:pysm3:Access data from /mnt/sdceph/users/azonca/pysm-data/co/mcmoleCO_HGL_2048.fits
2023-03-21 23:10:46,712:INFO:mapsims:Processing channel Channel SAT_f230
2023-03-21 23:10:46,712:INFO:mapsims:Bandpass integration for Channel SAT_f230
2023-03-21 23:10:51,228:INFO:mapsims:Smoothing and coord-transform for Channel SAT_f230
2023-03-21 23:10:51,230:INFO:pysm3:Using map2alm with pixel weights
2023-03-21 23:10:53,101:INFO:pysm3:Smoothing with fwhm of 11.0 arcmin
2023-03-21 23:10:53,322:INFO:pysm3:Rotate Alm
2023-03-21 23:11:06,248:INFO:pysm3:Alm to map HEALPix
2023-03-21 23:11:06,612:INFO:pysm3:Alm to map CAR
2023-03-21 23:11:07,461:INFO:mapsims:Writing output map sobs_mbs-s0012-20230321_SAT_mission_SAT_f230_co_healpix.fits
2023-03-21 23:11:07,461:INFO:mapsims:Replace NaN with UNSEEN
2023-03-21 23:11:07,498:INFO:mapsims:Reorder ring to nest
2023-03-21 23:11:08,313:INFO:mapsims:Writing output map
2023-03-21 23:11:08,877:INFO:mapsims:Writing output map sobs_mbs-s0012-20230321_SAT_mission_SAT_f230_co_car.fits
2023-03-21 23:11:08,878:INFO:mapsims:Writing output map

real	0m47.070s
user	11m16.762s
sys	0m13.987s
