
WARNING: version mismatch between CFITSIO header (v3.47) and linked library (v4.02).


WARNING: version mismatch between CFITSIO header (v3.47) and linked library (v4.02).


WARNING: version mismatch between CFITSIO header (v3.47) and linked library (v4.02).

2023-03-21 23:10:16,415:INFO:mapsims:Parsing configuration from common.toml, co.toml
2023-03-21 23:10:16,426:INFO:mapsims:Nside: 512, Modeling Nside: 2048, Ellmax: 1280
2023-03-21 23:10:16,428:INFO:mapsims:Initializing the PySM Sky object
2023-03-21 23:10:16,429:INFO:pysm3:Access data from /mnt/sdceph/users/azonca/pysm-data/co/HFI_CompMap_CO-Type1_2048_R2.00_ring.fits
2023-03-21 23:10:16,430:INFO:pysm3:Access data from /mnt/sdceph/users/azonca/pysm-data/co/HFI_CompMap_CO-Type1_2048_R2.00_ring.fits
2023-03-21 23:10:33,181:INFO:pysm3:Access data from /mnt/sdceph/users/azonca/pysm-data/co/psimap_dust90_2048.fits
2023-03-21 23:10:33,182:INFO:pysm3:Access data from /mnt/sdceph/users/azonca/pysm-data/co/psimap_dust90_2048.fits
2023-03-21 23:10:33,697:WARNING:pysm3:No physical unit associated with file /mnt/sdceph/users/azonca/pysm-data/co/psimap_dust90_2048.fits
2023-03-21 23:10:33,698:INFO:pysm3:Access data from /mnt/sdceph/users/azonca/pysm-data/co/gmap_dust90_2048.fits
2023-03-21 23:10:33,699:INFO:pysm3:Access data from /mnt/sdceph/users/azonca/pysm-data/co/gmap_dust90_2048.fits
2023-03-21 23:10:34,146:WARNING:pysm3:No physical unit associated with file /mnt/sdceph/users/azonca/pysm-data/co/gmap_dust90_2048.fits
2023-03-21 23:10:34,147:INFO:pysm3:Access data from /mnt/sdceph/users/azonca/pysm-data/co/mcmoleCO_HGL_2048.fits
2023-03-21 23:10:34,148:INFO:pysm3:Access data from /mnt/sdceph/users/azonca/pysm-data/co/mcmoleCO_HGL_2048.fits
2023-03-21 23:10:35,727:INFO:mapsims:Processing channel Channel SAT_f090
2023-03-21 23:10:35,727:INFO:mapsims:Bandpass integration for Channel SAT_f090
2023-03-21 23:10:36,561:INFO:mapsims:Smoothing and coord-transform for Channel SAT_f090
2023-03-21 23:10:36,562:INFO:pysm3:Using map2alm with pixel weights
2023-03-21 23:10:38,154:INFO:pysm3:Smoothing with fwhm of 30.0 arcmin
2023-03-21 23:10:38,222:INFO:pysm3:Rotate Alm
2023-03-21 23:10:40,517:INFO:pysm3:Alm to map HEALPix
2023-03-21 23:10:40,640:INFO:pysm3:Alm to map CAR
2023-03-21 23:10:41,202:INFO:mapsims:Writing output map sobs_mbs-s0012-20230321_SAT_mission_SAT_f090_co_healpix.fits
2023-03-21 23:10:41,202:INFO:mapsims:Replace NaN with UNSEEN
2023-03-21 23:10:41,211:INFO:mapsims:Reorder ring to nest
2023-03-21 23:10:41,406:INFO:mapsims:Writing output map
2023-03-21 23:10:41,550:INFO:mapsims:Writing output map sobs_mbs-s0012-20230321_SAT_mission_SAT_f090_co_car.fits
2023-03-21 23:10:41,551:INFO:mapsims:Writing output map

real	0m27.743s
user	2m31.494s
sys	0m9.836s
