
WARNING: version mismatch between CFITSIO header (v3.47) and linked library (v4.02).


WARNING: version mismatch between CFITSIO header (v3.47) and linked library (v4.02).


WARNING: version mismatch between CFITSIO header (v3.47) and linked library (v4.02).

2023-03-21 22:35:29,304:INFO:mapsims:Parsing configuration from common.toml, synchrotron.toml
2023-03-21 22:35:29,330:INFO:mapsims:Nside: 8192, Modeling Nside: 8192, Ellmax: 16384
2023-03-21 22:35:29,334:INFO:mapsims:Initializing the PySM Sky object
2023-03-21 22:35:29,336:INFO:pysm3:Access data from /mnt/sdceph/users/azonca/pysm-data/synch/synch_template_nside8192_2023.02.25.fits
2023-03-21 22:36:08,128:INFO:pysm3:Access data from /mnt/sdceph/users/azonca/pysm-data/synch/synch_beta_nside8192.fits
2023-03-21 22:36:17,525:INFO:mapsims:Processing channel Channel LAT_f290
2023-03-21 22:36:17,525:INFO:mapsims:Bandpass integration for Channel LAT_f290
2023-03-21 23:10:55,329:INFO:mapsims:Smoothing and coord-transform for Channel LAT_f290
2023-03-21 23:17:46,981:INFO:pysm3:Used map2alm_lsq, converged in 2 iterations,residual relative error 0.0022
2023-03-21 23:17:46,982:INFO:pysm3:Smoothing with fwhm of 0.9 arcmin
2023-03-21 23:17:52,255:INFO:pysm3:Rotate Alm
2023-03-22 00:28:05,298:INFO:pysm3:Alm to map HEALPix
2023-03-22 00:28:44,442:INFO:pysm3:Alm to map CAR
2023-03-22 00:29:29,924:INFO:mapsims:Writing output map sobs_mbs-s0012-20230321_LAT_mission_LAT_f290_synchrotron_healpix.fits
2023-03-22 00:29:29,924:INFO:mapsims:Replace NaN with UNSEEN
2023-03-22 00:29:31,838:INFO:mapsims:Reorder ring to nest
2023-03-22 00:30:21,485:INFO:mapsims:Writing output map
2023-03-22 00:31:00,676:INFO:mapsims:Writing output map sobs_mbs-s0012-20230321_LAT_mission_LAT_f290_synchrotron_car.fits
2023-03-22 00:31:00,710:INFO:mapsims:Writing output map

real	116m37.384s
user	1764m58.800s
sys	33m59.891s
