
WARNING: version mismatch between CFITSIO header (v3.47) and linked library (v4.02).


WARNING: version mismatch between CFITSIO header (v3.47) and linked library (v4.02).


WARNING: version mismatch between CFITSIO header (v3.47) and linked library (v4.02).

2023-03-21 22:52:30,512:INFO:mapsims:Parsing configuration from common.toml, synchrotron_low.toml
2023-03-21 22:52:30,524:INFO:mapsims:Nside: 2048, Modeling Nside: 4096, Ellmax: 5120
2023-03-21 22:52:30,528:INFO:mapsims:Initializing the PySM Sky object
2023-03-21 22:52:30,529:INFO:pysm3:Access data from /mnt/sdceph/users/azonca/pysm-data/synch/synch_template_nside4096_2023.02.25.fits
2023-03-21 22:52:42,023:INFO:mapsims:Processing channel Channel LAT_f040
2023-03-21 22:52:42,023:INFO:mapsims:Bandpass integration for Channel LAT_f040
2023-03-21 23:01:21,171:INFO:mapsims:Smoothing and coord-transform for Channel LAT_f040
2023-03-21 23:01:21,172:INFO:pysm3:Using map2alm with pixel weights
2023-03-21 23:01:27,974:INFO:pysm3:Smoothing with fwhm of 5.1 arcmin
2023-03-21 23:01:28,874:INFO:pysm3:Rotate Alm
2023-03-21 23:02:55,408:INFO:pysm3:Alm to map HEALPix
2023-03-21 23:02:57,068:INFO:pysm3:Alm to map CAR
2023-03-21 23:03:00,219:INFO:mapsims:Writing output map sobs_mbs-s0012-20230321_LAT_mission_LAT_f040_synchrotron_low_healpix.fits
2023-03-21 23:03:00,219:INFO:mapsims:Replace NaN with UNSEEN
2023-03-21 23:03:00,395:INFO:mapsims:Reorder ring to nest
2023-03-21 23:03:04,592:INFO:mapsims:Writing output map
2023-03-21 23:03:06,911:INFO:mapsims:Writing output map sobs_mbs-s0012-20230321_LAT_mission_LAT_f040_synchrotron_low_car.fits
2023-03-21 23:03:06,914:INFO:mapsims:Writing output map

real	10m42.047s
user	78m20.021s
sys	9m46.212s
