
WARNING: version mismatch between CFITSIO header (v3.47) and linked library (v4.02).


WARNING: version mismatch between CFITSIO header (v3.47) and linked library (v4.02).


WARNING: version mismatch between CFITSIO header (v3.47) and linked library (v4.02).

2023-03-21 22:41:57,850:INFO:mapsims:Parsing configuration from common.toml, dust_low.toml
2023-03-21 22:41:57,861:INFO:mapsims:Nside: 512, Modeling Nside: 2048, Ellmax: 1280
2023-03-21 22:41:57,863:INFO:mapsims:Initializing the PySM Sky object
2023-03-21 22:41:57,865:INFO:pysm3:Access data from /mnt/sdceph/users/azonca/pysm-data/dust_gnilc/gnilc_dust_template_nside2048.fits
2023-03-21 22:41:59,467:INFO:mapsims:Processing channel Channel SAT_f090
2023-03-21 22:41:59,467:INFO:mapsims:Bandpass integration for Channel SAT_f090
2023-03-21 22:42:27,456:INFO:mapsims:Smoothing and coord-transform for Channel SAT_f090
2023-03-21 22:42:27,458:INFO:pysm3:Using map2alm with pixel weights
2023-03-21 22:42:29,009:INFO:pysm3:Smoothing with fwhm of 30.0 arcmin
2023-03-21 22:42:29,065:INFO:pysm3:Rotate Alm
2023-03-21 22:42:31,344:INFO:pysm3:Alm to map HEALPix
2023-03-21 22:42:31,444:INFO:pysm3:Alm to map CAR
2023-03-21 22:42:32,004:INFO:mapsims:Writing output map sobs_mbs-s0012-20230321_SAT_mission_SAT_f090_dust_low_healpix.fits
2023-03-21 22:42:32,004:INFO:mapsims:Replace NaN with UNSEEN
2023-03-21 22:42:32,014:INFO:mapsims:Reorder ring to nest
2023-03-21 22:42:32,258:INFO:mapsims:Writing output map
2023-03-21 22:42:32,436:INFO:mapsims:Writing output map sobs_mbs-s0012-20230321_SAT_mission_SAT_f090_dust_low_car.fits
2023-03-21 22:42:32,437:INFO:mapsims:Writing output map

real	0m37.555s
user	3m1.295s
sys	0m14.359s
