
WARNING: version mismatch between CFITSIO header (v3.47) and linked library (v4.02).


WARNING: version mismatch between CFITSIO header (v3.47) and linked library (v4.02).


WARNING: version mismatch between CFITSIO header (v3.47) and linked library (v4.02).

2023-03-21 22:35:29,144:INFO:mapsims:Parsing configuration from common.toml, synchrotron.toml
2023-03-21 22:35:29,169:INFO:mapsims:Nside: 1024, Modeling Nside: 2048, Ellmax: 2560
2023-03-21 22:35:29,172:INFO:mapsims:Initializing the PySM Sky object
2023-03-21 22:35:29,174:INFO:pysm3:Access data from /mnt/sdceph/users/azonca/pysm-data/synch/synch_template_nside2048_2023.02.25.fits
2023-03-21 22:35:33,500:INFO:pysm3:Access data from /mnt/sdceph/users/azonca/pysm-data/synch/synch_beta_nside2048.fits
2023-03-21 22:35:34,795:INFO:mapsims:Processing channel Channel SAT_f230
2023-03-21 22:35:34,795:INFO:mapsims:Bandpass integration for Channel SAT_f230
2023-03-21 22:37:58,085:INFO:mapsims:Smoothing and coord-transform for Channel SAT_f230
2023-03-21 22:37:58,086:INFO:pysm3:Using map2alm with pixel weights
2023-03-21 22:37:59,834:INFO:pysm3:Smoothing with fwhm of 11.0 arcmin
2023-03-21 22:38:00,055:INFO:pysm3:Rotate Alm
2023-03-21 22:38:13,104:INFO:pysm3:Alm to map HEALPix
2023-03-21 22:38:13,479:INFO:pysm3:Alm to map CAR
2023-03-21 22:38:14,340:INFO:mapsims:Writing output map sobs_mbs-s0012-20230321_SAT_mission_SAT_f230_synchrotron_healpix.fits
2023-03-21 22:38:14,340:INFO:mapsims:Replace NaN with UNSEEN
2023-03-21 22:38:14,376:INFO:mapsims:Reorder ring to nest
2023-03-21 22:38:15,205:INFO:mapsims:Writing output map
2023-03-21 22:38:15,872:INFO:mapsims:Writing output map sobs_mbs-s0012-20230321_SAT_mission_SAT_f230_synchrotron_car.fits
2023-03-21 22:38:15,873:INFO:mapsims:Writing output map

real	2m52.265s
user	33m10.483s
sys	2m46.318s
