
WARNING: version mismatch between CFITSIO header (v3.47) and linked library (v4.02).


WARNING: version mismatch between CFITSIO header (v3.47) and linked library (v4.02).


WARNING: version mismatch between CFITSIO header (v3.47) and linked library (v4.02).

2023-03-21 22:50:21,840:INFO:mapsims:Parsing configuration from common.toml, cmb.toml
2023-03-21 22:50:21,859:INFO:mapsims:Nside: 128, Modeling Nside: 4096, Ellmax: 320
2023-03-21 22:50:21,862:INFO:mapsims:Initializing the PySM Sky object
2023-03-21 22:50:21,864:INFO:pysm3:Access data from /mnt/sdceph/users/azonca/pysm-data/websky/0.4/cmb/map_I_lensed_alm_seed1_nside4096.fits
2023-03-21 22:50:21,865:INFO:pysm3:Access data from /mnt/sdceph/users/azonca/pysm-data/websky/0.4/cmb/map_Q_lensed_alm_seed1_nside4096.fits
2023-03-21 22:50:21,867:INFO:pysm3:Access data from /mnt/sdceph/users/azonca/pysm-data/websky/0.4/cmb/map_U_lensed_alm_seed1_nside4096.fits
2023-03-21 22:50:21,868:INFO:pysm3:Access data from /mnt/sdceph/users/azonca/pysm-data/websky/0.4/cmb/map_I_lensed_alm_seed1_nside4096.fits
2023-03-21 22:50:23,728:INFO:pysm3:Access data from /mnt/sdceph/users/azonca/pysm-data/websky/0.4/cmb/map_Q_lensed_alm_seed1_nside4096.fits
2023-03-21 22:50:25,779:INFO:pysm3:Access data from /mnt/sdceph/users/azonca/pysm-data/websky/0.4/cmb/map_U_lensed_alm_seed1_nside4096.fits
2023-03-21 22:50:28,410:INFO:mapsims:Processing channel Channel SAT_f040
2023-03-21 22:50:28,410:INFO:mapsims:Bandpass integration for Channel SAT_f040
2023-03-21 22:50:30,958:INFO:mapsims:Smoothing and coord-transform for Channel SAT_f040
2023-03-21 22:50:30,959:INFO:pysm3:Using map2alm with pixel weights
2023-03-21 22:50:35,540:INFO:pysm3:Smoothing with fwhm of 63.0 arcmin
2023-03-21 22:50:35,543:INFO:pysm3:Rotate Alm
2023-03-21 22:50:35,667:INFO:pysm3:Alm to map HEALPix
2023-03-21 22:50:35,672:INFO:pysm3:Alm to map CAR
2023-03-21 22:50:35,791:INFO:mapsims:Writing output map sobs_mbs-s0012-20230321_SAT_mission_SAT_f040_cmb_healpix.fits
2023-03-21 22:50:35,792:INFO:mapsims:Replace NaN with UNSEEN
2023-03-21 22:50:35,792:INFO:mapsims:Reorder ring to nest
2023-03-21 22:50:35,803:INFO:mapsims:Writing output map
2023-03-21 22:50:35,822:INFO:mapsims:Writing output map sobs_mbs-s0012-20230321_SAT_mission_SAT_f040_cmb_car.fits
2023-03-21 22:50:35,822:INFO:mapsims:Writing output map

real	0m15.933s
user	0m36.856s
sys	0m8.710s
