
WARNING: version mismatch between CFITSIO header (v3.47) and linked library (v4.02).


WARNING: version mismatch between CFITSIO header (v3.47) and linked library (v4.02).


WARNING: version mismatch between CFITSIO header (v3.47) and linked library (v4.02).

2023-03-21 23:10:47,586:INFO:mapsims:Parsing configuration from common.toml, freefree.toml
2023-03-21 23:10:47,596:INFO:mapsims:Nside: 2048, Modeling Nside: 512, Ellmax: 1280
2023-03-21 23:10:47,599:INFO:mapsims:Initializing the PySM Sky object
2023-03-21 23:10:47,600:INFO:pysm3:Access data from /mnt/sdceph/users/azonca/pysm-data/pysm_2/ff_t_new.fits
2023-03-21 23:10:47,643:INFO:mapsims:Processing channel Channel LAT_f040
2023-03-21 23:10:47,643:INFO:mapsims:Bandpass integration for Channel LAT_f040
2023-03-21 23:10:51,737:INFO:mapsims:Smoothing and coord-transform for Channel LAT_f040
2023-03-21 23:10:56,020:INFO:pysm3:Used map2alm_lsq, converged in 8 iterations,residual relative error 0.11
2023-03-21 23:10:56,020:INFO:pysm3:Smoothing with fwhm of 5.1 arcmin
2023-03-21 23:10:56,070:INFO:pysm3:Rotate Alm
2023-03-21 23:10:58,453:INFO:pysm3:Alm to map HEALPix
2023-03-21 23:10:59,382:INFO:pysm3:Alm to map CAR
2023-03-21 23:11:02,022:INFO:mapsims:Writing output map sobs_mbs-s0012-20230321_LAT_mission_LAT_f040_freefree_healpix.fits
2023-03-21 23:11:02,023:INFO:mapsims:Replace NaN with UNSEEN
2023-03-21 23:11:02,163:INFO:mapsims:Reorder ring to nest
2023-03-21 23:11:06,274:INFO:mapsims:Writing output map
2023-03-21 23:11:08,302:INFO:mapsims:Writing output map sobs_mbs-s0012-20230321_LAT_mission_LAT_f040_freefree_car.fits
2023-03-21 23:11:08,305:INFO:mapsims:Writing output map

real	0m25.511s
user	3m24.043s
sys	1m23.183s
