
WARNING: version mismatch between CFITSIO header (v3.47) and linked library (v4.02).


WARNING: version mismatch between CFITSIO header (v3.47) and linked library (v4.02).


WARNING: version mismatch between CFITSIO header (v3.47) and linked library (v4.02).

2023-03-21 22:51:46,575:INFO:mapsims:Parsing configuration from common.toml, ame_high.toml
2023-03-21 22:51:46,586:INFO:mapsims:Nside: 128, Modeling Nside: 512, Ellmax: 320
2023-03-21 22:51:46,588:INFO:mapsims:Initializing the PySM Sky object
2023-03-21 22:51:46,589:INFO:pysm3:Access data from /mnt/sdceph/users/azonca/pysm-data/pysm_2/ame_t_new.fits
2023-03-21 22:51:46,649:INFO:pysm3:Access data from /mnt/sdceph/users/azonca/pysm-data/pysm_2/ame_nu_peak_0.fits
2023-03-21 22:51:46,688:INFO:pysm3:Access data from /mnt/sdceph/users/azonca/pysm-data/pysm_2/emissivity.txt
2023-03-21 22:51:46,693:INFO:pysm3:Access data from /mnt/sdceph/users/azonca/pysm-data/pysm_2/dust_u_new.fits
2023-03-21 22:51:46,733:WARNING:pysm3:No physical unit associated with file /mnt/sdceph/users/azonca/pysm-data/pysm_2/dust_u_new.fits
2023-03-21 22:51:46,734:INFO:pysm3:Access data from /mnt/sdceph/users/azonca/pysm-data/pysm_2/dust_q_new.fits
2023-03-21 22:51:46,778:WARNING:pysm3:No physical unit associated with file /mnt/sdceph/users/azonca/pysm-data/pysm_2/dust_q_new.fits
2023-03-21 22:51:46,845:INFO:pysm3:Access data from /mnt/sdceph/users/azonca/pysm-data/pysm_2/ame2_t_new.fits
2023-03-21 22:51:46,886:INFO:pysm3:Access data from /mnt/sdceph/users/azonca/pysm-data/pysm_2/emissivity.txt
2023-03-21 22:51:46,890:INFO:pysm3:Access data from /mnt/sdceph/users/azonca/pysm-data/pysm_2/dust_u_new.fits
2023-03-21 22:51:46,923:WARNING:pysm3:No physical unit associated with file /mnt/sdceph/users/azonca/pysm-data/pysm_2/dust_u_new.fits
2023-03-21 22:51:46,924:INFO:pysm3:Access data from /mnt/sdceph/users/azonca/pysm-data/pysm_2/dust_q_new.fits
2023-03-21 22:51:46,962:WARNING:pysm3:No physical unit associated with file /mnt/sdceph/users/azonca/pysm-data/pysm_2/dust_q_new.fits
2023-03-21 22:51:47,022:INFO:mapsims:Processing channel Channel SAT_f040
2023-03-21 22:51:47,022:INFO:mapsims:Bandpass integration for Channel SAT_f040
2023-03-21 22:52:45,897:INFO:mapsims:Smoothing and coord-transform for Channel SAT_f040
2023-03-21 22:52:45,898:INFO:pysm3:Using map2alm with pixel weights
2023-03-21 22:52:46,111:INFO:pysm3:Smoothing with fwhm of 63.0 arcmin
2023-03-21 22:52:46,115:INFO:pysm3:Rotate Alm
2023-03-21 22:52:46,324:INFO:pysm3:Alm to map HEALPix
2023-03-21 22:52:46,328:INFO:pysm3:Alm to map CAR
2023-03-21 22:52:46,433:INFO:mapsims:Writing output map sobs_mbs-s0012-20230321_SAT_mission_SAT_f040_ame_high_healpix.fits
2023-03-21 22:52:46,433:INFO:mapsims:Replace NaN with UNSEEN
2023-03-21 22:52:46,434:INFO:mapsims:Reorder ring to nest
2023-03-21 22:52:46,445:INFO:mapsims:Writing output map
2023-03-21 22:52:46,471:INFO:mapsims:Writing output map sobs_mbs-s0012-20230321_SAT_mission_SAT_f040_ame_high_car.fits
2023-03-21 22:52:46,471:INFO:mapsims:Writing output map

real	1m2.063s
user	2m8.826s
sys	0m30.490s
