
WARNING: version mismatch between CFITSIO header (v3.47) and linked library (v4.02).


WARNING: version mismatch between CFITSIO header (v3.47) and linked library (v4.02).


WARNING: version mismatch between CFITSIO header (v3.47) and linked library (v4.02).

2023-03-21 23:04:38,566:INFO:mapsims:Parsing configuration from common.toml, dust_high.toml
2023-03-21 23:04:38,576:INFO:mapsims:Nside: 128, Modeling Nside: 2048, Ellmax: 320
2023-03-21 23:04:38,578:INFO:mapsims:Initializing the PySM Sky object
2023-03-21 23:04:40,879:INFO:pysm3:Access data from /mnt/sdceph/users/azonca/pysm-data/mkd_dust/2048/thermaldust_ampl1.fits
2023-03-21 23:04:43,151:INFO:pysm3:Access data from /mnt/sdceph/users/azonca/pysm-data/mkd_dust/2048/thermaldust_ampl2.fits
2023-03-21 23:04:45,277:INFO:pysm3:Access data from /mnt/sdceph/users/azonca/pysm-data/mkd_dust/2048/thermaldust_ampl3.fits
2023-03-21 23:04:47,404:INFO:pysm3:Access data from /mnt/sdceph/users/azonca/pysm-data/mkd_dust/2048/thermaldust_ampl4.fits
2023-03-21 23:04:49,507:INFO:pysm3:Access data from /mnt/sdceph/users/azonca/pysm-data/mkd_dust/2048/thermaldust_ampl5.fits
2023-03-21 23:04:51,796:INFO:pysm3:Access data from /mnt/sdceph/users/azonca/pysm-data/mkd_dust/2048/thermaldust_ampl6.fits
2023-03-21 23:05:00,852:INFO:pysm3:Access data from /mnt/sdceph/users/azonca/pysm-data/mkd_dust/2048/thermaldust_specind1.fits
2023-03-21 23:05:01,705:INFO:pysm3:Access data from /mnt/sdceph/users/azonca/pysm-data/mkd_dust/2048/thermaldust_specind2.fits
2023-03-21 23:05:02,391:INFO:pysm3:Access data from /mnt/sdceph/users/azonca/pysm-data/mkd_dust/2048/thermaldust_specind3.fits
2023-03-21 23:05:02,990:INFO:pysm3:Access data from /mnt/sdceph/users/azonca/pysm-data/mkd_dust/2048/thermaldust_specind4.fits
2023-03-21 23:05:03,752:INFO:pysm3:Access data from /mnt/sdceph/users/azonca/pysm-data/mkd_dust/2048/thermaldust_specind5.fits
2023-03-21 23:05:04,920:INFO:pysm3:Access data from /mnt/sdceph/users/azonca/pysm-data/mkd_dust/2048/thermaldust_specind6.fits
2023-03-21 23:05:06,588:INFO:pysm3:Access data from /mnt/sdceph/users/azonca/pysm-data/mkd_dust/2048/thermaldust_temp1.fits
2023-03-21 23:05:07,490:INFO:pysm3:Access data from /mnt/sdceph/users/azonca/pysm-data/mkd_dust/2048/thermaldust_temp2.fits
2023-03-21 23:05:08,267:INFO:pysm3:Access data from /mnt/sdceph/users/azonca/pysm-data/mkd_dust/2048/thermaldust_temp3.fits
2023-03-21 23:05:09,017:INFO:pysm3:Access data from /mnt/sdceph/users/azonca/pysm-data/mkd_dust/2048/thermaldust_temp4.fits
2023-03-21 23:05:09,763:INFO:pysm3:Access data from /mnt/sdceph/users/azonca/pysm-data/mkd_dust/2048/thermaldust_temp5.fits
2023-03-21 23:05:10,517:INFO:pysm3:Access data from /mnt/sdceph/users/azonca/pysm-data/mkd_dust/2048/thermaldust_temp6.fits
2023-03-21 23:05:11,586:INFO:mapsims:Processing channel Channel SAT_f030
2023-03-21 23:05:11,586:INFO:mapsims:Bandpass integration for Channel SAT_f030
2023-03-22 00:11:17,450:INFO:mapsims:Smoothing and coord-transform for Channel SAT_f030
2023-03-22 00:11:17,452:INFO:pysm3:Using map2alm with pixel weights
2023-03-22 00:11:18,972:INFO:pysm3:Smoothing with fwhm of 91.0 arcmin
2023-03-22 00:11:18,975:INFO:pysm3:Rotate Alm
2023-03-22 00:11:19,091:INFO:pysm3:Alm to map HEALPix
2023-03-22 00:11:19,097:INFO:pysm3:Alm to map CAR
2023-03-22 00:11:19,199:INFO:mapsims:Writing output map sobs_mbs-s0012-20230321_SAT_mission_SAT_f030_dust_high_healpix.fits
2023-03-22 00:11:19,199:INFO:mapsims:Replace NaN with UNSEEN
2023-03-22 00:11:19,200:INFO:mapsims:Reorder ring to nest
2023-03-22 00:11:19,211:INFO:mapsims:Writing output map
2023-03-22 00:11:19,239:INFO:mapsims:Writing output map sobs_mbs-s0012-20230321_SAT_mission_SAT_f030_dust_high_car.fits
2023-03-22 00:11:19,239:INFO:mapsims:Writing output map

real	66m42.805s
user	163m46.002s
sys	22m17.595s
