
WARNING: version mismatch between CFITSIO header (v3.47) and linked library (v4.02).


WARNING: version mismatch between CFITSIO header (v3.47) and linked library (v4.02).


WARNING: version mismatch between CFITSIO header (v3.47) and linked library (v4.02).

2023-03-21 22:49:26,387:INFO:mapsims:Parsing configuration from common.toml, cmb_unlensed.toml
2023-03-21 22:49:26,399:INFO:mapsims:Nside: 1024, Modeling Nside: 4096, Ellmax: 2560
2023-03-21 22:49:26,401:INFO:mapsims:Initializing the PySM Sky object
2023-03-21 22:49:26,402:INFO:pysm3:Access data from /mnt/sdceph/users/azonca/pysm-data/websky/0.4/cmb/map_I_unlensed_alm_seed1_nside4096.fits
2023-03-21 22:49:26,403:INFO:pysm3:Access data from /mnt/sdceph/users/azonca/pysm-data/websky/0.4/cmb/map_Q_unlensed_alm_seed1_nside4096.fits
2023-03-21 22:49:26,404:INFO:pysm3:Access data from /mnt/sdceph/users/azonca/pysm-data/websky/0.4/cmb/map_U_unlensed_alm_seed1_nside4096.fits
2023-03-21 22:49:26,405:INFO:pysm3:Access data from /mnt/sdceph/users/azonca/pysm-data/websky/0.4/cmb/map_I_unlensed_alm_seed1_nside4096.fits
2023-03-21 22:49:27,665:INFO:pysm3:Access data from /mnt/sdceph/users/azonca/pysm-data/websky/0.4/cmb/map_Q_unlensed_alm_seed1_nside4096.fits
2023-03-21 22:49:28,922:INFO:pysm3:Access data from /mnt/sdceph/users/azonca/pysm-data/websky/0.4/cmb/map_U_unlensed_alm_seed1_nside4096.fits
2023-03-21 22:49:31,038:INFO:mapsims:Processing channel Channel SAT_f290
2023-03-21 22:49:31,039:INFO:mapsims:Bandpass integration for Channel SAT_f290
2023-03-21 22:49:33,613:INFO:mapsims:Smoothing and coord-transform for Channel SAT_f290
2023-03-21 22:49:33,614:INFO:pysm3:Using map2alm with pixel weights
2023-03-21 22:49:38,762:INFO:pysm3:Smoothing with fwhm of 9.0 arcmin
2023-03-21 22:49:38,982:INFO:pysm3:Rotate Alm
2023-03-21 22:49:51,388:INFO:pysm3:Alm to map HEALPix
2023-03-21 22:49:51,759:INFO:pysm3:Alm to map CAR
2023-03-21 22:49:52,597:INFO:mapsims:Writing output map sobs_mbs-s0012-20230321_SAT_mission_SAT_f290_cmb_unlensed_healpix.fits
2023-03-21 22:49:52,597:INFO:mapsims:Replace NaN with UNSEEN
2023-03-21 22:49:52,632:INFO:mapsims:Reorder ring to nest
2023-03-21 22:49:53,495:INFO:mapsims:Writing output map
2023-03-21 22:49:54,116:INFO:mapsims:Writing output map sobs_mbs-s0012-20230321_SAT_mission_SAT_f290_cmb_unlensed_car.fits
2023-03-21 22:49:54,117:INFO:mapsims:Writing output map

real	0m30.598s
user	10m56.149s
sys	0m12.079s
