
WARNING: version mismatch between CFITSIO header (v3.47) and linked library (v4.02).


WARNING: version mismatch between CFITSIO header (v3.47) and linked library (v4.02).


WARNING: version mismatch between CFITSIO header (v3.47) and linked library (v4.02).

2023-03-21 22:49:57,662:INFO:mapsims:Parsing configuration from common.toml, cmb.toml
2023-03-21 22:49:57,674:INFO:mapsims:Nside: 8192, Modeling Nside: 4096, Ellmax: 10240
2023-03-21 22:49:57,676:INFO:mapsims:Initializing the PySM Sky object
2023-03-21 22:49:57,678:INFO:pysm3:Access data from /mnt/sdceph/users/azonca/pysm-data/websky/0.4/cmb/map_I_lensed_alm_seed1_nside4096.fits
2023-03-21 22:49:57,679:INFO:pysm3:Access data from /mnt/sdceph/users/azonca/pysm-data/websky/0.4/cmb/map_Q_lensed_alm_seed1_nside4096.fits
2023-03-21 22:49:57,680:INFO:pysm3:Access data from /mnt/sdceph/users/azonca/pysm-data/websky/0.4/cmb/map_U_lensed_alm_seed1_nside4096.fits
2023-03-21 22:49:57,681:INFO:pysm3:Access data from /mnt/sdceph/users/azonca/pysm-data/websky/0.4/cmb/map_I_lensed_alm_seed1_nside4096.fits
2023-03-21 22:49:59,449:INFO:pysm3:Access data from /mnt/sdceph/users/azonca/pysm-data/websky/0.4/cmb/map_Q_lensed_alm_seed1_nside4096.fits
2023-03-21 22:50:01,245:INFO:pysm3:Access data from /mnt/sdceph/users/azonca/pysm-data/websky/0.4/cmb/map_U_lensed_alm_seed1_nside4096.fits
2023-03-21 22:50:04,060:INFO:mapsims:Processing channel Channel LAT_f290
2023-03-21 22:50:04,061:INFO:mapsims:Bandpass integration for Channel LAT_f290
2023-03-21 22:50:06,638:INFO:mapsims:Smoothing and coord-transform for Channel LAT_f290
2023-03-21 22:52:15,491:INFO:pysm3:Used map2alm_lsq, converged in 2 iterations,residual relative error 4.6e-08
2023-03-21 22:52:15,491:INFO:pysm3:Smoothing with fwhm of 0.9 arcmin
2023-03-21 22:52:19,108:INFO:pysm3:Rotate Alm
2023-03-21 23:07:10,276:INFO:pysm3:Alm to map HEALPix
2023-03-21 23:07:33,754:INFO:pysm3:Alm to map CAR
2023-03-21 23:08:19,643:INFO:mapsims:Writing output map sobs_mbs-s0012-20230321_LAT_mission_LAT_f290_cmb_healpix.fits
2023-03-21 23:08:19,643:INFO:mapsims:Replace NaN with UNSEEN
2023-03-21 23:08:22,115:INFO:mapsims:Reorder ring to nest
2023-03-21 23:09:25,384:INFO:mapsims:Writing output map
2023-03-21 23:10:01,406:INFO:mapsims:Writing output map sobs_mbs-s0012-20230321_LAT_mission_LAT_f290_cmb_car.fits
2023-03-21 23:10:01,446:INFO:mapsims:Writing output map

real	20m55.014s
user	469m15.891s
sys	3m25.644s
