
WARNING: version mismatch between CFITSIO header (v3.47) and linked library (v4.02).


WARNING: version mismatch between CFITSIO header (v3.47) and linked library (v4.02).


WARNING: version mismatch between CFITSIO header (v3.47) and linked library (v4.02).

2023-03-21 22:35:24,335:INFO:mapsims:Parsing configuration from common.toml, dust.toml
2023-03-21 22:35:24,358:INFO:mapsims:Nside: 8192, Modeling Nside: 8192, Ellmax: 16384
2023-03-21 22:35:24,374:INFO:mapsims:Initializing the PySM Sky object
2023-03-21 22:35:24,376:INFO:pysm3:Access data from /mnt/sdceph/users/azonca/pysm-data/dust_gnilc/gnilc_dust_template_nside8192.fits
2023-03-21 22:35:57,219:INFO:pysm3:Access data from /mnt/sdceph/users/azonca/pysm-data/dust_gnilc/gnilc_dust_beta_nside8192.fits
2023-03-21 22:36:06,084:INFO:pysm3:Access data from /mnt/sdceph/users/azonca/pysm-data/dust_gnilc/gnilc_dust_Td_nside8192.fits
2023-03-21 22:36:20,212:INFO:mapsims:Processing channel Channel LAT_f090
2023-03-21 22:36:20,212:INFO:mapsims:Bandpass integration for Channel LAT_f090
2023-03-21 23:01:37,112:INFO:mapsims:Smoothing and coord-transform for Channel LAT_f090
2023-03-21 23:09:49,922:INFO:pysm3:Used map2alm_lsq, converged in 2 iterations,residual relative error 0.0036
2023-03-21 23:09:49,923:INFO:pysm3:Smoothing with fwhm of 2.2 arcmin
2023-03-21 23:09:59,584:INFO:pysm3:Rotate Alm
2023-03-22 00:23:36,884:INFO:pysm3:Alm to map HEALPix
2023-03-22 00:24:16,961:INFO:pysm3:Alm to map CAR
2023-03-22 00:25:08,298:INFO:mapsims:Writing output map sobs_mbs-s0012-20230321_LAT_mission_LAT_f090_dust_healpix.fits
2023-03-22 00:25:08,298:INFO:mapsims:Replace NaN with UNSEEN
2023-03-22 00:25:10,466:INFO:mapsims:Reorder ring to nest
2023-03-22 00:26:11,299:INFO:mapsims:Writing output map
2023-03-22 00:26:44,626:INFO:mapsims:Writing output map sobs_mbs-s0012-20230321_LAT_mission_LAT_f090_dust_car.fits
2023-03-22 00:26:44,662:INFO:mapsims:Writing output map

real	112m13.429s
user	1721m24.963s
sys	15m23.665s
