2025-02-27 13:13:03,412:INFO:mapsims:Parsing configuration from common.toml, synchrotron_s1.toml
2025-02-27 13:13:03,416:INFO:mapsims:Parsing channels from instrument_model/instrument_model.tbl
2025-02-27 13:13:03,423:INFO:mapsims:Channel Ka
2025-02-27 13:13:03,430:INFO:mapsims:Beam from instrument_model/beam_Ka.tbl
2025-02-27 13:13:03,435:INFO:mapsims:Bandpass from instrument_model/bandpass_Ka.tbl
2025-02-27 13:13:03,437:INFO:mapsims:Parsing channels from instrument_model/instrument_model.tbl
2025-02-27 13:13:03,439:INFO:mapsims:Channel Ka
2025-02-27 13:13:03,442:INFO:mapsims:Beam from instrument_model/beam_Ka.tbl
2025-02-27 13:13:03,444:INFO:mapsims:Bandpass from instrument_model/bandpass_Ka.tbl
2025-02-27 13:13:03,445:INFO:mapsims:Nside: 512, Modeling Nside: 512, Ellmax: 1280
2025-02-27 13:13:03,450:INFO:mapsims:Initializing the PySM Sky object
2025-02-27 13:13:03,453:INFO:pysm3:Access data from /mnt/sdceph/users/azonca/pysm-data/pysm_2/synch_t_new.fits
2025-02-27 13:13:03,504:INFO:pysm3:Access data from /mnt/sdceph/users/azonca/pysm-data/pysm_2/synch_q_new.fits
2025-02-27 13:13:03,551:INFO:pysm3:Access data from /mnt/sdceph/users/azonca/pysm-data/pysm_2/synch_u_new.fits
2025-02-27 13:13:03,592:INFO:pysm3:Access data from /mnt/sdceph/users/azonca/pysm-data/pysm_2/synch_beta.fits
2025-02-27 13:13:03,633:INFO:mapsims:Processing channel Channel Ka
2025-02-27 13:13:03,633:INFO:mapsims:Bandpass integration for Channel Ka
2025-02-27 13:13:16,038:INFO:pysm3:Removing 21/201 points below 1e-10
2025-02-27 13:13:16,066:INFO:mapsims:Smoothing and coord-transform for Channel Ka
2025-02-27 13:13:21,516:INFO:pysm3:Used map2alm_lsq, converged in 8 iterations,residual relative error 0.075
2025-02-27 13:13:21,516:INFO:pysm3:Smoothing with a custom isotropic beam
2025-02-27 13:13:21,516:INFO:pysm3:Using the same beam for all components
2025-02-27 13:13:21,530:INFO:pysm3:Using the same beam for all components
2025-02-27 13:13:21,543:INFO:pysm3:Using the same beam for all components
2025-02-27 13:13:21,556:INFO:pysm3:Rotate Alm
2025-02-27 13:13:23,844:INFO:pysm3:Alm to map HEALPix
2025-02-27 13:13:24,038:INFO:mapsims:Writing output map sobs_mbs-s0019-20250221_WMAP_mission_Ka_synchrotron_s1_healpix.fits
2025-02-27 13:13:24,039:INFO:mapsims:Replace NaN with UNSEEN
2025-02-27 13:13:24,047:INFO:mapsims:Reorder ring to nest
2025-02-27 13:13:24,252:INFO:mapsims:Writing output map

real	0m26.441s
user	7m50.344s
sys	1m0.312s
