2025-02-27 13:19:00,816:INFO:mapsims:Parsing configuration from common.toml, dust_d1.toml
2025-02-27 13:19:00,817:INFO:mapsims:Parsing channels from instrument_model/instrument_model.tbl
2025-02-27 13:19:00,820:INFO:mapsims:Channel Ka
2025-02-27 13:19:00,825:INFO:mapsims:Beam from instrument_model/beam_Ka.tbl
2025-02-27 13:19:00,827:INFO:mapsims:Bandpass from instrument_model/bandpass_Ka.tbl
2025-02-27 13:19:00,828:INFO:mapsims:Parsing channels from instrument_model/instrument_model.tbl
2025-02-27 13:19:00,829:INFO:mapsims:Channel Ka
2025-02-27 13:19:00,832:INFO:mapsims:Beam from instrument_model/beam_Ka.tbl
2025-02-27 13:19:00,833:INFO:mapsims:Bandpass from instrument_model/bandpass_Ka.tbl
2025-02-27 13:19:00,833:INFO:mapsims:Nside: 512, Modeling Nside: 512, Ellmax: 1280
2025-02-27 13:19:00,836:INFO:mapsims:Initializing the PySM Sky object
2025-02-27 13:19:00,838:INFO:pysm3:Access data from /mnt/sdceph/users/azonca/pysm-data/pysm_2/dust_t_new.fits
2025-02-27 13:19:00,885:INFO:pysm3:Access data from /mnt/sdceph/users/azonca/pysm-data/pysm_2/dust_q_new.fits
2025-02-27 13:19:00,934:INFO:pysm3:Access data from /mnt/sdceph/users/azonca/pysm-data/pysm_2/dust_u_new.fits
2025-02-27 13:19:00,978:INFO:pysm3:Access data from /mnt/sdceph/users/azonca/pysm-data/pysm_2/dust_beta.fits
2025-02-27 13:19:01,025:INFO:pysm3:Access data from /mnt/sdceph/users/azonca/pysm-data/pysm_2/dust_temp.fits
2025-02-27 13:19:01,141:INFO:mapsims:Processing channel Channel Ka
2025-02-27 13:19:01,141:INFO:mapsims:Bandpass integration for Channel Ka
2025-02-27 13:19:59,075:INFO:pysm3:Removing 21/201 points below 1e-10
2025-02-27 13:19:59,104:INFO:mapsims:Smoothing and coord-transform for Channel Ka
2025-02-27 13:20:04,663:INFO:pysm3:Used map2alm_lsq, converged in 8 iterations,residual relative error 0.035
2025-02-27 13:20:04,663:INFO:pysm3:Smoothing with a custom isotropic beam
2025-02-27 13:20:04,663:INFO:pysm3:Using the same beam for all components
2025-02-27 13:20:04,682:INFO:pysm3:Using the same beam for all components
2025-02-27 13:20:04,701:INFO:pysm3:Using the same beam for all components
2025-02-27 13:20:04,719:INFO:pysm3:Rotate Alm
2025-02-27 13:20:06,797:INFO:pysm3:Alm to map HEALPix
2025-02-27 13:20:07,030:INFO:mapsims:Writing output map sobs_mbs-s0019-20250221_WMAP_mission_Ka_dust_d1_healpix.fits
2025-02-27 13:20:07,030:INFO:mapsims:Replace NaN with UNSEEN
2025-02-27 13:20:07,039:INFO:mapsims:Reorder ring to nest
2025-02-27 13:20:07,237:INFO:mapsims:Writing output map

real	1m8.667s
user	13m16.847s
sys	0m57.615s
