2025-02-27 13:15:45,641:INFO:mapsims:Parsing configuration from common.toml, dust_d10.toml
2025-02-27 13:15:45,642:INFO:mapsims:Parsing channels from instrument_model/instrument_model.tbl
2025-02-27 13:15:45,645:INFO:mapsims:Channel V
2025-02-27 13:15:45,649:INFO:mapsims:Beam from instrument_model/beam_V.tbl
2025-02-27 13:15:45,651:INFO:mapsims:Bandpass from instrument_model/bandpass_V.tbl
2025-02-27 13:15:45,652:INFO:mapsims:Parsing channels from instrument_model/instrument_model.tbl
2025-02-27 13:15:45,653:INFO:mapsims:Channel V
2025-02-27 13:15:45,656:INFO:mapsims:Beam from instrument_model/beam_V.tbl
2025-02-27 13:15:45,657:INFO:mapsims:Bandpass from instrument_model/bandpass_V.tbl
2025-02-27 13:15:45,658:INFO:mapsims:Nside: 512, Modeling Nside: 2048, Ellmax: 1280
2025-02-27 13:15:45,660:INFO:mapsims:Initializing the PySM Sky object
2025-02-27 13:15:45,661:INFO:pysm3:Retrieve data for dust_gnilc/gnilc_dust_template_nside2048_2023.02.10.fits (if not cached already)
2025-02-27 13:15:47,047:INFO:pysm3:Retrieve data for dust_gnilc/gnilc_dust_beta_nside2048_2023.06.06.fits (if not cached already)
2025-02-27 13:15:47,385:INFO:pysm3:Retrieve data for dust_gnilc/gnilc_dust_Td_nside2048_2023.06.06.fits (if not cached already)
2025-02-27 13:15:47,747:INFO:mapsims:Processing channel Channel V
2025-02-27 13:15:47,747:INFO:mapsims:Bandpass integration for Channel V
2025-02-27 13:31:39,175:INFO:pysm3:Removing 14/201 points below 1e-10
2025-02-27 13:31:39,569:INFO:mapsims:Smoothing and coord-transform for Channel V
2025-02-27 13:31:39,571:INFO:pysm3:Using map2alm with pixel weights
2025-02-27 13:31:41,169:INFO:pysm3:Smoothing with a custom isotropic beam
2025-02-27 13:31:41,169:INFO:pysm3:Using the same beam for all components
2025-02-27 13:31:41,182:INFO:pysm3:Using the same beam for all components
2025-02-27 13:31:41,195:INFO:pysm3:Using the same beam for all components
2025-02-27 13:31:41,207:INFO:pysm3:Rotate Alm
2025-02-27 13:31:43,331:INFO:pysm3:Alm to map HEALPix
2025-02-27 13:31:43,565:INFO:mapsims:Writing output map sobs_mbs-s0019-20250221_WMAP_mission_V_dust_d10_healpix.fits
2025-02-27 13:31:43,565:INFO:mapsims:Replace NaN with UNSEEN
2025-02-27 13:31:43,574:INFO:mapsims:Reorder ring to nest
2025-02-27 13:31:43,769:INFO:mapsims:Writing output map

real	16m0.360s
user	43m52.631s
sys	5m29.331s
