2025-02-27 13:13:03,674:INFO:mapsims:Parsing configuration from common.toml, synchrotron_s1.toml
2025-02-27 13:13:03,677:INFO:mapsims:Parsing channels from instrument_model/instrument_model.tbl
2025-02-27 13:13:03,685:INFO:mapsims:Channel K
2025-02-27 13:13:03,692:INFO:mapsims:Beam from instrument_model/beam_K.tbl
2025-02-27 13:13:03,697:INFO:mapsims:Bandpass from instrument_model/bandpass_K.tbl
2025-02-27 13:13:03,698:INFO:mapsims:Parsing channels from instrument_model/instrument_model.tbl
2025-02-27 13:13:03,701:INFO:mapsims:Channel K
2025-02-27 13:13:03,704:INFO:mapsims:Beam from instrument_model/beam_K.tbl
2025-02-27 13:13:03,706:INFO:mapsims:Bandpass from instrument_model/bandpass_K.tbl
2025-02-27 13:13:03,707:INFO:mapsims:Nside: 512, Modeling Nside: 512, Ellmax: 1280
2025-02-27 13:13:03,712:INFO:mapsims:Initializing the PySM Sky object
2025-02-27 13:13:03,714:INFO:pysm3:Access data from /mnt/sdceph/users/azonca/pysm-data/pysm_2/synch_t_new.fits
2025-02-27 13:13:03,766:INFO:pysm3:Access data from /mnt/sdceph/users/azonca/pysm-data/pysm_2/synch_q_new.fits
2025-02-27 13:13:03,811:INFO:pysm3:Access data from /mnt/sdceph/users/azonca/pysm-data/pysm_2/synch_u_new.fits
2025-02-27 13:13:03,851:INFO:pysm3:Access data from /mnt/sdceph/users/azonca/pysm-data/pysm_2/synch_beta.fits
2025-02-27 13:13:03,888:INFO:mapsims:Processing channel Channel K
2025-02-27 13:13:03,888:INFO:mapsims:Bandpass integration for Channel K
2025-02-27 13:13:16,410:INFO:pysm3:Removing 11/201 points below 1e-10
2025-02-27 13:13:16,439:INFO:mapsims:Smoothing and coord-transform for Channel K
2025-02-27 13:13:22,247:INFO:pysm3:Used map2alm_lsq, converged in 8 iterations,residual relative error 0.075
2025-02-27 13:13:22,248:INFO:pysm3:Smoothing with a custom isotropic beam
2025-02-27 13:13:22,248:INFO:pysm3:Using the same beam for all components
2025-02-27 13:13:22,261:INFO:pysm3:Using the same beam for all components
2025-02-27 13:13:22,274:INFO:pysm3:Using the same beam for all components
2025-02-27 13:13:22,287:INFO:pysm3:Rotate Alm
2025-02-27 13:13:24,723:INFO:pysm3:Alm to map HEALPix
2025-02-27 13:13:25,199:INFO:mapsims:Writing output map sobs_mbs-s0019-20250221_WMAP_mission_K_synchrotron_s1_healpix.fits
2025-02-27 13:13:25,199:INFO:mapsims:Replace NaN with UNSEEN
2025-02-27 13:13:25,209:INFO:mapsims:Reorder ring to nest
2025-02-27 13:13:25,427:INFO:mapsims:Writing output map

real	0m27.583s
user	8m9.873s
sys	1m1.846s
