2025-02-27 13:18:56,213:INFO:mapsims:Parsing configuration from common.toml, dust_d1.toml
2025-02-27 13:18:56,215:INFO:mapsims:Parsing channels from instrument_model/instrument_model.tbl
2025-02-27 13:18:56,217:INFO:mapsims:Channel K
2025-02-27 13:18:56,220:INFO:mapsims:Beam from instrument_model/beam_K.tbl
2025-02-27 13:18:56,221:INFO:mapsims:Bandpass from instrument_model/bandpass_K.tbl
2025-02-27 13:18:56,222:INFO:mapsims:Parsing channels from instrument_model/instrument_model.tbl
2025-02-27 13:18:56,223:INFO:mapsims:Channel K
2025-02-27 13:18:56,225:INFO:mapsims:Beam from instrument_model/beam_K.tbl
2025-02-27 13:18:56,226:INFO:mapsims:Bandpass from instrument_model/bandpass_K.tbl
2025-02-27 13:18:56,227:INFO:mapsims:Nside: 512, Modeling Nside: 512, Ellmax: 1280
2025-02-27 13:18:56,229:INFO:mapsims:Initializing the PySM Sky object
2025-02-27 13:18:56,231:INFO:pysm3:Access data from /mnt/sdceph/users/azonca/pysm-data/pysm_2/dust_t_new.fits
2025-02-27 13:18:56,412:INFO:pysm3:Access data from /mnt/sdceph/users/azonca/pysm-data/pysm_2/dust_q_new.fits
2025-02-27 13:18:56,612:INFO:pysm3:Access data from /mnt/sdceph/users/azonca/pysm-data/pysm_2/dust_u_new.fits
2025-02-27 13:18:56,761:INFO:pysm3:Access data from /mnt/sdceph/users/azonca/pysm-data/pysm_2/dust_beta.fits
2025-02-27 13:18:56,953:INFO:pysm3:Access data from /mnt/sdceph/users/azonca/pysm-data/pysm_2/dust_temp.fits
2025-02-27 13:18:57,127:INFO:mapsims:Processing channel Channel K
2025-02-27 13:18:57,127:INFO:mapsims:Bandpass integration for Channel K
2025-02-27 13:19:55,735:INFO:pysm3:Removing 11/201 points below 1e-10
2025-02-27 13:19:55,764:INFO:mapsims:Smoothing and coord-transform for Channel K
2025-02-27 13:20:01,694:INFO:pysm3:Used map2alm_lsq, converged in 8 iterations,residual relative error 0.034
2025-02-27 13:20:01,694:INFO:pysm3:Smoothing with a custom isotropic beam
2025-02-27 13:20:01,694:INFO:pysm3:Using the same beam for all components
2025-02-27 13:20:01,707:INFO:pysm3:Using the same beam for all components
2025-02-27 13:20:01,720:INFO:pysm3:Using the same beam for all components
2025-02-27 13:20:01,734:INFO:pysm3:Rotate Alm
2025-02-27 13:20:03,845:INFO:pysm3:Alm to map HEALPix
2025-02-27 13:20:04,136:INFO:mapsims:Writing output map sobs_mbs-s0019-20250221_WMAP_mission_K_dust_d1_healpix.fits
2025-02-27 13:20:04,136:INFO:mapsims:Replace NaN with UNSEEN
2025-02-27 13:20:04,144:INFO:mapsims:Reorder ring to nest
2025-02-27 13:20:04,338:INFO:mapsims:Writing output map

real	1m10.629s
user	14m7.657s
sys	0m58.201s
