2025-02-27 13:13:03,527:INFO:mapsims:Parsing configuration from common.toml, synchrotron_s7.toml
2025-02-27 13:13:03,530:INFO:mapsims:Parsing channels from instrument_model/instrument_model.tbl
2025-02-27 13:13:03,536:INFO:mapsims:Channel V
2025-02-27 13:13:03,545:INFO:mapsims:Beam from instrument_model/beam_V.tbl
2025-02-27 13:13:03,550:INFO:mapsims:Bandpass from instrument_model/bandpass_V.tbl
2025-02-27 13:13:03,552:INFO:mapsims:Parsing channels from instrument_model/instrument_model.tbl
2025-02-27 13:13:03,554:INFO:mapsims:Channel V
2025-02-27 13:13:03,560:INFO:mapsims:Beam from instrument_model/beam_V.tbl
2025-02-27 13:13:03,562:INFO:mapsims:Bandpass from instrument_model/bandpass_V.tbl
2025-02-27 13:13:03,563:INFO:mapsims:Nside: 512, Modeling Nside: 2048, Ellmax: 1280
2025-02-27 13:13:03,569:INFO:mapsims:Initializing the PySM Sky object
2025-02-27 13:13:03,571:INFO:pysm3:Access data from /mnt/sdceph/users/azonca/pysm-data/synch/synch_template_nside2048_2023.02.25.fits
2025-02-27 13:13:05,803:INFO:pysm3:Retrieve data for synch/synch_beta_nside2048_2023.02.16.fits (if not cached already)
2025-02-27 13:13:06,276:INFO:pysm3:Retrieve data for synch/synch_curvature_nside2048_2023.02.17.fits (if not cached already)
2025-02-27 13:13:06,615:INFO:mapsims:Processing channel Channel V
2025-02-27 13:13:06,615:INFO:mapsims:Bandpass integration for Channel V
2025-02-27 13:16:06,070:INFO:pysm3:Removing 14/201 points below 1e-10
2025-02-27 13:16:06,458:INFO:mapsims:Smoothing and coord-transform for Channel V
2025-02-27 13:16:06,460:INFO:pysm3:Using map2alm with pixel weights
2025-02-27 13:16:08,050:INFO:pysm3:Smoothing with a custom isotropic beam
2025-02-27 13:16:08,050:INFO:pysm3:Using the same beam for all components
2025-02-27 13:16:08,063:INFO:pysm3:Using the same beam for all components
2025-02-27 13:16:08,076:INFO:pysm3:Using the same beam for all components
2025-02-27 13:16:08,089:INFO:pysm3:Rotate Alm
2025-02-27 13:16:10,128:INFO:pysm3:Alm to map HEALPix
2025-02-27 13:16:10,363:INFO:mapsims:Writing output map sobs_mbs-s0019-20250221_WMAP_mission_V_synchrotron_s7_healpix.fits
2025-02-27 13:16:10,363:INFO:mapsims:Replace NaN with UNSEEN
2025-02-27 13:16:10,372:INFO:mapsims:Reorder ring to nest
2025-02-27 13:16:10,568:INFO:mapsims:Writing output map

real	3m12.772s
user	37m13.823s
sys	2m28.180s
