2025-02-27 13:15:40,110:INFO:mapsims:Parsing configuration from common.toml, dust_d10.toml
2025-02-27 13:15:40,112:INFO:mapsims:Parsing channels from instrument_model/instrument_model.tbl
2025-02-27 13:15:40,116:INFO:mapsims:Channel K
2025-02-27 13:15:40,121:INFO:mapsims:Beam from instrument_model/beam_K.tbl
2025-02-27 13:15:40,124:INFO:mapsims:Bandpass from instrument_model/bandpass_K.tbl
2025-02-27 13:15:40,125:INFO:mapsims:Parsing channels from instrument_model/instrument_model.tbl
2025-02-27 13:15:40,126:INFO:mapsims:Channel K
2025-02-27 13:15:40,129:INFO:mapsims:Beam from instrument_model/beam_K.tbl
2025-02-27 13:15:40,131:INFO:mapsims:Bandpass from instrument_model/bandpass_K.tbl
2025-02-27 13:15:40,131:INFO:mapsims:Nside: 512, Modeling Nside: 2048, Ellmax: 1280
2025-02-27 13:15:40,134:INFO:mapsims:Initializing the PySM Sky object
2025-02-27 13:15:40,136:INFO:pysm3:Retrieve data for dust_gnilc/gnilc_dust_template_nside2048_2023.02.10.fits (if not cached already)
2025-02-27 13:15:41,486:INFO:pysm3:Retrieve data for dust_gnilc/gnilc_dust_beta_nside2048_2023.06.06.fits (if not cached already)
2025-02-27 13:15:41,815:INFO:pysm3:Retrieve data for dust_gnilc/gnilc_dust_Td_nside2048_2023.06.06.fits (if not cached already)
2025-02-27 13:15:42,165:INFO:mapsims:Processing channel Channel K
2025-02-27 13:15:42,165:INFO:mapsims:Bandpass integration for Channel K
2025-02-27 13:31:04,587:INFO:pysm3:Removing 11/201 points below 1e-10
2025-02-27 13:31:04,975:INFO:mapsims:Smoothing and coord-transform for Channel K
2025-02-27 13:31:04,977:INFO:pysm3:Using map2alm with pixel weights
2025-02-27 13:31:06,526:INFO:pysm3:Smoothing with a custom isotropic beam
2025-02-27 13:31:06,526:INFO:pysm3:Using the same beam for all components
2025-02-27 13:31:06,539:INFO:pysm3:Using the same beam for all components
2025-02-27 13:31:06,552:INFO:pysm3:Using the same beam for all components
2025-02-27 13:31:06,565:INFO:pysm3:Rotate Alm
2025-02-27 13:31:08,620:INFO:pysm3:Alm to map HEALPix
2025-02-27 13:31:08,850:INFO:mapsims:Writing output map sobs_mbs-s0019-20250221_WMAP_mission_K_dust_d10_healpix.fits
2025-02-27 13:31:08,850:INFO:mapsims:Replace NaN with UNSEEN
2025-02-27 13:31:08,859:INFO:mapsims:Reorder ring to nest
2025-02-27 13:31:09,105:INFO:mapsims:Writing output map

real	15m31.354s
user	42m49.471s
sys	5m23.528s
