2025-02-27 13:13:29,753:INFO:mapsims:Parsing configuration from common.toml, co_co1.toml
2025-02-27 13:13:29,754:INFO:mapsims:Parsing channels from instrument_model/instrument_model.tbl
2025-02-27 13:13:29,756:INFO:mapsims:Channel K
2025-02-27 13:13:29,760:INFO:mapsims:Beam from instrument_model/beam_K.tbl
2025-02-27 13:13:29,763:INFO:mapsims:Bandpass from instrument_model/bandpass_K.tbl
2025-02-27 13:13:29,763:INFO:mapsims:Parsing channels from instrument_model/instrument_model.tbl
2025-02-27 13:13:29,765:INFO:mapsims:Channel K
2025-02-27 13:13:29,767:INFO:mapsims:Beam from instrument_model/beam_K.tbl
2025-02-27 13:13:29,768:INFO:mapsims:Bandpass from instrument_model/bandpass_K.tbl
2025-02-27 13:13:29,768:INFO:mapsims:Nside: 512, Modeling Nside: 2048, Ellmax: 1280
2025-02-27 13:13:29,771:INFO:mapsims:Initializing the PySM Sky object
2025-02-27 13:13:29,773:INFO:pysm3:Access data from /mnt/sdceph/users/azonca/pysm-data/co/HFI_CompMap_CO-Type1_2048_R2.00_ring.fits
2025-02-27 13:13:29,774:INFO:pysm3:Access data from /mnt/sdceph/users/azonca/pysm-data/co/HFI_CompMap_CO-Type1_2048_R2.00_ring.fits
2025-02-27 13:13:51,283:INFO:mapsims:Processing channel Channel K
2025-02-27 13:13:51,284:INFO:mapsims:Bandpass integration for Channel K
2025-02-27 13:13:52,283:INFO:pysm3:Removing 11/201 points below 1e-10
2025-02-27 13:13:52,735:INFO:mapsims:Smoothing and coord-transform for Channel K
2025-02-27 13:13:52,736:INFO:pysm3:Using map2alm with pixel weights
2025-02-27 13:13:54,386:INFO:pysm3:Smoothing with a custom isotropic beam
2025-02-27 13:13:54,387:INFO:pysm3:Using the same beam for all components
2025-02-27 13:13:54,400:INFO:pysm3:Using the same beam for all components
2025-02-27 13:13:54,413:INFO:pysm3:Using the same beam for all components
2025-02-27 13:13:54,426:INFO:pysm3:Rotate Alm
2025-02-27 13:13:56,544:INFO:pysm3:Alm to map HEALPix
2025-02-27 13:13:56,779:INFO:mapsims:Writing output map sobs_mbs-s0019-20250221_WMAP_mission_K_co_co1_healpix.fits
2025-02-27 13:13:56,779:INFO:mapsims:Replace NaN with UNSEEN
2025-02-27 13:13:56,789:INFO:mapsims:Reorder ring to nest
2025-02-27 13:13:56,984:INFO:mapsims:Writing output map

real	0m29.476s
user	1m45.428s
sys	0m8.354s
