2025-02-27 13:16:15,267:INFO:mapsims:Parsing configuration from common.toml, dust_d9.toml
2025-02-27 13:16:15,268:INFO:mapsims:Parsing channels from instrument_model/instrument_model.tbl
2025-02-27 13:16:15,271:INFO:mapsims:Channel V
2025-02-27 13:16:15,276:INFO:mapsims:Beam from instrument_model/beam_V.tbl
2025-02-27 13:16:15,279:INFO:mapsims:Bandpass from instrument_model/bandpass_V.tbl
2025-02-27 13:16:15,279:INFO:mapsims:Parsing channels from instrument_model/instrument_model.tbl
2025-02-27 13:16:15,280:INFO:mapsims:Channel V
2025-02-27 13:16:15,283:INFO:mapsims:Beam from instrument_model/beam_V.tbl
2025-02-27 13:16:15,285:INFO:mapsims:Bandpass from instrument_model/bandpass_V.tbl
2025-02-27 13:16:15,285:INFO:mapsims:Nside: 512, Modeling Nside: 2048, Ellmax: 1280
2025-02-27 13:16:15,287:INFO:mapsims:Initializing the PySM Sky object
2025-02-27 13:16:15,288:INFO:pysm3:Retrieve data for dust_gnilc/gnilc_dust_template_nside2048_2023.02.10.fits (if not cached already)
2025-02-27 13:16:16,682:INFO:mapsims:Processing channel Channel V
2025-02-27 13:16:16,683:INFO:mapsims:Bandpass integration for Channel V
2025-02-27 13:21:50,386:INFO:pysm3:Removing 14/201 points below 1e-10
2025-02-27 13:21:50,777:INFO:mapsims:Smoothing and coord-transform for Channel V
2025-02-27 13:21:50,778:INFO:pysm3:Using map2alm with pixel weights
2025-02-27 13:21:52,330:INFO:pysm3:Smoothing with a custom isotropic beam
2025-02-27 13:21:52,330:INFO:pysm3:Using the same beam for all components
2025-02-27 13:21:52,343:INFO:pysm3:Using the same beam for all components
2025-02-27 13:21:52,356:INFO:pysm3:Using the same beam for all components
2025-02-27 13:21:52,369:INFO:pysm3:Rotate Alm
2025-02-27 13:21:54,426:INFO:pysm3:Alm to map HEALPix
2025-02-27 13:21:54,657:INFO:mapsims:Writing output map sobs_mbs-s0019-20250221_WMAP_mission_V_dust_d9_healpix.fits
2025-02-27 13:21:54,658:INFO:mapsims:Replace NaN with UNSEEN
2025-02-27 13:21:54,666:INFO:mapsims:Reorder ring to nest
2025-02-27 13:21:54,863:INFO:mapsims:Writing output map

real	5m41.840s
user	9m48.967s
sys	1m46.119s
