2025-02-27 13:33:55,808:INFO:mapsims:Parsing configuration from common.toml, ame_a1.toml
2025-02-27 13:33:55,809:INFO:mapsims:Parsing channels from instrument_model/instrument_model.tbl
2025-02-27 13:33:55,811:INFO:mapsims:Channel Ka
2025-02-27 13:33:55,814:INFO:mapsims:Beam from instrument_model/beam_Ka.tbl
2025-02-27 13:33:55,815:INFO:mapsims:Bandpass from instrument_model/bandpass_Ka.tbl
2025-02-27 13:33:55,816:INFO:mapsims:Parsing channels from instrument_model/instrument_model.tbl
2025-02-27 13:33:55,817:INFO:mapsims:Channel Ka
2025-02-27 13:33:55,819:INFO:mapsims:Beam from instrument_model/beam_Ka.tbl
2025-02-27 13:33:55,821:INFO:mapsims:Bandpass from instrument_model/bandpass_Ka.tbl
2025-02-27 13:33:55,821:INFO:mapsims:Nside: 512, Modeling Nside: 512, Ellmax: 1280
2025-02-27 13:33:55,823:INFO:mapsims:Initializing the PySM Sky object
2025-02-27 13:33:55,824:INFO:pysm3:Access data from /mnt/sdceph/users/azonca/pysm-data/pysm_2/ame_t_new.fits
2025-02-27 13:33:55,929:INFO:pysm3:Access data from /mnt/sdceph/users/azonca/pysm-data/pysm_2/ame_nu_peak_0.fits
2025-02-27 13:33:56,049:INFO:pysm3:Access data from /mnt/sdceph/users/azonca/pysm-data/pysm_2/emissivity.txt
2025-02-27 13:33:56,061:INFO:pysm3:Access data from /mnt/sdceph/users/azonca/pysm-data/pysm_2/ame2_t_new.fits
2025-02-27 13:33:56,213:INFO:pysm3:Access data from /mnt/sdceph/users/azonca/pysm-data/pysm_2/emissivity.txt
2025-02-27 13:33:56,217:INFO:mapsims:Processing channel Channel Ka
2025-02-27 13:33:56,218:INFO:mapsims:Bandpass integration for Channel Ka
2025-02-27 13:34:41,849:INFO:pysm3:Removing 21/201 points below 1e-10
2025-02-27 13:34:41,876:INFO:pysm3:Removing 21/201 points below 1e-10
2025-02-27 13:34:41,904:INFO:mapsims:Smoothing and coord-transform for Channel Ka
2025-02-27 13:34:47,576:INFO:pysm3:Used map2alm_lsq, converged in 8 iterations,residual relative error 0.043
2025-02-27 13:34:47,576:INFO:pysm3:Smoothing with a custom isotropic beam
2025-02-27 13:34:47,576:INFO:pysm3:Using the same beam for all components
2025-02-27 13:34:47,589:INFO:pysm3:Using the same beam for all components
2025-02-27 13:34:47,603:INFO:pysm3:Using the same beam for all components
2025-02-27 13:34:47,616:INFO:pysm3:Rotate Alm
2025-02-27 13:34:49,341:INFO:pysm3:Alm to map HEALPix
2025-02-27 13:34:49,570:INFO:mapsims:Writing output map sobs_mbs-s0019-20250221_WMAP_mission_Ka_ame_a1_healpix.fits
2025-02-27 13:34:49,570:INFO:mapsims:Replace NaN with UNSEEN
2025-02-27 13:34:49,579:INFO:mapsims:Reorder ring to nest
2025-02-27 13:34:49,784:INFO:mapsims:Writing output map

real	0m56.257s
user	7m13.565s
sys	0m55.985s
