2025-02-27 13:14:26,646:INFO:mapsims:Parsing configuration from common.toml, ksz_ksz1.toml
2025-02-27 13:14:26,648:INFO:mapsims:Parsing channels from instrument_model/instrument_model.tbl
2025-02-27 13:14:26,650:INFO:mapsims:Channel V
2025-02-27 13:14:26,655:INFO:mapsims:Beam from instrument_model/beam_V.tbl
2025-02-27 13:14:26,660:INFO:mapsims:Bandpass from instrument_model/bandpass_V.tbl
2025-02-27 13:14:26,661:INFO:mapsims:Parsing channels from instrument_model/instrument_model.tbl
2025-02-27 13:14:26,663:INFO:mapsims:Channel V
2025-02-27 13:14:26,670:INFO:mapsims:Beam from instrument_model/beam_V.tbl
2025-02-27 13:14:26,672:INFO:mapsims:Bandpass from instrument_model/bandpass_V.tbl
2025-02-27 13:14:26,673:INFO:mapsims:Nside: 512, Modeling Nside: 4096, Ellmax: 1280
2025-02-27 13:14:26,675:INFO:mapsims:Initializing the PySM Sky object
2025-02-27 13:14:26,677:INFO:pysm3:Access data from /mnt/sdceph/users/azonca/pysm-data/websky/0.4/ksz.fits
2025-02-27 13:14:26,678:INFO:pysm3:Access data from /mnt/sdceph/users/azonca/pysm-data/websky/0.4/ksz.fits
2025-02-27 13:14:28,739:INFO:mapsims:Processing channel Channel V
2025-02-27 13:14:28,739:INFO:mapsims:Bandpass integration for Channel V
2025-02-27 13:18:29,961:INFO:pysm3:Removing 14/201 points below 1e-10
2025-02-27 13:18:31,498:INFO:mapsims:Smoothing and coord-transform for Channel V
2025-02-27 13:18:31,500:INFO:pysm3:Using map2alm with pixel weights
2025-02-27 13:18:37,278:INFO:pysm3:Smoothing with a custom isotropic beam
2025-02-27 13:18:37,278:INFO:pysm3:Using the same beam for all components
2025-02-27 13:18:37,291:INFO:pysm3:Using the same beam for all components
2025-02-27 13:18:37,304:INFO:pysm3:Using the same beam for all components
2025-02-27 13:18:37,317:INFO:pysm3:Rotate Alm
2025-02-27 13:18:39,472:INFO:pysm3:Alm to map HEALPix
2025-02-27 13:18:39,704:INFO:mapsims:Writing output map sobs_mbs-s0019-20250221_WMAP_mission_V_ksz_ksz1_healpix.fits
2025-02-27 13:18:39,704:INFO:mapsims:Replace NaN with UNSEEN
2025-02-27 13:18:39,713:INFO:mapsims:Reorder ring to nest
2025-02-27 13:18:39,913:INFO:mapsims:Writing output map

real	4m15.673s
user	3m58.964s
sys	2m0.862s
