2025-02-27 13:33:00,691:INFO:mapsims:Parsing configuration from common.toml, co_co3.toml
2025-02-27 13:33:00,693:INFO:mapsims:Parsing channels from instrument_model/instrument_model.tbl
2025-02-27 13:33:00,695:INFO:mapsims:Channel V
2025-02-27 13:33:00,698:INFO:mapsims:Beam from instrument_model/beam_V.tbl
2025-02-27 13:33:00,700:INFO:mapsims:Bandpass from instrument_model/bandpass_V.tbl
2025-02-27 13:33:00,700:INFO:mapsims:Parsing channels from instrument_model/instrument_model.tbl
2025-02-27 13:33:00,701:INFO:mapsims:Channel V
2025-02-27 13:33:00,705:INFO:mapsims:Beam from instrument_model/beam_V.tbl
2025-02-27 13:33:00,706:INFO:mapsims:Bandpass from instrument_model/bandpass_V.tbl
2025-02-27 13:33:00,706:INFO:mapsims:Nside: 512, Modeling Nside: 2048, Ellmax: 1280
2025-02-27 13:33:00,708:INFO:mapsims:Initializing the PySM Sky object
2025-02-27 13:33:00,710:INFO:pysm3:Access data from /mnt/sdceph/users/azonca/pysm-data/co/HFI_CompMap_CO-Type1_2048_R2.00_ring.fits
2025-02-27 13:33:00,711:INFO:pysm3:Access data from /mnt/sdceph/users/azonca/pysm-data/co/HFI_CompMap_CO-Type1_2048_R2.00_ring.fits
2025-02-27 13:33:21,587:INFO:pysm3:Access data from /mnt/sdceph/users/azonca/pysm-data/co/psimap_dust90_2048.fits
2025-02-27 13:33:21,589:INFO:pysm3:Access data from /mnt/sdceph/users/azonca/pysm-data/co/psimap_dust90_2048.fits
2025-02-27 13:33:22,362:WARNING:pysm3:No physical unit associated with file /mnt/sdceph/users/azonca/pysm-data/co/psimap_dust90_2048.fits
2025-02-27 13:33:22,364:INFO:pysm3:Access data from /mnt/sdceph/users/azonca/pysm-data/co/gmap_dust90_2048.fits
2025-02-27 13:33:22,366:INFO:pysm3:Access data from /mnt/sdceph/users/azonca/pysm-data/co/gmap_dust90_2048.fits
2025-02-27 13:33:23,793:WARNING:pysm3:No physical unit associated with file /mnt/sdceph/users/azonca/pysm-data/co/gmap_dust90_2048.fits
2025-02-27 13:33:23,796:INFO:pysm3:Access data from /mnt/sdceph/users/azonca/pysm-data/co/mcmoleCO_HGL_2048.fits
2025-02-27 13:33:23,797:INFO:pysm3:Access data from /mnt/sdceph/users/azonca/pysm-data/co/mcmoleCO_HGL_2048.fits
2025-02-27 13:33:25,917:INFO:mapsims:Processing channel Channel V
2025-02-27 13:33:25,918:INFO:mapsims:Bandpass integration for Channel V
2025-02-27 13:33:26,916:INFO:pysm3:Removing 14/201 points below 1e-10
2025-02-27 13:33:27,364:INFO:mapsims:Smoothing and coord-transform for Channel V
2025-02-27 13:33:27,366:INFO:pysm3:Using map2alm with pixel weights
2025-02-27 13:33:29,577:INFO:pysm3:Smoothing with a custom isotropic beam
2025-02-27 13:33:29,577:INFO:pysm3:Using the same beam for all components
2025-02-27 13:33:29,590:INFO:pysm3:Using the same beam for all components
2025-02-27 13:33:29,603:INFO:pysm3:Using the same beam for all components
2025-02-27 13:33:29,616:INFO:pysm3:Rotate Alm
2025-02-27 13:33:31,674:INFO:pysm3:Alm to map HEALPix
2025-02-27 13:33:31,906:INFO:mapsims:Writing output map sobs_mbs-s0019-20250221_WMAP_mission_V_co_co3_healpix.fits
2025-02-27 13:33:31,906:INFO:mapsims:Replace NaN with UNSEEN
2025-02-27 13:33:31,915:INFO:mapsims:Reorder ring to nest
2025-02-27 13:33:32,160:INFO:mapsims:Writing output map

real	0m33.614s
user	1m57.710s
sys	0m9.381s
