2025-02-27 13:13:32,378:INFO:mapsims:Parsing configuration from common.toml, co_co1.toml
2025-02-27 13:13:32,381:INFO:mapsims:Parsing channels from instrument_model/instrument_model.tbl
2025-02-27 13:13:32,386:INFO:mapsims:Channel W
2025-02-27 13:13:32,396:INFO:mapsims:Beam from instrument_model/beam_W.tbl
2025-02-27 13:13:32,402:INFO:mapsims:Bandpass from instrument_model/bandpass_W.tbl
2025-02-27 13:13:32,402:INFO:mapsims:Parsing channels from instrument_model/instrument_model.tbl
2025-02-27 13:13:32,404:INFO:mapsims:Channel W
2025-02-27 13:13:32,409:INFO:mapsims:Beam from instrument_model/beam_W.tbl
2025-02-27 13:13:32,411:INFO:mapsims:Bandpass from instrument_model/bandpass_W.tbl
2025-02-27 13:13:32,412:INFO:mapsims:Nside: 512, Modeling Nside: 2048, Ellmax: 1280
2025-02-27 13:13:32,417:INFO:mapsims:Initializing the PySM Sky object
2025-02-27 13:13:32,420:INFO:pysm3:Access data from /mnt/sdceph/users/azonca/pysm-data/co/HFI_CompMap_CO-Type1_2048_R2.00_ring.fits
2025-02-27 13:13:32,422:INFO:pysm3:Access data from /mnt/sdceph/users/azonca/pysm-data/co/HFI_CompMap_CO-Type1_2048_R2.00_ring.fits
2025-02-27 13:13:52,483:INFO:mapsims:Processing channel Channel W
2025-02-27 13:13:52,483:INFO:mapsims:Bandpass integration for Channel W
2025-02-27 13:13:53,683:INFO:pysm3:Removing 5/201 points below 1e-10
2025-02-27 13:13:54,065:INFO:mapsims:Smoothing and coord-transform for Channel W
2025-02-27 13:13:54,067:INFO:pysm3:Using map2alm with pixel weights
2025-02-27 13:13:55,664:INFO:pysm3:Smoothing with a custom isotropic beam
2025-02-27 13:13:55,665:INFO:pysm3:Using the same beam for all components
2025-02-27 13:13:55,678:INFO:pysm3:Using the same beam for all components
2025-02-27 13:13:55,690:INFO:pysm3:Using the same beam for all components
2025-02-27 13:13:55,703:INFO:pysm3:Rotate Alm
2025-02-27 13:13:57,926:INFO:pysm3:Alm to map HEALPix
2025-02-27 13:13:58,159:INFO:mapsims:Writing output map sobs_mbs-s0019-20250221_WMAP_mission_W_co_co1_healpix.fits
2025-02-27 13:13:58,159:INFO:mapsims:Replace NaN with UNSEEN
2025-02-27 13:13:58,168:INFO:mapsims:Reorder ring to nest
2025-02-27 13:13:58,366:INFO:mapsims:Writing output map

real	0m30.936s
user	1m49.368s
sys	0m8.836s
