2025-02-27 13:31:49,296:INFO:mapsims:Parsing configuration from common.toml, ame_a2.toml
2025-02-27 13:31:49,298:INFO:mapsims:Parsing channels from instrument_model/instrument_model.tbl
2025-02-27 13:31:49,300:INFO:mapsims:Channel V
2025-02-27 13:31:49,304:INFO:mapsims:Beam from instrument_model/beam_V.tbl
2025-02-27 13:31:49,305:INFO:mapsims:Bandpass from instrument_model/bandpass_V.tbl
2025-02-27 13:31:49,306:INFO:mapsims:Parsing channels from instrument_model/instrument_model.tbl
2025-02-27 13:31:49,307:INFO:mapsims:Channel V
2025-02-27 13:31:49,310:INFO:mapsims:Beam from instrument_model/beam_V.tbl
2025-02-27 13:31:49,311:INFO:mapsims:Bandpass from instrument_model/bandpass_V.tbl
2025-02-27 13:31:49,312:INFO:mapsims:Nside: 512, Modeling Nside: 512, Ellmax: 1280
2025-02-27 13:31:49,315:INFO:mapsims:Initializing the PySM Sky object
2025-02-27 13:31:49,317:INFO:pysm3:Access data from /mnt/sdceph/users/azonca/pysm-data/pysm_2/ame_t_new.fits
2025-02-27 13:31:49,470:INFO:pysm3:Access data from /mnt/sdceph/users/azonca/pysm-data/pysm_2/ame_nu_peak_0.fits
2025-02-27 13:31:49,613:INFO:pysm3:Access data from /mnt/sdceph/users/azonca/pysm-data/pysm_2/emissivity.txt
2025-02-27 13:31:49,621:INFO:pysm3:Access data from /mnt/sdceph/users/azonca/pysm-data/pysm_2/dust_u_new.fits
2025-02-27 13:31:49,710:WARNING:pysm3:No physical unit associated with file /mnt/sdceph/users/azonca/pysm-data/pysm_2/dust_u_new.fits
2025-02-27 13:31:49,712:INFO:pysm3:Access data from /mnt/sdceph/users/azonca/pysm-data/pysm_2/dust_q_new.fits
2025-02-27 13:31:49,770:WARNING:pysm3:No physical unit associated with file /mnt/sdceph/users/azonca/pysm-data/pysm_2/dust_q_new.fits
2025-02-27 13:31:49,780:INFO:pysm3:Access data from /mnt/sdceph/users/azonca/pysm-data/pysm_2/ame2_t_new.fits
2025-02-27 13:31:49,891:INFO:pysm3:Access data from /mnt/sdceph/users/azonca/pysm-data/pysm_2/emissivity.txt
2025-02-27 13:31:49,899:INFO:pysm3:Access data from /mnt/sdceph/users/azonca/pysm-data/pysm_2/dust_u_new.fits
2025-02-27 13:31:49,947:WARNING:pysm3:No physical unit associated with file /mnt/sdceph/users/azonca/pysm-data/pysm_2/dust_u_new.fits
2025-02-27 13:31:49,949:INFO:pysm3:Access data from /mnt/sdceph/users/azonca/pysm-data/pysm_2/dust_q_new.fits
2025-02-27 13:31:49,995:WARNING:pysm3:No physical unit associated with file /mnt/sdceph/users/azonca/pysm-data/pysm_2/dust_q_new.fits
2025-02-27 13:31:50,002:INFO:mapsims:Processing channel Channel V
2025-02-27 13:31:50,003:INFO:mapsims:Bandpass integration for Channel V
2025-02-27 13:32:44,885:INFO:pysm3:Removing 14/201 points below 1e-10
2025-02-27 13:32:44,901:INFO:pysm3:Removing 14/201 points below 1e-10
2025-02-27 13:32:44,916:INFO:mapsims:Smoothing and coord-transform for Channel V
2025-02-27 13:32:52,463:INFO:pysm3:Used map2alm_lsq, converged in 8 iterations,residual relative error 0.059
2025-02-27 13:32:52,464:INFO:pysm3:Smoothing with a custom isotropic beam
2025-02-27 13:32:52,464:INFO:pysm3:Using the same beam for all components
2025-02-27 13:32:52,477:INFO:pysm3:Using the same beam for all components
2025-02-27 13:32:52,490:INFO:pysm3:Using the same beam for all components
2025-02-27 13:32:52,503:INFO:pysm3:Rotate Alm
2025-02-27 13:32:54,789:INFO:pysm3:Alm to map HEALPix
2025-02-27 13:32:54,986:INFO:mapsims:Writing output map sobs_mbs-s0019-20250221_WMAP_mission_V_ame_a2_healpix.fits
2025-02-27 13:32:54,986:INFO:mapsims:Replace NaN with UNSEEN
2025-02-27 13:32:54,995:INFO:mapsims:Reorder ring to nest
2025-02-27 13:32:55,175:INFO:mapsims:Writing output map

real	1m8.173s
user	12m51.911s
sys	0m59.123s
