2025-02-27 13:32:30,890:INFO:mapsims:Parsing configuration from common.toml, co_co3.toml
2025-02-27 13:32:30,893:INFO:mapsims:Parsing channels from instrument_model/instrument_model.tbl
2025-02-27 13:32:30,899:INFO:mapsims:Channel K
2025-02-27 13:32:30,906:INFO:mapsims:Beam from instrument_model/beam_K.tbl
2025-02-27 13:32:30,911:INFO:mapsims:Bandpass from instrument_model/bandpass_K.tbl
2025-02-27 13:32:30,912:INFO:mapsims:Parsing channels from instrument_model/instrument_model.tbl
2025-02-27 13:32:30,914:INFO:mapsims:Channel K
2025-02-27 13:32:30,918:INFO:mapsims:Beam from instrument_model/beam_K.tbl
2025-02-27 13:32:30,921:INFO:mapsims:Bandpass from instrument_model/bandpass_K.tbl
2025-02-27 13:32:30,921:INFO:mapsims:Nside: 512, Modeling Nside: 2048, Ellmax: 1280
2025-02-27 13:32:30,924:INFO:mapsims:Initializing the PySM Sky object
2025-02-27 13:32:30,926:INFO:pysm3:Access data from /mnt/sdceph/users/azonca/pysm-data/co/HFI_CompMap_CO-Type1_2048_R2.00_ring.fits
2025-02-27 13:32:30,927:INFO:pysm3:Access data from /mnt/sdceph/users/azonca/pysm-data/co/HFI_CompMap_CO-Type1_2048_R2.00_ring.fits
2025-02-27 13:32:51,035:INFO:pysm3:Access data from /mnt/sdceph/users/azonca/pysm-data/co/psimap_dust90_2048.fits
2025-02-27 13:32:51,036:INFO:pysm3:Access data from /mnt/sdceph/users/azonca/pysm-data/co/psimap_dust90_2048.fits
2025-02-27 13:32:51,633:WARNING:pysm3:No physical unit associated with file /mnt/sdceph/users/azonca/pysm-data/co/psimap_dust90_2048.fits
2025-02-27 13:32:51,635:INFO:pysm3:Access data from /mnt/sdceph/users/azonca/pysm-data/co/gmap_dust90_2048.fits
2025-02-27 13:32:51,636:INFO:pysm3:Access data from /mnt/sdceph/users/azonca/pysm-data/co/gmap_dust90_2048.fits
2025-02-27 13:32:52,777:WARNING:pysm3:No physical unit associated with file /mnt/sdceph/users/azonca/pysm-data/co/gmap_dust90_2048.fits
2025-02-27 13:32:52,779:INFO:pysm3:Access data from /mnt/sdceph/users/azonca/pysm-data/co/mcmoleCO_HGL_2048.fits
2025-02-27 13:32:52,780:INFO:pysm3:Access data from /mnt/sdceph/users/azonca/pysm-data/co/mcmoleCO_HGL_2048.fits
2025-02-27 13:32:55,276:INFO:mapsims:Processing channel Channel K
2025-02-27 13:32:55,276:INFO:mapsims:Bandpass integration for Channel K
2025-02-27 13:32:56,483:INFO:pysm3:Removing 11/201 points below 1e-10
2025-02-27 13:32:56,859:INFO:mapsims:Smoothing and coord-transform for Channel K
2025-02-27 13:32:56,861:INFO:pysm3:Using map2alm with pixel weights
2025-02-27 13:32:58,388:INFO:pysm3:Smoothing with a custom isotropic beam
2025-02-27 13:32:58,389:INFO:pysm3:Using the same beam for all components
2025-02-27 13:32:58,401:INFO:pysm3:Using the same beam for all components
2025-02-27 13:32:58,414:INFO:pysm3:Using the same beam for all components
2025-02-27 13:32:58,427:INFO:pysm3:Rotate Alm
2025-02-27 13:33:00,700:INFO:pysm3:Alm to map HEALPix
2025-02-27 13:33:00,929:INFO:mapsims:Writing output map sobs_mbs-s0019-20250221_WMAP_mission_K_co_co3_healpix.fits
2025-02-27 13:33:00,929:INFO:mapsims:Replace NaN with UNSEEN
2025-02-27 13:33:00,938:INFO:mapsims:Reorder ring to nest
2025-02-27 13:33:01,159:INFO:mapsims:Writing output map

real	0m34.687s
user	1m51.259s
sys	0m9.953s
