2025-02-27 13:18:49,912:INFO:mapsims:Parsing configuration from common.toml, freefree_f1.toml
2025-02-27 13:18:49,913:INFO:mapsims:Parsing channels from instrument_model/instrument_model.tbl
2025-02-27 13:18:49,915:INFO:mapsims:Channel W
2025-02-27 13:18:49,922:INFO:mapsims:Beam from instrument_model/beam_W.tbl
2025-02-27 13:18:49,925:INFO:mapsims:Bandpass from instrument_model/bandpass_W.tbl
2025-02-27 13:18:49,925:INFO:mapsims:Parsing channels from instrument_model/instrument_model.tbl
2025-02-27 13:18:49,926:INFO:mapsims:Channel W
2025-02-27 13:18:49,930:INFO:mapsims:Beam from instrument_model/beam_W.tbl
2025-02-27 13:18:49,932:INFO:mapsims:Bandpass from instrument_model/bandpass_W.tbl
2025-02-27 13:18:49,932:INFO:mapsims:Nside: 512, Modeling Nside: 512, Ellmax: 1280
2025-02-27 13:18:49,935:INFO:mapsims:Initializing the PySM Sky object
2025-02-27 13:18:49,936:INFO:pysm3:Access data from /mnt/sdceph/users/azonca/pysm-data/pysm_2/ff_t_new.fits
2025-02-27 13:18:49,980:INFO:mapsims:Processing channel Channel W
2025-02-27 13:18:49,980:INFO:mapsims:Bandpass integration for Channel W
2025-02-27 13:18:54,841:INFO:pysm3:Removing 5/201 points below 1e-10
2025-02-27 13:18:54,871:INFO:mapsims:Smoothing and coord-transform for Channel W
2025-02-27 13:19:00,443:INFO:pysm3:Used map2alm_lsq, converged in 8 iterations,residual relative error 0.11
2025-02-27 13:19:00,444:INFO:pysm3:Smoothing with a custom isotropic beam
2025-02-27 13:19:00,444:INFO:pysm3:Using the same beam for all components
2025-02-27 13:19:00,458:INFO:pysm3:Using the same beam for all components
2025-02-27 13:19:00,471:INFO:pysm3:Using the same beam for all components
2025-02-27 13:19:00,484:INFO:pysm3:Rotate Alm
2025-02-27 13:19:02,632:INFO:pysm3:Alm to map HEALPix
2025-02-27 13:19:02,853:INFO:mapsims:Writing output map sobs_mbs-s0019-20250221_WMAP_mission_W_freefree_f1_healpix.fits
2025-02-27 13:19:02,854:INFO:mapsims:Replace NaN with UNSEEN
2025-02-27 13:19:02,862:INFO:mapsims:Reorder ring to nest
2025-02-27 13:19:03,106:INFO:mapsims:Writing output map

real	0m15.619s
user	4m15.633s
sys	0m54.248s
