2025-02-27 13:13:02,675:INFO:mapsims:Parsing configuration from common.toml, synchrotron_s1.toml
2025-02-27 13:13:02,678:INFO:mapsims:Parsing channels from instrument_model/instrument_model.tbl
2025-02-27 13:13:02,684:INFO:mapsims:Channel W
2025-02-27 13:13:02,694:INFO:mapsims:Beam from instrument_model/beam_W.tbl
2025-02-27 13:13:02,700:INFO:mapsims:Bandpass from instrument_model/bandpass_W.tbl
2025-02-27 13:13:02,700:INFO:mapsims:Parsing channels from instrument_model/instrument_model.tbl
2025-02-27 13:13:02,702:INFO:mapsims:Channel W
2025-02-27 13:13:02,707:INFO:mapsims:Beam from instrument_model/beam_W.tbl
2025-02-27 13:13:02,709:INFO:mapsims:Bandpass from instrument_model/bandpass_W.tbl
2025-02-27 13:13:02,710:INFO:mapsims:Nside: 512, Modeling Nside: 512, Ellmax: 1280
2025-02-27 13:13:02,716:INFO:mapsims:Initializing the PySM Sky object
2025-02-27 13:13:02,718:INFO:pysm3:Access data from /mnt/sdceph/users/azonca/pysm-data/pysm_2/synch_t_new.fits
2025-02-27 13:13:02,885:INFO:pysm3:Access data from /mnt/sdceph/users/azonca/pysm-data/pysm_2/synch_q_new.fits
2025-02-27 13:13:03,142:INFO:pysm3:Access data from /mnt/sdceph/users/azonca/pysm-data/pysm_2/synch_u_new.fits
2025-02-27 13:13:03,291:INFO:pysm3:Access data from /mnt/sdceph/users/azonca/pysm-data/pysm_2/synch_beta.fits
2025-02-27 13:13:03,512:INFO:mapsims:Processing channel Channel W
2025-02-27 13:13:03,512:INFO:mapsims:Bandpass integration for Channel W
2025-02-27 13:13:15,802:INFO:pysm3:Removing 5/201 points below 1e-10
2025-02-27 13:13:15,831:INFO:mapsims:Smoothing and coord-transform for Channel W
2025-02-27 13:13:21,373:INFO:pysm3:Used map2alm_lsq, converged in 8 iterations,residual relative error 0.074
2025-02-27 13:13:21,373:INFO:pysm3:Smoothing with a custom isotropic beam
2025-02-27 13:13:21,373:INFO:pysm3:Using the same beam for all components
2025-02-27 13:13:21,386:INFO:pysm3:Using the same beam for all components
2025-02-27 13:13:21,399:INFO:pysm3:Using the same beam for all components
2025-02-27 13:13:21,412:INFO:pysm3:Rotate Alm
2025-02-27 13:13:23,604:INFO:pysm3:Alm to map HEALPix
2025-02-27 13:13:23,838:INFO:mapsims:Writing output map sobs_mbs-s0019-20250221_WMAP_mission_W_synchrotron_s1_healpix.fits
2025-02-27 13:13:23,838:INFO:mapsims:Replace NaN with UNSEEN
2025-02-27 13:13:23,848:INFO:mapsims:Reorder ring to nest
2025-02-27 13:13:24,043:INFO:mapsims:Writing output map

real	0m26.255s
user	7m42.471s
sys	1m4.658s
