2025-02-27 13:14:06,138:INFO:mapsims:Parsing configuration from common.toml, cmb_c4.toml
2025-02-27 13:14:06,141:INFO:mapsims:Parsing channels from instrument_model/instrument_model.tbl
2025-02-27 13:14:06,147:INFO:mapsims:Channel K
2025-02-27 13:14:06,153:INFO:mapsims:Beam from instrument_model/beam_K.tbl
2025-02-27 13:14:06,157:INFO:mapsims:Bandpass from instrument_model/bandpass_K.tbl
2025-02-27 13:14:06,159:INFO:mapsims:Parsing channels from instrument_model/instrument_model.tbl
2025-02-27 13:14:06,160:INFO:mapsims:Channel K
2025-02-27 13:14:06,163:INFO:mapsims:Beam from instrument_model/beam_K.tbl
2025-02-27 13:14:06,165:INFO:mapsims:Bandpass from instrument_model/bandpass_K.tbl
2025-02-27 13:14:06,165:INFO:mapsims:Nside: 512, Modeling Nside: 4096, Ellmax: 1280
2025-02-27 13:14:06,171:INFO:mapsims:Initializing the PySM Sky object
2025-02-27 13:14:06,173:INFO:pysm3:Access data from /mnt/sdceph/users/azonca/pysm-data/websky/0.4/cmb/map_I_lensed_alm_seed1_nside4096.fits
2025-02-27 13:14:06,175:INFO:pysm3:Access data from /mnt/sdceph/users/azonca/pysm-data/websky/0.4/cmb/map_Q_lensed_alm_seed1_nside4096.fits
2025-02-27 13:14:06,177:INFO:pysm3:Access data from /mnt/sdceph/users/azonca/pysm-data/websky/0.4/cmb/map_U_lensed_alm_seed1_nside4096.fits
2025-02-27 13:14:06,178:INFO:pysm3:Access data from /mnt/sdceph/users/azonca/pysm-data/websky/0.4/cmb/map_I_lensed_alm_seed1_nside4096.fits
2025-02-27 13:14:08,032:INFO:pysm3:Access data from /mnt/sdceph/users/azonca/pysm-data/websky/0.4/cmb/map_Q_lensed_alm_seed1_nside4096.fits
2025-02-27 13:14:09,985:INFO:pysm3:Access data from /mnt/sdceph/users/azonca/pysm-data/websky/0.4/cmb/map_U_lensed_alm_seed1_nside4096.fits
2025-02-27 13:14:12,555:INFO:mapsims:Processing channel Channel K
2025-02-27 13:14:12,556:INFO:mapsims:Bandpass integration for Channel K
2025-02-27 13:14:12,557:INFO:pysm3:Removing 11/201 points below 1e-10
2025-02-27 13:14:15,105:INFO:pysm3:Removing 11/201 points below 1e-10
2025-02-27 13:14:15,891:INFO:mapsims:Smoothing and coord-transform for Channel K
2025-02-27 13:14:15,893:INFO:pysm3:Using map2alm with pixel weights
2025-02-27 13:14:21,588:INFO:pysm3:Smoothing with a custom isotropic beam
2025-02-27 13:14:21,589:INFO:pysm3:Using the same beam for all components
2025-02-27 13:14:21,602:INFO:pysm3:Using the same beam for all components
2025-02-27 13:14:21,615:INFO:pysm3:Using the same beam for all components
2025-02-27 13:14:21,628:INFO:pysm3:Rotate Alm
2025-02-27 13:14:23,957:INFO:pysm3:Alm to map HEALPix
2025-02-27 13:14:24,191:INFO:mapsims:Writing output map sobs_mbs-s0019-20250221_WMAP_mission_K_cmb_c4_healpix.fits
2025-02-27 13:14:24,191:INFO:mapsims:Replace NaN with UNSEEN
2025-02-27 13:14:24,202:INFO:mapsims:Reorder ring to nest
2025-02-27 13:14:24,397:INFO:mapsims:Writing output map

real	0m24.119s
user	1m58.497s
sys	0m9.748s
