2025-02-27 13:18:45,554:INFO:mapsims:Parsing configuration from common.toml, freefree_f1.toml
2025-02-27 13:18:45,556:INFO:mapsims:Parsing channels from instrument_model/instrument_model.tbl
2025-02-27 13:18:45,558:INFO:mapsims:Channel V
2025-02-27 13:18:45,562:INFO:mapsims:Beam from instrument_model/beam_V.tbl
2025-02-27 13:18:45,563:INFO:mapsims:Bandpass from instrument_model/bandpass_V.tbl
2025-02-27 13:18:45,564:INFO:mapsims:Parsing channels from instrument_model/instrument_model.tbl
2025-02-27 13:18:45,565:INFO:mapsims:Channel V
2025-02-27 13:18:45,568:INFO:mapsims:Beam from instrument_model/beam_V.tbl
2025-02-27 13:18:45,570:INFO:mapsims:Bandpass from instrument_model/bandpass_V.tbl
2025-02-27 13:18:45,570:INFO:mapsims:Nside: 512, Modeling Nside: 512, Ellmax: 1280
2025-02-27 13:18:45,572:INFO:mapsims:Initializing the PySM Sky object
2025-02-27 13:18:45,574:INFO:pysm3:Access data from /mnt/sdceph/users/azonca/pysm-data/pysm_2/ff_t_new.fits
2025-02-27 13:18:45,617:INFO:mapsims:Processing channel Channel V
2025-02-27 13:18:45,617:INFO:mapsims:Bandpass integration for Channel V
2025-02-27 13:18:50,502:INFO:pysm3:Removing 14/201 points below 1e-10
2025-02-27 13:18:50,542:INFO:mapsims:Smoothing and coord-transform for Channel V
2025-02-27 13:18:56,287:INFO:pysm3:Used map2alm_lsq, converged in 8 iterations,residual relative error 0.11
2025-02-27 13:18:56,288:INFO:pysm3:Smoothing with a custom isotropic beam
2025-02-27 13:18:56,288:INFO:pysm3:Using the same beam for all components
2025-02-27 13:18:56,301:INFO:pysm3:Using the same beam for all components
2025-02-27 13:18:56,314:INFO:pysm3:Using the same beam for all components
2025-02-27 13:18:56,327:INFO:pysm3:Rotate Alm
2025-02-27 13:18:58,799:INFO:pysm3:Alm to map HEALPix
2025-02-27 13:18:59,136:INFO:mapsims:Writing output map sobs_mbs-s0019-20250221_WMAP_mission_V_freefree_f1_healpix.fits
2025-02-27 13:18:59,137:INFO:mapsims:Replace NaN with UNSEEN
2025-02-27 13:18:59,145:INFO:mapsims:Reorder ring to nest
2025-02-27 13:18:59,341:INFO:mapsims:Writing output map

real	0m16.184s
user	4m42.263s
sys	0m49.793s
