2025-02-27 13:16:15,266:INFO:mapsims:Parsing configuration from common.toml, dust_d9.toml
2025-02-27 13:16:15,268:INFO:mapsims:Parsing channels from instrument_model/instrument_model.tbl
2025-02-27 13:16:15,272:INFO:mapsims:Channel Ka
2025-02-27 13:16:15,277:INFO:mapsims:Beam from instrument_model/beam_Ka.tbl
2025-02-27 13:16:15,279:INFO:mapsims:Bandpass from instrument_model/bandpass_Ka.tbl
2025-02-27 13:16:15,280:INFO:mapsims:Parsing channels from instrument_model/instrument_model.tbl
2025-02-27 13:16:15,282:INFO:mapsims:Channel Ka
2025-02-27 13:16:15,285:INFO:mapsims:Beam from instrument_model/beam_Ka.tbl
2025-02-27 13:16:15,287:INFO:mapsims:Bandpass from instrument_model/bandpass_Ka.tbl
2025-02-27 13:16:15,287:INFO:mapsims:Nside: 512, Modeling Nside: 2048, Ellmax: 1280
2025-02-27 13:16:15,290:INFO:mapsims:Initializing the PySM Sky object
2025-02-27 13:16:15,292:INFO:pysm3:Retrieve data for dust_gnilc/gnilc_dust_template_nside2048_2023.02.10.fits (if not cached already)
2025-02-27 13:16:16,671:INFO:mapsims:Processing channel Channel Ka
2025-02-27 13:16:16,671:INFO:mapsims:Bandpass integration for Channel Ka
2025-02-27 13:21:49,698:INFO:pysm3:Removing 21/201 points below 1e-10
2025-02-27 13:21:50,086:INFO:mapsims:Smoothing and coord-transform for Channel Ka
2025-02-27 13:21:50,088:INFO:pysm3:Using map2alm with pixel weights
2025-02-27 13:21:51,654:INFO:pysm3:Smoothing with a custom isotropic beam
2025-02-27 13:21:51,654:INFO:pysm3:Using the same beam for all components
2025-02-27 13:21:51,667:INFO:pysm3:Using the same beam for all components
2025-02-27 13:21:51,680:INFO:pysm3:Using the same beam for all components
2025-02-27 13:21:51,693:INFO:pysm3:Rotate Alm
2025-02-27 13:21:53,782:INFO:pysm3:Alm to map HEALPix
2025-02-27 13:21:54,017:INFO:mapsims:Writing output map sobs_mbs-s0019-20250221_WMAP_mission_Ka_dust_d9_healpix.fits
2025-02-27 13:21:54,017:INFO:mapsims:Replace NaN with UNSEEN
2025-02-27 13:21:54,026:INFO:mapsims:Reorder ring to nest
2025-02-27 13:21:54,227:INFO:mapsims:Writing output map

real	5m41.174s
user	9m51.541s
sys	1m47.436s
