2025-02-27 13:33:41,580:INFO:mapsims:Parsing configuration from common.toml, ame_a1.toml
2025-02-27 13:33:41,581:INFO:mapsims:Parsing channels from instrument_model/instrument_model.tbl
2025-02-27 13:33:41,584:INFO:mapsims:Channel K
2025-02-27 13:33:41,586:INFO:mapsims:Beam from instrument_model/beam_K.tbl
2025-02-27 13:33:41,588:INFO:mapsims:Bandpass from instrument_model/bandpass_K.tbl
2025-02-27 13:33:41,588:INFO:mapsims:Parsing channels from instrument_model/instrument_model.tbl
2025-02-27 13:33:41,589:INFO:mapsims:Channel K
2025-02-27 13:33:41,591:INFO:mapsims:Beam from instrument_model/beam_K.tbl
2025-02-27 13:33:41,593:INFO:mapsims:Bandpass from instrument_model/bandpass_K.tbl
2025-02-27 13:33:41,593:INFO:mapsims:Nside: 512, Modeling Nside: 512, Ellmax: 1280
2025-02-27 13:33:41,595:INFO:mapsims:Initializing the PySM Sky object
2025-02-27 13:33:41,597:INFO:pysm3:Access data from /mnt/sdceph/users/azonca/pysm-data/pysm_2/ame_t_new.fits
2025-02-27 13:33:41,631:INFO:pysm3:Access data from /mnt/sdceph/users/azonca/pysm-data/pysm_2/ame_nu_peak_0.fits
2025-02-27 13:33:41,662:INFO:pysm3:Access data from /mnt/sdceph/users/azonca/pysm-data/pysm_2/emissivity.txt
2025-02-27 13:33:41,668:INFO:pysm3:Access data from /mnt/sdceph/users/azonca/pysm-data/pysm_2/ame2_t_new.fits
2025-02-27 13:33:41,697:INFO:pysm3:Access data from /mnt/sdceph/users/azonca/pysm-data/pysm_2/emissivity.txt
2025-02-27 13:33:41,701:INFO:mapsims:Processing channel Channel K
2025-02-27 13:33:41,701:INFO:mapsims:Bandpass integration for Channel K
2025-02-27 13:34:24,671:INFO:pysm3:Removing 11/201 points below 1e-10
2025-02-27 13:34:24,699:INFO:pysm3:Removing 11/201 points below 1e-10
2025-02-27 13:34:24,728:INFO:mapsims:Smoothing and coord-transform for Channel K
2025-02-27 13:34:30,606:INFO:pysm3:Used map2alm_lsq, converged in 8 iterations,residual relative error 0.039
2025-02-27 13:34:30,606:INFO:pysm3:Smoothing with a custom isotropic beam
2025-02-27 13:34:30,606:INFO:pysm3:Using the same beam for all components
2025-02-27 13:34:30,620:INFO:pysm3:Using the same beam for all components
2025-02-27 13:34:30,633:INFO:pysm3:Using the same beam for all components
2025-02-27 13:34:30,646:INFO:pysm3:Rotate Alm
2025-02-27 13:34:32,770:INFO:pysm3:Alm to map HEALPix
2025-02-27 13:34:33,000:INFO:mapsims:Writing output map sobs_mbs-s0019-20250221_WMAP_mission_K_ame_a1_healpix.fits
2025-02-27 13:34:33,000:INFO:mapsims:Replace NaN with UNSEEN
2025-02-27 13:34:33,010:INFO:mapsims:Reorder ring to nest
2025-02-27 13:34:33,275:INFO:mapsims:Writing output map

real	0m53.951s
user	7m22.123s
sys	1m0.944s
