2025-02-27 13:13:02,458:INFO:mapsims:Parsing configuration from common.toml, synchrotron_s7.toml
2025-02-27 13:13:02,460:INFO:mapsims:Parsing channels from instrument_model/instrument_model.tbl
2025-02-27 13:13:02,464:INFO:mapsims:Channel Q
2025-02-27 13:13:02,471:INFO:mapsims:Beam from instrument_model/beam_Q.tbl
2025-02-27 13:13:02,475:INFO:mapsims:Bandpass from instrument_model/bandpass_Q.tbl
2025-02-27 13:13:02,475:INFO:mapsims:Parsing channels from instrument_model/instrument_model.tbl
2025-02-27 13:13:02,477:INFO:mapsims:Channel Q
2025-02-27 13:13:02,481:INFO:mapsims:Beam from instrument_model/beam_Q.tbl
2025-02-27 13:13:02,483:INFO:mapsims:Bandpass from instrument_model/bandpass_Q.tbl
2025-02-27 13:13:02,483:INFO:mapsims:Nside: 512, Modeling Nside: 2048, Ellmax: 1280
2025-02-27 13:13:02,489:INFO:mapsims:Initializing the PySM Sky object
2025-02-27 13:13:02,491:INFO:pysm3:Access data from /mnt/sdceph/users/azonca/pysm-data/synch/synch_template_nside2048_2023.02.25.fits
2025-02-27 13:13:04,694:INFO:pysm3:Retrieve data for synch/synch_beta_nside2048_2023.02.16.fits (if not cached already)
2025-02-27 13:13:05,161:INFO:pysm3:Retrieve data for synch/synch_curvature_nside2048_2023.02.17.fits (if not cached already)
2025-02-27 13:13:05,489:INFO:mapsims:Processing channel Channel Q
2025-02-27 13:13:05,489:INFO:mapsims:Bandpass integration for Channel Q
2025-02-27 13:16:07,523:INFO:pysm3:Removing 17/201 points below 1e-10
2025-02-27 13:16:07,918:INFO:mapsims:Smoothing and coord-transform for Channel Q
2025-02-27 13:16:07,920:INFO:pysm3:Using map2alm with pixel weights
2025-02-27 13:16:09,534:INFO:pysm3:Smoothing with a custom isotropic beam
2025-02-27 13:16:09,535:INFO:pysm3:Using the same beam for all components
2025-02-27 13:16:09,548:INFO:pysm3:Using the same beam for all components
2025-02-27 13:16:09,561:INFO:pysm3:Using the same beam for all components
2025-02-27 13:16:09,573:INFO:pysm3:Rotate Alm
2025-02-27 13:16:11,663:INFO:pysm3:Alm to map HEALPix
2025-02-27 13:16:11,896:INFO:mapsims:Writing output map sobs_mbs-s0019-20250221_WMAP_mission_Q_synchrotron_s7_healpix.fits
2025-02-27 13:16:11,897:INFO:mapsims:Replace NaN with UNSEEN
2025-02-27 13:16:11,906:INFO:mapsims:Reorder ring to nest
2025-02-27 13:16:12,101:INFO:mapsims:Writing output map

real	3m14.356s
user	37m18.833s
sys	2m26.395s
