2025-02-27 13:13:00,170:INFO:mapsims:Parsing configuration from common.toml, synchrotron_s4.toml
2025-02-27 13:13:00,170:INFO:mapsims:Parsing channels from instrument_model/instrument_model.tbl
2025-02-27 13:13:00,173:INFO:mapsims:Channel Q
2025-02-27 13:13:00,176:INFO:mapsims:Beam from instrument_model/beam_Q.tbl
2025-02-27 13:13:00,178:INFO:mapsims:Bandpass from instrument_model/bandpass_Q.tbl
2025-02-27 13:13:00,179:INFO:mapsims:Parsing channels from instrument_model/instrument_model.tbl
2025-02-27 13:13:00,180:INFO:mapsims:Channel Q
2025-02-27 13:13:00,183:INFO:mapsims:Beam from instrument_model/beam_Q.tbl
2025-02-27 13:13:00,184:INFO:mapsims:Bandpass from instrument_model/bandpass_Q.tbl
2025-02-27 13:13:00,185:INFO:mapsims:Nside: 512, Modeling Nside: 2048, Ellmax: 1280
2025-02-27 13:13:00,188:INFO:mapsims:Initializing the PySM Sky object
2025-02-27 13:13:00,190:INFO:pysm3:Access data from /mnt/sdceph/users/azonca/pysm-data/synch/synch_template_nside2048_2023.02.25.fits
2025-02-27 13:13:02,566:INFO:mapsims:Processing channel Channel Q
2025-02-27 13:13:02,566:INFO:mapsims:Bandpass integration for Channel Q
2025-02-27 13:15:32,091:INFO:pysm3:Removing 17/201 points below 1e-10
2025-02-27 13:15:32,487:INFO:mapsims:Smoothing and coord-transform for Channel Q
2025-02-27 13:15:32,489:INFO:pysm3:Using map2alm with pixel weights
2025-02-27 13:15:34,116:INFO:pysm3:Smoothing with a custom isotropic beam
2025-02-27 13:15:34,116:INFO:pysm3:Using the same beam for all components
2025-02-27 13:15:34,129:INFO:pysm3:Using the same beam for all components
2025-02-27 13:15:34,142:INFO:pysm3:Using the same beam for all components
2025-02-27 13:15:34,155:INFO:pysm3:Rotate Alm
2025-02-27 13:15:36,737:INFO:pysm3:Alm to map HEALPix
2025-02-27 13:15:36,978:INFO:mapsims:Writing output map sobs_mbs-s0019-20250221_WMAP_mission_Q_synchrotron_s4_healpix.fits
2025-02-27 13:15:36,978:INFO:mapsims:Replace NaN with UNSEEN
2025-02-27 13:15:36,987:INFO:mapsims:Reorder ring to nest
2025-02-27 13:15:37,181:INFO:mapsims:Writing output map

real	2m39.396s
user	11m24.343s
sys	2m27.451s
