2025-02-27 13:15:42,812:INFO:mapsims:Parsing configuration from common.toml, dust_d10.toml
2025-02-27 13:15:42,813:INFO:mapsims:Parsing channels from instrument_model/instrument_model.tbl
2025-02-27 13:15:42,816:INFO:mapsims:Channel Q
2025-02-27 13:15:42,818:INFO:mapsims:Beam from instrument_model/beam_Q.tbl
2025-02-27 13:15:42,820:INFO:mapsims:Bandpass from instrument_model/bandpass_Q.tbl
2025-02-27 13:15:42,820:INFO:mapsims:Parsing channels from instrument_model/instrument_model.tbl
2025-02-27 13:15:42,821:INFO:mapsims:Channel Q
2025-02-27 13:15:42,824:INFO:mapsims:Beam from instrument_model/beam_Q.tbl
2025-02-27 13:15:42,825:INFO:mapsims:Bandpass from instrument_model/bandpass_Q.tbl
2025-02-27 13:15:42,826:INFO:mapsims:Nside: 512, Modeling Nside: 2048, Ellmax: 1280
2025-02-27 13:15:42,829:INFO:mapsims:Initializing the PySM Sky object
2025-02-27 13:15:42,830:INFO:pysm3:Retrieve data for dust_gnilc/gnilc_dust_template_nside2048_2023.02.10.fits (if not cached already)
2025-02-27 13:15:44,190:INFO:pysm3:Retrieve data for dust_gnilc/gnilc_dust_beta_nside2048_2023.06.06.fits (if not cached already)
2025-02-27 13:15:44,522:INFO:pysm3:Retrieve data for dust_gnilc/gnilc_dust_Td_nside2048_2023.06.06.fits (if not cached already)
2025-02-27 13:15:44,879:INFO:mapsims:Processing channel Channel Q
2025-02-27 13:15:44,879:INFO:mapsims:Bandpass integration for Channel Q
2025-02-27 13:31:12,751:INFO:pysm3:Removing 17/201 points below 1e-10
2025-02-27 13:31:13,134:INFO:mapsims:Smoothing and coord-transform for Channel Q
2025-02-27 13:31:13,136:INFO:pysm3:Using map2alm with pixel weights
2025-02-27 13:31:14,674:INFO:pysm3:Smoothing with a custom isotropic beam
2025-02-27 13:31:14,675:INFO:pysm3:Using the same beam for all components
2025-02-27 13:31:14,687:INFO:pysm3:Using the same beam for all components
2025-02-27 13:31:14,700:INFO:pysm3:Using the same beam for all components
2025-02-27 13:31:14,713:INFO:pysm3:Rotate Alm
2025-02-27 13:31:17,123:INFO:pysm3:Alm to map HEALPix
2025-02-27 13:31:17,355:INFO:mapsims:Writing output map sobs_mbs-s0019-20250221_WMAP_mission_Q_dust_d10_healpix.fits
2025-02-27 13:31:17,355:INFO:mapsims:Replace NaN with UNSEEN
2025-02-27 13:31:17,363:INFO:mapsims:Reorder ring to nest
2025-02-27 13:31:17,557:INFO:mapsims:Writing output map

real	15m37.109s
user	43m8.440s
sys	5m27.192s
