2025-02-27 13:15:52,046:INFO:mapsims:Parsing configuration from common.toml, dust_d10.toml
2025-02-27 13:15:52,049:INFO:mapsims:Parsing channels from instrument_model/instrument_model.tbl
2025-02-27 13:15:52,055:INFO:mapsims:Channel W
2025-02-27 13:15:52,067:INFO:mapsims:Beam from instrument_model/beam_W.tbl
2025-02-27 13:15:52,071:INFO:mapsims:Bandpass from instrument_model/bandpass_W.tbl
2025-02-27 13:15:52,071:INFO:mapsims:Parsing channels from instrument_model/instrument_model.tbl
2025-02-27 13:15:52,074:INFO:mapsims:Channel W
2025-02-27 13:15:52,080:INFO:mapsims:Beam from instrument_model/beam_W.tbl
2025-02-27 13:15:52,082:INFO:mapsims:Bandpass from instrument_model/bandpass_W.tbl
2025-02-27 13:15:52,082:INFO:mapsims:Nside: 512, Modeling Nside: 2048, Ellmax: 1280
2025-02-27 13:15:52,085:INFO:mapsims:Initializing the PySM Sky object
2025-02-27 13:15:52,086:INFO:pysm3:Retrieve data for dust_gnilc/gnilc_dust_template_nside2048_2023.02.10.fits (if not cached already)
2025-02-27 13:15:53,531:INFO:pysm3:Retrieve data for dust_gnilc/gnilc_dust_beta_nside2048_2023.06.06.fits (if not cached already)
2025-02-27 13:15:53,874:INFO:pysm3:Retrieve data for dust_gnilc/gnilc_dust_Td_nside2048_2023.06.06.fits (if not cached already)
2025-02-27 13:15:54,243:INFO:mapsims:Processing channel Channel W
2025-02-27 13:15:54,243:INFO:mapsims:Bandpass integration for Channel W
2025-02-27 13:32:18,399:INFO:pysm3:Removing 5/201 points below 1e-10
2025-02-27 13:32:18,793:INFO:mapsims:Smoothing and coord-transform for Channel W
2025-02-27 13:32:18,794:INFO:pysm3:Using map2alm with pixel weights
2025-02-27 13:32:20,406:INFO:pysm3:Smoothing with a custom isotropic beam
2025-02-27 13:32:20,406:INFO:pysm3:Using the same beam for all components
2025-02-27 13:32:20,419:INFO:pysm3:Using the same beam for all components
2025-02-27 13:32:20,432:INFO:pysm3:Using the same beam for all components
2025-02-27 13:32:20,445:INFO:pysm3:Rotate Alm
2025-02-27 13:32:22,732:INFO:pysm3:Alm to map HEALPix
2025-02-27 13:32:22,968:INFO:mapsims:Writing output map sobs_mbs-s0019-20250221_WMAP_mission_W_dust_d10_healpix.fits
2025-02-27 13:32:22,968:INFO:mapsims:Replace NaN with UNSEEN
2025-02-27 13:32:22,978:INFO:mapsims:Reorder ring to nest
2025-02-27 13:32:23,180:INFO:mapsims:Writing output map

real	16m34.480s
user	45m55.968s
sys	5m29.914s
