2025-02-27 13:32:22,952:INFO:mapsims:Parsing configuration from common.toml, ame_a2.toml
2025-02-27 13:32:22,953:INFO:mapsims:Parsing channels from instrument_model/instrument_model.tbl
2025-02-27 13:32:22,955:INFO:mapsims:Channel W
2025-02-27 13:32:22,973:INFO:mapsims:Beam from instrument_model/beam_W.tbl
2025-02-27 13:32:22,978:INFO:mapsims:Bandpass from instrument_model/bandpass_W.tbl
2025-02-27 13:32:22,979:INFO:mapsims:Parsing channels from instrument_model/instrument_model.tbl
2025-02-27 13:32:22,982:INFO:mapsims:Channel W
2025-02-27 13:32:22,990:INFO:mapsims:Beam from instrument_model/beam_W.tbl
2025-02-27 13:32:22,992:INFO:mapsims:Bandpass from instrument_model/bandpass_W.tbl
2025-02-27 13:32:22,992:INFO:mapsims:Nside: 512, Modeling Nside: 512, Ellmax: 1280
2025-02-27 13:32:22,994:INFO:mapsims:Initializing the PySM Sky object
2025-02-27 13:32:22,994:INFO:pysm3:Access data from /mnt/sdceph/users/azonca/pysm-data/pysm_2/ame_t_new.fits
2025-02-27 13:32:23,028:INFO:pysm3:Access data from /mnt/sdceph/users/azonca/pysm-data/pysm_2/ame_nu_peak_0.fits
2025-02-27 13:32:23,057:INFO:pysm3:Access data from /mnt/sdceph/users/azonca/pysm-data/pysm_2/emissivity.txt
2025-02-27 13:32:23,061:INFO:pysm3:Access data from /mnt/sdceph/users/azonca/pysm-data/pysm_2/dust_u_new.fits
2025-02-27 13:32:23,091:WARNING:pysm3:No physical unit associated with file /mnt/sdceph/users/azonca/pysm-data/pysm_2/dust_u_new.fits
2025-02-27 13:32:23,092:INFO:pysm3:Access data from /mnt/sdceph/users/azonca/pysm-data/pysm_2/dust_q_new.fits
2025-02-27 13:32:23,122:WARNING:pysm3:No physical unit associated with file /mnt/sdceph/users/azonca/pysm-data/pysm_2/dust_q_new.fits
2025-02-27 13:32:23,126:INFO:pysm3:Access data from /mnt/sdceph/users/azonca/pysm-data/pysm_2/ame2_t_new.fits
2025-02-27 13:32:23,155:INFO:pysm3:Access data from /mnt/sdceph/users/azonca/pysm-data/pysm_2/emissivity.txt
2025-02-27 13:32:23,159:INFO:pysm3:Access data from /mnt/sdceph/users/azonca/pysm-data/pysm_2/dust_u_new.fits
2025-02-27 13:32:23,200:WARNING:pysm3:No physical unit associated with file /mnt/sdceph/users/azonca/pysm-data/pysm_2/dust_u_new.fits
2025-02-27 13:32:23,201:INFO:pysm3:Access data from /mnt/sdceph/users/azonca/pysm-data/pysm_2/dust_q_new.fits
2025-02-27 13:32:23,232:WARNING:pysm3:No physical unit associated with file /mnt/sdceph/users/azonca/pysm-data/pysm_2/dust_q_new.fits
2025-02-27 13:32:23,236:INFO:mapsims:Processing channel Channel W
2025-02-27 13:32:23,236:INFO:mapsims:Bandpass integration for Channel W
2025-02-27 13:33:15,977:INFO:pysm3:Removing 5/201 points below 1e-10
2025-02-27 13:33:15,993:INFO:pysm3:Removing 5/201 points below 1e-10
2025-02-27 13:33:16,009:INFO:mapsims:Smoothing and coord-transform for Channel W
2025-02-27 13:33:21,000:INFO:pysm3:Used map2alm_lsq, converged in 7 iterations,residual relative error 0.16
2025-02-27 13:33:21,000:INFO:pysm3:Smoothing with a custom isotropic beam
2025-02-27 13:33:21,000:INFO:pysm3:Using the same beam for all components
2025-02-27 13:33:21,014:INFO:pysm3:Using the same beam for all components
2025-02-27 13:33:21,027:INFO:pysm3:Using the same beam for all components
2025-02-27 13:33:21,040:INFO:pysm3:Rotate Alm
2025-02-27 13:33:23,172:INFO:pysm3:Alm to map HEALPix
2025-02-27 13:33:23,362:INFO:mapsims:Writing output map sobs_mbs-s0019-20250221_WMAP_mission_W_ame_a2_healpix.fits
2025-02-27 13:33:23,362:INFO:mapsims:Replace NaN with UNSEEN
2025-02-27 13:33:23,373:INFO:mapsims:Reorder ring to nest
2025-02-27 13:33:23,617:INFO:mapsims:Writing output map

real	1m2.932s
user	10m57.778s
sys	1m1.797s
