2025-02-27 13:16:18,653:INFO:mapsims:Parsing configuration from common.toml, dust_d9.toml
2025-02-27 13:16:18,657:INFO:mapsims:Parsing channels from instrument_model/instrument_model.tbl
2025-02-27 13:16:18,664:INFO:mapsims:Channel W
2025-02-27 13:16:18,674:INFO:mapsims:Beam from instrument_model/beam_W.tbl
2025-02-27 13:16:18,677:INFO:mapsims:Bandpass from instrument_model/bandpass_W.tbl
2025-02-27 13:16:18,679:INFO:mapsims:Parsing channels from instrument_model/instrument_model.tbl
2025-02-27 13:16:18,681:INFO:mapsims:Channel W
2025-02-27 13:16:18,686:INFO:mapsims:Beam from instrument_model/beam_W.tbl
2025-02-27 13:16:18,687:INFO:mapsims:Bandpass from instrument_model/bandpass_W.tbl
2025-02-27 13:16:18,688:INFO:mapsims:Nside: 512, Modeling Nside: 2048, Ellmax: 1280
2025-02-27 13:16:18,694:INFO:mapsims:Initializing the PySM Sky object
2025-02-27 13:16:18,697:INFO:pysm3:Retrieve data for dust_gnilc/gnilc_dust_template_nside2048_2023.02.10.fits (if not cached already)
2025-02-27 13:16:20,125:INFO:mapsims:Processing channel Channel W
2025-02-27 13:16:20,125:INFO:mapsims:Bandpass integration for Channel W
2025-02-27 13:22:18,886:INFO:pysm3:Removing 5/201 points below 1e-10
2025-02-27 13:22:19,292:INFO:mapsims:Smoothing and coord-transform for Channel W
2025-02-27 13:22:19,294:INFO:pysm3:Using map2alm with pixel weights
2025-02-27 13:22:20,939:INFO:pysm3:Smoothing with a custom isotropic beam
2025-02-27 13:22:20,939:INFO:pysm3:Using the same beam for all components
2025-02-27 13:22:20,953:INFO:pysm3:Using the same beam for all components
2025-02-27 13:22:20,966:INFO:pysm3:Using the same beam for all components
2025-02-27 13:22:20,979:INFO:pysm3:Rotate Alm
2025-02-27 13:22:23,102:INFO:pysm3:Alm to map HEALPix
2025-02-27 13:22:23,341:INFO:mapsims:Writing output map sobs_mbs-s0019-20250221_WMAP_mission_W_dust_d9_healpix.fits
2025-02-27 13:22:23,342:INFO:mapsims:Replace NaN with UNSEEN
2025-02-27 13:22:23,352:INFO:mapsims:Reorder ring to nest
2025-02-27 13:22:23,553:INFO:mapsims:Writing output map

real	6m10.510s
user	10m51.180s
sys	1m48.146s
