2025-02-27 13:18:41,400:INFO:mapsims:Parsing configuration from common.toml, freefree_f1.toml
2025-02-27 13:18:41,403:INFO:mapsims:Parsing channels from instrument_model/instrument_model.tbl
2025-02-27 13:18:41,410:INFO:mapsims:Channel Ka
2025-02-27 13:18:41,416:INFO:mapsims:Beam from instrument_model/beam_Ka.tbl
2025-02-27 13:18:41,420:INFO:mapsims:Bandpass from instrument_model/bandpass_Ka.tbl
2025-02-27 13:18:41,421:INFO:mapsims:Parsing channels from instrument_model/instrument_model.tbl
2025-02-27 13:18:41,423:INFO:mapsims:Channel Ka
2025-02-27 13:18:41,427:INFO:mapsims:Beam from instrument_model/beam_Ka.tbl
2025-02-27 13:18:41,429:INFO:mapsims:Bandpass from instrument_model/bandpass_Ka.tbl
2025-02-27 13:18:41,429:INFO:mapsims:Nside: 512, Modeling Nside: 512, Ellmax: 1280
2025-02-27 13:18:41,435:INFO:mapsims:Initializing the PySM Sky object
2025-02-27 13:18:41,437:INFO:pysm3:Access data from /mnt/sdceph/users/azonca/pysm-data/pysm_2/ff_t_new.fits
2025-02-27 13:18:41,494:INFO:mapsims:Processing channel Channel Ka
2025-02-27 13:18:41,495:INFO:mapsims:Bandpass integration for Channel Ka
2025-02-27 13:18:47,043:INFO:pysm3:Removing 21/201 points below 1e-10
2025-02-27 13:18:47,072:INFO:mapsims:Smoothing and coord-transform for Channel Ka
2025-02-27 13:18:53,590:INFO:pysm3:Used map2alm_lsq, converged in 8 iterations,residual relative error 0.11
2025-02-27 13:18:53,591:INFO:pysm3:Smoothing with a custom isotropic beam
2025-02-27 13:18:53,591:INFO:pysm3:Using the same beam for all components
2025-02-27 13:18:53,604:INFO:pysm3:Using the same beam for all components
2025-02-27 13:18:53,618:INFO:pysm3:Using the same beam for all components
2025-02-27 13:18:53,631:INFO:pysm3:Rotate Alm
2025-02-27 13:18:55,440:INFO:pysm3:Alm to map HEALPix
2025-02-27 13:18:55,677:INFO:mapsims:Writing output map sobs_mbs-s0019-20250221_WMAP_mission_Ka_freefree_f1_healpix.fits
2025-02-27 13:18:55,677:INFO:mapsims:Replace NaN with UNSEEN
2025-02-27 13:18:55,686:INFO:mapsims:Reorder ring to nest
2025-02-27 13:18:55,890:INFO:mapsims:Writing output map

real	0m20.563s
user	4m36.083s
sys	0m48.042s
