2025-02-27 13:29:59,771:INFO:mapsims:Parsing configuration from common.toml, dust_d12.toml
2025-02-27 13:29:59,772:INFO:mapsims:Parsing channels from instrument_model/instrument_model.tbl
2025-02-27 13:29:59,774:INFO:mapsims:Channel V
2025-02-27 13:29:59,778:INFO:mapsims:Beam from instrument_model/beam_V.tbl
2025-02-27 13:29:59,779:INFO:mapsims:Bandpass from instrument_model/bandpass_V.tbl
2025-02-27 13:29:59,780:INFO:mapsims:Parsing channels from instrument_model/instrument_model.tbl
2025-02-27 13:29:59,781:INFO:mapsims:Channel V
2025-02-27 13:29:59,784:INFO:mapsims:Beam from instrument_model/beam_V.tbl
2025-02-27 13:29:59,785:INFO:mapsims:Bandpass from instrument_model/bandpass_V.tbl
2025-02-27 13:29:59,786:INFO:mapsims:Nside: 512, Modeling Nside: 2048, Ellmax: 1280
2025-02-27 13:29:59,788:INFO:mapsims:Initializing the PySM Sky object
2025-02-27 13:30:02,122:INFO:pysm3:Access data from /mnt/sdceph/users/azonca/pysm-data/mkd_dust/2048/thermaldust_ampl1.fits
2025-02-27 13:30:04,063:INFO:pysm3:Access data from /mnt/sdceph/users/azonca/pysm-data/mkd_dust/2048/thermaldust_ampl2.fits
2025-02-27 13:30:06,242:INFO:pysm3:Access data from /mnt/sdceph/users/azonca/pysm-data/mkd_dust/2048/thermaldust_ampl3.fits
2025-02-27 13:30:08,756:INFO:pysm3:Access data from /mnt/sdceph/users/azonca/pysm-data/mkd_dust/2048/thermaldust_ampl4.fits
2025-02-27 13:30:11,047:INFO:pysm3:Access data from /mnt/sdceph/users/azonca/pysm-data/mkd_dust/2048/thermaldust_ampl5.fits
2025-02-27 13:30:13,568:INFO:pysm3:Access data from /mnt/sdceph/users/azonca/pysm-data/mkd_dust/2048/thermaldust_ampl6.fits
2025-02-27 13:30:25,324:INFO:pysm3:Access data from /mnt/sdceph/users/azonca/pysm-data/mkd_dust/2048/thermaldust_specind1.fits
2025-02-27 13:30:26,315:INFO:pysm3:Access data from /mnt/sdceph/users/azonca/pysm-data/mkd_dust/2048/thermaldust_specind2.fits
2025-02-27 13:30:27,217:INFO:pysm3:Access data from /mnt/sdceph/users/azonca/pysm-data/mkd_dust/2048/thermaldust_specind3.fits
2025-02-27 13:30:28,032:INFO:pysm3:Access data from /mnt/sdceph/users/azonca/pysm-data/mkd_dust/2048/thermaldust_specind4.fits
2025-02-27 13:30:28,865:INFO:pysm3:Access data from /mnt/sdceph/users/azonca/pysm-data/mkd_dust/2048/thermaldust_specind5.fits
2025-02-27 13:30:29,799:INFO:pysm3:Access data from /mnt/sdceph/users/azonca/pysm-data/mkd_dust/2048/thermaldust_specind6.fits
2025-02-27 13:30:31,479:INFO:pysm3:Access data from /mnt/sdceph/users/azonca/pysm-data/mkd_dust/2048/thermaldust_temp1.fits
2025-02-27 13:30:32,283:INFO:pysm3:Access data from /mnt/sdceph/users/azonca/pysm-data/mkd_dust/2048/thermaldust_temp2.fits
2025-02-27 13:30:33,303:INFO:pysm3:Access data from /mnt/sdceph/users/azonca/pysm-data/mkd_dust/2048/thermaldust_temp3.fits
2025-02-27 13:30:34,045:INFO:pysm3:Access data from /mnt/sdceph/users/azonca/pysm-data/mkd_dust/2048/thermaldust_temp4.fits
2025-02-27 13:30:34,848:INFO:pysm3:Access data from /mnt/sdceph/users/azonca/pysm-data/mkd_dust/2048/thermaldust_temp5.fits
2025-02-27 13:30:35,799:INFO:pysm3:Access data from /mnt/sdceph/users/azonca/pysm-data/mkd_dust/2048/thermaldust_temp6.fits
2025-02-27 13:30:36,914:INFO:mapsims:Processing channel Channel V
2025-02-27 13:30:36,914:INFO:mapsims:Bandpass integration for Channel V
2025-02-27 15:06:51,358:INFO:pysm3:Removing 14/201 points below 1e-10
2025-02-27 15:06:51,750:INFO:mapsims:Smoothing and coord-transform for Channel V
2025-02-27 15:06:51,752:INFO:pysm3:Using map2alm with pixel weights
2025-02-27 15:06:53,350:INFO:pysm3:Smoothing with a custom isotropic beam
2025-02-27 15:06:53,351:INFO:pysm3:Using the same beam for all components
2025-02-27 15:06:53,364:INFO:pysm3:Using the same beam for all components
2025-02-27 15:06:53,377:INFO:pysm3:Using the same beam for all components
2025-02-27 15:06:53,390:INFO:pysm3:Rotate Alm
2025-02-27 15:06:55,444:INFO:pysm3:Alm to map HEALPix
2025-02-27 15:06:55,675:INFO:mapsims:Writing output map sobs_mbs-s0019-20250221_WMAP_mission_V_dust_d12_healpix.fits
2025-02-27 15:06:55,677:INFO:mapsims:Replace NaN with UNSEEN
2025-02-27 15:06:55,686:INFO:mapsims:Reorder ring to nest
2025-02-27 15:06:55,935:INFO:mapsims:Writing output map

real	96m58.413s
user	256m7.265s
sys	31m58.844s
