2025-02-27 13:15:42,881:INFO:mapsims:Parsing configuration from common.toml, dust_d10.toml
2025-02-27 13:15:42,883:INFO:mapsims:Parsing channels from instrument_model/instrument_model.tbl
2025-02-27 13:15:42,885:INFO:mapsims:Channel Ka
2025-02-27 13:15:42,889:INFO:mapsims:Beam from instrument_model/beam_Ka.tbl
2025-02-27 13:15:42,892:INFO:mapsims:Bandpass from instrument_model/bandpass_Ka.tbl
2025-02-27 13:15:42,892:INFO:mapsims:Parsing channels from instrument_model/instrument_model.tbl
2025-02-27 13:15:42,894:INFO:mapsims:Channel Ka
2025-02-27 13:15:42,896:INFO:mapsims:Beam from instrument_model/beam_Ka.tbl
2025-02-27 13:15:42,897:INFO:mapsims:Bandpass from instrument_model/bandpass_Ka.tbl
2025-02-27 13:15:42,898:INFO:mapsims:Nside: 512, Modeling Nside: 2048, Ellmax: 1280
2025-02-27 13:15:42,900:INFO:mapsims:Initializing the PySM Sky object
2025-02-27 13:15:42,902:INFO:pysm3:Retrieve data for dust_gnilc/gnilc_dust_template_nside2048_2023.02.10.fits (if not cached already)
2025-02-27 13:15:44,274:INFO:pysm3:Retrieve data for dust_gnilc/gnilc_dust_beta_nside2048_2023.06.06.fits (if not cached already)
2025-02-27 13:15:44,611:INFO:pysm3:Retrieve data for dust_gnilc/gnilc_dust_Td_nside2048_2023.06.06.fits (if not cached already)
2025-02-27 13:15:44,969:INFO:mapsims:Processing channel Channel Ka
2025-02-27 13:15:44,969:INFO:mapsims:Bandpass integration for Channel Ka
2025-02-27 13:31:21,656:INFO:pysm3:Removing 21/201 points below 1e-10
2025-02-27 13:31:22,044:INFO:mapsims:Smoothing and coord-transform for Channel Ka
2025-02-27 13:31:22,045:INFO:pysm3:Using map2alm with pixel weights
2025-02-27 13:31:23,599:INFO:pysm3:Smoothing with a custom isotropic beam
2025-02-27 13:31:23,599:INFO:pysm3:Using the same beam for all components
2025-02-27 13:31:23,612:INFO:pysm3:Using the same beam for all components
2025-02-27 13:31:23,625:INFO:pysm3:Using the same beam for all components
2025-02-27 13:31:23,638:INFO:pysm3:Rotate Alm
2025-02-27 13:31:25,696:INFO:pysm3:Alm to map HEALPix
2025-02-27 13:31:25,927:INFO:mapsims:Writing output map sobs_mbs-s0019-20250221_WMAP_mission_Ka_dust_d10_healpix.fits
2025-02-27 13:31:25,927:INFO:mapsims:Replace NaN with UNSEEN
2025-02-27 13:31:25,936:INFO:mapsims:Reorder ring to nest
2025-02-27 13:31:26,193:INFO:mapsims:Writing output map

real	15m45.738s
user	43m5.896s
sys	5m30.102s
