2025-02-27 13:29:26,046:INFO:mapsims:Parsing configuration from common.toml, cmb_c3.toml
2025-02-27 13:29:26,048:INFO:mapsims:Parsing channels from instrument_model/instrument_model.tbl
2025-02-27 13:29:26,052:INFO:mapsims:Channel V
2025-02-27 13:29:26,060:INFO:mapsims:Beam from instrument_model/beam_V.tbl
2025-02-27 13:29:26,065:INFO:mapsims:Bandpass from instrument_model/bandpass_V.tbl
2025-02-27 13:29:26,065:INFO:mapsims:Parsing channels from instrument_model/instrument_model.tbl
2025-02-27 13:29:26,067:INFO:mapsims:Channel V
2025-02-27 13:29:26,072:INFO:mapsims:Beam from instrument_model/beam_V.tbl
2025-02-27 13:29:26,074:INFO:mapsims:Bandpass from instrument_model/bandpass_V.tbl
2025-02-27 13:29:26,074:INFO:mapsims:Nside: 512, Modeling Nside: 4096, Ellmax: 1280
2025-02-27 13:29:26,076:INFO:mapsims:Initializing the PySM Sky object
2025-02-27 13:29:26,078:INFO:pysm3:Access data from /mnt/sdceph/users/azonca/pysm-data/websky/0.4/cmb/map_I_unlensed_alm_seed1_nside4096.fits
2025-02-27 13:29:26,079:INFO:pysm3:Access data from /mnt/sdceph/users/azonca/pysm-data/websky/0.4/cmb/map_Q_unlensed_alm_seed1_nside4096.fits
2025-02-27 13:29:26,080:INFO:pysm3:Access data from /mnt/sdceph/users/azonca/pysm-data/websky/0.4/cmb/map_U_unlensed_alm_seed1_nside4096.fits
2025-02-27 13:29:26,081:INFO:pysm3:Access data from /mnt/sdceph/users/azonca/pysm-data/websky/0.4/cmb/map_I_unlensed_alm_seed1_nside4096.fits
2025-02-27 13:29:27,825:INFO:pysm3:Access data from /mnt/sdceph/users/azonca/pysm-data/websky/0.4/cmb/map_Q_unlensed_alm_seed1_nside4096.fits
2025-02-27 13:29:29,558:INFO:pysm3:Access data from /mnt/sdceph/users/azonca/pysm-data/websky/0.4/cmb/map_U_unlensed_alm_seed1_nside4096.fits
2025-02-27 13:29:32,124:INFO:mapsims:Processing channel Channel V
2025-02-27 13:29:32,124:INFO:mapsims:Bandpass integration for Channel V
2025-02-27 13:29:32,125:INFO:pysm3:Removing 14/201 points below 1e-10
2025-02-27 13:29:34,404:INFO:pysm3:Removing 14/201 points below 1e-10
2025-02-27 13:29:35,210:INFO:mapsims:Smoothing and coord-transform for Channel V
2025-02-27 13:29:35,212:INFO:pysm3:Using map2alm with pixel weights
2025-02-27 13:29:40,920:INFO:pysm3:Smoothing with a custom isotropic beam
2025-02-27 13:29:40,920:INFO:pysm3:Using the same beam for all components
2025-02-27 13:29:40,933:INFO:pysm3:Using the same beam for all components
2025-02-27 13:29:40,946:INFO:pysm3:Using the same beam for all components
2025-02-27 13:29:40,959:INFO:pysm3:Rotate Alm
2025-02-27 13:29:43,039:INFO:pysm3:Alm to map HEALPix
2025-02-27 13:29:43,270:INFO:mapsims:Writing output map sobs_mbs-s0019-20250221_WMAP_mission_V_cmb_c3_healpix.fits
2025-02-27 13:29:43,270:INFO:mapsims:Replace NaN with UNSEEN
2025-02-27 13:29:43,281:INFO:mapsims:Reorder ring to nest
2025-02-27 13:29:43,475:INFO:mapsims:Writing output map

real	0m19.772s
user	1m49.284s
sys	0m8.056s
