2025-02-27 13:33:37,500:INFO:mapsims:Parsing configuration from common.toml, synchrotron_s5.toml
2025-02-27 13:33:37,502:INFO:mapsims:Parsing channels from instrument_model/instrument_model.tbl
2025-02-27 13:33:37,504:INFO:mapsims:Channel V
2025-02-27 13:33:37,507:INFO:mapsims:Beam from instrument_model/beam_V.tbl
2025-02-27 13:33:37,509:INFO:mapsims:Bandpass from instrument_model/bandpass_V.tbl
2025-02-27 13:33:37,509:INFO:mapsims:Parsing channels from instrument_model/instrument_model.tbl
2025-02-27 13:33:37,511:INFO:mapsims:Channel V
2025-02-27 13:33:37,514:INFO:mapsims:Beam from instrument_model/beam_V.tbl
2025-02-27 13:33:37,515:INFO:mapsims:Bandpass from instrument_model/bandpass_V.tbl
2025-02-27 13:33:37,516:INFO:mapsims:Nside: 512, Modeling Nside: 2048, Ellmax: 1280
2025-02-27 13:33:37,517:INFO:mapsims:Initializing the PySM Sky object
2025-02-27 13:33:37,519:INFO:pysm3:Access data from /mnt/sdceph/users/azonca/pysm-data/synch/synch_template_nside2048_2023.02.25.fits
2025-02-27 13:33:38,794:INFO:pysm3:Retrieve data for synch/synch_beta_nside2048_2023.02.16.fits (if not cached already)
2025-02-27 13:33:39,261:INFO:mapsims:Processing channel Channel V
2025-02-27 13:33:39,261:INFO:mapsims:Bandpass integration for Channel V
2025-02-27 13:36:45,939:INFO:pysm3:Removing 14/201 points below 1e-10
2025-02-27 13:36:46,331:INFO:mapsims:Smoothing and coord-transform for Channel V
2025-02-27 13:36:46,333:INFO:pysm3:Using map2alm with pixel weights
2025-02-27 13:36:47,893:INFO:pysm3:Smoothing with a custom isotropic beam
2025-02-27 13:36:47,893:INFO:pysm3:Using the same beam for all components
2025-02-27 13:36:47,906:INFO:pysm3:Using the same beam for all components
2025-02-27 13:36:47,919:INFO:pysm3:Using the same beam for all components
2025-02-27 13:36:47,932:INFO:pysm3:Rotate Alm
2025-02-27 13:36:50,128:INFO:pysm3:Alm to map HEALPix
2025-02-27 13:36:50,360:INFO:mapsims:Writing output map sobs_mbs-s0019-20250221_WMAP_mission_V_synchrotron_s5_healpix.fits
2025-02-27 13:36:50,360:INFO:mapsims:Replace NaN with UNSEEN
2025-02-27 13:36:50,370:INFO:mapsims:Reorder ring to nest
2025-02-27 13:36:50,562:INFO:mapsims:Writing output map

real	3m15.254s
user	27m54.472s
sys	2m26.831s
