2025-02-27 13:18:37,541:INFO:mapsims:Parsing configuration from common.toml, freefree_f1.toml
2025-02-27 13:18:37,543:INFO:mapsims:Parsing channels from instrument_model/instrument_model.tbl
2025-02-27 13:18:37,545:INFO:mapsims:Channel K
2025-02-27 13:18:37,561:INFO:mapsims:Beam from instrument_model/beam_K.tbl
2025-02-27 13:18:37,566:INFO:mapsims:Bandpass from instrument_model/bandpass_K.tbl
2025-02-27 13:18:37,567:INFO:mapsims:Parsing channels from instrument_model/instrument_model.tbl
2025-02-27 13:18:37,571:INFO:mapsims:Channel K
2025-02-27 13:18:37,576:INFO:mapsims:Beam from instrument_model/beam_K.tbl
2025-02-27 13:18:37,578:INFO:mapsims:Bandpass from instrument_model/bandpass_K.tbl
2025-02-27 13:18:37,579:INFO:mapsims:Nside: 512, Modeling Nside: 512, Ellmax: 1280
2025-02-27 13:18:37,583:INFO:mapsims:Initializing the PySM Sky object
2025-02-27 13:18:37,585:INFO:pysm3:Access data from /mnt/sdceph/users/azonca/pysm-data/pysm_2/ff_t_new.fits
2025-02-27 13:18:37,727:INFO:mapsims:Processing channel Channel K
2025-02-27 13:18:37,728:INFO:mapsims:Bandpass integration for Channel K
2025-02-27 13:18:42,415:INFO:pysm3:Removing 11/201 points below 1e-10
2025-02-27 13:18:42,447:INFO:mapsims:Smoothing and coord-transform for Channel K
2025-02-27 13:18:47,757:INFO:pysm3:Used map2alm_lsq, converged in 8 iterations,residual relative error 0.11
2025-02-27 13:18:47,758:INFO:pysm3:Smoothing with a custom isotropic beam
2025-02-27 13:18:47,758:INFO:pysm3:Using the same beam for all components
2025-02-27 13:18:47,771:INFO:pysm3:Using the same beam for all components
2025-02-27 13:18:47,784:INFO:pysm3:Using the same beam for all components
2025-02-27 13:18:47,797:INFO:pysm3:Rotate Alm
2025-02-27 13:18:50,012:INFO:pysm3:Alm to map HEALPix
2025-02-27 13:18:50,386:INFO:mapsims:Writing output map sobs_mbs-s0019-20250221_WMAP_mission_K_freefree_f1_healpix.fits
2025-02-27 13:18:50,386:INFO:mapsims:Replace NaN with UNSEEN
2025-02-27 13:18:50,396:INFO:mapsims:Reorder ring to nest
2025-02-27 13:18:50,592:INFO:mapsims:Writing output map

real	0m15.270s
user	4m21.552s
sys	0m49.316s
