2025-02-27 13:13:02,700:INFO:mapsims:Parsing configuration from common.toml, synchrotron_s1.toml
2025-02-27 13:13:02,703:INFO:mapsims:Parsing channels from instrument_model/instrument_model.tbl
2025-02-27 13:13:02,709:INFO:mapsims:Channel V
2025-02-27 13:13:02,718:INFO:mapsims:Beam from instrument_model/beam_V.tbl
2025-02-27 13:13:02,723:INFO:mapsims:Bandpass from instrument_model/bandpass_V.tbl
2025-02-27 13:13:02,724:INFO:mapsims:Parsing channels from instrument_model/instrument_model.tbl
2025-02-27 13:13:02,726:INFO:mapsims:Channel V
2025-02-27 13:13:02,732:INFO:mapsims:Beam from instrument_model/beam_V.tbl
2025-02-27 13:13:02,733:INFO:mapsims:Bandpass from instrument_model/bandpass_V.tbl
2025-02-27 13:13:02,734:INFO:mapsims:Nside: 512, Modeling Nside: 512, Ellmax: 1280
2025-02-27 13:13:02,739:INFO:mapsims:Initializing the PySM Sky object
2025-02-27 13:13:02,741:INFO:pysm3:Access data from /mnt/sdceph/users/azonca/pysm-data/pysm_2/synch_t_new.fits
2025-02-27 13:13:02,886:INFO:pysm3:Access data from /mnt/sdceph/users/azonca/pysm-data/pysm_2/synch_q_new.fits
2025-02-27 13:13:03,147:INFO:pysm3:Access data from /mnt/sdceph/users/azonca/pysm-data/pysm_2/synch_u_new.fits
2025-02-27 13:13:03,295:INFO:pysm3:Access data from /mnt/sdceph/users/azonca/pysm-data/pysm_2/synch_beta.fits
2025-02-27 13:13:03,506:INFO:mapsims:Processing channel Channel V
2025-02-27 13:13:03,507:INFO:mapsims:Bandpass integration for Channel V
2025-02-27 13:13:15,846:INFO:pysm3:Removing 14/201 points below 1e-10
2025-02-27 13:13:15,875:INFO:mapsims:Smoothing and coord-transform for Channel V
2025-02-27 13:13:21,385:INFO:pysm3:Used map2alm_lsq, converged in 8 iterations,residual relative error 0.074
2025-02-27 13:13:21,385:INFO:pysm3:Smoothing with a custom isotropic beam
2025-02-27 13:13:21,385:INFO:pysm3:Using the same beam for all components
2025-02-27 13:13:21,398:INFO:pysm3:Using the same beam for all components
2025-02-27 13:13:21,411:INFO:pysm3:Using the same beam for all components
2025-02-27 13:13:21,424:INFO:pysm3:Rotate Alm
2025-02-27 13:13:23,628:INFO:pysm3:Alm to map HEALPix
2025-02-27 13:13:23,858:INFO:mapsims:Writing output map sobs_mbs-s0019-20250221_WMAP_mission_V_synchrotron_s1_healpix.fits
2025-02-27 13:13:23,858:INFO:mapsims:Replace NaN with UNSEEN
2025-02-27 13:13:23,868:INFO:mapsims:Reorder ring to nest
2025-02-27 13:13:24,062:INFO:mapsims:Writing output map

real	0m26.276s
user	7m43.639s
sys	1m3.306s
