2025-02-27 13:19:08,678:INFO:mapsims:Parsing configuration from common.toml, dust_d1.toml
2025-02-27 13:19:08,679:INFO:mapsims:Parsing channels from instrument_model/instrument_model.tbl
2025-02-27 13:19:08,682:INFO:mapsims:Channel W
2025-02-27 13:19:08,686:INFO:mapsims:Beam from instrument_model/beam_W.tbl
2025-02-27 13:19:08,688:INFO:mapsims:Bandpass from instrument_model/bandpass_W.tbl
2025-02-27 13:19:08,688:INFO:mapsims:Parsing channels from instrument_model/instrument_model.tbl
2025-02-27 13:19:08,689:INFO:mapsims:Channel W
2025-02-27 13:19:08,693:INFO:mapsims:Beam from instrument_model/beam_W.tbl
2025-02-27 13:19:08,695:INFO:mapsims:Bandpass from instrument_model/bandpass_W.tbl
2025-02-27 13:19:08,695:INFO:mapsims:Nside: 512, Modeling Nside: 512, Ellmax: 1280
2025-02-27 13:19:08,698:INFO:mapsims:Initializing the PySM Sky object
2025-02-27 13:19:08,699:INFO:pysm3:Access data from /mnt/sdceph/users/azonca/pysm-data/pysm_2/dust_t_new.fits
2025-02-27 13:19:08,758:INFO:pysm3:Access data from /mnt/sdceph/users/azonca/pysm-data/pysm_2/dust_q_new.fits
2025-02-27 13:19:08,806:INFO:pysm3:Access data from /mnt/sdceph/users/azonca/pysm-data/pysm_2/dust_u_new.fits
2025-02-27 13:19:08,850:INFO:pysm3:Access data from /mnt/sdceph/users/azonca/pysm-data/pysm_2/dust_beta.fits
2025-02-27 13:19:08,892:INFO:pysm3:Access data from /mnt/sdceph/users/azonca/pysm-data/pysm_2/dust_temp.fits
2025-02-27 13:19:08,933:INFO:mapsims:Processing channel Channel W
2025-02-27 13:19:08,933:INFO:mapsims:Bandpass integration for Channel W
2025-02-27 13:20:07,860:INFO:pysm3:Removing 5/201 points below 1e-10
2025-02-27 13:20:07,890:INFO:mapsims:Smoothing and coord-transform for Channel W
2025-02-27 13:20:13,782:INFO:pysm3:Used map2alm_lsq, converged in 8 iterations,residual relative error 0.036
2025-02-27 13:20:13,782:INFO:pysm3:Smoothing with a custom isotropic beam
2025-02-27 13:20:13,782:INFO:pysm3:Using the same beam for all components
2025-02-27 13:20:13,796:INFO:pysm3:Using the same beam for all components
2025-02-27 13:20:13,809:INFO:pysm3:Using the same beam for all components
2025-02-27 13:20:13,822:INFO:pysm3:Rotate Alm
2025-02-27 13:20:15,997:INFO:pysm3:Alm to map HEALPix
2025-02-27 13:20:16,225:INFO:mapsims:Writing output map sobs_mbs-s0019-20250221_WMAP_mission_W_dust_d1_healpix.fits
2025-02-27 13:20:16,225:INFO:mapsims:Replace NaN with UNSEEN
2025-02-27 13:20:16,235:INFO:mapsims:Reorder ring to nest
2025-02-27 13:20:16,430:INFO:mapsims:Writing output map

real	1m10.003s
user	13m41.578s
sys	0m57.623s
