2025-02-27 13:31:14,729:INFO:mapsims:Parsing configuration from common.toml, ame_a2.toml
2025-02-27 13:31:14,730:INFO:mapsims:Parsing channels from instrument_model/instrument_model.tbl
2025-02-27 13:31:14,733:INFO:mapsims:Channel K
2025-02-27 13:31:14,735:INFO:mapsims:Beam from instrument_model/beam_K.tbl
2025-02-27 13:31:14,737:INFO:mapsims:Bandpass from instrument_model/bandpass_K.tbl
2025-02-27 13:31:14,737:INFO:mapsims:Parsing channels from instrument_model/instrument_model.tbl
2025-02-27 13:31:14,738:INFO:mapsims:Channel K
2025-02-27 13:31:14,740:INFO:mapsims:Beam from instrument_model/beam_K.tbl
2025-02-27 13:31:14,742:INFO:mapsims:Bandpass from instrument_model/bandpass_K.tbl
2025-02-27 13:31:14,742:INFO:mapsims:Nside: 512, Modeling Nside: 512, Ellmax: 1280
2025-02-27 13:31:14,745:INFO:mapsims:Initializing the PySM Sky object
2025-02-27 13:31:14,747:INFO:pysm3:Access data from /mnt/sdceph/users/azonca/pysm-data/pysm_2/ame_t_new.fits
2025-02-27 13:31:14,917:INFO:pysm3:Access data from /mnt/sdceph/users/azonca/pysm-data/pysm_2/ame_nu_peak_0.fits
2025-02-27 13:31:15,131:INFO:pysm3:Access data from /mnt/sdceph/users/azonca/pysm-data/pysm_2/emissivity.txt
2025-02-27 13:31:15,153:INFO:pysm3:Access data from /mnt/sdceph/users/azonca/pysm-data/pysm_2/dust_u_new.fits
2025-02-27 13:31:15,327:WARNING:pysm3:No physical unit associated with file /mnt/sdceph/users/azonca/pysm-data/pysm_2/dust_u_new.fits
2025-02-27 13:31:15,329:INFO:pysm3:Access data from /mnt/sdceph/users/azonca/pysm-data/pysm_2/dust_q_new.fits
2025-02-27 13:31:15,496:WARNING:pysm3:No physical unit associated with file /mnt/sdceph/users/azonca/pysm-data/pysm_2/dust_q_new.fits
2025-02-27 13:31:15,502:INFO:pysm3:Access data from /mnt/sdceph/users/azonca/pysm-data/pysm_2/ame2_t_new.fits
2025-02-27 13:31:15,655:INFO:pysm3:Access data from /mnt/sdceph/users/azonca/pysm-data/pysm_2/emissivity.txt
2025-02-27 13:31:15,659:INFO:pysm3:Access data from /mnt/sdceph/users/azonca/pysm-data/pysm_2/dust_u_new.fits
2025-02-27 13:31:15,696:WARNING:pysm3:No physical unit associated with file /mnt/sdceph/users/azonca/pysm-data/pysm_2/dust_u_new.fits
2025-02-27 13:31:15,697:INFO:pysm3:Access data from /mnt/sdceph/users/azonca/pysm-data/pysm_2/dust_q_new.fits
2025-02-27 13:31:15,731:WARNING:pysm3:No physical unit associated with file /mnt/sdceph/users/azonca/pysm-data/pysm_2/dust_q_new.fits
2025-02-27 13:31:15,735:INFO:mapsims:Processing channel Channel K
2025-02-27 13:31:15,735:INFO:mapsims:Bandpass integration for Channel K
2025-02-27 13:32:08,859:INFO:pysm3:Removing 11/201 points below 1e-10
2025-02-27 13:32:08,876:INFO:pysm3:Removing 11/201 points below 1e-10
2025-02-27 13:32:08,893:INFO:mapsims:Smoothing and coord-transform for Channel K
2025-02-27 13:32:14,553:INFO:pysm3:Used map2alm_lsq, converged in 8 iterations,residual relative error 0.039
2025-02-27 13:32:14,554:INFO:pysm3:Smoothing with a custom isotropic beam
2025-02-27 13:32:14,554:INFO:pysm3:Using the same beam for all components
2025-02-27 13:32:14,568:INFO:pysm3:Using the same beam for all components
2025-02-27 13:32:14,581:INFO:pysm3:Using the same beam for all components
2025-02-27 13:32:14,594:INFO:pysm3:Rotate Alm
2025-02-27 13:32:16,836:INFO:pysm3:Alm to map HEALPix
2025-02-27 13:32:17,068:INFO:mapsims:Writing output map sobs_mbs-s0019-20250221_WMAP_mission_K_ame_a2_healpix.fits
2025-02-27 13:32:17,068:INFO:mapsims:Replace NaN with UNSEEN
2025-02-27 13:32:17,078:INFO:mapsims:Reorder ring to nest
2025-02-27 13:32:17,307:INFO:mapsims:Writing output map

real	1m5.011s
user	11m13.519s
sys	1m9.867s
