2025-02-27 13:16:15,382:INFO:mapsims:Parsing configuration from common.toml, dust_d9.toml
2025-02-27 13:16:15,383:INFO:mapsims:Parsing channels from instrument_model/instrument_model.tbl
2025-02-27 13:16:15,386:INFO:mapsims:Channel K
2025-02-27 13:16:15,388:INFO:mapsims:Beam from instrument_model/beam_K.tbl
2025-02-27 13:16:15,389:INFO:mapsims:Bandpass from instrument_model/bandpass_K.tbl
2025-02-27 13:16:15,390:INFO:mapsims:Parsing channels from instrument_model/instrument_model.tbl
2025-02-27 13:16:15,391:INFO:mapsims:Channel K
2025-02-27 13:16:15,393:INFO:mapsims:Beam from instrument_model/beam_K.tbl
2025-02-27 13:16:15,394:INFO:mapsims:Bandpass from instrument_model/bandpass_K.tbl
2025-02-27 13:16:15,395:INFO:mapsims:Nside: 512, Modeling Nside: 2048, Ellmax: 1280
2025-02-27 13:16:15,397:INFO:mapsims:Initializing the PySM Sky object
2025-02-27 13:16:15,399:INFO:pysm3:Retrieve data for dust_gnilc/gnilc_dust_template_nside2048_2023.02.10.fits (if not cached already)
2025-02-27 13:16:16,740:INFO:mapsims:Processing channel Channel K
2025-02-27 13:16:16,740:INFO:mapsims:Bandpass integration for Channel K
2025-02-27 13:21:45,724:INFO:pysm3:Removing 11/201 points below 1e-10
2025-02-27 13:21:46,106:INFO:mapsims:Smoothing and coord-transform for Channel K
2025-02-27 13:21:46,108:INFO:pysm3:Using map2alm with pixel weights
2025-02-27 13:21:47,643:INFO:pysm3:Smoothing with a custom isotropic beam
2025-02-27 13:21:47,644:INFO:pysm3:Using the same beam for all components
2025-02-27 13:21:47,656:INFO:pysm3:Using the same beam for all components
2025-02-27 13:21:47,669:INFO:pysm3:Using the same beam for all components
2025-02-27 13:21:47,682:INFO:pysm3:Rotate Alm
2025-02-27 13:21:50,061:INFO:pysm3:Alm to map HEALPix
2025-02-27 13:21:50,294:INFO:mapsims:Writing output map sobs_mbs-s0019-20250221_WMAP_mission_K_dust_d9_healpix.fits
2025-02-27 13:21:50,294:INFO:mapsims:Replace NaN with UNSEEN
2025-02-27 13:21:50,303:INFO:mapsims:Reorder ring to nest
2025-02-27 13:21:50,499:INFO:mapsims:Writing output map

real	5m37.491s
user	9m59.988s
sys	1m44.278s
