2025-02-27 13:34:05,033:INFO:mapsims:Parsing configuration from common.toml, ame_a1.toml
2025-02-27 13:34:05,035:INFO:mapsims:Parsing channels from instrument_model/instrument_model.tbl
2025-02-27 13:34:05,037:INFO:mapsims:Channel Q
2025-02-27 13:34:05,042:INFO:mapsims:Beam from instrument_model/beam_Q.tbl
2025-02-27 13:34:05,045:INFO:mapsims:Bandpass from instrument_model/bandpass_Q.tbl
2025-02-27 13:34:05,046:INFO:mapsims:Parsing channels from instrument_model/instrument_model.tbl
2025-02-27 13:34:05,047:INFO:mapsims:Channel Q
2025-02-27 13:34:05,050:INFO:mapsims:Beam from instrument_model/beam_Q.tbl
2025-02-27 13:34:05,051:INFO:mapsims:Bandpass from instrument_model/bandpass_Q.tbl
2025-02-27 13:34:05,051:INFO:mapsims:Nside: 512, Modeling Nside: 512, Ellmax: 1280
2025-02-27 13:34:05,054:INFO:mapsims:Initializing the PySM Sky object
2025-02-27 13:34:05,056:INFO:pysm3:Access data from /mnt/sdceph/users/azonca/pysm-data/pysm_2/ame_t_new.fits
2025-02-27 13:34:05,131:INFO:pysm3:Access data from /mnt/sdceph/users/azonca/pysm-data/pysm_2/ame_nu_peak_0.fits
2025-02-27 13:34:05,176:INFO:pysm3:Access data from /mnt/sdceph/users/azonca/pysm-data/pysm_2/emissivity.txt
2025-02-27 13:34:05,183:INFO:pysm3:Access data from /mnt/sdceph/users/azonca/pysm-data/pysm_2/ame2_t_new.fits
2025-02-27 13:34:05,237:INFO:pysm3:Access data from /mnt/sdceph/users/azonca/pysm-data/pysm_2/emissivity.txt
2025-02-27 13:34:05,240:INFO:mapsims:Processing channel Channel Q
2025-02-27 13:34:05,241:INFO:mapsims:Bandpass integration for Channel Q
2025-02-27 13:34:48,092:INFO:pysm3:Removing 17/201 points below 1e-10
2025-02-27 13:34:48,119:INFO:pysm3:Removing 17/201 points below 1e-10
2025-02-27 13:34:48,147:INFO:mapsims:Smoothing and coord-transform for Channel Q
2025-02-27 13:34:53,643:INFO:pysm3:Used map2alm_lsq, converged in 8 iterations,residual relative error 0.047
2025-02-27 13:34:53,644:INFO:pysm3:Smoothing with a custom isotropic beam
2025-02-27 13:34:53,644:INFO:pysm3:Using the same beam for all components
2025-02-27 13:34:53,657:INFO:pysm3:Using the same beam for all components
2025-02-27 13:34:53,670:INFO:pysm3:Using the same beam for all components
2025-02-27 13:34:53,683:INFO:pysm3:Rotate Alm
2025-02-27 13:34:55,783:INFO:pysm3:Alm to map HEALPix
2025-02-27 13:34:56,007:INFO:mapsims:Writing output map sobs_mbs-s0019-20250221_WMAP_mission_Q_ame_a1_healpix.fits
2025-02-27 13:34:56,007:INFO:mapsims:Replace NaN with UNSEEN
2025-02-27 13:34:56,015:INFO:mapsims:Reorder ring to nest
2025-02-27 13:34:56,214:INFO:mapsims:Writing output map

real	0m53.542s
user	7m8.144s
sys	0m59.977s
