2025-02-27 13:19:00,789:INFO:mapsims:Parsing configuration from common.toml, dust_d1.toml
2025-02-27 13:19:00,791:INFO:mapsims:Parsing channels from instrument_model/instrument_model.tbl
2025-02-27 13:19:00,793:INFO:mapsims:Channel Q
2025-02-27 13:19:00,796:INFO:mapsims:Beam from instrument_model/beam_Q.tbl
2025-02-27 13:19:00,798:INFO:mapsims:Bandpass from instrument_model/bandpass_Q.tbl
2025-02-27 13:19:00,798:INFO:mapsims:Parsing channels from instrument_model/instrument_model.tbl
2025-02-27 13:19:00,799:INFO:mapsims:Channel Q
2025-02-27 13:19:00,802:INFO:mapsims:Beam from instrument_model/beam_Q.tbl
2025-02-27 13:19:00,803:INFO:mapsims:Bandpass from instrument_model/bandpass_Q.tbl
2025-02-27 13:19:00,804:INFO:mapsims:Nside: 512, Modeling Nside: 512, Ellmax: 1280
2025-02-27 13:19:00,806:INFO:mapsims:Initializing the PySM Sky object
2025-02-27 13:19:00,809:INFO:pysm3:Access data from /mnt/sdceph/users/azonca/pysm-data/pysm_2/dust_t_new.fits
2025-02-27 13:19:00,861:INFO:pysm3:Access data from /mnt/sdceph/users/azonca/pysm-data/pysm_2/dust_q_new.fits
2025-02-27 13:19:00,909:INFO:pysm3:Access data from /mnt/sdceph/users/azonca/pysm-data/pysm_2/dust_u_new.fits
2025-02-27 13:19:00,956:INFO:pysm3:Access data from /mnt/sdceph/users/azonca/pysm-data/pysm_2/dust_beta.fits
2025-02-27 13:19:00,998:INFO:pysm3:Access data from /mnt/sdceph/users/azonca/pysm-data/pysm_2/dust_temp.fits
2025-02-27 13:19:01,042:INFO:mapsims:Processing channel Channel Q
2025-02-27 13:19:01,042:INFO:mapsims:Bandpass integration for Channel Q
2025-02-27 13:19:58,182:INFO:pysm3:Removing 17/201 points below 1e-10
2025-02-27 13:19:58,210:INFO:mapsims:Smoothing and coord-transform for Channel Q
2025-02-27 13:20:03,675:INFO:pysm3:Used map2alm_lsq, converged in 8 iterations,residual relative error 0.035
2025-02-27 13:20:03,675:INFO:pysm3:Smoothing with a custom isotropic beam
2025-02-27 13:20:03,675:INFO:pysm3:Using the same beam for all components
2025-02-27 13:20:03,688:INFO:pysm3:Using the same beam for all components
2025-02-27 13:20:03,702:INFO:pysm3:Using the same beam for all components
2025-02-27 13:20:03,715:INFO:pysm3:Rotate Alm
2025-02-27 13:20:05,809:INFO:pysm3:Alm to map HEALPix
2025-02-27 13:20:06,037:INFO:mapsims:Writing output map sobs_mbs-s0019-20250221_WMAP_mission_Q_dust_d1_healpix.fits
2025-02-27 13:20:06,037:INFO:mapsims:Replace NaN with UNSEEN
2025-02-27 13:20:06,046:INFO:mapsims:Reorder ring to nest
2025-02-27 13:20:06,247:INFO:mapsims:Writing output map

real	1m7.696s
user	13m13.350s
sys	0m57.846s
