
WARNING: version mismatch between CFITSIO header (v3.47) and linked library (v4.02).


WARNING: version mismatch between CFITSIO header (v3.47) and linked library (v4.02).


WARNING: version mismatch between CFITSIO header (v3.47) and linked library (v4.02).

2023-03-21 22:35:28,305:INFO:mapsims:Parsing configuration from common.toml, dust.toml
2023-03-21 22:35:28,332:INFO:mapsims:Nside: 512, Modeling Nside: 2048, Ellmax: 1280
2023-03-21 22:35:28,353:INFO:mapsims:Initializing the PySM Sky object
2023-03-21 22:35:28,355:INFO:pysm3:Access data from /mnt/sdceph/users/azonca/pysm-data/dust_gnilc/gnilc_dust_template_nside2048.fits
2023-03-21 22:35:32,144:INFO:pysm3:Access data from /mnt/sdceph/users/azonca/pysm-data/dust_gnilc/gnilc_dust_beta_nside2048.fits
2023-03-21 22:35:33,428:INFO:pysm3:Access data from /mnt/sdceph/users/azonca/pysm-data/dust_gnilc/gnilc_dust_Td_nside2048.fits
2023-03-21 22:35:35,041:INFO:mapsims:Processing channel Channel SAT_f090
2023-03-21 22:35:35,041:INFO:mapsims:Bandpass integration for Channel SAT_f090
2023-03-21 22:37:17,993:INFO:mapsims:Smoothing and coord-transform for Channel SAT_f090
2023-03-21 22:37:17,999:INFO:pysm3:Using map2alm with pixel weights
2023-03-21 22:37:19,573:INFO:pysm3:Smoothing with fwhm of 30.0 arcmin
2023-03-21 22:37:19,629:INFO:pysm3:Rotate Alm
2023-03-21 22:37:21,866:INFO:pysm3:Alm to map HEALPix
2023-03-21 22:37:21,952:INFO:pysm3:Alm to map CAR
2023-03-21 22:37:22,556:INFO:mapsims:Writing output map sobs_mbs-s0012-20230321_SAT_mission_SAT_f090_dust_healpix.fits
2023-03-21 22:37:22,556:INFO:mapsims:Replace NaN with UNSEEN
2023-03-21 22:37:22,566:INFO:mapsims:Reorder ring to nest
2023-03-21 22:37:22,758:INFO:mapsims:Writing output map
2023-03-21 22:37:22,932:INFO:mapsims:Writing output map sobs_mbs-s0012-20230321_SAT_mission_SAT_f090_dust_car.fits
2023-03-21 22:37:22,932:INFO:mapsims:Writing output map

real	2m1.348s
user	6m30.318s
sys	0m42.003s
