
WARNING: version mismatch between CFITSIO header (v3.47) and linked library (v4.02).


WARNING: version mismatch between CFITSIO header (v3.47) and linked library (v4.02).


WARNING: version mismatch between CFITSIO header (v3.47) and linked library (v4.02).

2023-03-21 22:59:29,809:INFO:mapsims:Parsing configuration from common.toml, tsz.toml
2023-03-21 22:59:29,819:INFO:mapsims:Nside: 512, Modeling Nside: 8192, Ellmax: 1280
2023-03-21 22:59:29,821:INFO:mapsims:Initializing the PySM Sky object
2023-03-21 22:59:29,823:INFO:pysm3:Access data from /mnt/sdceph/users/azonca/pysm-data/websky/0.4/tsz_8192_hp.fits
2023-03-21 22:59:29,824:INFO:pysm3:Access data from /mnt/sdceph/users/azonca/pysm-data/websky/0.4/tsz_8192_hp.fits
2023-03-21 22:59:37,184:INFO:mapsims:Processing channel Channel SAT_f150
2023-03-21 22:59:37,184:INFO:mapsims:Bandpass integration for Channel SAT_f150
2023-03-21 23:01:20,042:INFO:mapsims:Smoothing and coord-transform for Channel SAT_f150
2023-03-21 23:01:20,043:INFO:pysm3:Using map2alm with pixel weights
2023-03-21 23:01:40,260:INFO:pysm3:Smoothing with fwhm of 17.0 arcmin
2023-03-21 23:01:40,318:INFO:pysm3:Rotate Alm
2023-03-21 23:01:42,581:INFO:pysm3:Alm to map HEALPix
2023-03-21 23:01:42,723:INFO:pysm3:Alm to map CAR
2023-03-21 23:01:43,314:INFO:mapsims:Writing output map sobs_mbs-s0012-20230321_SAT_mission_SAT_f150_tsz_healpix.fits
2023-03-21 23:01:43,314:INFO:mapsims:Replace NaN with UNSEEN
2023-03-21 23:01:43,324:INFO:mapsims:Reorder ring to nest
2023-03-21 23:01:43,570:INFO:mapsims:Writing output map
2023-03-21 23:01:43,736:INFO:mapsims:Writing output map sobs_mbs-s0012-20230321_SAT_mission_SAT_f150_tsz_car.fits
2023-03-21 23:01:43,736:INFO:mapsims:Writing output map

real	2m16.857s
user	5m33.025s
sys	1m38.186s
