
WARNING: version mismatch between CFITSIO header (v3.47) and linked library (v4.02).


WARNING: version mismatch between CFITSIO header (v3.47) and linked library (v4.02).


WARNING: version mismatch between CFITSIO header (v3.47) and linked library (v4.02).

2023-03-21 22:56:30,377:INFO:mapsims:Parsing configuration from common.toml, tsz.toml
2023-03-21 22:56:30,388:INFO:mapsims:Nside: 8192, Modeling Nside: 8192, Ellmax: 16384
2023-03-21 22:56:30,390:INFO:mapsims:Initializing the PySM Sky object
2023-03-21 22:56:30,392:INFO:pysm3:Access data from /mnt/sdceph/users/azonca/pysm-data/websky/0.4/tsz_8192_hp.fits
2023-03-21 22:56:30,393:INFO:pysm3:Access data from /mnt/sdceph/users/azonca/pysm-data/websky/0.4/tsz_8192_hp.fits
2023-03-21 22:56:37,193:INFO:mapsims:Processing channel Channel LAT_f150
2023-03-21 22:56:37,193:INFO:mapsims:Bandpass integration for Channel LAT_f150
2023-03-21 22:58:13,650:INFO:mapsims:Smoothing and coord-transform for Channel LAT_f150
2023-03-21 23:06:18,089:INFO:pysm3:Used map2alm_lsq, converged in 2 iterations,residual relative error 0.2
2023-03-21 23:06:18,090:INFO:pysm3:Smoothing with fwhm of 1.4 arcmin
2023-03-21 23:06:27,340:INFO:pysm3:Rotate Alm
2023-03-21 23:55:42,080:INFO:pysm3:Alm to map HEALPix
2023-03-21 23:56:20,795:INFO:pysm3:Alm to map CAR
2023-03-21 23:57:12,451:INFO:mapsims:Writing output map sobs_mbs-s0012-20230321_LAT_mission_LAT_f150_tsz_healpix.fits
2023-03-21 23:57:12,451:INFO:mapsims:Replace NaN with UNSEEN
2023-03-21 23:57:14,688:INFO:mapsims:Reorder ring to nest
2023-03-21 23:58:18,702:INFO:mapsims:Writing output map
2023-03-21 23:58:54,256:INFO:mapsims:Writing output map sobs_mbs-s0012-20230321_LAT_mission_LAT_f150_tsz_car.fits
2023-03-21 23:58:54,296:INFO:mapsims:Writing output map

real	63m16.274s
user	1612m6.416s
sys	7m20.936s
