
WARNING: version mismatch between CFITSIO header (v3.47) and linked library (v4.02).


WARNING: version mismatch between CFITSIO header (v3.47) and linked library (v4.02).


WARNING: version mismatch between CFITSIO header (v3.47) and linked library (v4.02).

2023-03-21 23:00:22,268:INFO:mapsims:Parsing configuration from common.toml, dust_high.toml
2023-03-21 23:00:22,279:INFO:mapsims:Nside: 2048, Modeling Nside: 2048, Ellmax: 5120
2023-03-21 23:00:22,281:INFO:mapsims:Initializing the PySM Sky object
2023-03-21 23:00:24,636:INFO:pysm3:Access data from /mnt/sdceph/users/azonca/pysm-data/mkd_dust/2048/thermaldust_ampl1.fits
2023-03-21 23:00:26,528:INFO:pysm3:Access data from /mnt/sdceph/users/azonca/pysm-data/mkd_dust/2048/thermaldust_ampl2.fits
2023-03-21 23:00:28,296:INFO:pysm3:Access data from /mnt/sdceph/users/azonca/pysm-data/mkd_dust/2048/thermaldust_ampl3.fits
2023-03-21 23:00:30,114:INFO:pysm3:Access data from /mnt/sdceph/users/azonca/pysm-data/mkd_dust/2048/thermaldust_ampl4.fits
2023-03-21 23:00:31,902:INFO:pysm3:Access data from /mnt/sdceph/users/azonca/pysm-data/mkd_dust/2048/thermaldust_ampl5.fits
2023-03-21 23:00:33,752:INFO:pysm3:Access data from /mnt/sdceph/users/azonca/pysm-data/mkd_dust/2048/thermaldust_ampl6.fits
2023-03-21 23:00:43,633:INFO:pysm3:Access data from /mnt/sdceph/users/azonca/pysm-data/mkd_dust/2048/thermaldust_specind1.fits
2023-03-21 23:00:44,160:INFO:pysm3:Access data from /mnt/sdceph/users/azonca/pysm-data/mkd_dust/2048/thermaldust_specind2.fits
2023-03-21 23:00:44,786:INFO:pysm3:Access data from /mnt/sdceph/users/azonca/pysm-data/mkd_dust/2048/thermaldust_specind3.fits
2023-03-21 23:00:45,346:INFO:pysm3:Access data from /mnt/sdceph/users/azonca/pysm-data/mkd_dust/2048/thermaldust_specind4.fits
2023-03-21 23:00:45,917:INFO:pysm3:Access data from /mnt/sdceph/users/azonca/pysm-data/mkd_dust/2048/thermaldust_specind5.fits
2023-03-21 23:00:46,543:INFO:pysm3:Access data from /mnt/sdceph/users/azonca/pysm-data/mkd_dust/2048/thermaldust_specind6.fits
2023-03-21 23:00:47,889:INFO:pysm3:Access data from /mnt/sdceph/users/azonca/pysm-data/mkd_dust/2048/thermaldust_temp1.fits
2023-03-21 23:00:48,434:INFO:pysm3:Access data from /mnt/sdceph/users/azonca/pysm-data/mkd_dust/2048/thermaldust_temp2.fits
2023-03-21 23:00:48,968:INFO:pysm3:Access data from /mnt/sdceph/users/azonca/pysm-data/mkd_dust/2048/thermaldust_temp3.fits
2023-03-21 23:00:49,518:INFO:pysm3:Access data from /mnt/sdceph/users/azonca/pysm-data/mkd_dust/2048/thermaldust_temp4.fits
2023-03-21 23:00:50,167:INFO:pysm3:Access data from /mnt/sdceph/users/azonca/pysm-data/mkd_dust/2048/thermaldust_temp5.fits
2023-03-21 23:00:50,731:INFO:pysm3:Access data from /mnt/sdceph/users/azonca/pysm-data/mkd_dust/2048/thermaldust_temp6.fits
2023-03-21 23:00:51,494:INFO:mapsims:Processing channel Channel LAT_f040
2023-03-21 23:00:51,494:INFO:mapsims:Bandpass integration for Channel LAT_f040
2023-03-22 00:48:15,532:INFO:mapsims:Smoothing and coord-transform for Channel LAT_f040
2023-03-22 00:49:46,693:WARNING:pysm3:hp.map2alm_lsq did not converge in 10 iterations, residual relative error is 0.0018
2023-03-22 00:49:46,693:INFO:pysm3:Smoothing with fwhm of 5.1 arcmin
2023-03-22 00:49:47,568:INFO:pysm3:Rotate Alm
2023-03-22 00:51:05,754:INFO:pysm3:Alm to map HEALPix
2023-03-22 00:51:07,414:INFO:pysm3:Alm to map CAR
2023-03-22 00:51:10,394:INFO:mapsims:Writing output map sobs_mbs-s0012-20230321_LAT_mission_LAT_f040_dust_high_healpix.fits
2023-03-22 00:51:10,394:INFO:mapsims:Replace NaN with UNSEEN
2023-03-22 00:51:10,533:INFO:mapsims:Reorder ring to nest
2023-03-22 00:51:15,862:INFO:mapsims:Writing output map
2023-03-22 00:51:18,154:INFO:mapsims:Writing output map sobs_mbs-s0012-20230321_LAT_mission_LAT_f040_dust_high_car.fits
2023-03-22 00:51:18,156:INFO:mapsims:Writing output map

real	111m1.607s
user	334m41.803s
sys	38m16.184s
