
WARNING: version mismatch between CFITSIO header (v3.47) and linked library (v4.02).


WARNING: version mismatch between CFITSIO header (v3.47) and linked library (v4.02).


WARNING: version mismatch between CFITSIO header (v3.47) and linked library (v4.02).

2023-03-21 22:47:01,644:INFO:mapsims:Parsing configuration from common.toml, ame.toml
2023-03-21 22:47:01,655:INFO:mapsims:Nside: 128, Modeling Nside: 512, Ellmax: 320
2023-03-21 22:47:01,657:INFO:mapsims:Initializing the PySM Sky object
2023-03-21 22:47:01,658:INFO:pysm3:Access data from /mnt/sdceph/users/azonca/pysm-data/pysm_2/ame_t_new.fits
2023-03-21 22:47:01,692:INFO:pysm3:Access data from /mnt/sdceph/users/azonca/pysm-data/pysm_2/ame_nu_peak_0.fits
2023-03-21 22:47:01,727:INFO:pysm3:Access data from /mnt/sdceph/users/azonca/pysm-data/pysm_2/emissivity.txt
2023-03-21 22:47:01,730:INFO:pysm3:Access data from /mnt/sdceph/users/azonca/pysm-data/pysm_2/ame2_t_new.fits
2023-03-21 22:47:01,757:INFO:pysm3:Access data from /mnt/sdceph/users/azonca/pysm-data/pysm_2/emissivity.txt
2023-03-21 22:47:01,760:INFO:mapsims:Processing channel Channel SAT_f040
2023-03-21 22:47:01,761:INFO:mapsims:Bandpass integration for Channel SAT_f040
2023-03-21 22:47:48,160:INFO:mapsims:Smoothing and coord-transform for Channel SAT_f040
2023-03-21 22:47:48,161:INFO:pysm3:Using map2alm with pixel weights
2023-03-21 22:47:48,401:INFO:pysm3:Smoothing with fwhm of 63.0 arcmin
2023-03-21 22:47:48,406:INFO:pysm3:Rotate Alm
2023-03-21 22:47:48,736:INFO:pysm3:Alm to map HEALPix
2023-03-21 22:47:48,741:INFO:pysm3:Alm to map CAR
2023-03-21 22:47:48,847:INFO:mapsims:Writing output map sobs_mbs-s0012-20230321_SAT_mission_SAT_f040_ame_healpix.fits
2023-03-21 22:47:48,847:INFO:mapsims:Replace NaN with UNSEEN
2023-03-21 22:47:48,848:INFO:mapsims:Reorder ring to nest
2023-03-21 22:47:48,868:INFO:mapsims:Writing output map
2023-03-21 22:47:48,898:INFO:mapsims:Writing output map sobs_mbs-s0012-20230321_SAT_mission_SAT_f040_ame_car.fits
2023-03-21 22:47:48,898:INFO:mapsims:Writing output map

real	0m49.356s
user	1m13.773s
sys	0m17.311s
