
WARNING: version mismatch between CFITSIO header (v3.47) and linked library (v4.02).


WARNING: version mismatch between CFITSIO header (v3.47) and linked library (v4.02).


WARNING: version mismatch between CFITSIO header (v3.47) and linked library (v4.02).

2023-03-21 22:35:25,323:INFO:mapsims:Parsing configuration from common.toml, co_low.toml
2023-03-21 22:35:25,349:INFO:mapsims:Nside: 128, Modeling Nside: 2048, Ellmax: 320
2023-03-21 22:35:25,371:INFO:mapsims:Initializing the PySM Sky object
2023-03-21 22:35:25,373:INFO:pysm3:Access data from /mnt/sdceph/users/azonca/pysm-data/co/HFI_CompMap_CO-Type1_2048_R2.00_ring.fits
2023-03-21 22:35:25,374:INFO:pysm3:Access data from /mnt/sdceph/users/azonca/pysm-data/co/HFI_CompMap_CO-Type1_2048_R2.00_ring.fits
2023-03-21 22:35:42,832:INFO:mapsims:Processing channel Channel SAT_f040
2023-03-21 22:35:42,833:INFO:mapsims:Bandpass integration for Channel SAT_f040
2023-03-21 22:35:44,198:INFO:mapsims:Smoothing and coord-transform for Channel SAT_f040
2023-03-21 22:35:44,202:INFO:pysm3:Using map2alm with pixel weights
2023-03-21 22:35:45,781:INFO:pysm3:Smoothing with fwhm of 63.0 arcmin
2023-03-21 22:35:45,785:INFO:pysm3:Rotate Alm
2023-03-21 22:35:45,906:INFO:pysm3:Alm to map HEALPix
2023-03-21 22:35:45,911:INFO:pysm3:Alm to map CAR
2023-03-21 22:35:46,009:INFO:mapsims:Writing output map sobs_mbs-s0012-20230321_SAT_mission_SAT_f040_co_low_healpix.fits
2023-03-21 22:35:46,009:INFO:mapsims:Replace NaN with UNSEEN
2023-03-21 22:35:46,009:INFO:mapsims:Reorder ring to nest
2023-03-21 22:35:46,019:INFO:mapsims:Writing output map
2023-03-21 22:35:46,043:INFO:mapsims:Writing output map sobs_mbs-s0012-20230321_SAT_mission_SAT_f040_co_low_car.fits
2023-03-21 22:35:46,043:INFO:mapsims:Writing output map

real	0m26.676s
user	0m40.144s
sys	0m7.775s
