
WARNING: version mismatch between CFITSIO header (v3.47) and linked library (v4.02).


WARNING: version mismatch between CFITSIO header (v3.47) and linked library (v4.02).


WARNING: version mismatch between CFITSIO header (v3.47) and linked library (v4.02).

2023-03-21 23:09:56,966:INFO:mapsims:Parsing configuration from common.toml, co.toml
2023-03-21 23:09:56,978:INFO:mapsims:Nside: 128, Modeling Nside: 2048, Ellmax: 320
2023-03-21 23:09:56,980:INFO:mapsims:Initializing the PySM Sky object
2023-03-21 23:09:56,981:INFO:pysm3:Access data from /mnt/sdceph/users/azonca/pysm-data/co/HFI_CompMap_CO-Type1_2048_R2.00_ring.fits
2023-03-21 23:09:56,982:INFO:pysm3:Access data from /mnt/sdceph/users/azonca/pysm-data/co/HFI_CompMap_CO-Type1_2048_R2.00_ring.fits
2023-03-21 23:10:13,946:INFO:pysm3:Access data from /mnt/sdceph/users/azonca/pysm-data/co/psimap_dust90_2048.fits
2023-03-21 23:10:13,947:INFO:pysm3:Access data from /mnt/sdceph/users/azonca/pysm-data/co/psimap_dust90_2048.fits
2023-03-21 23:10:14,466:WARNING:pysm3:No physical unit associated with file /mnt/sdceph/users/azonca/pysm-data/co/psimap_dust90_2048.fits
2023-03-21 23:10:14,468:INFO:pysm3:Access data from /mnt/sdceph/users/azonca/pysm-data/co/gmap_dust90_2048.fits
2023-03-21 23:10:14,468:INFO:pysm3:Access data from /mnt/sdceph/users/azonca/pysm-data/co/gmap_dust90_2048.fits
2023-03-21 23:10:14,981:WARNING:pysm3:No physical unit associated with file /mnt/sdceph/users/azonca/pysm-data/co/gmap_dust90_2048.fits
2023-03-21 23:10:14,982:INFO:pysm3:Access data from /mnt/sdceph/users/azonca/pysm-data/co/mcmoleCO_HGL_2048.fits
2023-03-21 23:10:14,983:INFO:pysm3:Access data from /mnt/sdceph/users/azonca/pysm-data/co/mcmoleCO_HGL_2048.fits
2023-03-21 23:10:16,780:INFO:mapsims:Processing channel Channel SAT_f030
2023-03-21 23:10:16,781:INFO:mapsims:Bandpass integration for Channel SAT_f030
2023-03-21 23:10:17,620:INFO:mapsims:Smoothing and coord-transform for Channel SAT_f030
2023-03-21 23:10:17,621:INFO:pysm3:Using map2alm with pixel weights
2023-03-21 23:10:19,120:INFO:pysm3:Smoothing with fwhm of 91.0 arcmin
2023-03-21 23:10:19,123:INFO:pysm3:Rotate Alm
2023-03-21 23:10:19,253:INFO:pysm3:Alm to map HEALPix
2023-03-21 23:10:19,257:INFO:pysm3:Alm to map CAR
2023-03-21 23:10:19,380:INFO:mapsims:Writing output map sobs_mbs-s0012-20230321_SAT_mission_SAT_f030_co_healpix.fits
2023-03-21 23:10:19,380:INFO:mapsims:Replace NaN with UNSEEN
2023-03-21 23:10:19,381:INFO:mapsims:Reorder ring to nest
2023-03-21 23:10:19,393:INFO:mapsims:Writing output map
2023-03-21 23:10:19,425:INFO:mapsims:Writing output map sobs_mbs-s0012-20230321_SAT_mission_SAT_f030_co_car.fits
2023-03-21 23:10:19,425:INFO:mapsims:Writing output map

real	0m24.369s
user	0m40.734s
sys	0m8.215s
