
WARNING: version mismatch between CFITSIO header (v3.47) and linked library (v4.02).


WARNING: version mismatch between CFITSIO header (v3.47) and linked library (v4.02).


WARNING: version mismatch between CFITSIO header (v3.47) and linked library (v4.02).

2023-03-21 23:11:15,251:INFO:mapsims:Parsing configuration from common.toml, freefree.toml
2023-03-21 23:11:15,262:INFO:mapsims:Nside: 512, Modeling Nside: 512, Ellmax: 1280
2023-03-21 23:11:15,264:INFO:mapsims:Initializing the PySM Sky object
2023-03-21 23:11:15,265:INFO:pysm3:Access data from /mnt/sdceph/users/azonca/pysm-data/pysm_2/ff_t_new.fits
2023-03-21 23:11:15,743:INFO:mapsims:Processing channel Channel SAT_f150
2023-03-21 23:11:15,743:INFO:mapsims:Bandpass integration for Channel SAT_f150
2023-03-21 23:11:17,638:INFO:mapsims:Smoothing and coord-transform for Channel SAT_f150
2023-03-21 23:11:21,965:INFO:pysm3:Used map2alm_lsq, converged in 8 iterations,residual relative error 0.11
2023-03-21 23:11:21,965:INFO:pysm3:Smoothing with fwhm of 17.0 arcmin
2023-03-21 23:11:22,022:INFO:pysm3:Rotate Alm
2023-03-21 23:11:24,441:INFO:pysm3:Alm to map HEALPix
2023-03-21 23:11:24,524:INFO:pysm3:Alm to map CAR
2023-03-21 23:11:25,075:INFO:mapsims:Writing output map sobs_mbs-s0012-20230321_SAT_mission_SAT_f150_freefree_healpix.fits
2023-03-21 23:11:25,076:INFO:mapsims:Replace NaN with UNSEEN
2023-03-21 23:11:25,084:INFO:mapsims:Reorder ring to nest
2023-03-21 23:11:25,287:INFO:mapsims:Writing output map
2023-03-21 23:11:25,435:INFO:mapsims:Writing output map sobs_mbs-s0012-20230321_SAT_mission_SAT_f150_freefree_car.fits
2023-03-21 23:11:25,436:INFO:mapsims:Writing output map

real	0m12.889s
user	3m11.944s
sys	1m13.998s
