
WARNING: version mismatch between CFITSIO header (v3.47) and linked library (v4.02).


WARNING: version mismatch between CFITSIO header (v3.47) and linked library (v4.02).


WARNING: version mismatch between CFITSIO header (v3.47) and linked library (v4.02).

2023-03-21 22:46:46,919:INFO:mapsims:Parsing configuration from common.toml, ame.toml
2023-03-21 22:46:46,946:INFO:mapsims:Nside: 8192, Modeling Nside: 512, Ellmax: 1280
2023-03-21 22:46:46,967:INFO:mapsims:Initializing the PySM Sky object
2023-03-21 22:46:46,969:INFO:pysm3:Access data from /mnt/sdceph/users/azonca/pysm-data/pysm_2/ame_t_new.fits
2023-03-21 22:46:47,033:INFO:pysm3:Access data from /mnt/sdceph/users/azonca/pysm-data/pysm_2/ame_nu_peak_0.fits
2023-03-21 22:46:47,087:INFO:pysm3:Access data from /mnt/sdceph/users/azonca/pysm-data/pysm_2/emissivity.txt
2023-03-21 22:46:47,092:INFO:pysm3:Access data from /mnt/sdceph/users/azonca/pysm-data/pysm_2/ame2_t_new.fits
2023-03-21 22:46:47,135:INFO:pysm3:Access data from /mnt/sdceph/users/azonca/pysm-data/pysm_2/emissivity.txt
2023-03-21 22:46:47,138:INFO:mapsims:Processing channel Channel LAT_f230
2023-03-21 22:46:47,138:INFO:mapsims:Bandpass integration for Channel LAT_f230
2023-03-21 22:47:30,289:INFO:mapsims:Smoothing and coord-transform for Channel LAT_f230
2023-03-21 22:47:34,309:INFO:pysm3:Used map2alm_lsq, converged in 7 iterations,residual relative error 0.19
2023-03-21 22:47:34,309:INFO:pysm3:Smoothing with fwhm of 1.0 arcmin
2023-03-21 22:47:34,359:INFO:pysm3:Rotate Alm
2023-03-21 22:47:36,510:INFO:pysm3:Alm to map HEALPix
2023-03-21 22:47:50,742:INFO:pysm3:Alm to map CAR
2023-03-21 22:48:29,732:INFO:mapsims:Writing output map sobs_mbs-s0012-20230321_LAT_mission_LAT_f230_ame_healpix.fits
2023-03-21 22:48:29,732:INFO:mapsims:Replace NaN with UNSEEN
2023-03-21 22:48:32,152:INFO:mapsims:Reorder ring to nest
2023-03-21 22:49:35,227:INFO:mapsims:Writing output map
2023-03-21 22:50:12,821:INFO:mapsims:Writing output map sobs_mbs-s0012-20230321_LAT_mission_LAT_f230_ame_car.fits
2023-03-21 22:50:12,859:INFO:mapsims:Writing output map

real	4m19.200s
user	7m2.838s
sys	2m37.209s
