
WARNING: version mismatch between CFITSIO header (v3.47) and linked library (v4.02).


WARNING: version mismatch between CFITSIO header (v3.47) and linked library (v4.02).


WARNING: version mismatch between CFITSIO header (v3.47) and linked library (v4.02).

2023-03-21 22:35:28,388:INFO:mapsims:Parsing configuration from common.toml, ksz.toml
2023-03-21 22:35:28,415:INFO:mapsims:Nside: 8192, Modeling Nside: 4096, Ellmax: 10240
2023-03-21 22:35:28,419:INFO:mapsims:Initializing the PySM Sky object
2023-03-21 22:35:28,422:INFO:pysm3:Access data from /mnt/sdceph/users/azonca/pysm-data/websky/0.4/ksz.fits
2023-03-21 22:35:28,423:INFO:pysm3:Access data from /mnt/sdceph/users/azonca/pysm-data/websky/0.4/ksz.fits
2023-03-21 22:35:36,168:INFO:mapsims:Processing channel Channel LAT_f230
2023-03-21 22:35:36,168:INFO:mapsims:Bandpass integration for Channel LAT_f230
2023-03-21 22:37:46,553:INFO:mapsims:Smoothing and coord-transform for Channel LAT_f230
2023-03-21 22:44:34,427:WARNING:pysm3:hp.map2alm_lsq did not converge in 10 iterations, residual relative error is 0.19
2023-03-21 22:44:34,427:INFO:pysm3:Smoothing with fwhm of 1.0 arcmin
2023-03-21 22:44:37,912:INFO:pysm3:Rotate Alm
2023-03-21 22:54:39,792:INFO:pysm3:Alm to map HEALPix
2023-03-21 22:55:03,208:INFO:pysm3:Alm to map CAR
2023-03-21 22:55:46,125:INFO:mapsims:Writing output map sobs_mbs-s0012-20230321_LAT_mission_LAT_f230_ksz_healpix.fits
2023-03-21 22:55:46,125:INFO:mapsims:Replace NaN with UNSEEN
2023-03-21 22:55:48,305:INFO:mapsims:Reorder ring to nest
2023-03-21 22:56:49,213:INFO:mapsims:Writing output map
2023-03-21 22:57:23,375:INFO:mapsims:Writing output map sobs_mbs-s0012-20230321_LAT_mission_LAT_f230_ksz_car.fits
2023-03-21 22:57:23,411:INFO:mapsims:Writing output map

real	22m47.655s
user	481m12.048s
sys	8m18.193s
