
WARNING: version mismatch between CFITSIO header (v3.47) and linked library (v4.02).


WARNING: version mismatch between CFITSIO header (v3.47) and linked library (v4.02).


WARNING: version mismatch between CFITSIO header (v3.47) and linked library (v4.02).

2023-03-21 22:40:45,596:INFO:mapsims:Parsing configuration from common.toml, dust_low.toml
2023-03-21 22:40:45,608:INFO:mapsims:Nside: 128, Modeling Nside: 2048, Ellmax: 320
2023-03-21 22:40:45,610:INFO:mapsims:Initializing the PySM Sky object
2023-03-21 22:40:45,611:INFO:pysm3:Access data from /mnt/sdceph/users/azonca/pysm-data/dust_gnilc/gnilc_dust_template_nside2048.fits
2023-03-21 22:40:47,198:INFO:mapsims:Processing channel Channel SAT_f040
2023-03-21 22:40:47,198:INFO:mapsims:Bandpass integration for Channel SAT_f040
2023-03-21 22:44:40,924:INFO:mapsims:Smoothing and coord-transform for Channel SAT_f040
2023-03-21 22:44:40,925:INFO:pysm3:Using map2alm with pixel weights
2023-03-21 22:44:42,380:INFO:pysm3:Smoothing with fwhm of 63.0 arcmin
2023-03-21 22:44:42,384:INFO:pysm3:Rotate Alm
2023-03-21 22:44:42,494:INFO:pysm3:Alm to map HEALPix
2023-03-21 22:44:42,500:INFO:pysm3:Alm to map CAR
2023-03-21 22:44:42,605:INFO:mapsims:Writing output map sobs_mbs-s0012-20230321_SAT_mission_SAT_f040_dust_low_healpix.fits
2023-03-21 22:44:42,605:INFO:mapsims:Replace NaN with UNSEEN
2023-03-21 22:44:42,606:INFO:mapsims:Reorder ring to nest
2023-03-21 22:44:42,617:INFO:mapsims:Writing output map
2023-03-21 22:44:42,644:INFO:mapsims:Writing output map sobs_mbs-s0012-20230321_SAT_mission_SAT_f040_dust_low_car.fits
2023-03-21 22:44:42,644:INFO:mapsims:Writing output map

real	3m59.095s
user	5m59.910s
sys	1m18.537s
