
WARNING: version mismatch between CFITSIO header (v3.47) and linked library (v4.02).


WARNING: version mismatch between CFITSIO header (v3.47) and linked library (v4.02).


WARNING: version mismatch between CFITSIO header (v3.47) and linked library (v4.02).

2023-03-21 23:10:56,411:INFO:mapsims:Parsing configuration from common.toml, freefree.toml
2023-03-21 23:10:56,423:INFO:mapsims:Nside: 8192, Modeling Nside: 512, Ellmax: 1280
2023-03-21 23:10:56,425:INFO:mapsims:Initializing the PySM Sky object
2023-03-21 23:10:56,427:INFO:pysm3:Access data from /mnt/sdceph/users/azonca/pysm-data/pysm_2/ff_t_new.fits
2023-03-21 23:10:56,471:INFO:mapsims:Processing channel Channel LAT_f290
2023-03-21 23:10:56,471:INFO:mapsims:Bandpass integration for Channel LAT_f290
2023-03-21 23:11:00,936:INFO:mapsims:Smoothing and coord-transform for Channel LAT_f290
2023-03-21 23:11:06,397:INFO:pysm3:Used map2alm_lsq, converged in 8 iterations,residual relative error 0.11
2023-03-21 23:11:06,397:INFO:pysm3:Smoothing with fwhm of 0.9 arcmin
2023-03-21 23:11:06,454:INFO:pysm3:Rotate Alm
2023-03-21 23:11:08,828:INFO:pysm3:Alm to map HEALPix
2023-03-21 23:11:23,482:INFO:pysm3:Alm to map CAR
2023-03-21 23:12:02,855:INFO:mapsims:Writing output map sobs_mbs-s0012-20230321_LAT_mission_LAT_f290_freefree_healpix.fits
2023-03-21 23:12:02,855:INFO:mapsims:Replace NaN with UNSEEN
2023-03-21 23:12:05,433:INFO:mapsims:Reorder ring to nest
2023-03-21 23:13:09,142:INFO:mapsims:Writing output map
2023-03-21 23:13:42,401:INFO:mapsims:Writing output map sobs_mbs-s0012-20230321_LAT_mission_LAT_f290_freefree_car.fits
2023-03-21 23:13:42,440:INFO:mapsims:Writing output map

real	3m37.947s
user	7m8.270s
sys	2m33.384s
