
WARNING: version mismatch between CFITSIO header (v3.47) and linked library (v4.02).


WARNING: version mismatch between CFITSIO header (v3.47) and linked library (v4.02).


WARNING: version mismatch between CFITSIO header (v3.47) and linked library (v4.02).

2023-03-21 23:10:56,381:INFO:mapsims:Parsing configuration from common.toml, freefree.toml
2023-03-21 23:10:56,392:INFO:mapsims:Nside: 8192, Modeling Nside: 512, Ellmax: 1280
2023-03-21 23:10:56,394:INFO:mapsims:Initializing the PySM Sky object
2023-03-21 23:10:56,396:INFO:pysm3:Access data from /mnt/sdceph/users/azonca/pysm-data/pysm_2/ff_t_new.fits
2023-03-21 23:10:56,441:INFO:mapsims:Processing channel Channel LAT_f230
2023-03-21 23:10:56,441:INFO:mapsims:Bandpass integration for Channel LAT_f230
2023-03-21 23:11:00,365:INFO:mapsims:Smoothing and coord-transform for Channel LAT_f230
2023-03-21 23:11:06,068:INFO:pysm3:Used map2alm_lsq, converged in 8 iterations,residual relative error 0.11
2023-03-21 23:11:06,068:INFO:pysm3:Smoothing with fwhm of 1.0 arcmin
2023-03-21 23:11:06,124:INFO:pysm3:Rotate Alm
2023-03-21 23:11:08,414:INFO:pysm3:Alm to map HEALPix
2023-03-21 23:11:22,858:INFO:pysm3:Alm to map CAR
2023-03-21 23:12:02,688:INFO:mapsims:Writing output map sobs_mbs-s0012-20230321_LAT_mission_LAT_f230_freefree_healpix.fits
2023-03-21 23:12:02,689:INFO:mapsims:Replace NaN with UNSEEN
2023-03-21 23:12:05,239:INFO:mapsims:Reorder ring to nest
2023-03-21 23:13:08,689:INFO:mapsims:Writing output map
2023-03-21 23:13:41,868:INFO:mapsims:Writing output map sobs_mbs-s0012-20230321_LAT_mission_LAT_f230_freefree_car.fits
2023-03-21 23:13:41,907:INFO:mapsims:Writing output map

real	3m36.531s
user	7m15.038s
sys	2m35.452s
