
WARNING: version mismatch between CFITSIO header (v3.47) and linked library (v4.02).


WARNING: version mismatch between CFITSIO header (v3.47) and linked library (v4.02).


WARNING: version mismatch between CFITSIO header (v3.47) and linked library (v4.02).

2023-03-21 22:56:12,012:INFO:mapsims:Parsing configuration from common.toml, tsz.toml
2023-03-21 22:56:12,022:INFO:mapsims:Nside: 2048, Modeling Nside: 8192, Ellmax: 5120
2023-03-21 22:56:12,027:INFO:mapsims:Initializing the PySM Sky object
2023-03-21 22:56:12,028:INFO:pysm3:Access data from /mnt/sdceph/users/azonca/pysm-data/websky/0.4/tsz_8192_hp.fits
2023-03-21 22:56:12,029:INFO:pysm3:Access data from /mnt/sdceph/users/azonca/pysm-data/websky/0.4/tsz_8192_hp.fits
2023-03-21 22:56:28,189:INFO:mapsims:Processing channel Channel LAT_f030
2023-03-21 22:56:28,189:INFO:mapsims:Bandpass integration for Channel LAT_f030
2023-03-21 23:02:37,368:INFO:mapsims:Smoothing and coord-transform for Channel LAT_f030
2023-03-21 23:02:37,369:INFO:pysm3:Using map2alm with pixel weights
2023-03-21 23:02:59,816:INFO:pysm3:Smoothing with fwhm of 7.4 arcmin
2023-03-21 23:03:00,674:INFO:pysm3:Rotate Alm
2023-03-21 23:04:19,309:INFO:pysm3:Alm to map HEALPix
2023-03-21 23:04:20,954:INFO:pysm3:Alm to map CAR
2023-03-21 23:04:23,938:INFO:mapsims:Writing output map sobs_mbs-s0012-20230321_LAT_mission_LAT_f030_tsz_healpix.fits
2023-03-21 23:04:23,938:INFO:mapsims:Replace NaN with UNSEEN
2023-03-21 23:04:24,075:INFO:mapsims:Reorder ring to nest
2023-03-21 23:04:28,250:INFO:mapsims:Writing output map
2023-03-21 23:04:30,161:INFO:mapsims:Writing output map sobs_mbs-s0012-20230321_LAT_mission_LAT_f030_tsz_car.fits
2023-03-21 23:04:30,164:INFO:mapsims:Writing output map

real	8m23.048s
user	73m26.400s
sys	6m2.185s
