
WARNING: version mismatch between CFITSIO header (v3.47) and linked library (v4.02).


WARNING: version mismatch between CFITSIO header (v3.47) and linked library (v4.02).


WARNING: version mismatch between CFITSIO header (v3.47) and linked library (v4.02).

2023-03-21 23:06:00,587:INFO:mapsims:Parsing configuration from common.toml, dust_high.toml
2023-03-21 23:06:00,598:INFO:mapsims:Nside: 512, Modeling Nside: 2048, Ellmax: 1280
2023-03-21 23:06:00,599:INFO:mapsims:Initializing the PySM Sky object
2023-03-21 23:06:02,896:INFO:pysm3:Access data from /mnt/sdceph/users/azonca/pysm-data/mkd_dust/2048/thermaldust_ampl1.fits
2023-03-21 23:06:04,597:INFO:pysm3:Access data from /mnt/sdceph/users/azonca/pysm-data/mkd_dust/2048/thermaldust_ampl2.fits
2023-03-21 23:06:06,296:INFO:pysm3:Access data from /mnt/sdceph/users/azonca/pysm-data/mkd_dust/2048/thermaldust_ampl3.fits
2023-03-21 23:06:07,943:INFO:pysm3:Access data from /mnt/sdceph/users/azonca/pysm-data/mkd_dust/2048/thermaldust_ampl4.fits
2023-03-21 23:06:09,659:INFO:pysm3:Access data from /mnt/sdceph/users/azonca/pysm-data/mkd_dust/2048/thermaldust_ampl5.fits
2023-03-21 23:06:11,429:INFO:pysm3:Access data from /mnt/sdceph/users/azonca/pysm-data/mkd_dust/2048/thermaldust_ampl6.fits
2023-03-21 23:06:19,411:INFO:pysm3:Access data from /mnt/sdceph/users/azonca/pysm-data/mkd_dust/2048/thermaldust_specind1.fits
2023-03-21 23:06:19,943:INFO:pysm3:Access data from /mnt/sdceph/users/azonca/pysm-data/mkd_dust/2048/thermaldust_specind2.fits
2023-03-21 23:06:20,477:INFO:pysm3:Access data from /mnt/sdceph/users/azonca/pysm-data/mkd_dust/2048/thermaldust_specind3.fits
2023-03-21 23:06:20,991:INFO:pysm3:Access data from /mnt/sdceph/users/azonca/pysm-data/mkd_dust/2048/thermaldust_specind4.fits
2023-03-21 23:06:21,523:INFO:pysm3:Access data from /mnt/sdceph/users/azonca/pysm-data/mkd_dust/2048/thermaldust_specind5.fits
2023-03-21 23:06:22,037:INFO:pysm3:Access data from /mnt/sdceph/users/azonca/pysm-data/mkd_dust/2048/thermaldust_specind6.fits
2023-03-21 23:06:23,377:INFO:pysm3:Access data from /mnt/sdceph/users/azonca/pysm-data/mkd_dust/2048/thermaldust_temp1.fits
2023-03-21 23:06:23,994:INFO:pysm3:Access data from /mnt/sdceph/users/azonca/pysm-data/mkd_dust/2048/thermaldust_temp2.fits
2023-03-21 23:06:24,566:INFO:pysm3:Access data from /mnt/sdceph/users/azonca/pysm-data/mkd_dust/2048/thermaldust_temp3.fits
2023-03-21 23:06:25,091:INFO:pysm3:Access data from /mnt/sdceph/users/azonca/pysm-data/mkd_dust/2048/thermaldust_temp4.fits
2023-03-21 23:06:25,635:INFO:pysm3:Access data from /mnt/sdceph/users/azonca/pysm-data/mkd_dust/2048/thermaldust_temp5.fits
2023-03-21 23:06:26,212:INFO:pysm3:Access data from /mnt/sdceph/users/azonca/pysm-data/mkd_dust/2048/thermaldust_temp6.fits
2023-03-21 23:06:26,946:INFO:mapsims:Processing channel Channel SAT_f150
2023-03-21 23:06:26,946:INFO:mapsims:Bandpass integration for Channel SAT_f150
2023-03-21 23:22:30,702:INFO:mapsims:Smoothing and coord-transform for Channel SAT_f150
2023-03-21 23:22:30,703:INFO:pysm3:Using map2alm with pixel weights
2023-03-21 23:22:32,219:INFO:pysm3:Smoothing with fwhm of 17.0 arcmin
2023-03-21 23:22:32,274:INFO:pysm3:Rotate Alm
2023-03-21 23:22:34,663:INFO:pysm3:Alm to map HEALPix
2023-03-21 23:22:34,748:INFO:pysm3:Alm to map CAR
2023-03-21 23:22:35,302:INFO:mapsims:Writing output map sobs_mbs-s0012-20230321_SAT_mission_SAT_f150_dust_high_healpix.fits
2023-03-21 23:22:35,302:INFO:mapsims:Replace NaN with UNSEEN
2023-03-21 23:22:35,309:INFO:mapsims:Reorder ring to nest
2023-03-21 23:22:35,536:INFO:mapsims:Writing output map
2023-03-21 23:22:35,700:INFO:mapsims:Writing output map sobs_mbs-s0012-20230321_SAT_mission_SAT_f150_dust_high_car.fits
2023-03-21 23:22:35,701:INFO:mapsims:Writing output map

real	16m38.041s
user	42m44.284s
sys	5m36.892s
