
WARNING: version mismatch between CFITSIO header (v3.47) and linked library (v4.02).


WARNING: version mismatch between CFITSIO header (v3.47) and linked library (v4.02).


WARNING: version mismatch between CFITSIO header (v3.47) and linked library (v4.02).

2023-03-21 22:40:41,462:INFO:mapsims:Parsing configuration from common.toml, dust_low.toml
2023-03-21 22:40:41,474:INFO:mapsims:Nside: 128, Modeling Nside: 2048, Ellmax: 320
2023-03-21 22:40:41,476:INFO:mapsims:Initializing the PySM Sky object
2023-03-21 22:40:41,478:INFO:pysm3:Access data from /mnt/sdceph/users/azonca/pysm-data/dust_gnilc/gnilc_dust_template_nside2048.fits
2023-03-21 22:40:45,030:INFO:mapsims:Processing channel Channel SAT_f030
2023-03-21 22:40:45,030:INFO:mapsims:Bandpass integration for Channel SAT_f030
2023-03-21 22:43:20,826:INFO:mapsims:Smoothing and coord-transform for Channel SAT_f030
2023-03-21 22:43:20,827:INFO:pysm3:Using map2alm with pixel weights
2023-03-21 22:43:22,300:INFO:pysm3:Smoothing with fwhm of 91.0 arcmin
2023-03-21 22:43:22,303:INFO:pysm3:Rotate Alm
2023-03-21 22:43:22,414:INFO:pysm3:Alm to map HEALPix
2023-03-21 22:43:22,419:INFO:pysm3:Alm to map CAR
2023-03-21 22:43:22,573:INFO:mapsims:Writing output map sobs_mbs-s0012-20230321_SAT_mission_SAT_f030_dust_low_healpix.fits
2023-03-21 22:43:22,573:INFO:mapsims:Replace NaN with UNSEEN
2023-03-21 22:43:22,574:INFO:mapsims:Reorder ring to nest
2023-03-21 22:43:22,584:INFO:mapsims:Writing output map
2023-03-21 22:43:22,608:INFO:mapsims:Writing output map sobs_mbs-s0012-20230321_SAT_mission_SAT_f030_dust_low_car.fits
2023-03-21 22:43:22,609:INFO:mapsims:Writing output map

real	2m43.286s
user	3m58.882s
sys	0m53.650s
