
WARNING: version mismatch between CFITSIO header (v3.47) and linked library (v4.02).


WARNING: version mismatch between CFITSIO header (v3.47) and linked library (v4.02).


WARNING: version mismatch between CFITSIO header (v3.47) and linked library (v4.02).

2023-03-21 22:55:03,649:INFO:mapsims:Parsing configuration from common.toml, synchrotron_low.toml
2023-03-21 22:55:03,661:INFO:mapsims:Nside: 128, Modeling Nside: 2048, Ellmax: 320
2023-03-21 22:55:03,663:INFO:mapsims:Initializing the PySM Sky object
2023-03-21 22:55:03,664:INFO:pysm3:Access data from /mnt/sdceph/users/azonca/pysm-data/synch/synch_template_nside2048_2023.02.25.fits
2023-03-21 22:55:04,851:INFO:mapsims:Processing channel Channel SAT_f040
2023-03-21 22:55:04,851:INFO:mapsims:Bandpass integration for Channel SAT_f040
2023-03-21 22:57:12,764:INFO:mapsims:Smoothing and coord-transform for Channel SAT_f040
2023-03-21 22:57:12,765:INFO:pysm3:Using map2alm with pixel weights
2023-03-21 22:57:14,181:INFO:pysm3:Smoothing with fwhm of 63.0 arcmin
2023-03-21 22:57:14,186:INFO:pysm3:Rotate Alm
2023-03-21 22:57:14,298:INFO:pysm3:Alm to map HEALPix
2023-03-21 22:57:14,304:INFO:pysm3:Alm to map CAR
2023-03-21 22:57:14,409:INFO:mapsims:Writing output map sobs_mbs-s0012-20230321_SAT_mission_SAT_f040_synchrotron_low_healpix.fits
2023-03-21 22:57:14,409:INFO:mapsims:Replace NaN with UNSEEN
2023-03-21 22:57:14,410:INFO:mapsims:Reorder ring to nest
2023-03-21 22:57:14,421:INFO:mapsims:Writing output map
2023-03-21 22:57:14,442:INFO:mapsims:Writing output map sobs_mbs-s0012-20230321_SAT_mission_SAT_f040_synchrotron_low_car.fits
2023-03-21 22:57:14,442:INFO:mapsims:Writing output map

real	2m12.910s
user	3m39.623s
sys	2m24.581s
