
WARNING: version mismatch between CFITSIO header (v3.47) and linked library (v4.02).


WARNING: version mismatch between CFITSIO header (v3.47) and linked library (v4.02).


WARNING: version mismatch between CFITSIO header (v3.47) and linked library (v4.02).

2023-03-21 22:44:55,235:INFO:mapsims:Parsing configuration from common.toml, synchrotron_high.toml
2023-03-21 22:44:55,245:INFO:mapsims:Nside: 128, Modeling Nside: 2048, Ellmax: 320
2023-03-21 22:44:55,247:INFO:mapsims:Initializing the PySM Sky object
2023-03-21 22:44:55,249:INFO:pysm3:Access data from /mnt/sdceph/users/azonca/pysm-data/synch/synch_template_nside2048_2023.02.25.fits
2023-03-21 22:44:58,527:INFO:pysm3:Access data from /mnt/sdceph/users/azonca/pysm-data/synch/synch_beta_nside2048.fits
2023-03-21 22:44:59,638:INFO:pysm3:Access data from /mnt/sdceph/users/azonca/pysm-data/synch/synch_curvature_nside2048.fits
2023-03-21 22:45:00,902:INFO:mapsims:Processing channel Channel SAT_f030
2023-03-21 22:45:00,903:INFO:mapsims:Bandpass integration for Channel SAT_f030
2023-03-21 22:46:51,389:INFO:mapsims:Smoothing and coord-transform for Channel SAT_f030
2023-03-21 22:46:51,390:INFO:pysm3:Using map2alm with pixel weights
2023-03-21 22:46:52,817:INFO:pysm3:Smoothing with fwhm of 91.0 arcmin
2023-03-21 22:46:52,821:INFO:pysm3:Rotate Alm
2023-03-21 22:46:52,940:INFO:pysm3:Alm to map HEALPix
2023-03-21 22:46:52,946:INFO:pysm3:Alm to map CAR
2023-03-21 22:46:53,048:INFO:mapsims:Writing output map sobs_mbs-s0012-20230321_SAT_mission_SAT_f030_synchrotron_high_healpix.fits
2023-03-21 22:46:53,048:INFO:mapsims:Replace NaN with UNSEEN
2023-03-21 22:46:53,049:INFO:mapsims:Reorder ring to nest
2023-03-21 22:46:53,060:INFO:mapsims:Writing output map
2023-03-21 22:46:53,086:INFO:mapsims:Writing output map sobs_mbs-s0012-20230321_SAT_mission_SAT_f030_synchrotron_high_car.fits
2023-03-21 22:46:53,086:INFO:mapsims:Writing output map

real	1m59.876s
user	22m17.224s
sys	2m12.556s
