
WARNING: version mismatch between CFITSIO header (v3.47) and linked library (v4.02).


WARNING: version mismatch between CFITSIO header (v3.47) and linked library (v4.02).


WARNING: version mismatch between CFITSIO header (v3.47) and linked library (v4.02).

2023-03-21 22:35:28,665:INFO:mapsims:Parsing configuration from common.toml, dust.toml
2023-03-21 22:35:28,689:INFO:mapsims:Nside: 1024, Modeling Nside: 2048, Ellmax: 2560
2023-03-21 22:35:28,711:INFO:mapsims:Initializing the PySM Sky object
2023-03-21 22:35:28,712:INFO:pysm3:Access data from /mnt/sdceph/users/azonca/pysm-data/dust_gnilc/gnilc_dust_template_nside2048.fits
2023-03-21 22:35:34,288:INFO:pysm3:Access data from /mnt/sdceph/users/azonca/pysm-data/dust_gnilc/gnilc_dust_beta_nside2048.fits
2023-03-21 22:35:35,640:INFO:pysm3:Access data from /mnt/sdceph/users/azonca/pysm-data/dust_gnilc/gnilc_dust_Td_nside2048.fits
2023-03-21 22:35:36,637:INFO:mapsims:Processing channel Channel SAT_f230
2023-03-21 22:35:36,637:INFO:mapsims:Bandpass integration for Channel SAT_f230
2023-03-21 22:50:48,892:INFO:mapsims:Smoothing and coord-transform for Channel SAT_f230
2023-03-21 22:50:48,897:INFO:pysm3:Using map2alm with pixel weights
2023-03-21 22:50:50,726:INFO:pysm3:Smoothing with fwhm of 11.0 arcmin
2023-03-21 22:50:50,950:INFO:pysm3:Rotate Alm
2023-03-21 22:51:01,747:INFO:pysm3:Alm to map HEALPix
2023-03-21 22:51:02,169:INFO:pysm3:Alm to map CAR
2023-03-21 22:51:03,025:INFO:mapsims:Writing output map sobs_mbs-s0012-20230321_SAT_mission_SAT_f230_dust_healpix.fits
2023-03-21 22:51:03,025:INFO:mapsims:Replace NaN with UNSEEN
2023-03-21 22:51:03,065:INFO:mapsims:Reorder ring to nest
2023-03-21 22:51:03,875:INFO:mapsims:Writing output map
2023-03-21 22:51:04,518:INFO:mapsims:Writing output map sobs_mbs-s0012-20230321_SAT_mission_SAT_f230_dust_car.fits
2023-03-21 22:51:04,519:INFO:mapsims:Writing output map

real	15m42.884s
user	46m22.141s
sys	4m57.325s
