
WARNING: version mismatch between CFITSIO header (v3.47) and linked library (v4.02).


WARNING: version mismatch between CFITSIO header (v3.47) and linked library (v4.02).


WARNING: version mismatch between CFITSIO header (v3.47) and linked library (v4.02).

2023-03-21 22:52:26,290:INFO:mapsims:Parsing configuration from common.toml, ame_high.toml
2023-03-21 22:52:26,301:INFO:mapsims:Nside: 1024, Modeling Nside: 512, Ellmax: 1280
2023-03-21 22:52:26,304:INFO:mapsims:Initializing the PySM Sky object
2023-03-21 22:52:26,305:INFO:pysm3:Access data from /mnt/sdceph/users/azonca/pysm-data/pysm_2/ame_t_new.fits
2023-03-21 22:52:26,334:INFO:pysm3:Access data from /mnt/sdceph/users/azonca/pysm-data/pysm_2/ame_nu_peak_0.fits
2023-03-21 22:52:26,362:INFO:pysm3:Access data from /mnt/sdceph/users/azonca/pysm-data/pysm_2/emissivity.txt
2023-03-21 22:52:26,366:INFO:pysm3:Access data from /mnt/sdceph/users/azonca/pysm-data/pysm_2/dust_u_new.fits
2023-03-21 22:52:26,403:WARNING:pysm3:No physical unit associated with file /mnt/sdceph/users/azonca/pysm-data/pysm_2/dust_u_new.fits
2023-03-21 22:52:26,404:INFO:pysm3:Access data from /mnt/sdceph/users/azonca/pysm-data/pysm_2/dust_q_new.fits
2023-03-21 22:52:26,435:WARNING:pysm3:No physical unit associated with file /mnt/sdceph/users/azonca/pysm-data/pysm_2/dust_q_new.fits
2023-03-21 22:52:26,502:INFO:pysm3:Access data from /mnt/sdceph/users/azonca/pysm-data/pysm_2/ame2_t_new.fits
2023-03-21 22:52:26,530:INFO:pysm3:Access data from /mnt/sdceph/users/azonca/pysm-data/pysm_2/emissivity.txt
2023-03-21 22:52:26,534:INFO:pysm3:Access data from /mnt/sdceph/users/azonca/pysm-data/pysm_2/dust_u_new.fits
2023-03-21 22:52:26,568:WARNING:pysm3:No physical unit associated with file /mnt/sdceph/users/azonca/pysm-data/pysm_2/dust_u_new.fits
2023-03-21 22:52:26,568:INFO:pysm3:Access data from /mnt/sdceph/users/azonca/pysm-data/pysm_2/dust_q_new.fits
2023-03-21 22:52:26,605:WARNING:pysm3:No physical unit associated with file /mnt/sdceph/users/azonca/pysm-data/pysm_2/dust_q_new.fits
2023-03-21 22:52:26,665:INFO:mapsims:Processing channel Channel SAT_f230
2023-03-21 22:52:26,665:INFO:mapsims:Bandpass integration for Channel SAT_f230
2023-03-21 22:53:20,520:INFO:mapsims:Smoothing and coord-transform for Channel SAT_f230
2023-03-21 22:53:24,267:INFO:pysm3:Used map2alm_lsq, converged in 7 iterations,residual relative error 0.19
2023-03-21 22:53:24,267:INFO:pysm3:Smoothing with fwhm of 11.0 arcmin
2023-03-21 22:53:24,316:INFO:pysm3:Rotate Alm
2023-03-21 22:53:26,787:INFO:pysm3:Alm to map HEALPix
2023-03-21 22:53:27,081:INFO:pysm3:Alm to map CAR
2023-03-21 22:53:27,947:INFO:mapsims:Writing output map sobs_mbs-s0012-20230321_SAT_mission_SAT_f230_ame_high_healpix.fits
2023-03-21 22:53:27,947:INFO:mapsims:Replace NaN with UNSEEN
2023-03-21 22:53:27,981:INFO:mapsims:Reorder ring to nest
2023-03-21 22:53:28,926:INFO:mapsims:Writing output map
2023-03-21 22:53:29,527:INFO:mapsims:Writing output map sobs_mbs-s0012-20230321_SAT_mission_SAT_f230_ame_high_car.fits
2023-03-21 22:53:29,528:INFO:mapsims:Writing output map

real	1m6.193s
user	4m50.534s
sys	1m27.295s
