
WARNING: version mismatch between CFITSIO header (v3.47) and linked library (v4.02).


WARNING: version mismatch between CFITSIO header (v3.47) and linked library (v4.02).


WARNING: version mismatch between CFITSIO header (v3.47) and linked library (v4.02).

2023-03-21 23:10:37,423:INFO:mapsims:Parsing configuration from common.toml, co.toml
2023-03-21 23:10:37,434:INFO:mapsims:Nside: 1024, Modeling Nside: 2048, Ellmax: 2560
2023-03-21 23:10:37,437:INFO:mapsims:Initializing the PySM Sky object
2023-03-21 23:10:37,438:INFO:pysm3:Access data from /mnt/sdceph/users/azonca/pysm-data/co/HFI_CompMap_CO-Type1_2048_R2.00_ring.fits
2023-03-21 23:10:37,438:INFO:pysm3:Access data from /mnt/sdceph/users/azonca/pysm-data/co/HFI_CompMap_CO-Type1_2048_R2.00_ring.fits
2023-03-21 23:10:53,645:INFO:pysm3:Access data from /mnt/sdceph/users/azonca/pysm-data/co/psimap_dust90_2048.fits
2023-03-21 23:10:53,646:INFO:pysm3:Access data from /mnt/sdceph/users/azonca/pysm-data/co/psimap_dust90_2048.fits
2023-03-21 23:10:53,971:WARNING:pysm3:No physical unit associated with file /mnt/sdceph/users/azonca/pysm-data/co/psimap_dust90_2048.fits
2023-03-21 23:10:53,972:INFO:pysm3:Access data from /mnt/sdceph/users/azonca/pysm-data/co/gmap_dust90_2048.fits
2023-03-21 23:10:53,973:INFO:pysm3:Access data from /mnt/sdceph/users/azonca/pysm-data/co/gmap_dust90_2048.fits
2023-03-21 23:10:54,296:WARNING:pysm3:No physical unit associated with file /mnt/sdceph/users/azonca/pysm-data/co/gmap_dust90_2048.fits
2023-03-21 23:10:54,297:INFO:pysm3:Access data from /mnt/sdceph/users/azonca/pysm-data/co/mcmoleCO_HGL_2048.fits
2023-03-21 23:10:54,297:INFO:pysm3:Access data from /mnt/sdceph/users/azonca/pysm-data/co/mcmoleCO_HGL_2048.fits
2023-03-21 23:10:55,398:INFO:mapsims:Processing channel Channel SAT_f290
2023-03-21 23:10:55,398:INFO:mapsims:Bandpass integration for Channel SAT_f290
2023-03-21 23:10:59,789:INFO:mapsims:Smoothing and coord-transform for Channel SAT_f290
2023-03-21 23:10:59,790:INFO:pysm3:Using map2alm with pixel weights
2023-03-21 23:11:01,600:INFO:pysm3:Smoothing with fwhm of 9.0 arcmin
2023-03-21 23:11:01,817:INFO:pysm3:Rotate Alm
2023-03-21 23:11:13,458:INFO:pysm3:Alm to map HEALPix
2023-03-21 23:11:13,826:INFO:pysm3:Alm to map CAR
2023-03-21 23:11:14,689:INFO:mapsims:Writing output map sobs_mbs-s0012-20230321_SAT_mission_SAT_f290_co_healpix.fits
2023-03-21 23:11:14,689:INFO:mapsims:Replace NaN with UNSEEN
2023-03-21 23:11:14,724:INFO:mapsims:Reorder ring to nest
2023-03-21 23:11:15,586:INFO:mapsims:Writing output map
2023-03-21 23:11:16,140:INFO:mapsims:Writing output map sobs_mbs-s0012-20230321_SAT_mission_SAT_f290_co_car.fits
2023-03-21 23:11:16,141:INFO:mapsims:Writing output map

real	0m41.352s
user	10m14.818s
sys	0m13.050s
