
WARNING: version mismatch between CFITSIO header (v3.47) and linked library (v4.02).


WARNING: version mismatch between CFITSIO header (v3.47) and linked library (v4.02).


WARNING: version mismatch between CFITSIO header (v3.47) and linked library (v4.02).

2023-03-21 22:35:20,807:INFO:mapsims:Parsing configuration from common.toml, co_low.toml
2023-03-21 22:35:20,819:INFO:mapsims:Nside: 2048, Modeling Nside: 2048, Ellmax: 5120
2023-03-21 22:35:20,821:INFO:mapsims:Initializing the PySM Sky object
2023-03-21 22:35:20,822:INFO:pysm3:Access data from /mnt/sdceph/users/azonca/pysm-data/co/HFI_CompMap_CO-Type1_2048_R2.00_ring.fits
2023-03-21 22:35:20,823:INFO:pysm3:Access data from /mnt/sdceph/users/azonca/pysm-data/co/HFI_CompMap_CO-Type1_2048_R2.00_ring.fits
2023-03-21 22:35:39,383:INFO:mapsims:Processing channel Channel LAT_f040
2023-03-21 22:35:39,383:INFO:mapsims:Bandpass integration for Channel LAT_f040
2023-03-21 22:35:40,252:INFO:mapsims:Smoothing and coord-transform for Channel LAT_f040
/mnt/home/azonca/mambaforge-pypy3/envs/so/lib/python3.10/site-packages/healpy/sphtfunc.py:414: RuntimeWarning: invalid value encountered in double_scalars
  return realalm2alm(res[0]), res[3] / norm(maps.reshape((-1,))), res[2]
2023-03-21 22:35:50,385:INFO:pysm3:Used map2alm_lsq, converged in 0 iterations,residual relative error nan
2023-03-21 22:35:50,385:INFO:pysm3:Smoothing with fwhm of 5.1 arcmin
2023-03-21 22:35:51,234:INFO:pysm3:Rotate Alm
2023-03-21 22:37:06,279:INFO:pysm3:Alm to map HEALPix
2023-03-21 22:37:08,021:INFO:pysm3:Alm to map CAR
2023-03-21 22:37:11,332:INFO:mapsims:Writing output map sobs_mbs-s0012-20230321_LAT_mission_LAT_f040_co_low_healpix.fits
2023-03-21 22:37:11,332:INFO:mapsims:Replace NaN with UNSEEN
2023-03-21 22:37:11,555:INFO:mapsims:Reorder ring to nest
2023-03-21 22:37:15,868:INFO:mapsims:Writing output map
2023-03-21 22:37:17,933:INFO:mapsims:Writing output map sobs_mbs-s0012-20230321_LAT_mission_LAT_f040_co_low_car.fits
2023-03-21 22:37:17,936:INFO:mapsims:Writing output map

real	2m2.866s
user	63m50.644s
sys	0m37.167s
