
WARNING: version mismatch between CFITSIO header (v3.47) and linked library (v4.02).


WARNING: version mismatch between CFITSIO header (v3.47) and linked library (v4.02).


WARNING: version mismatch between CFITSIO header (v3.47) and linked library (v4.02).

2023-03-21 22:35:29,180:INFO:mapsims:Parsing configuration from common.toml, synchrotron.toml
2023-03-21 22:35:29,206:INFO:mapsims:Nside: 8192, Modeling Nside: 8192, Ellmax: 16384
2023-03-21 22:35:29,210:INFO:mapsims:Initializing the PySM Sky object
2023-03-21 22:35:29,211:INFO:pysm3:Access data from /mnt/sdceph/users/azonca/pysm-data/synch/synch_template_nside8192_2023.02.25.fits
2023-03-21 22:36:07,820:INFO:pysm3:Access data from /mnt/sdceph/users/azonca/pysm-data/synch/synch_beta_nside8192.fits
2023-03-21 22:36:17,667:INFO:mapsims:Processing channel Channel LAT_f230
2023-03-21 22:36:17,667:INFO:mapsims:Bandpass integration for Channel LAT_f230
2023-03-21 23:07:14,665:INFO:mapsims:Smoothing and coord-transform for Channel LAT_f230
2023-03-21 23:14:06,951:INFO:pysm3:Used map2alm_lsq, converged in 2 iterations,residual relative error 0.0021
2023-03-21 23:14:06,951:INFO:pysm3:Smoothing with fwhm of 1.0 arcmin
2023-03-21 23:14:12,379:INFO:pysm3:Rotate Alm
2023-03-22 00:24:27,294:INFO:pysm3:Alm to map HEALPix
2023-03-22 00:25:05,829:INFO:pysm3:Alm to map CAR
2023-03-22 00:25:52,741:INFO:mapsims:Writing output map sobs_mbs-s0012-20230321_LAT_mission_LAT_f230_synchrotron_healpix.fits
2023-03-22 00:25:52,741:INFO:mapsims:Replace NaN with UNSEEN
2023-03-22 00:25:54,775:INFO:mapsims:Reorder ring to nest
2023-03-22 00:26:45,599:INFO:mapsims:Writing output map
2023-03-22 00:27:28,413:INFO:mapsims:Writing output map sobs_mbs-s0012-20230321_LAT_mission_LAT_f230_synchrotron_car.fits
2023-03-22 00:27:28,447:INFO:mapsims:Writing output map

real	113m3.646s
user	1798m23.202s
sys	31m1.129s
