
WARNING: version mismatch between CFITSIO header (v3.47) and linked library (v4.02).


WARNING: version mismatch between CFITSIO header (v3.47) and linked library (v4.02).


WARNING: version mismatch between CFITSIO header (v3.47) and linked library (v4.02).

2023-03-21 22:50:00,810:INFO:mapsims:Parsing configuration from common.toml, cmb.toml
2023-03-21 22:50:00,840:INFO:mapsims:Nside: 8192, Modeling Nside: 4096, Ellmax: 10240
2023-03-21 22:50:00,844:INFO:mapsims:Initializing the PySM Sky object
2023-03-21 22:50:00,846:INFO:pysm3:Access data from /mnt/sdceph/users/azonca/pysm-data/websky/0.4/cmb/map_I_lensed_alm_seed1_nside4096.fits
2023-03-21 22:50:00,847:INFO:pysm3:Access data from /mnt/sdceph/users/azonca/pysm-data/websky/0.4/cmb/map_Q_lensed_alm_seed1_nside4096.fits
2023-03-21 22:50:00,848:INFO:pysm3:Access data from /mnt/sdceph/users/azonca/pysm-data/websky/0.4/cmb/map_U_lensed_alm_seed1_nside4096.fits
2023-03-21 22:50:00,849:INFO:pysm3:Access data from /mnt/sdceph/users/azonca/pysm-data/websky/0.4/cmb/map_I_lensed_alm_seed1_nside4096.fits
2023-03-21 22:50:02,663:INFO:pysm3:Access data from /mnt/sdceph/users/azonca/pysm-data/websky/0.4/cmb/map_Q_lensed_alm_seed1_nside4096.fits
2023-03-21 22:50:04,442:INFO:pysm3:Access data from /mnt/sdceph/users/azonca/pysm-data/websky/0.4/cmb/map_U_lensed_alm_seed1_nside4096.fits
2023-03-21 22:50:07,016:INFO:mapsims:Processing channel Channel LAT_f230
2023-03-21 22:50:07,016:INFO:mapsims:Bandpass integration for Channel LAT_f230
2023-03-21 22:50:09,984:INFO:mapsims:Smoothing and coord-transform for Channel LAT_f230
2023-03-21 22:52:21,162:INFO:pysm3:Used map2alm_lsq, converged in 2 iterations,residual relative error 4.5e-08
2023-03-21 22:52:21,163:INFO:pysm3:Smoothing with fwhm of 1.0 arcmin
2023-03-21 22:52:24,816:INFO:pysm3:Rotate Alm
2023-03-21 23:07:04,009:INFO:pysm3:Alm to map HEALPix
2023-03-21 23:07:28,219:INFO:pysm3:Alm to map CAR
2023-03-21 23:08:14,720:INFO:mapsims:Writing output map sobs_mbs-s0012-20230321_LAT_mission_LAT_f230_cmb_healpix.fits
2023-03-21 23:08:14,721:INFO:mapsims:Replace NaN with UNSEEN
2023-03-21 23:08:17,264:INFO:mapsims:Reorder ring to nest
2023-03-21 23:09:20,384:INFO:mapsims:Writing output map
2023-03-21 23:09:57,352:INFO:mapsims:Writing output map sobs_mbs-s0012-20230321_LAT_mission_LAT_f230_cmb_car.fits
2023-03-21 23:09:57,392:INFO:mapsims:Writing output map

real	20m50.900s
user	470m44.496s
sys	3m20.502s
