
WARNING: version mismatch between CFITSIO header (v3.47) and linked library (v4.02).


WARNING: version mismatch between CFITSIO header (v3.47) and linked library (v4.02).


WARNING: version mismatch between CFITSIO header (v3.47) and linked library (v4.02).

2023-03-21 22:35:28,170:INFO:mapsims:Parsing configuration from common.toml, dust.toml
2023-03-21 22:35:28,190:INFO:mapsims:Nside: 512, Modeling Nside: 2048, Ellmax: 1280
2023-03-21 22:35:28,212:INFO:mapsims:Initializing the PySM Sky object
2023-03-21 22:35:28,215:INFO:pysm3:Access data from /mnt/sdceph/users/azonca/pysm-data/dust_gnilc/gnilc_dust_template_nside2048.fits
2023-03-21 22:35:31,922:INFO:pysm3:Access data from /mnt/sdceph/users/azonca/pysm-data/dust_gnilc/gnilc_dust_beta_nside2048.fits
2023-03-21 22:35:33,361:INFO:pysm3:Access data from /mnt/sdceph/users/azonca/pysm-data/dust_gnilc/gnilc_dust_Td_nside2048.fits
2023-03-21 22:35:34,842:INFO:mapsims:Processing channel Channel SAT_f150
2023-03-21 22:35:34,842:INFO:mapsims:Bandpass integration for Channel SAT_f150
2023-03-21 22:38:04,646:INFO:mapsims:Smoothing and coord-transform for Channel SAT_f150
2023-03-21 22:38:04,652:INFO:pysm3:Using map2alm with pixel weights
2023-03-21 22:38:06,168:INFO:pysm3:Smoothing with fwhm of 17.0 arcmin
2023-03-21 22:38:06,221:INFO:pysm3:Rotate Alm
2023-03-21 22:38:08,704:INFO:pysm3:Alm to map HEALPix
2023-03-21 22:38:08,793:INFO:pysm3:Alm to map CAR
2023-03-21 22:38:09,369:INFO:mapsims:Writing output map sobs_mbs-s0012-20230321_SAT_mission_SAT_f150_dust_healpix.fits
2023-03-21 22:38:09,370:INFO:mapsims:Replace NaN with UNSEEN
2023-03-21 22:38:09,377:INFO:mapsims:Reorder ring to nest
2023-03-21 22:38:09,568:INFO:mapsims:Writing output map
2023-03-21 22:38:09,728:INFO:mapsims:Writing output map sobs_mbs-s0012-20230321_SAT_mission_SAT_f150_dust_car.fits
2023-03-21 22:38:09,728:INFO:mapsims:Writing output map

real	2m48.036s
user	8m31.515s
sys	0m55.995s
