
WARNING: version mismatch between CFITSIO header (v3.47) and linked library (v4.02).


WARNING: version mismatch between CFITSIO header (v3.47) and linked library (v4.02).


WARNING: version mismatch between CFITSIO header (v3.47) and linked library (v4.02).

2023-03-21 23:08:46,941:INFO:mapsims:Parsing configuration from common.toml, dust_high.toml
2023-03-21 23:08:46,954:INFO:mapsims:Nside: 1024, Modeling Nside: 2048, Ellmax: 2560
2023-03-21 23:08:46,956:INFO:mapsims:Initializing the PySM Sky object
2023-03-21 23:08:49,374:INFO:pysm3:Access data from /mnt/sdceph/users/azonca/pysm-data/mkd_dust/2048/thermaldust_ampl1.fits
2023-03-21 23:08:51,319:INFO:pysm3:Access data from /mnt/sdceph/users/azonca/pysm-data/mkd_dust/2048/thermaldust_ampl2.fits
2023-03-21 23:08:53,432:INFO:pysm3:Access data from /mnt/sdceph/users/azonca/pysm-data/mkd_dust/2048/thermaldust_ampl3.fits
2023-03-21 23:08:55,351:INFO:pysm3:Access data from /mnt/sdceph/users/azonca/pysm-data/mkd_dust/2048/thermaldust_ampl4.fits
2023-03-21 23:08:57,257:INFO:pysm3:Access data from /mnt/sdceph/users/azonca/pysm-data/mkd_dust/2048/thermaldust_ampl5.fits
2023-03-21 23:08:59,169:INFO:pysm3:Access data from /mnt/sdceph/users/azonca/pysm-data/mkd_dust/2048/thermaldust_ampl6.fits
2023-03-21 23:09:07,891:INFO:pysm3:Access data from /mnt/sdceph/users/azonca/pysm-data/mkd_dust/2048/thermaldust_specind1.fits
2023-03-21 23:09:08,689:INFO:pysm3:Access data from /mnt/sdceph/users/azonca/pysm-data/mkd_dust/2048/thermaldust_specind2.fits
2023-03-21 23:09:09,345:INFO:pysm3:Access data from /mnt/sdceph/users/azonca/pysm-data/mkd_dust/2048/thermaldust_specind3.fits
2023-03-21 23:09:09,945:INFO:pysm3:Access data from /mnt/sdceph/users/azonca/pysm-data/mkd_dust/2048/thermaldust_specind4.fits
2023-03-21 23:09:10,593:INFO:pysm3:Access data from /mnt/sdceph/users/azonca/pysm-data/mkd_dust/2048/thermaldust_specind5.fits
2023-03-21 23:09:11,324:INFO:pysm3:Access data from /mnt/sdceph/users/azonca/pysm-data/mkd_dust/2048/thermaldust_specind6.fits
2023-03-21 23:09:12,810:INFO:pysm3:Access data from /mnt/sdceph/users/azonca/pysm-data/mkd_dust/2048/thermaldust_temp1.fits
2023-03-21 23:09:13,408:INFO:pysm3:Access data from /mnt/sdceph/users/azonca/pysm-data/mkd_dust/2048/thermaldust_temp2.fits
2023-03-21 23:09:13,966:INFO:pysm3:Access data from /mnt/sdceph/users/azonca/pysm-data/mkd_dust/2048/thermaldust_temp3.fits
2023-03-21 23:09:14,524:INFO:pysm3:Access data from /mnt/sdceph/users/azonca/pysm-data/mkd_dust/2048/thermaldust_temp4.fits
2023-03-21 23:09:15,082:INFO:pysm3:Access data from /mnt/sdceph/users/azonca/pysm-data/mkd_dust/2048/thermaldust_temp5.fits
2023-03-21 23:09:15,674:INFO:pysm3:Access data from /mnt/sdceph/users/azonca/pysm-data/mkd_dust/2048/thermaldust_temp6.fits
2023-03-21 23:09:16,450:INFO:mapsims:Processing channel Channel SAT_f290
2023-03-21 23:09:16,450:INFO:mapsims:Bandpass integration for Channel SAT_f290
2023-03-22 01:06:13,321:INFO:mapsims:Smoothing and coord-transform for Channel SAT_f290
2023-03-22 01:06:13,322:INFO:pysm3:Using map2alm with pixel weights
2023-03-22 01:06:15,305:INFO:pysm3:Smoothing with fwhm of 9.0 arcmin
2023-03-22 01:06:15,516:INFO:pysm3:Rotate Alm
2023-03-22 01:06:27,992:INFO:pysm3:Alm to map HEALPix
2023-03-22 01:06:28,360:INFO:pysm3:Alm to map CAR
2023-03-22 01:06:29,171:INFO:mapsims:Writing output map sobs_mbs-s0012-20230321_SAT_mission_SAT_f290_dust_high_healpix.fits
2023-03-22 01:06:29,172:INFO:mapsims:Replace NaN with UNSEEN
2023-03-22 01:06:29,227:INFO:mapsims:Reorder ring to nest
2023-03-22 01:06:30,105:INFO:mapsims:Writing output map
2023-03-22 01:06:30,740:INFO:mapsims:Writing output map sobs_mbs-s0012-20230321_SAT_mission_SAT_f290_dust_high_car.fits
2023-03-22 01:06:30,741:INFO:mapsims:Writing output map

real	117m46.836s
user	299m47.403s
sys	36m31.683s
