
WARNING: version mismatch between CFITSIO header (v3.47) and linked library (v4.02).


WARNING: version mismatch between CFITSIO header (v3.47) and linked library (v4.02).


WARNING: version mismatch between CFITSIO header (v3.47) and linked library (v4.02).

2023-03-21 22:46:46,918:INFO:mapsims:Parsing configuration from common.toml, ame.toml
2023-03-21 22:46:46,942:INFO:mapsims:Nside: 8192, Modeling Nside: 512, Ellmax: 1280
2023-03-21 22:46:46,946:INFO:mapsims:Initializing the PySM Sky object
2023-03-21 22:46:46,948:INFO:pysm3:Access data from /mnt/sdceph/users/azonca/pysm-data/pysm_2/ame_t_new.fits
2023-03-21 22:46:47,029:INFO:pysm3:Access data from /mnt/sdceph/users/azonca/pysm-data/pysm_2/ame_nu_peak_0.fits
2023-03-21 22:46:47,078:INFO:pysm3:Access data from /mnt/sdceph/users/azonca/pysm-data/pysm_2/emissivity.txt
2023-03-21 22:46:47,084:INFO:pysm3:Access data from /mnt/sdceph/users/azonca/pysm-data/pysm_2/ame2_t_new.fits
2023-03-21 22:46:47,127:INFO:pysm3:Access data from /mnt/sdceph/users/azonca/pysm-data/pysm_2/emissivity.txt
2023-03-21 22:46:47,130:INFO:mapsims:Processing channel Channel LAT_f150
2023-03-21 22:46:47,130:INFO:mapsims:Bandpass integration for Channel LAT_f150
2023-03-21 22:46:58,963:INFO:mapsims:Smoothing and coord-transform for Channel LAT_f150
2023-03-21 22:47:02,812:INFO:pysm3:Used map2alm_lsq, converged in 7 iterations,residual relative error 0.19
2023-03-21 22:47:02,813:INFO:pysm3:Smoothing with fwhm of 1.4 arcmin
2023-03-21 22:47:02,859:INFO:pysm3:Rotate Alm
2023-03-21 22:47:05,097:INFO:pysm3:Alm to map HEALPix
2023-03-21 22:47:20,394:INFO:pysm3:Alm to map CAR
2023-03-21 22:47:59,887:INFO:mapsims:Writing output map sobs_mbs-s0012-20230321_LAT_mission_LAT_f150_ame_healpix.fits
2023-03-21 22:47:59,887:INFO:mapsims:Replace NaN with UNSEEN
2023-03-21 22:48:02,585:INFO:mapsims:Reorder ring to nest
2023-03-21 22:49:06,819:INFO:mapsims:Writing output map
2023-03-21 22:49:43,664:INFO:mapsims:Writing output map sobs_mbs-s0012-20230321_LAT_mission_LAT_f150_ame_car.fits
2023-03-21 22:49:43,704:INFO:mapsims:Writing output map

real	3m51.383s
user	6m23.114s
sys	2m27.096s
