
WARNING: version mismatch between CFITSIO header (v3.47) and linked library (v4.02).


WARNING: version mismatch between CFITSIO header (v3.47) and linked library (v4.02).


WARNING: version mismatch between CFITSIO header (v3.47) and linked library (v4.02).

2023-03-21 22:35:28,433:INFO:mapsims:Parsing configuration from common.toml, ksz.toml
2023-03-21 22:35:28,457:INFO:mapsims:Nside: 1024, Modeling Nside: 4096, Ellmax: 2560
2023-03-21 22:35:28,478:INFO:mapsims:Initializing the PySM Sky object
2023-03-21 22:35:28,481:INFO:pysm3:Access data from /mnt/sdceph/users/azonca/pysm-data/websky/0.4/ksz.fits
2023-03-21 22:35:28,482:INFO:pysm3:Access data from /mnt/sdceph/users/azonca/pysm-data/websky/0.4/ksz.fits
2023-03-21 22:35:34,366:INFO:mapsims:Processing channel Channel SAT_f230
2023-03-21 22:35:34,366:INFO:mapsims:Bandpass integration for Channel SAT_f230
2023-03-21 22:37:44,793:INFO:mapsims:Smoothing and coord-transform for Channel SAT_f230
2023-03-21 22:37:44,798:INFO:pysm3:Using map2alm with pixel weights
2023-03-21 22:37:50,106:INFO:pysm3:Smoothing with fwhm of 11.0 arcmin
2023-03-21 22:37:50,328:INFO:pysm3:Rotate Alm
2023-03-21 22:38:03,821:INFO:pysm3:Alm to map HEALPix
2023-03-21 22:38:04,221:INFO:pysm3:Alm to map CAR
2023-03-21 22:38:05,064:INFO:mapsims:Writing output map sobs_mbs-s0012-20230321_SAT_mission_SAT_f230_ksz_healpix.fits
2023-03-21 22:38:05,064:INFO:mapsims:Replace NaN with UNSEEN
2023-03-21 22:38:05,102:INFO:mapsims:Reorder ring to nest
2023-03-21 22:38:05,976:INFO:mapsims:Writing output map
2023-03-21 22:38:06,647:INFO:mapsims:Writing output map sobs_mbs-s0012-20230321_SAT_mission_SAT_f230_ksz_car.fits
2023-03-21 22:38:06,648:INFO:mapsims:Writing output map

real	2m45.437s
user	13m3.045s
sys	1m4.391s
