
WARNING: version mismatch between CFITSIO header (v3.47) and linked library (v4.02).


WARNING: version mismatch between CFITSIO header (v3.47) and linked library (v4.02).


WARNING: version mismatch between CFITSIO header (v3.47) and linked library (v4.02).

2023-03-21 22:35:25,175:INFO:mapsims:Parsing configuration from common.toml, co_low.toml
2023-03-21 22:35:25,198:INFO:mapsims:Nside: 512, Modeling Nside: 2048, Ellmax: 1280
2023-03-21 22:35:25,218:INFO:mapsims:Initializing the PySM Sky object
2023-03-21 22:35:25,219:INFO:pysm3:Access data from /mnt/sdceph/users/azonca/pysm-data/co/HFI_CompMap_CO-Type1_2048_R2.00_ring.fits
2023-03-21 22:35:25,220:INFO:pysm3:Access data from /mnt/sdceph/users/azonca/pysm-data/co/HFI_CompMap_CO-Type1_2048_R2.00_ring.fits
2023-03-21 22:35:42,694:INFO:mapsims:Processing channel Channel SAT_f090
2023-03-21 22:35:42,694:INFO:mapsims:Bandpass integration for Channel SAT_f090
2023-03-21 22:35:44,058:INFO:mapsims:Smoothing and coord-transform for Channel SAT_f090
2023-03-21 22:35:44,062:INFO:pysm3:Using map2alm with pixel weights
2023-03-21 22:35:45,636:INFO:pysm3:Smoothing with fwhm of 30.0 arcmin
2023-03-21 22:35:45,691:INFO:pysm3:Rotate Alm
2023-03-21 22:35:48,090:INFO:pysm3:Alm to map HEALPix
2023-03-21 22:35:48,173:INFO:pysm3:Alm to map CAR
2023-03-21 22:35:48,684:INFO:mapsims:Writing output map sobs_mbs-s0012-20230321_SAT_mission_SAT_f090_co_low_healpix.fits
2023-03-21 22:35:48,684:INFO:mapsims:Replace NaN with UNSEEN
2023-03-21 22:35:48,691:INFO:mapsims:Reorder ring to nest
2023-03-21 22:35:48,889:INFO:mapsims:Writing output map
2023-03-21 22:35:49,055:INFO:mapsims:Writing output map sobs_mbs-s0012-20230321_SAT_mission_SAT_f090_co_low_car.fits
2023-03-21 22:35:49,055:INFO:mapsims:Writing output map

real	0m30.486s
user	2m34.037s
sys	0m9.863s
