
WARNING: version mismatch between CFITSIO header (v3.47) and linked library (v4.02).


WARNING: version mismatch between CFITSIO header (v3.47) and linked library (v4.02).


WARNING: version mismatch between CFITSIO header (v3.47) and linked library (v4.02).

2023-03-21 22:58:16,060:INFO:mapsims:Parsing configuration from common.toml, tsz.toml
2023-03-21 22:58:16,071:INFO:mapsims:Nside: 128, Modeling Nside: 8192, Ellmax: 320
2023-03-21 22:58:16,073:INFO:mapsims:Initializing the PySM Sky object
2023-03-21 22:58:16,075:INFO:pysm3:Access data from /mnt/sdceph/users/azonca/pysm-data/websky/0.4/tsz_8192_hp.fits
2023-03-21 22:58:16,076:INFO:pysm3:Access data from /mnt/sdceph/users/azonca/pysm-data/websky/0.4/tsz_8192_hp.fits
2023-03-21 22:58:22,607:INFO:mapsims:Processing channel Channel SAT_f030
2023-03-21 22:58:22,607:INFO:mapsims:Bandpass integration for Channel SAT_f030
2023-03-21 23:04:26,974:INFO:mapsims:Smoothing and coord-transform for Channel SAT_f030
2023-03-21 23:04:26,975:INFO:pysm3:Using map2alm with pixel weights
2023-03-21 23:04:45,690:INFO:pysm3:Smoothing with fwhm of 91.0 arcmin
2023-03-21 23:04:45,693:INFO:pysm3:Rotate Alm
2023-03-21 23:04:45,856:INFO:pysm3:Alm to map HEALPix
2023-03-21 23:04:45,861:INFO:pysm3:Alm to map CAR
2023-03-21 23:04:45,971:INFO:mapsims:Writing output map sobs_mbs-s0012-20230321_SAT_mission_SAT_f030_tsz_healpix.fits
2023-03-21 23:04:45,971:INFO:mapsims:Replace NaN with UNSEEN
2023-03-21 23:04:45,971:INFO:mapsims:Reorder ring to nest
2023-03-21 23:04:45,982:INFO:mapsims:Writing output map
2023-03-21 23:04:46,008:INFO:mapsims:Writing output map sobs_mbs-s0012-20230321_SAT_mission_SAT_f030_tsz_car.fits
2023-03-21 23:04:46,009:INFO:mapsims:Writing output map

real	6m32.022s
user	9m6.839s
sys	5m49.898s
