
WARNING: version mismatch between CFITSIO header (v3.47) and linked library (v4.02).


WARNING: version mismatch between CFITSIO header (v3.47) and linked library (v4.02).


WARNING: version mismatch between CFITSIO header (v3.47) and linked library (v4.02).

2023-03-21 22:52:33,350:INFO:mapsims:Parsing configuration from common.toml, synchrotron_low.toml
2023-03-21 22:52:33,360:INFO:mapsims:Nside: 2048, Modeling Nside: 4096, Ellmax: 5120
2023-03-21 22:52:33,363:INFO:mapsims:Initializing the PySM Sky object
2023-03-21 22:52:33,364:INFO:pysm3:Access data from /mnt/sdceph/users/azonca/pysm-data/synch/synch_template_nside4096_2023.02.25.fits
2023-03-21 22:52:42,538:INFO:mapsims:Processing channel Channel LAT_f030
2023-03-21 22:52:42,539:INFO:mapsims:Bandpass integration for Channel LAT_f030
2023-03-21 22:57:54,956:INFO:mapsims:Smoothing and coord-transform for Channel LAT_f030
2023-03-21 22:57:54,958:INFO:pysm3:Using map2alm with pixel weights
2023-03-21 22:58:01,742:INFO:pysm3:Smoothing with fwhm of 7.4 arcmin
2023-03-21 22:58:02,624:INFO:pysm3:Rotate Alm
2023-03-21 22:59:30,335:INFO:pysm3:Alm to map HEALPix
2023-03-21 22:59:32,049:INFO:pysm3:Alm to map CAR
2023-03-21 22:59:35,170:INFO:mapsims:Writing output map sobs_mbs-s0012-20230321_LAT_mission_LAT_f030_synchrotron_low_healpix.fits
2023-03-21 22:59:35,171:INFO:mapsims:Replace NaN with UNSEEN
2023-03-21 22:59:35,307:INFO:mapsims:Reorder ring to nest
2023-03-21 22:59:39,320:INFO:mapsims:Writing output map
2023-03-21 22:59:41,470:INFO:mapsims:Writing output map sobs_mbs-s0012-20230321_LAT_mission_LAT_f030_synchrotron_low_car.fits
2023-03-21 22:59:41,473:INFO:mapsims:Writing output map

real	7m13.521s
user	73m17.091s
sys	6m32.439s
