
WARNING: version mismatch between CFITSIO header (v3.47) and linked library (v4.02).


WARNING: version mismatch between CFITSIO header (v3.47) and linked library (v4.02).


WARNING: version mismatch between CFITSIO header (v3.47) and linked library (v4.02).

2023-03-21 22:35:28,393:INFO:mapsims:Parsing configuration from common.toml, ksz.toml
2023-03-21 22:35:28,416:INFO:mapsims:Nside: 8192, Modeling Nside: 4096, Ellmax: 10240
2023-03-21 22:35:28,438:INFO:mapsims:Initializing the PySM Sky object
2023-03-21 22:35:28,440:INFO:pysm3:Access data from /mnt/sdceph/users/azonca/pysm-data/websky/0.4/ksz.fits
2023-03-21 22:35:28,441:INFO:pysm3:Access data from /mnt/sdceph/users/azonca/pysm-data/websky/0.4/ksz.fits
2023-03-21 22:35:35,476:INFO:mapsims:Processing channel Channel LAT_f150
2023-03-21 22:35:35,476:INFO:mapsims:Bandpass integration for Channel LAT_f150
2023-03-21 22:36:00,865:INFO:mapsims:Smoothing and coord-transform for Channel LAT_f150
2023-03-21 22:42:50,017:WARNING:pysm3:hp.map2alm_lsq did not converge in 10 iterations, residual relative error is 0.19
2023-03-21 22:42:50,018:INFO:pysm3:Smoothing with fwhm of 1.4 arcmin
2023-03-21 22:42:53,716:INFO:pysm3:Rotate Alm
2023-03-21 22:53:41,301:INFO:pysm3:Alm to map HEALPix
2023-03-21 22:54:05,113:INFO:pysm3:Alm to map CAR
2023-03-21 22:54:48,846:INFO:mapsims:Writing output map sobs_mbs-s0012-20230321_LAT_mission_LAT_f150_ksz_healpix.fits
2023-03-21 22:54:48,847:INFO:mapsims:Replace NaN with UNSEEN
2023-03-21 22:54:51,404:INFO:mapsims:Reorder ring to nest
2023-03-21 22:55:54,320:INFO:mapsims:Writing output map
2023-03-21 22:56:30,854:INFO:mapsims:Writing output map sobs_mbs-s0012-20230321_LAT_mission_LAT_f150_ksz_car.fits
2023-03-21 22:56:30,893:INFO:mapsims:Writing output map

real	21m53.993s
user	527m53.533s
sys	7m33.837s
