
WARNING: version mismatch between CFITSIO header (v3.47) and linked library (v4.02).


WARNING: version mismatch between CFITSIO header (v3.47) and linked library (v4.02).


WARNING: version mismatch between CFITSIO header (v3.47) and linked library (v4.02).

2023-03-21 22:38:10,212:INFO:mapsims:Parsing configuration from common.toml, cib.toml
2023-03-21 22:38:10,224:INFO:mapsims:Nside: 128, Modeling Nside: 4096, Ellmax: 320
2023-03-21 22:38:10,227:INFO:mapsims:Initializing the PySM Sky object
2023-03-21 22:38:10,435:INFO:mapsims:Processing channel Channel SAT_f030
2023-03-21 22:38:10,435:INFO:mapsims:Bandpass integration for Channel SAT_f030
2023-03-21 22:38:10,600:INFO:pysm3:Frequencies considered: [ 1.  18.7 21.6 24.5 27.3 30.  35.9 41.7 44.  47.4 63.9]
2023-03-21 22:38:10,737:INFO:pysm3:Access data from /mnt/sdceph/users/azonca/pysm-data/websky/0.4/cib/cib_0001.0.fits
2023-03-21 22:38:10,738:INFO:pysm3:Reading map /mnt/sdceph/users/azonca/pysm-data/websky/0.4/cib/cib_0001.0.fits
2023-03-21 22:38:10,739:INFO:pysm3:Access data from /mnt/sdceph/users/azonca/pysm-data/websky/0.4/cib/cib_0001.0.fits
2023-03-21 22:38:18,266:INFO:pysm3:Access data from /mnt/sdceph/users/azonca/pysm-data/websky/0.4/cib/cib_0001.0.fits
2023-03-21 22:38:22,854:INFO:pysm3:Mean emission at 1.0 GHz in I: 353.6 uK_RJ
2023-03-21 22:38:22,954:INFO:pysm3:Access data from /mnt/sdceph/users/azonca/pysm-data/websky/0.4/cib/cib_0018.7.fits
2023-03-21 22:38:22,955:INFO:pysm3:Reading map /mnt/sdceph/users/azonca/pysm-data/websky/0.4/cib/cib_0018.7.fits
2023-03-21 22:38:22,956:INFO:pysm3:Access data from /mnt/sdceph/users/azonca/pysm-data/websky/0.4/cib/cib_0018.7.fits
2023-03-21 22:38:26,987:INFO:pysm3:Access data from /mnt/sdceph/users/azonca/pysm-data/websky/0.4/cib/cib_0018.7.fits
2023-03-21 22:38:31,078:INFO:pysm3:Mean emission at 18.7 GHz in I: 1.008 uK_RJ
2023-03-21 22:38:31,080:INFO:pysm3:Access data from /mnt/sdceph/users/azonca/pysm-data/websky/0.4/cib/cib_0021.6.fits
2023-03-21 22:38:31,080:INFO:pysm3:Reading map /mnt/sdceph/users/azonca/pysm-data/websky/0.4/cib/cib_0021.6.fits
2023-03-21 22:38:31,081:INFO:pysm3:Access data from /mnt/sdceph/users/azonca/pysm-data/websky/0.4/cib/cib_0021.6.fits
2023-03-21 22:38:36,166:INFO:pysm3:Access data from /mnt/sdceph/users/azonca/pysm-data/websky/0.4/cib/cib_0021.6.fits
2023-03-21 22:38:40,255:INFO:pysm3:Mean emission at 21.6 GHz in I: 1.26 uK_RJ
2023-03-21 22:38:40,257:INFO:pysm3:Access data from /mnt/sdceph/users/azonca/pysm-data/websky/0.4/cib/cib_0024.5.fits
2023-03-21 22:38:40,257:INFO:pysm3:Reading map /mnt/sdceph/users/azonca/pysm-data/websky/0.4/cib/cib_0024.5.fits
2023-03-21 22:38:40,258:INFO:pysm3:Access data from /mnt/sdceph/users/azonca/pysm-data/websky/0.4/cib/cib_0024.5.fits
2023-03-21 22:38:43,287:INFO:pysm3:Access data from /mnt/sdceph/users/azonca/pysm-data/websky/0.4/cib/cib_0024.5.fits
2023-03-21 22:38:47,386:INFO:pysm3:Mean emission at 24.5 GHz in I: 1.529 uK_RJ
2023-03-21 22:38:47,388:INFO:pysm3:Access data from /mnt/sdceph/users/azonca/pysm-data/websky/0.4/cib/cib_0027.3.fits
2023-03-21 22:38:47,388:INFO:pysm3:Reading map /mnt/sdceph/users/azonca/pysm-data/websky/0.4/cib/cib_0027.3.fits
2023-03-21 22:38:47,389:INFO:pysm3:Access data from /mnt/sdceph/users/azonca/pysm-data/websky/0.4/cib/cib_0027.3.fits
2023-03-21 22:38:50,564:INFO:pysm3:Access data from /mnt/sdceph/users/azonca/pysm-data/websky/0.4/cib/cib_0027.3.fits
2023-03-21 22:38:54,657:INFO:pysm3:Mean emission at 27.3 GHz in I: 1.805 uK_RJ
2023-03-21 22:38:54,659:INFO:pysm3:Access data from /mnt/sdceph/users/azonca/pysm-data/websky/0.4/cib/cib_0030.0.fits
2023-03-21 22:38:54,659:INFO:pysm3:Reading map /mnt/sdceph/users/azonca/pysm-data/websky/0.4/cib/cib_0030.0.fits
2023-03-21 22:38:54,660:INFO:pysm3:Access data from /mnt/sdceph/users/azonca/pysm-data/websky/0.4/cib/cib_0030.0.fits
2023-03-21 22:38:58,502:INFO:pysm3:Access data from /mnt/sdceph/users/azonca/pysm-data/websky/0.4/cib/cib_0030.0.fits
2023-03-21 22:39:02,587:INFO:pysm3:Mean emission at 30.0 GHz in I: 2.083 uK_RJ
2023-03-21 22:39:02,593:INFO:pysm3:Access data from /mnt/sdceph/users/azonca/pysm-data/websky/0.4/cib/cib_0035.9.fits
2023-03-21 22:39:02,594:INFO:pysm3:Reading map /mnt/sdceph/users/azonca/pysm-data/websky/0.4/cib/cib_0035.9.fits
2023-03-21 22:39:02,595:INFO:pysm3:Access data from /mnt/sdceph/users/azonca/pysm-data/websky/0.4/cib/cib_0035.9.fits
2023-03-21 22:39:05,879:INFO:pysm3:Access data from /mnt/sdceph/users/azonca/pysm-data/websky/0.4/cib/cib_0035.9.fits
2023-03-21 22:39:09,970:INFO:pysm3:Mean emission at 35.9 GHz in I: 2.731 uK_RJ
2023-03-21 22:39:09,971:INFO:pysm3:Access data from /mnt/sdceph/users/azonca/pysm-data/websky/0.4/cib/cib_0041.7.fits
2023-03-21 22:39:09,971:INFO:pysm3:Reading map /mnt/sdceph/users/azonca/pysm-data/websky/0.4/cib/cib_0041.7.fits
2023-03-21 22:39:09,972:INFO:pysm3:Access data from /mnt/sdceph/users/azonca/pysm-data/websky/0.4/cib/cib_0041.7.fits
2023-03-21 22:39:13,124:INFO:pysm3:Access data from /mnt/sdceph/users/azonca/pysm-data/websky/0.4/cib/cib_0041.7.fits
2023-03-21 22:39:17,204:INFO:pysm3:Mean emission at 41.7 GHz in I: 3.415 uK_RJ
2023-03-21 22:39:17,206:INFO:pysm3:Access data from /mnt/sdceph/users/azonca/pysm-data/websky/0.4/cib/cib_0044.0.fits
2023-03-21 22:39:17,206:INFO:pysm3:Reading map /mnt/sdceph/users/azonca/pysm-data/websky/0.4/cib/cib_0044.0.fits
2023-03-21 22:39:17,207:INFO:pysm3:Access data from /mnt/sdceph/users/azonca/pysm-data/websky/0.4/cib/cib_0044.0.fits
2023-03-21 22:39:20,995:INFO:pysm3:Access data from /mnt/sdceph/users/azonca/pysm-data/websky/0.4/cib/cib_0044.0.fits
2023-03-21 22:39:25,084:INFO:pysm3:Mean emission at 44.0 GHz in I: 3.698 uK_RJ
2023-03-21 22:39:25,086:INFO:pysm3:Access data from /mnt/sdceph/users/azonca/pysm-data/websky/0.4/cib/cib_0047.4.fits
2023-03-21 22:39:25,086:INFO:pysm3:Reading map /mnt/sdceph/users/azonca/pysm-data/websky/0.4/cib/cib_0047.4.fits
2023-03-21 22:39:25,087:INFO:pysm3:Access data from /mnt/sdceph/users/azonca/pysm-data/websky/0.4/cib/cib_0047.4.fits
2023-03-21 22:39:28,169:INFO:pysm3:Access data from /mnt/sdceph/users/azonca/pysm-data/websky/0.4/cib/cib_0047.4.fits
2023-03-21 22:39:32,263:INFO:pysm3:Mean emission at 47.4 GHz in I: 4.126 uK_RJ
2023-03-21 22:39:32,265:INFO:pysm3:Access data from /mnt/sdceph/users/azonca/pysm-data/websky/0.4/cib/cib_0063.9.fits
2023-03-21 22:39:32,265:INFO:pysm3:Reading map /mnt/sdceph/users/azonca/pysm-data/websky/0.4/cib/cib_0063.9.fits
2023-03-21 22:39:32,266:INFO:pysm3:Access data from /mnt/sdceph/users/azonca/pysm-data/websky/0.4/cib/cib_0063.9.fits
2023-03-21 22:39:35,520:INFO:pysm3:Access data from /mnt/sdceph/users/azonca/pysm-data/websky/0.4/cib/cib_0063.9.fits
2023-03-21 22:39:39,610:INFO:pysm3:Mean emission at 63.9 GHz in I: 6.347 uK_RJ
2023-03-21 22:44:44,306:INFO:mapsims:Smoothing and coord-transform for Channel SAT_f030
2023-03-21 22:44:44,307:INFO:pysm3:Using map2alm with pixel weights
2023-03-21 22:44:49,155:INFO:pysm3:Smoothing with fwhm of 91.0 arcmin
2023-03-21 22:44:49,158:INFO:pysm3:Rotate Alm
2023-03-21 22:44:49,273:INFO:pysm3:Alm to map HEALPix
2023-03-21 22:44:49,279:INFO:pysm3:Alm to map CAR
2023-03-21 22:44:49,386:INFO:mapsims:Writing output map sobs_mbs-s0012-20230321_SAT_mission_SAT_f030_cib_healpix.fits
2023-03-21 22:44:49,386:INFO:mapsims:Replace NaN with UNSEEN
2023-03-21 22:44:49,387:INFO:mapsims:Reorder ring to nest
2023-03-21 22:44:49,397:INFO:mapsims:Writing output map
2023-03-21 22:44:49,426:INFO:mapsims:Writing output map sobs_mbs-s0012-20230321_SAT_mission_SAT_f030_cib_car.fits
2023-03-21 22:44:49,426:INFO:mapsims:Writing output map

real	6m41.304s
user	4m16.484s
sys	2m34.789s
