
WARNING: version mismatch between CFITSIO header (v3.47) and linked library (v4.02).


WARNING: version mismatch between CFITSIO header (v3.47) and linked library (v4.02).


WARNING: version mismatch between CFITSIO header (v3.47) and linked library (v4.02).

2023-03-21 23:08:46,969:INFO:mapsims:Parsing configuration from common.toml, co.toml
2023-03-21 23:08:46,978:INFO:mapsims:Nside: 8192, Modeling Nside: 2048, Ellmax: 5120
2023-03-21 23:08:46,981:INFO:mapsims:Initializing the PySM Sky object
2023-03-21 23:08:46,982:INFO:pysm3:Access data from /mnt/sdceph/users/azonca/pysm-data/co/HFI_CompMap_CO-Type1_2048_R2.00_ring.fits
2023-03-21 23:08:46,983:INFO:pysm3:Access data from /mnt/sdceph/users/azonca/pysm-data/co/HFI_CompMap_CO-Type1_2048_R2.00_ring.fits
2023-03-21 23:09:04,251:INFO:pysm3:Access data from /mnt/sdceph/users/azonca/pysm-data/co/psimap_dust90_2048.fits
2023-03-21 23:09:04,252:INFO:pysm3:Access data from /mnt/sdceph/users/azonca/pysm-data/co/psimap_dust90_2048.fits
2023-03-21 23:09:04,735:WARNING:pysm3:No physical unit associated with file /mnt/sdceph/users/azonca/pysm-data/co/psimap_dust90_2048.fits
2023-03-21 23:09:04,736:INFO:pysm3:Access data from /mnt/sdceph/users/azonca/pysm-data/co/gmap_dust90_2048.fits
2023-03-21 23:09:04,737:INFO:pysm3:Access data from /mnt/sdceph/users/azonca/pysm-data/co/gmap_dust90_2048.fits
2023-03-21 23:09:05,269:WARNING:pysm3:No physical unit associated with file /mnt/sdceph/users/azonca/pysm-data/co/gmap_dust90_2048.fits
2023-03-21 23:09:05,270:INFO:pysm3:Access data from /mnt/sdceph/users/azonca/pysm-data/co/mcmoleCO_HGL_2048.fits
2023-03-21 23:09:05,271:INFO:pysm3:Access data from /mnt/sdceph/users/azonca/pysm-data/co/mcmoleCO_HGL_2048.fits
2023-03-21 23:09:07,015:INFO:mapsims:Processing channel Channel LAT_f090
2023-03-21 23:09:07,015:INFO:mapsims:Bandpass integration for Channel LAT_f090
2023-03-21 23:09:07,865:INFO:mapsims:Smoothing and coord-transform for Channel LAT_f090
/mnt/home/azonca/mambaforge-pypy3/envs/so/lib/python3.10/site-packages/healpy/sphtfunc.py:414: RuntimeWarning: invalid value encountered in double_scalars
  return realalm2alm(res[0]), res[3] / norm(maps.reshape((-1,))), res[2]
2023-03-21 23:09:17,658:INFO:pysm3:Used map2alm_lsq, converged in 0 iterations,residual relative error nan
2023-03-21 23:09:17,658:INFO:pysm3:Smoothing with fwhm of 2.2 arcmin
2023-03-21 23:09:18,591:INFO:pysm3:Rotate Alm
2023-03-21 23:10:35,278:INFO:pysm3:Alm to map HEALPix
2023-03-21 23:10:52,047:INFO:pysm3:Alm to map CAR
2023-03-21 23:11:32,384:INFO:mapsims:Writing output map sobs_mbs-s0012-20230321_LAT_mission_LAT_f090_co_healpix.fits
2023-03-21 23:11:32,384:INFO:mapsims:Replace NaN with UNSEEN
2023-03-21 23:11:35,116:INFO:mapsims:Reorder ring to nest
2023-03-21 23:12:38,468:INFO:mapsims:Writing output map
2023-03-21 23:13:11,509:INFO:mapsims:Writing output map sobs_mbs-s0012-20230321_LAT_mission_LAT_f090_co_car.fits
2023-03-21 23:13:11,549:INFO:mapsims:Writing output map

real	5m15.475s
user	68m58.948s
sys	1m52.717s
