
WARNING: version mismatch between CFITSIO header (v3.47) and linked library (v4.02).


WARNING: version mismatch between CFITSIO header (v3.47) and linked library (v4.02).


WARNING: version mismatch between CFITSIO header (v3.47) and linked library (v4.02).

2023-03-21 22:35:29,188:INFO:mapsims:Parsing configuration from common.toml, synchrotron.toml
2023-03-21 22:35:29,212:INFO:mapsims:Nside: 128, Modeling Nside: 2048, Ellmax: 320
2023-03-21 22:35:29,232:INFO:mapsims:Initializing the PySM Sky object
2023-03-21 22:35:29,234:INFO:pysm3:Access data from /mnt/sdceph/users/azonca/pysm-data/synch/synch_template_nside2048_2023.02.25.fits
2023-03-21 22:35:34,650:INFO:pysm3:Access data from /mnt/sdceph/users/azonca/pysm-data/synch/synch_beta_nside2048.fits
2023-03-21 22:35:35,799:INFO:mapsims:Processing channel Channel SAT_f030
2023-03-21 22:35:35,799:INFO:mapsims:Bandpass integration for Channel SAT_f030
2023-03-21 22:37:18,317:INFO:mapsims:Smoothing and coord-transform for Channel SAT_f030
2023-03-21 22:37:18,323:INFO:pysm3:Using map2alm with pixel weights
2023-03-21 22:37:19,818:INFO:pysm3:Smoothing with fwhm of 91.0 arcmin
2023-03-21 22:37:19,822:INFO:pysm3:Rotate Alm
2023-03-21 22:37:19,934:INFO:pysm3:Alm to map HEALPix
2023-03-21 22:37:19,940:INFO:pysm3:Alm to map CAR
2023-03-21 22:37:20,054:INFO:mapsims:Writing output map sobs_mbs-s0012-20230321_SAT_mission_SAT_f030_synchrotron_healpix.fits
2023-03-21 22:37:20,054:INFO:mapsims:Replace NaN with UNSEEN
2023-03-21 22:37:20,055:INFO:mapsims:Reorder ring to nest
2023-03-21 22:37:20,065:INFO:mapsims:Writing output map
2023-03-21 22:37:20,086:INFO:mapsims:Writing output map sobs_mbs-s0012-20230321_SAT_mission_SAT_f030_synchrotron_car.fits
2023-03-21 22:37:20,086:INFO:mapsims:Writing output map

real	1m55.523s
user	16m19.246s
sys	1m55.244s
