
WARNING: version mismatch between CFITSIO header (v3.47) and linked library (v4.02).


WARNING: version mismatch between CFITSIO header (v3.47) and linked library (v4.02).


WARNING: version mismatch between CFITSIO header (v3.47) and linked library (v4.02).

2023-03-21 22:38:42,255:INFO:mapsims:Parsing configuration from common.toml, dust_low.toml
2023-03-21 22:38:42,266:INFO:mapsims:Nside: 8192, Modeling Nside: 8192, Ellmax: 16384
2023-03-21 22:38:42,268:INFO:mapsims:Initializing the PySM Sky object
2023-03-21 22:38:42,269:INFO:pysm3:Access data from /mnt/sdceph/users/azonca/pysm-data/dust_gnilc/gnilc_dust_template_nside8192.fits
2023-03-21 22:39:31,144:INFO:mapsims:Processing channel Channel LAT_f090
2023-03-21 22:39:31,145:INFO:mapsims:Bandpass integration for Channel LAT_f090
2023-03-21 22:46:19,976:INFO:mapsims:Smoothing and coord-transform for Channel LAT_f090
2023-03-21 22:54:33,491:INFO:pysm3:Used map2alm_lsq, converged in 2 iterations,residual relative error 0.004
2023-03-21 22:54:33,491:INFO:pysm3:Smoothing with fwhm of 2.2 arcmin
2023-03-21 22:54:42,779:INFO:pysm3:Rotate Alm
2023-03-22 00:09:10,931:INFO:pysm3:Alm to map HEALPix
2023-03-22 00:09:49,400:INFO:pysm3:Alm to map CAR
2023-03-22 00:10:40,861:INFO:mapsims:Writing output map sobs_mbs-s0012-20230321_LAT_mission_LAT_f090_dust_low_healpix.fits
2023-03-22 00:10:40,861:INFO:mapsims:Replace NaN with UNSEEN
2023-03-22 00:10:43,046:INFO:mapsims:Reorder ring to nest
2023-03-22 00:11:44,647:INFO:mapsims:Writing output map
2023-03-22 00:12:19,274:INFO:mapsims:Writing output map sobs_mbs-s0012-20230321_LAT_mission_LAT_f090_dust_low_car.fits
2023-03-22 00:12:19,312:INFO:mapsims:Writing output map

real	94m26.334s
user	1780m44.735s
sys	8m43.469s
