
WARNING: version mismatch between CFITSIO header (v3.47) and linked library (v4.02).


WARNING: version mismatch between CFITSIO header (v3.47) and linked library (v4.02).


WARNING: version mismatch between CFITSIO header (v3.47) and linked library (v4.02).

2023-03-21 22:40:36,587:INFO:mapsims:Parsing configuration from common.toml, dust_low.toml
2023-03-21 22:40:36,598:INFO:mapsims:Nside: 8192, Modeling Nside: 8192, Ellmax: 16384
2023-03-21 22:40:36,601:INFO:mapsims:Initializing the PySM Sky object
2023-03-21 22:40:36,602:INFO:pysm3:Access data from /mnt/sdceph/users/azonca/pysm-data/dust_gnilc/gnilc_dust_template_nside8192.fits
2023-03-21 22:41:02,082:INFO:mapsims:Processing channel Channel LAT_f290
2023-03-21 22:41:02,082:INFO:mapsims:Bandpass integration for Channel LAT_f290
2023-03-21 23:40:29,151:INFO:mapsims:Smoothing and coord-transform for Channel LAT_f290
2023-03-21 23:48:31,759:INFO:pysm3:Used map2alm_lsq, converged in 2 iterations,residual relative error 0.004
2023-03-21 23:48:31,760:INFO:pysm3:Smoothing with fwhm of 0.9 arcmin
2023-03-21 23:48:40,887:INFO:pysm3:Rotate Alm
2023-03-22 01:01:03,714:INFO:pysm3:Alm to map HEALPix
2023-03-22 01:01:42,176:INFO:pysm3:Alm to map CAR
2023-03-22 01:02:32,541:INFO:mapsims:Writing output map sobs_mbs-s0012-20230321_LAT_mission_LAT_f290_dust_low_healpix.fits
2023-03-22 01:02:32,541:INFO:mapsims:Replace NaN with UNSEEN
2023-03-22 01:02:34,731:INFO:mapsims:Reorder ring to nest
2023-03-22 01:03:36,904:INFO:mapsims:Writing output map
2023-03-22 01:04:11,480:INFO:mapsims:Writing output map sobs_mbs-s0012-20230321_LAT_mission_LAT_f290_dust_low_car.fits
2023-03-22 01:04:11,516:INFO:mapsims:Writing output map

real	144m30.326s
user	1693m47.993s
sys	27m22.585s
