
WARNING: version mismatch between CFITSIO header (v3.47) and linked library (v4.02).


WARNING: version mismatch between CFITSIO header (v3.47) and linked library (v4.02).


WARNING: version mismatch between CFITSIO header (v3.47) and linked library (v4.02).

2023-03-21 22:39:43,105:INFO:mapsims:Parsing configuration from common.toml, dust_low.toml
2023-03-21 22:39:43,115:INFO:mapsims:Nside: 8192, Modeling Nside: 8192, Ellmax: 16384
2023-03-21 22:39:43,117:INFO:mapsims:Initializing the PySM Sky object
2023-03-21 22:39:43,119:INFO:pysm3:Access data from /mnt/sdceph/users/azonca/pysm-data/dust_gnilc/gnilc_dust_template_nside8192.fits
2023-03-21 22:40:17,424:INFO:mapsims:Processing channel Channel LAT_f150
2023-03-21 22:40:17,424:INFO:mapsims:Bandpass integration for Channel LAT_f150
2023-03-21 22:49:41,518:INFO:mapsims:Smoothing and coord-transform for Channel LAT_f150
2023-03-21 22:57:55,550:INFO:pysm3:Used map2alm_lsq, converged in 2 iterations,residual relative error 0.004
2023-03-21 22:57:55,551:INFO:pysm3:Smoothing with fwhm of 1.4 arcmin
2023-03-21 22:58:05,181:INFO:pysm3:Rotate Alm
2023-03-22 00:12:27,657:INFO:pysm3:Alm to map HEALPix
2023-03-22 00:13:06,541:INFO:pysm3:Alm to map CAR
2023-03-22 00:13:58,546:INFO:mapsims:Writing output map sobs_mbs-s0012-20230321_LAT_mission_LAT_f150_dust_low_healpix.fits
2023-03-22 00:13:58,546:INFO:mapsims:Replace NaN with UNSEEN
2023-03-22 00:14:00,726:INFO:mapsims:Reorder ring to nest
2023-03-22 00:15:02,549:INFO:mapsims:Writing output map
2023-03-22 00:15:36,200:INFO:mapsims:Writing output map sobs_mbs-s0012-20230321_LAT_mission_LAT_f150_dust_low_car.fits
2023-03-22 00:15:36,237:INFO:mapsims:Writing output map

real	96m41.673s
user	1767m7.826s
sys	9m35.863s
