
WARNING: version mismatch between CFITSIO header (v3.47) and linked library (v4.02).


WARNING: version mismatch between CFITSIO header (v3.47) and linked library (v4.02).


WARNING: version mismatch between CFITSIO header (v3.47) and linked library (v4.02).

2023-03-21 22:56:30,332:INFO:mapsims:Parsing configuration from common.toml, tsz.toml
2023-03-21 22:56:30,343:INFO:mapsims:Nside: 8192, Modeling Nside: 8192, Ellmax: 16384
2023-03-21 22:56:30,345:INFO:mapsims:Initializing the PySM Sky object
2023-03-21 22:56:30,347:INFO:pysm3:Access data from /mnt/sdceph/users/azonca/pysm-data/websky/0.4/tsz_8192_hp.fits
2023-03-21 22:56:30,348:INFO:pysm3:Access data from /mnt/sdceph/users/azonca/pysm-data/websky/0.4/tsz_8192_hp.fits
2023-03-21 22:56:37,921:INFO:mapsims:Processing channel Channel LAT_f230
2023-03-21 22:56:37,921:INFO:mapsims:Bandpass integration for Channel LAT_f230
2023-03-21 23:06:04,146:INFO:mapsims:Smoothing and coord-transform for Channel LAT_f230
2023-03-21 23:14:18,606:INFO:pysm3:Used map2alm_lsq, converged in 2 iterations,residual relative error 0.2
2023-03-21 23:14:18,607:INFO:pysm3:Smoothing with fwhm of 1.0 arcmin
2023-03-21 23:14:29,547:INFO:pysm3:Rotate Alm
2023-03-22 00:03:15,561:INFO:pysm3:Alm to map HEALPix
2023-03-22 00:03:54,000:INFO:pysm3:Alm to map CAR
2023-03-22 00:04:45,927:INFO:mapsims:Writing output map sobs_mbs-s0012-20230321_LAT_mission_LAT_f230_tsz_healpix.fits
2023-03-22 00:04:45,927:INFO:mapsims:Replace NaN with UNSEEN
2023-03-22 00:04:48,423:INFO:mapsims:Reorder ring to nest
2023-03-22 00:05:51,685:INFO:mapsims:Writing output map
2023-03-22 00:06:25,432:INFO:mapsims:Writing output map sobs_mbs-s0012-20230321_LAT_mission_LAT_f230_tsz_car.fits
2023-03-22 00:06:25,471:INFO:mapsims:Writing output map

real	70m43.898s
user	1650m43.630s
sys	14m17.888s
