
WARNING: version mismatch between CFITSIO header (v3.47) and linked library (v4.02).


WARNING: version mismatch between CFITSIO header (v3.47) and linked library (v4.02).


WARNING: version mismatch between CFITSIO header (v3.47) and linked library (v4.02).

2023-03-21 22:35:28,552:INFO:mapsims:Parsing configuration from common.toml, dust.toml
2023-03-21 22:35:28,577:INFO:mapsims:Nside: 1024, Modeling Nside: 2048, Ellmax: 2560
2023-03-21 22:35:28,598:INFO:mapsims:Initializing the PySM Sky object
2023-03-21 22:35:28,600:INFO:pysm3:Access data from /mnt/sdceph/users/azonca/pysm-data/dust_gnilc/gnilc_dust_template_nside2048.fits
2023-03-21 22:35:35,966:INFO:pysm3:Access data from /mnt/sdceph/users/azonca/pysm-data/dust_gnilc/gnilc_dust_beta_nside2048.fits
2023-03-21 22:35:36,670:INFO:pysm3:Access data from /mnt/sdceph/users/azonca/pysm-data/dust_gnilc/gnilc_dust_Td_nside2048.fits
2023-03-21 22:35:37,390:INFO:mapsims:Processing channel Channel SAT_f290
2023-03-21 22:35:37,390:INFO:mapsims:Bandpass integration for Channel SAT_f290
2023-03-21 22:52:14,098:INFO:mapsims:Smoothing and coord-transform for Channel SAT_f290
2023-03-21 22:52:14,103:INFO:pysm3:Using map2alm with pixel weights
2023-03-21 22:52:15,827:INFO:pysm3:Smoothing with fwhm of 9.0 arcmin
2023-03-21 22:52:16,041:INFO:pysm3:Rotate Alm
2023-03-21 22:52:27,945:INFO:pysm3:Alm to map HEALPix
2023-03-21 22:52:28,307:INFO:pysm3:Alm to map CAR
2023-03-21 22:52:29,093:INFO:mapsims:Writing output map sobs_mbs-s0012-20230321_SAT_mission_SAT_f290_dust_healpix.fits
2023-03-21 22:52:29,093:INFO:mapsims:Replace NaN with UNSEEN
2023-03-21 22:52:29,127:INFO:mapsims:Reorder ring to nest
2023-03-21 22:52:29,978:INFO:mapsims:Writing output map
2023-03-21 22:52:30,618:INFO:mapsims:Writing output map sobs_mbs-s0012-20230321_SAT_mission_SAT_f290_dust_car.fits
2023-03-21 22:52:30,619:INFO:mapsims:Writing output map

real	17m8.934s
user	52m9.670s
sys	5m28.321s
