
WARNING: version mismatch between CFITSIO header (v3.47) and linked library (v4.02).


WARNING: version mismatch between CFITSIO header (v3.47) and linked library (v4.02).


WARNING: version mismatch between CFITSIO header (v3.47) and linked library (v4.02).

2023-03-21 22:58:27,946:INFO:mapsims:Parsing configuration from common.toml, tsz.toml
2023-03-21 22:58:27,958:INFO:mapsims:Nside: 128, Modeling Nside: 8192, Ellmax: 320
2023-03-21 22:58:27,960:INFO:mapsims:Initializing the PySM Sky object
2023-03-21 22:58:27,962:INFO:pysm3:Access data from /mnt/sdceph/users/azonca/pysm-data/websky/0.4/tsz_8192_hp.fits
2023-03-21 22:58:27,962:INFO:pysm3:Access data from /mnt/sdceph/users/azonca/pysm-data/websky/0.4/tsz_8192_hp.fits
2023-03-21 22:58:35,517:INFO:mapsims:Processing channel Channel SAT_f040
2023-03-21 22:58:35,517:INFO:mapsims:Bandpass integration for Channel SAT_f040
2023-03-21 23:08:56,079:INFO:mapsims:Smoothing and coord-transform for Channel SAT_f040
2023-03-21 23:08:56,081:INFO:pysm3:Using map2alm with pixel weights
2023-03-21 23:09:15,852:INFO:pysm3:Smoothing with fwhm of 63.0 arcmin
2023-03-21 23:09:15,856:INFO:pysm3:Rotate Alm
2023-03-21 23:09:15,969:INFO:pysm3:Alm to map HEALPix
2023-03-21 23:09:15,974:INFO:pysm3:Alm to map CAR
2023-03-21 23:09:16,079:INFO:mapsims:Writing output map sobs_mbs-s0012-20230321_SAT_mission_SAT_f040_tsz_healpix.fits
2023-03-21 23:09:16,079:INFO:mapsims:Replace NaN with UNSEEN
2023-03-21 23:09:16,080:INFO:mapsims:Reorder ring to nest
2023-03-21 23:09:16,090:INFO:mapsims:Writing output map
2023-03-21 23:09:16,116:INFO:mapsims:Writing output map sobs_mbs-s0012-20230321_SAT_mission_SAT_f040_tsz_car.fits
2023-03-21 23:09:16,116:INFO:mapsims:Writing output map

real	10m50.234s
user	14m0.195s
sys	8m53.824s
