
WARNING: version mismatch between CFITSIO header (v3.47) and linked library (v4.02).


WARNING: version mismatch between CFITSIO header (v3.47) and linked library (v4.02).


WARNING: version mismatch between CFITSIO header (v3.47) and linked library (v4.02).

2023-03-21 22:50:00,725:INFO:mapsims:Parsing configuration from common.toml, cmb.toml
2023-03-21 22:50:00,752:INFO:mapsims:Nside: 8192, Modeling Nside: 4096, Ellmax: 10240
2023-03-21 22:50:00,757:INFO:mapsims:Initializing the PySM Sky object
2023-03-21 22:50:00,760:INFO:pysm3:Access data from /mnt/sdceph/users/azonca/pysm-data/websky/0.4/cmb/map_I_lensed_alm_seed1_nside4096.fits
2023-03-21 22:50:00,761:INFO:pysm3:Access data from /mnt/sdceph/users/azonca/pysm-data/websky/0.4/cmb/map_Q_lensed_alm_seed1_nside4096.fits
2023-03-21 22:50:00,762:INFO:pysm3:Access data from /mnt/sdceph/users/azonca/pysm-data/websky/0.4/cmb/map_U_lensed_alm_seed1_nside4096.fits
2023-03-21 22:50:00,763:INFO:pysm3:Access data from /mnt/sdceph/users/azonca/pysm-data/websky/0.4/cmb/map_I_lensed_alm_seed1_nside4096.fits
2023-03-21 22:50:02,733:INFO:pysm3:Access data from /mnt/sdceph/users/azonca/pysm-data/websky/0.4/cmb/map_Q_lensed_alm_seed1_nside4096.fits
2023-03-21 22:50:04,624:INFO:pysm3:Access data from /mnt/sdceph/users/azonca/pysm-data/websky/0.4/cmb/map_U_lensed_alm_seed1_nside4096.fits
2023-03-21 22:50:07,187:INFO:mapsims:Processing channel Channel LAT_f150
2023-03-21 22:50:07,187:INFO:mapsims:Bandpass integration for Channel LAT_f150
2023-03-21 22:50:10,075:INFO:mapsims:Smoothing and coord-transform for Channel LAT_f150
2023-03-21 22:52:18,629:INFO:pysm3:Used map2alm_lsq, converged in 2 iterations,residual relative error 4.8e-08
2023-03-21 22:52:18,630:INFO:pysm3:Smoothing with fwhm of 1.4 arcmin
2023-03-21 22:52:22,368:INFO:pysm3:Rotate Alm
2023-03-21 23:06:26,855:INFO:pysm3:Alm to map HEALPix
2023-03-21 23:06:51,100:INFO:pysm3:Alm to map CAR
2023-03-21 23:07:36,325:INFO:mapsims:Writing output map sobs_mbs-s0012-20230321_LAT_mission_LAT_f150_cmb_healpix.fits
2023-03-21 23:07:36,325:INFO:mapsims:Replace NaN with UNSEEN
2023-03-21 23:07:39,332:INFO:mapsims:Reorder ring to nest
2023-03-21 23:08:43,883:INFO:mapsims:Writing output map
2023-03-21 23:09:21,656:INFO:mapsims:Writing output map sobs_mbs-s0012-20230321_LAT_mission_LAT_f150_cmb_car.fits
2023-03-21 23:09:21,696:INFO:mapsims:Writing output map

real	20m15.686s
user	441m56.270s
sys	3m29.228s
