
WARNING: version mismatch between CFITSIO header (v3.47) and linked library (v4.02).


WARNING: version mismatch between CFITSIO header (v3.47) and linked library (v4.02).


WARNING: version mismatch between CFITSIO header (v3.47) and linked library (v4.02).

2023-03-21 22:47:53,106:INFO:mapsims:Parsing configuration from common.toml, cmb_unlensed.toml
2023-03-21 22:47:53,117:INFO:mapsims:Nside: 2048, Modeling Nside: 4096, Ellmax: 5120
2023-03-21 22:47:53,121:INFO:mapsims:Initializing the PySM Sky object
2023-03-21 22:47:53,123:INFO:pysm3:Access data from /mnt/sdceph/users/azonca/pysm-data/websky/0.4/cmb/map_I_unlensed_alm_seed1_nside4096.fits
2023-03-21 22:47:53,124:INFO:pysm3:Access data from /mnt/sdceph/users/azonca/pysm-data/websky/0.4/cmb/map_Q_unlensed_alm_seed1_nside4096.fits
2023-03-21 22:47:53,125:INFO:pysm3:Access data from /mnt/sdceph/users/azonca/pysm-data/websky/0.4/cmb/map_U_unlensed_alm_seed1_nside4096.fits
2023-03-21 22:47:53,125:INFO:pysm3:Access data from /mnt/sdceph/users/azonca/pysm-data/websky/0.4/cmb/map_I_unlensed_alm_seed1_nside4096.fits
2023-03-21 22:47:57,096:INFO:pysm3:Access data from /mnt/sdceph/users/azonca/pysm-data/websky/0.4/cmb/map_Q_unlensed_alm_seed1_nside4096.fits
2023-03-21 22:48:00,342:INFO:pysm3:Access data from /mnt/sdceph/users/azonca/pysm-data/websky/0.4/cmb/map_U_unlensed_alm_seed1_nside4096.fits
2023-03-21 22:48:05,549:INFO:mapsims:Processing channel Channel LAT_f030
2023-03-21 22:48:05,550:INFO:mapsims:Bandpass integration for Channel LAT_f030
2023-03-21 22:48:08,142:INFO:mapsims:Smoothing and coord-transform for Channel LAT_f030
2023-03-21 22:48:08,143:INFO:pysm3:Using map2alm with pixel weights
2023-03-21 22:48:14,948:INFO:pysm3:Smoothing with fwhm of 7.4 arcmin
2023-03-21 22:48:15,821:INFO:pysm3:Rotate Alm
2023-03-21 22:49:39,043:INFO:pysm3:Alm to map HEALPix
2023-03-21 22:49:40,744:INFO:pysm3:Alm to map CAR
2023-03-21 22:49:43,727:INFO:mapsims:Writing output map sobs_mbs-s0012-20230321_LAT_mission_LAT_f030_cmb_unlensed_healpix.fits
2023-03-21 22:49:43,727:INFO:mapsims:Replace NaN with UNSEEN
2023-03-21 22:49:43,865:INFO:mapsims:Reorder ring to nest
2023-03-21 22:49:48,035:INFO:mapsims:Writing output map
2023-03-21 22:49:50,387:INFO:mapsims:Writing output map sobs_mbs-s0012-20230321_LAT_mission_LAT_f030_cmb_unlensed_car.fits
2023-03-21 22:49:50,390:INFO:mapsims:Writing output map

real	2m2.908s
user	62m14.300s
sys	0m19.802s
