
WARNING: version mismatch between CFITSIO header (v3.47) and linked library (v4.02).


WARNING: version mismatch between CFITSIO header (v3.47) and linked library (v4.02).


WARNING: version mismatch between CFITSIO header (v3.47) and linked library (v4.02).

2023-03-21 23:00:01,639:INFO:mapsims:Parsing configuration from common.toml, dust_high.toml
2023-03-21 23:00:01,650:INFO:mapsims:Nside: 2048, Modeling Nside: 2048, Ellmax: 5120
2023-03-21 23:00:01,655:INFO:mapsims:Initializing the PySM Sky object
2023-03-21 23:00:04,080:INFO:pysm3:Access data from /mnt/sdceph/users/azonca/pysm-data/mkd_dust/2048/thermaldust_ampl1.fits
2023-03-21 23:00:06,859:INFO:pysm3:Access data from /mnt/sdceph/users/azonca/pysm-data/mkd_dust/2048/thermaldust_ampl2.fits
2023-03-21 23:00:10,324:INFO:pysm3:Access data from /mnt/sdceph/users/azonca/pysm-data/mkd_dust/2048/thermaldust_ampl3.fits
2023-03-21 23:00:13,969:INFO:pysm3:Access data from /mnt/sdceph/users/azonca/pysm-data/mkd_dust/2048/thermaldust_ampl4.fits
2023-03-21 23:00:17,696:INFO:pysm3:Access data from /mnt/sdceph/users/azonca/pysm-data/mkd_dust/2048/thermaldust_ampl5.fits
2023-03-21 23:00:21,597:INFO:pysm3:Access data from /mnt/sdceph/users/azonca/pysm-data/mkd_dust/2048/thermaldust_ampl6.fits
2023-03-21 23:00:32,418:INFO:pysm3:Access data from /mnt/sdceph/users/azonca/pysm-data/mkd_dust/2048/thermaldust_specind1.fits
2023-03-21 23:00:33,752:INFO:pysm3:Access data from /mnt/sdceph/users/azonca/pysm-data/mkd_dust/2048/thermaldust_specind2.fits
2023-03-21 23:00:34,997:INFO:pysm3:Access data from /mnt/sdceph/users/azonca/pysm-data/mkd_dust/2048/thermaldust_specind3.fits
2023-03-21 23:00:36,412:INFO:pysm3:Access data from /mnt/sdceph/users/azonca/pysm-data/mkd_dust/2048/thermaldust_specind4.fits
2023-03-21 23:00:37,848:INFO:pysm3:Access data from /mnt/sdceph/users/azonca/pysm-data/mkd_dust/2048/thermaldust_specind5.fits
2023-03-21 23:00:39,350:INFO:pysm3:Access data from /mnt/sdceph/users/azonca/pysm-data/mkd_dust/2048/thermaldust_specind6.fits
2023-03-21 23:00:41,515:INFO:pysm3:Access data from /mnt/sdceph/users/azonca/pysm-data/mkd_dust/2048/thermaldust_temp1.fits
2023-03-21 23:00:43,067:INFO:pysm3:Access data from /mnt/sdceph/users/azonca/pysm-data/mkd_dust/2048/thermaldust_temp2.fits
2023-03-21 23:00:44,602:INFO:pysm3:Access data from /mnt/sdceph/users/azonca/pysm-data/mkd_dust/2048/thermaldust_temp3.fits
2023-03-21 23:00:46,092:INFO:pysm3:Access data from /mnt/sdceph/users/azonca/pysm-data/mkd_dust/2048/thermaldust_temp4.fits
2023-03-21 23:00:47,753:INFO:pysm3:Access data from /mnt/sdceph/users/azonca/pysm-data/mkd_dust/2048/thermaldust_temp5.fits
2023-03-21 23:00:48,910:INFO:pysm3:Access data from /mnt/sdceph/users/azonca/pysm-data/mkd_dust/2048/thermaldust_temp6.fits
2023-03-21 23:00:50,513:INFO:mapsims:Processing channel Channel LAT_f030
2023-03-21 23:00:50,513:INFO:mapsims:Bandpass integration for Channel LAT_f030
2023-03-22 00:14:14,423:INFO:mapsims:Smoothing and coord-transform for Channel LAT_f030
2023-03-22 00:15:49,678:WARNING:pysm3:hp.map2alm_lsq did not converge in 10 iterations, residual relative error is 0.0022
2023-03-22 00:15:49,678:INFO:pysm3:Smoothing with fwhm of 7.4 arcmin
2023-03-22 00:15:50,573:INFO:pysm3:Rotate Alm
2023-03-22 00:17:09,495:INFO:pysm3:Alm to map HEALPix
2023-03-22 00:17:11,268:INFO:pysm3:Alm to map CAR
2023-03-22 00:17:14,609:INFO:mapsims:Writing output map sobs_mbs-s0012-20230321_LAT_mission_LAT_f030_dust_high_healpix.fits
2023-03-22 00:17:14,610:INFO:mapsims:Replace NaN with UNSEEN
2023-03-22 00:17:14,823:INFO:mapsims:Reorder ring to nest
2023-03-22 00:17:20,396:INFO:mapsims:Writing output map
2023-03-22 00:17:23,112:INFO:mapsims:Writing output map sobs_mbs-s0012-20230321_LAT_mission_LAT_f030_dust_high_car.fits
2023-03-22 00:17:23,115:INFO:mapsims:Writing output map

real	77m27.746s
user	250m14.134s
sys	26m24.651s
