
WARNING: version mismatch between CFITSIO header (v3.47) and linked library (v4.02).


WARNING: version mismatch between CFITSIO header (v3.47) and linked library (v4.02).


WARNING: version mismatch between CFITSIO header (v3.47) and linked library (v4.02).

2023-03-21 23:11:15,218:INFO:mapsims:Parsing configuration from common.toml, freefree.toml
2023-03-21 23:11:15,227:INFO:mapsims:Nside: 512, Modeling Nside: 512, Ellmax: 1280
2023-03-21 23:11:15,237:INFO:mapsims:Initializing the PySM Sky object
2023-03-21 23:11:15,238:INFO:pysm3:Access data from /mnt/sdceph/users/azonca/pysm-data/pysm_2/ff_t_new.fits
2023-03-21 23:11:15,276:INFO:mapsims:Processing channel Channel SAT_f090
2023-03-21 23:11:15,277:INFO:mapsims:Bandpass integration for Channel SAT_f090
2023-03-21 23:11:17,048:INFO:mapsims:Smoothing and coord-transform for Channel SAT_f090
2023-03-21 23:11:21,979:INFO:pysm3:Used map2alm_lsq, converged in 8 iterations,residual relative error 0.11
2023-03-21 23:11:21,982:INFO:pysm3:Smoothing with fwhm of 30.0 arcmin
2023-03-21 23:11:22,047:INFO:pysm3:Rotate Alm
2023-03-21 23:11:24,182:INFO:pysm3:Alm to map HEALPix
2023-03-21 23:11:24,252:INFO:pysm3:Alm to map CAR
2023-03-21 23:11:24,781:INFO:mapsims:Writing output map sobs_mbs-s0012-20230321_SAT_mission_SAT_f090_freefree_healpix.fits
2023-03-21 23:11:24,781:INFO:mapsims:Replace NaN with UNSEEN
2023-03-21 23:11:24,789:INFO:mapsims:Reorder ring to nest
2023-03-21 23:11:25,004:INFO:mapsims:Writing output map
2023-03-21 23:11:25,142:INFO:mapsims:Writing output map sobs_mbs-s0012-20230321_SAT_mission_SAT_f090_freefree_car.fits
2023-03-21 23:11:25,142:INFO:mapsims:Writing output map

real	0m12.605s
user	3m20.419s
sys	1m11.519s
