
WARNING: version mismatch between CFITSIO header (v3.47) and linked library (v4.02).


WARNING: version mismatch between CFITSIO header (v3.47) and linked library (v4.02).


WARNING: version mismatch between CFITSIO header (v3.47) and linked library (v4.02).

2023-03-21 23:11:22,457:INFO:mapsims:Parsing configuration from common.toml, freefree.toml
2023-03-21 23:11:22,467:INFO:mapsims:Nside: 1024, Modeling Nside: 512, Ellmax: 1280
2023-03-21 23:11:22,469:INFO:mapsims:Initializing the PySM Sky object
2023-03-21 23:11:22,469:INFO:pysm3:Access data from /mnt/sdceph/users/azonca/pysm-data/pysm_2/ff_t_new.fits
2023-03-21 23:11:22,496:INFO:mapsims:Processing channel Channel SAT_f290
2023-03-21 23:11:22,496:INFO:mapsims:Bandpass integration for Channel SAT_f290
2023-03-21 23:11:26,676:INFO:mapsims:Smoothing and coord-transform for Channel SAT_f290
2023-03-21 23:11:31,469:INFO:pysm3:Used map2alm_lsq, converged in 8 iterations,residual relative error 0.11
2023-03-21 23:11:31,469:INFO:pysm3:Smoothing with fwhm of 9.0 arcmin
2023-03-21 23:11:31,528:INFO:pysm3:Rotate Alm
2023-03-21 23:11:33,899:INFO:pysm3:Alm to map HEALPix
2023-03-21 23:11:34,169:INFO:pysm3:Alm to map CAR
2023-03-21 23:11:34,950:INFO:mapsims:Writing output map sobs_mbs-s0012-20230321_SAT_mission_SAT_f290_freefree_healpix.fits
2023-03-21 23:11:34,950:INFO:mapsims:Replace NaN with UNSEEN
2023-03-21 23:11:34,981:INFO:mapsims:Reorder ring to nest
2023-03-21 23:11:35,902:INFO:mapsims:Writing output map
2023-03-21 23:11:36,488:INFO:mapsims:Writing output map sobs_mbs-s0012-20230321_SAT_mission_SAT_f290_freefree_car.fits
2023-03-21 23:11:36,489:INFO:mapsims:Writing output map

real	0m16.833s
user	3m30.434s
sys	1m17.207s
