
WARNING: version mismatch between CFITSIO header (v3.47) and linked library (v4.02).


WARNING: version mismatch between CFITSIO header (v3.47) and linked library (v4.02).


WARNING: version mismatch between CFITSIO header (v3.47) and linked library (v4.02).

2023-03-21 22:35:24,523:INFO:mapsims:Parsing configuration from common.toml, dust.toml
2023-03-21 22:35:24,547:INFO:mapsims:Nside: 8192, Modeling Nside: 8192, Ellmax: 16384
2023-03-21 22:35:24,568:INFO:mapsims:Initializing the PySM Sky object
2023-03-21 22:35:24,570:INFO:pysm3:Access data from /mnt/sdceph/users/azonca/pysm-data/dust_gnilc/gnilc_dust_template_nside8192.fits
2023-03-21 22:35:58,888:INFO:pysm3:Access data from /mnt/sdceph/users/azonca/pysm-data/dust_gnilc/gnilc_dust_beta_nside8192.fits
2023-03-21 22:36:06,249:INFO:pysm3:Access data from /mnt/sdceph/users/azonca/pysm-data/dust_gnilc/gnilc_dust_Td_nside8192.fits
2023-03-21 22:36:20,215:INFO:mapsims:Processing channel Channel LAT_f150
2023-03-21 22:36:20,215:INFO:mapsims:Bandpass integration for Channel LAT_f150
2023-03-21 23:14:32,471:INFO:mapsims:Smoothing and coord-transform for Channel LAT_f150
2023-03-21 23:22:23,745:INFO:pysm3:Used map2alm_lsq, converged in 2 iterations,residual relative error 0.0038
2023-03-21 23:22:23,745:INFO:pysm3:Smoothing with fwhm of 1.4 arcmin
2023-03-21 23:22:32,619:INFO:pysm3:Rotate Alm
2023-03-22 00:36:09,934:INFO:pysm3:Alm to map HEALPix
2023-03-22 00:36:47,897:INFO:pysm3:Alm to map CAR
2023-03-22 00:37:38,416:INFO:mapsims:Writing output map sobs_mbs-s0012-20230321_LAT_mission_LAT_f150_dust_healpix.fits
2023-03-22 00:37:38,416:INFO:mapsims:Replace NaN with UNSEEN
2023-03-22 00:37:40,597:INFO:mapsims:Reorder ring to nest
2023-03-22 00:38:41,332:INFO:mapsims:Writing output map
2023-03-22 00:39:16,224:INFO:mapsims:Writing output map sobs_mbs-s0012-20230321_LAT_mission_LAT_f150_dust_car.fits
2023-03-22 00:39:16,260:INFO:mapsims:Writing output map

real	124m41.451s
user	1821m13.112s
sys	18m55.876s
