
WARNING: version mismatch between CFITSIO header (v3.47) and linked library (v4.02).


WARNING: version mismatch between CFITSIO header (v3.47) and linked library (v4.02).


WARNING: version mismatch between CFITSIO header (v3.47) and linked library (v4.02).

2023-03-21 23:10:01,098:INFO:mapsims:Parsing configuration from common.toml, co.toml
2023-03-21 23:10:01,109:INFO:mapsims:Nside: 128, Modeling Nside: 2048, Ellmax: 320
2023-03-21 23:10:01,112:INFO:mapsims:Initializing the PySM Sky object
2023-03-21 23:10:01,113:INFO:pysm3:Access data from /mnt/sdceph/users/azonca/pysm-data/co/HFI_CompMap_CO-Type1_2048_R2.00_ring.fits
2023-03-21 23:10:01,114:INFO:pysm3:Access data from /mnt/sdceph/users/azonca/pysm-data/co/HFI_CompMap_CO-Type1_2048_R2.00_ring.fits
2023-03-21 23:10:17,961:INFO:pysm3:Access data from /mnt/sdceph/users/azonca/pysm-data/co/psimap_dust90_2048.fits
2023-03-21 23:10:17,963:INFO:pysm3:Access data from /mnt/sdceph/users/azonca/pysm-data/co/psimap_dust90_2048.fits
2023-03-21 23:10:18,443:WARNING:pysm3:No physical unit associated with file /mnt/sdceph/users/azonca/pysm-data/co/psimap_dust90_2048.fits
2023-03-21 23:10:18,444:INFO:pysm3:Access data from /mnt/sdceph/users/azonca/pysm-data/co/gmap_dust90_2048.fits
2023-03-21 23:10:18,445:INFO:pysm3:Access data from /mnt/sdceph/users/azonca/pysm-data/co/gmap_dust90_2048.fits
2023-03-21 23:10:18,991:WARNING:pysm3:No physical unit associated with file /mnt/sdceph/users/azonca/pysm-data/co/gmap_dust90_2048.fits
2023-03-21 23:10:18,992:INFO:pysm3:Access data from /mnt/sdceph/users/azonca/pysm-data/co/mcmoleCO_HGL_2048.fits
2023-03-21 23:10:18,993:INFO:pysm3:Access data from /mnt/sdceph/users/azonca/pysm-data/co/mcmoleCO_HGL_2048.fits
2023-03-21 23:10:23,760:INFO:mapsims:Processing channel Channel SAT_f040
2023-03-21 23:10:23,760:INFO:mapsims:Bandpass integration for Channel SAT_f040
2023-03-21 23:10:24,594:INFO:mapsims:Smoothing and coord-transform for Channel SAT_f040
2023-03-21 23:10:24,595:INFO:pysm3:Using map2alm with pixel weights
2023-03-21 23:10:26,095:INFO:pysm3:Smoothing with fwhm of 63.0 arcmin
2023-03-21 23:10:26,098:INFO:pysm3:Rotate Alm
2023-03-21 23:10:26,206:INFO:pysm3:Alm to map HEALPix
2023-03-21 23:10:26,210:INFO:pysm3:Alm to map CAR
2023-03-21 23:10:26,321:INFO:mapsims:Writing output map sobs_mbs-s0012-20230321_SAT_mission_SAT_f040_co_healpix.fits
2023-03-21 23:10:26,322:INFO:mapsims:Replace NaN with UNSEEN
2023-03-21 23:10:26,322:INFO:mapsims:Reorder ring to nest
2023-03-21 23:10:26,333:INFO:mapsims:Writing output map
2023-03-21 23:10:26,356:INFO:mapsims:Writing output map sobs_mbs-s0012-20230321_SAT_mission_SAT_f040_co_car.fits
2023-03-21 23:10:26,356:INFO:mapsims:Writing output map

real	0m27.167s
user	0m37.911s
sys	0m8.306s
