
WARNING: version mismatch between CFITSIO header (v3.47) and linked library (v4.02).


WARNING: version mismatch between CFITSIO header (v3.47) and linked library (v4.02).


WARNING: version mismatch between CFITSIO header (v3.47) and linked library (v4.02).

2023-03-21 23:05:48,184:INFO:mapsims:Parsing configuration from common.toml, dust_high.toml
2023-03-21 23:05:48,195:INFO:mapsims:Nside: 512, Modeling Nside: 2048, Ellmax: 1280
2023-03-21 23:05:48,196:INFO:mapsims:Initializing the PySM Sky object
2023-03-21 23:05:50,482:INFO:pysm3:Access data from /mnt/sdceph/users/azonca/pysm-data/mkd_dust/2048/thermaldust_ampl1.fits
2023-03-21 23:05:52,539:INFO:pysm3:Access data from /mnt/sdceph/users/azonca/pysm-data/mkd_dust/2048/thermaldust_ampl2.fits
2023-03-21 23:05:54,412:INFO:pysm3:Access data from /mnt/sdceph/users/azonca/pysm-data/mkd_dust/2048/thermaldust_ampl3.fits
2023-03-21 23:05:56,525:INFO:pysm3:Access data from /mnt/sdceph/users/azonca/pysm-data/mkd_dust/2048/thermaldust_ampl4.fits
2023-03-21 23:05:58,704:INFO:pysm3:Access data from /mnt/sdceph/users/azonca/pysm-data/mkd_dust/2048/thermaldust_ampl5.fits
2023-03-21 23:06:00,850:INFO:pysm3:Access data from /mnt/sdceph/users/azonca/pysm-data/mkd_dust/2048/thermaldust_ampl6.fits
2023-03-21 23:06:09,089:INFO:pysm3:Access data from /mnt/sdceph/users/azonca/pysm-data/mkd_dust/2048/thermaldust_specind1.fits
2023-03-21 23:06:09,741:INFO:pysm3:Access data from /mnt/sdceph/users/azonca/pysm-data/mkd_dust/2048/thermaldust_specind2.fits
2023-03-21 23:06:10,405:INFO:pysm3:Access data from /mnt/sdceph/users/azonca/pysm-data/mkd_dust/2048/thermaldust_specind3.fits
2023-03-21 23:06:11,001:INFO:pysm3:Access data from /mnt/sdceph/users/azonca/pysm-data/mkd_dust/2048/thermaldust_specind4.fits
2023-03-21 23:06:11,615:INFO:pysm3:Access data from /mnt/sdceph/users/azonca/pysm-data/mkd_dust/2048/thermaldust_specind5.fits
2023-03-21 23:06:12,190:INFO:pysm3:Access data from /mnt/sdceph/users/azonca/pysm-data/mkd_dust/2048/thermaldust_specind6.fits
2023-03-21 23:06:13,507:INFO:pysm3:Access data from /mnt/sdceph/users/azonca/pysm-data/mkd_dust/2048/thermaldust_temp1.fits
2023-03-21 23:06:14,094:INFO:pysm3:Access data from /mnt/sdceph/users/azonca/pysm-data/mkd_dust/2048/thermaldust_temp2.fits
2023-03-21 23:06:14,689:INFO:pysm3:Access data from /mnt/sdceph/users/azonca/pysm-data/mkd_dust/2048/thermaldust_temp3.fits
2023-03-21 23:06:15,287:INFO:pysm3:Access data from /mnt/sdceph/users/azonca/pysm-data/mkd_dust/2048/thermaldust_temp4.fits
2023-03-21 23:06:15,880:INFO:pysm3:Access data from /mnt/sdceph/users/azonca/pysm-data/mkd_dust/2048/thermaldust_temp5.fits
2023-03-21 23:06:16,484:INFO:pysm3:Access data from /mnt/sdceph/users/azonca/pysm-data/mkd_dust/2048/thermaldust_temp6.fits
2023-03-21 23:06:17,316:INFO:mapsims:Processing channel Channel SAT_f090
2023-03-21 23:06:17,316:INFO:mapsims:Bandpass integration for Channel SAT_f090
2023-03-21 23:17:10,927:INFO:mapsims:Smoothing and coord-transform for Channel SAT_f090
2023-03-21 23:17:10,928:INFO:pysm3:Using map2alm with pixel weights
2023-03-21 23:17:12,485:INFO:pysm3:Smoothing with fwhm of 30.0 arcmin
2023-03-21 23:17:12,540:INFO:pysm3:Rotate Alm
2023-03-21 23:17:14,661:INFO:pysm3:Alm to map HEALPix
2023-03-21 23:17:14,746:INFO:pysm3:Alm to map CAR
2023-03-21 23:17:15,294:INFO:mapsims:Writing output map sobs_mbs-s0012-20230321_SAT_mission_SAT_f090_dust_high_healpix.fits
2023-03-21 23:17:15,294:INFO:mapsims:Replace NaN with UNSEEN
2023-03-21 23:17:15,301:INFO:mapsims:Reorder ring to nest
2023-03-21 23:17:15,529:INFO:mapsims:Writing output map
2023-03-21 23:17:15,741:INFO:mapsims:Writing output map sobs_mbs-s0012-20230321_SAT_mission_SAT_f090_dust_high_car.fits
2023-03-21 23:17:15,741:INFO:mapsims:Writing output map

real	11m30.555s
user	29m31.683s
sys	4m0.193s
