
WARNING: version mismatch between CFITSIO header (v3.47) and linked library (v4.02).


WARNING: version mismatch between CFITSIO header (v3.47) and linked library (v4.02).


WARNING: version mismatch between CFITSIO header (v3.47) and linked library (v4.02).

2023-03-21 22:35:28,624:INFO:mapsims:Parsing configuration from common.toml, dust.toml
2023-03-21 22:35:28,643:INFO:mapsims:Nside: 128, Modeling Nside: 2048, Ellmax: 320
2023-03-21 22:35:28,666:INFO:mapsims:Initializing the PySM Sky object
2023-03-21 22:35:28,668:INFO:pysm3:Access data from /mnt/sdceph/users/azonca/pysm-data/dust_gnilc/gnilc_dust_template_nside2048.fits
2023-03-21 22:35:35,090:INFO:pysm3:Access data from /mnt/sdceph/users/azonca/pysm-data/dust_gnilc/gnilc_dust_beta_nside2048.fits
2023-03-21 22:35:35,953:INFO:pysm3:Access data from /mnt/sdceph/users/azonca/pysm-data/dust_gnilc/gnilc_dust_Td_nside2048.fits
2023-03-21 22:35:36,946:INFO:mapsims:Processing channel Channel SAT_f040
2023-03-21 22:35:36,946:INFO:mapsims:Bandpass integration for Channel SAT_f040
2023-03-21 22:50:47,933:INFO:mapsims:Smoothing and coord-transform for Channel SAT_f040
2023-03-21 22:50:47,937:INFO:pysm3:Using map2alm with pixel weights
2023-03-21 22:50:49,402:INFO:pysm3:Smoothing with fwhm of 63.0 arcmin
2023-03-21 22:50:49,406:INFO:pysm3:Rotate Alm
2023-03-21 22:50:49,514:INFO:pysm3:Alm to map HEALPix
2023-03-21 22:50:49,519:INFO:pysm3:Alm to map CAR
2023-03-21 22:50:49,645:INFO:mapsims:Writing output map sobs_mbs-s0012-20230321_SAT_mission_SAT_f040_dust_healpix.fits
2023-03-21 22:50:49,646:INFO:mapsims:Replace NaN with UNSEEN
2023-03-21 22:50:49,646:INFO:mapsims:Reorder ring to nest
2023-03-21 22:50:49,657:INFO:mapsims:Writing output map
2023-03-21 22:50:49,684:INFO:mapsims:Writing output map sobs_mbs-s0012-20230321_SAT_mission_SAT_f040_dust_car.fits
2023-03-21 22:50:49,684:INFO:mapsims:Writing output map

real	15m27.233s
user	38m45.665s
sys	5m14.867s
