
WARNING: version mismatch between CFITSIO header (v3.47) and linked library (v4.02).


WARNING: version mismatch between CFITSIO header (v3.47) and linked library (v4.02).


WARNING: version mismatch between CFITSIO header (v3.47) and linked library (v4.02).

2023-03-21 22:56:04,228:INFO:mapsims:Parsing configuration from common.toml, synchrotron_low.toml
2023-03-21 22:56:04,240:INFO:mapsims:Nside: 1024, Modeling Nside: 2048, Ellmax: 2560
2023-03-21 22:56:04,243:INFO:mapsims:Initializing the PySM Sky object
2023-03-21 22:56:04,244:INFO:pysm3:Access data from /mnt/sdceph/users/azonca/pysm-data/synch/synch_template_nside2048_2023.02.25.fits
2023-03-21 22:56:05,869:INFO:mapsims:Processing channel Channel SAT_f230
2023-03-21 22:56:05,869:INFO:mapsims:Bandpass integration for Channel SAT_f230
2023-03-21 22:58:05,279:INFO:mapsims:Smoothing and coord-transform for Channel SAT_f230
2023-03-21 22:58:05,280:INFO:pysm3:Using map2alm with pixel weights
2023-03-21 22:58:06,975:INFO:pysm3:Smoothing with fwhm of 11.0 arcmin
2023-03-21 22:58:07,200:INFO:pysm3:Rotate Alm
2023-03-21 22:58:18,865:INFO:pysm3:Alm to map HEALPix
2023-03-21 22:58:19,229:INFO:pysm3:Alm to map CAR
2023-03-21 22:58:20,072:INFO:mapsims:Writing output map sobs_mbs-s0012-20230321_SAT_mission_SAT_f230_synchrotron_low_healpix.fits
2023-03-21 22:58:20,072:INFO:mapsims:Replace NaN with UNSEEN
2023-03-21 22:58:20,113:INFO:mapsims:Reorder ring to nest
2023-03-21 22:58:21,008:INFO:mapsims:Writing output map
2023-03-21 22:58:21,595:INFO:mapsims:Writing output map sobs_mbs-s0012-20230321_SAT_mission_SAT_f230_synchrotron_low_car.fits
2023-03-21 22:58:21,596:INFO:mapsims:Writing output map

real	2m20.083s
user	13m3.031s
sys	2m12.010s
