
WARNING: version mismatch between CFITSIO header (v3.47) and linked library (v4.02).


WARNING: version mismatch between CFITSIO header (v3.47) and linked library (v4.02).


WARNING: version mismatch between CFITSIO header (v3.47) and linked library (v4.02).

2023-03-21 22:35:28,400:INFO:mapsims:Parsing configuration from common.toml, ksz.toml
2023-03-21 22:35:28,425:INFO:mapsims:Nside: 512, Modeling Nside: 4096, Ellmax: 1280
2023-03-21 22:35:28,431:INFO:mapsims:Initializing the PySM Sky object
2023-03-21 22:35:28,433:INFO:pysm3:Access data from /mnt/sdceph/users/azonca/pysm-data/websky/0.4/ksz.fits
2023-03-21 22:35:28,434:INFO:pysm3:Access data from /mnt/sdceph/users/azonca/pysm-data/websky/0.4/ksz.fits
2023-03-21 22:35:36,308:INFO:mapsims:Processing channel Channel SAT_f090
2023-03-21 22:35:36,308:INFO:mapsims:Bandpass integration for Channel SAT_f090
2023-03-21 22:35:55,264:INFO:mapsims:Smoothing and coord-transform for Channel SAT_f090
2023-03-21 22:35:55,269:INFO:pysm3:Using map2alm with pixel weights
2023-03-21 22:36:00,288:INFO:pysm3:Smoothing with fwhm of 30.0 arcmin
2023-03-21 22:36:00,344:INFO:pysm3:Rotate Alm
2023-03-21 22:36:02,601:INFO:pysm3:Alm to map HEALPix
2023-03-21 22:36:02,685:INFO:pysm3:Alm to map CAR
2023-03-21 22:36:03,278:INFO:mapsims:Writing output map sobs_mbs-s0012-20230321_SAT_mission_SAT_f090_ksz_healpix.fits
2023-03-21 22:36:03,278:INFO:mapsims:Replace NaN with UNSEEN
2023-03-21 22:36:03,288:INFO:mapsims:Reorder ring to nest
2023-03-21 22:36:03,492:INFO:mapsims:Writing output map
2023-03-21 22:36:03,677:INFO:mapsims:Writing output map sobs_mbs-s0012-20230321_SAT_mission_SAT_f090_ksz_car.fits
2023-03-21 22:36:03,678:INFO:mapsims:Writing output map

real	0m41.962s
user	2m41.155s
sys	0m17.038s
