
WARNING: version mismatch between CFITSIO header (v3.47) and linked library (v4.02).


WARNING: version mismatch between CFITSIO header (v3.47) and linked library (v4.02).


WARNING: version mismatch between CFITSIO header (v3.47) and linked library (v4.02).

2023-03-21 22:57:20,288:INFO:mapsims:Parsing configuration from common.toml, tsz.toml
2023-03-21 22:57:20,299:INFO:mapsims:Nside: 8192, Modeling Nside: 8192, Ellmax: 16384
2023-03-21 22:57:20,301:INFO:mapsims:Initializing the PySM Sky object
2023-03-21 22:57:20,303:INFO:pysm3:Access data from /mnt/sdceph/users/azonca/pysm-data/websky/0.4/tsz_8192_hp.fits
2023-03-21 22:57:20,303:INFO:pysm3:Access data from /mnt/sdceph/users/azonca/pysm-data/websky/0.4/tsz_8192_hp.fits
2023-03-21 22:57:27,573:INFO:mapsims:Processing channel Channel LAT_f090
2023-03-21 22:57:27,573:INFO:mapsims:Bandpass integration for Channel LAT_f090
2023-03-21 22:58:37,300:INFO:mapsims:Smoothing and coord-transform for Channel LAT_f090
2023-03-21 23:06:38,966:INFO:pysm3:Used map2alm_lsq, converged in 2 iterations,residual relative error 0.2
2023-03-21 23:06:38,966:INFO:pysm3:Smoothing with fwhm of 2.2 arcmin
2023-03-21 23:06:48,065:INFO:pysm3:Rotate Alm
2023-03-21 23:57:21,757:INFO:pysm3:Alm to map HEALPix
2023-03-21 23:57:59,546:INFO:pysm3:Alm to map CAR
2023-03-21 23:58:49,661:INFO:mapsims:Writing output map sobs_mbs-s0012-20230321_LAT_mission_LAT_f090_tsz_healpix.fits
2023-03-21 23:58:49,662:INFO:mapsims:Replace NaN with UNSEEN
2023-03-21 23:58:52,745:INFO:mapsims:Reorder ring to nest
2023-03-22 00:00:01,154:INFO:mapsims:Writing output map
2023-03-22 00:00:36,346:INFO:mapsims:Writing output map sobs_mbs-s0012-20230321_LAT_mission_LAT_f090_tsz_car.fits
2023-03-22 00:00:36,387:INFO:mapsims:Writing output map

real	64m5.812s
user	1696m9.199s
sys	7m5.272s
