
WARNING: version mismatch between CFITSIO header (v3.47) and linked library (v4.02).


WARNING: version mismatch between CFITSIO header (v3.47) and linked library (v4.02).


WARNING: version mismatch between CFITSIO header (v3.47) and linked library (v4.02).

2023-03-21 22:44:47,307:INFO:mapsims:Parsing configuration from common.toml, synchrotron_high.toml
2023-03-21 22:44:47,318:INFO:mapsims:Nside: 8192, Modeling Nside: 8192, Ellmax: 16384
2023-03-21 22:44:47,321:INFO:mapsims:Initializing the PySM Sky object
2023-03-21 22:44:47,322:INFO:pysm3:Access data from /mnt/sdceph/users/azonca/pysm-data/synch/synch_template_nside8192_2023.02.25.fits
2023-03-21 22:45:11,463:INFO:pysm3:Access data from /mnt/sdceph/users/azonca/pysm-data/synch/synch_beta_nside8192.fits
2023-03-21 22:45:18,934:INFO:pysm3:Access data from /mnt/sdceph/users/azonca/pysm-data/synch/synch_curvature_nside8192.fits
2023-03-21 22:45:26,447:INFO:mapsims:Processing channel Channel LAT_f230
2023-03-21 22:45:26,447:INFO:mapsims:Bandpass integration for Channel LAT_f230
2023-03-21 23:22:39,360:INFO:mapsims:Smoothing and coord-transform for Channel LAT_f230
2023-03-21 23:30:53,854:INFO:pysm3:Used map2alm_lsq, converged in 2 iterations,residual relative error 0.002
2023-03-21 23:30:53,854:INFO:pysm3:Smoothing with fwhm of 1.0 arcmin
2023-03-21 23:31:03,389:INFO:pysm3:Rotate Alm
2023-03-22 00:45:47,786:INFO:pysm3:Alm to map HEALPix
2023-03-22 00:46:26,449:INFO:pysm3:Alm to map CAR
2023-03-22 00:47:21,306:INFO:mapsims:Writing output map sobs_mbs-s0012-20230321_LAT_mission_LAT_f230_synchrotron_high_healpix.fits
2023-03-22 00:47:21,306:INFO:mapsims:Replace NaN with UNSEEN
2023-03-22 00:47:24,007:INFO:mapsims:Reorder ring to nest
2023-03-22 00:48:28,788:INFO:mapsims:Writing output map
2023-03-22 00:49:07,072:INFO:mapsims:Writing output map sobs_mbs-s0012-20230321_LAT_mission_LAT_f230_synchrotron_high_car.fits
2023-03-22 00:49:07,110:INFO:mapsims:Writing output map

real	125m12.350s
user	2267m27.019s
sys	43m5.121s
