
WARNING: version mismatch between CFITSIO header (v3.47) and linked library (v4.02).


WARNING: version mismatch between CFITSIO header (v3.47) and linked library (v4.02).


WARNING: version mismatch between CFITSIO header (v3.47) and linked library (v4.02).

2023-03-21 22:35:28,360:INFO:mapsims:Parsing configuration from common.toml, ksz.toml
2023-03-21 22:35:28,385:INFO:mapsims:Nside: 8192, Modeling Nside: 4096, Ellmax: 10240
2023-03-21 22:35:28,406:INFO:mapsims:Initializing the PySM Sky object
2023-03-21 22:35:28,409:INFO:pysm3:Access data from /mnt/sdceph/users/azonca/pysm-data/websky/0.4/ksz.fits
2023-03-21 22:35:28,410:INFO:pysm3:Access data from /mnt/sdceph/users/azonca/pysm-data/websky/0.4/ksz.fits
2023-03-21 22:35:36,534:INFO:mapsims:Processing channel Channel LAT_f290
2023-03-21 22:35:36,535:INFO:mapsims:Bandpass integration for Channel LAT_f290
2023-03-21 22:38:07,462:INFO:mapsims:Smoothing and coord-transform for Channel LAT_f290
2023-03-21 22:44:57,069:WARNING:pysm3:hp.map2alm_lsq did not converge in 10 iterations, residual relative error is 0.19
2023-03-21 22:44:57,069:INFO:pysm3:Smoothing with fwhm of 0.9 arcmin
2023-03-21 22:45:00,669:INFO:pysm3:Rotate Alm
2023-03-21 22:55:47,984:INFO:pysm3:Alm to map HEALPix
2023-03-21 22:56:11,436:INFO:pysm3:Alm to map CAR
2023-03-21 22:56:56,303:INFO:mapsims:Writing output map sobs_mbs-s0012-20230321_LAT_mission_LAT_f290_ksz_healpix.fits
2023-03-21 22:56:56,303:INFO:mapsims:Replace NaN with UNSEEN
2023-03-21 22:56:58,694:INFO:mapsims:Reorder ring to nest
2023-03-21 22:58:00,982:INFO:mapsims:Writing output map
2023-03-21 22:58:36,366:INFO:mapsims:Writing output map sobs_mbs-s0012-20230321_LAT_mission_LAT_f290_ksz_car.fits
2023-03-21 22:58:36,405:INFO:mapsims:Writing output map

real	24m1.729s
user	525m36.494s
sys	8m15.202s
