
WARNING: version mismatch between CFITSIO header (v3.47) and linked library (v4.02).


WARNING: version mismatch between CFITSIO header (v3.47) and linked library (v4.02).


WARNING: version mismatch between CFITSIO header (v3.47) and linked library (v4.02).

2023-03-21 22:47:40,672:INFO:mapsims:Parsing configuration from common.toml, ame.toml
2023-03-21 22:47:40,684:INFO:mapsims:Nside: 1024, Modeling Nside: 512, Ellmax: 1280
2023-03-21 22:47:40,686:INFO:mapsims:Initializing the PySM Sky object
2023-03-21 22:47:40,687:INFO:pysm3:Access data from /mnt/sdceph/users/azonca/pysm-data/pysm_2/ame_t_new.fits
2023-03-21 22:47:40,721:INFO:pysm3:Access data from /mnt/sdceph/users/azonca/pysm-data/pysm_2/ame_nu_peak_0.fits
2023-03-21 22:47:40,750:INFO:pysm3:Access data from /mnt/sdceph/users/azonca/pysm-data/pysm_2/emissivity.txt
2023-03-21 22:47:40,754:INFO:pysm3:Access data from /mnt/sdceph/users/azonca/pysm-data/pysm_2/ame2_t_new.fits
2023-03-21 22:47:40,786:INFO:pysm3:Access data from /mnt/sdceph/users/azonca/pysm-data/pysm_2/emissivity.txt
2023-03-21 22:47:40,790:INFO:mapsims:Processing channel Channel SAT_f230
2023-03-21 22:47:40,790:INFO:mapsims:Bandpass integration for Channel SAT_f230
2023-03-21 22:48:24,724:INFO:mapsims:Smoothing and coord-transform for Channel SAT_f230
2023-03-21 22:48:28,864:INFO:pysm3:Used map2alm_lsq, converged in 7 iterations,residual relative error 0.19
2023-03-21 22:48:28,865:INFO:pysm3:Smoothing with fwhm of 11.0 arcmin
2023-03-21 22:48:28,912:INFO:pysm3:Rotate Alm
2023-03-21 22:48:31,195:INFO:pysm3:Alm to map HEALPix
2023-03-21 22:48:31,467:INFO:pysm3:Alm to map CAR
2023-03-21 22:48:32,292:INFO:mapsims:Writing output map sobs_mbs-s0012-20230321_SAT_mission_SAT_f230_ame_healpix.fits
2023-03-21 22:48:32,292:INFO:mapsims:Replace NaN with UNSEEN
2023-03-21 22:48:32,321:INFO:mapsims:Reorder ring to nest
2023-03-21 22:48:33,339:INFO:mapsims:Writing output map
2023-03-21 22:48:33,910:INFO:mapsims:Writing output map sobs_mbs-s0012-20230321_SAT_mission_SAT_f230_ame_car.fits
2023-03-21 22:48:33,911:INFO:mapsims:Writing output map

real	0m56.255s
user	3m58.581s
sys	1m17.526s
