
WARNING: version mismatch between CFITSIO header (v3.47) and linked library (v4.02).


WARNING: version mismatch between CFITSIO header (v3.47) and linked library (v4.02).


WARNING: version mismatch between CFITSIO header (v3.47) and linked library (v4.02).

2023-03-21 22:35:28,595:INFO:mapsims:Parsing configuration from common.toml, dust.toml
2023-03-21 22:35:28,620:INFO:mapsims:Nside: 128, Modeling Nside: 2048, Ellmax: 320
2023-03-21 22:35:28,643:INFO:mapsims:Initializing the PySM Sky object
2023-03-21 22:35:28,646:INFO:pysm3:Access data from /mnt/sdceph/users/azonca/pysm-data/dust_gnilc/gnilc_dust_template_nside2048.fits
2023-03-21 22:35:35,710:INFO:pysm3:Access data from /mnt/sdceph/users/azonca/pysm-data/dust_gnilc/gnilc_dust_beta_nside2048.fits
2023-03-21 22:35:36,446:INFO:pysm3:Access data from /mnt/sdceph/users/azonca/pysm-data/dust_gnilc/gnilc_dust_Td_nside2048.fits
2023-03-21 22:35:37,359:INFO:mapsims:Processing channel Channel SAT_f030
2023-03-21 22:35:37,359:INFO:mapsims:Bandpass integration for Channel SAT_f030
2023-03-21 22:45:14,349:INFO:mapsims:Smoothing and coord-transform for Channel SAT_f030
2023-03-21 22:45:14,355:INFO:pysm3:Using map2alm with pixel weights
2023-03-21 22:45:15,745:INFO:pysm3:Smoothing with fwhm of 91.0 arcmin
2023-03-21 22:45:15,749:INFO:pysm3:Rotate Alm
2023-03-21 22:45:15,861:INFO:pysm3:Alm to map HEALPix
2023-03-21 22:45:15,867:INFO:pysm3:Alm to map CAR
2023-03-21 22:45:15,980:INFO:mapsims:Writing output map sobs_mbs-s0012-20230321_SAT_mission_SAT_f030_dust_healpix.fits
2023-03-21 22:45:15,981:INFO:mapsims:Replace NaN with UNSEEN
2023-03-21 22:45:15,981:INFO:mapsims:Reorder ring to nest
2023-03-21 22:45:15,992:INFO:mapsims:Writing output map
2023-03-21 22:45:16,016:INFO:mapsims:Writing output map sobs_mbs-s0012-20230321_SAT_mission_SAT_f030_dust_car.fits
2023-03-21 22:45:16,016:INFO:mapsims:Writing output map

real	9m53.445s
user	25m4.490s
sys	3m23.174s
