
WARNING: version mismatch between CFITSIO header (v3.47) and linked library (v4.02).


WARNING: version mismatch between CFITSIO header (v3.47) and linked library (v4.02).


WARNING: version mismatch between CFITSIO header (v3.47) and linked library (v4.02).

2023-03-21 22:51:10,999:INFO:mapsims:Parsing configuration from common.toml, ame_high.toml
2023-03-21 22:51:11,009:INFO:mapsims:Nside: 8192, Modeling Nside: 512, Ellmax: 1280
2023-03-21 22:51:11,011:INFO:mapsims:Initializing the PySM Sky object
2023-03-21 22:51:11,012:INFO:pysm3:Access data from /mnt/sdceph/users/azonca/pysm-data/pysm_2/ame_t_new.fits
2023-03-21 22:51:11,080:INFO:pysm3:Access data from /mnt/sdceph/users/azonca/pysm-data/pysm_2/ame_nu_peak_0.fits
2023-03-21 22:51:11,123:INFO:pysm3:Access data from /mnt/sdceph/users/azonca/pysm-data/pysm_2/emissivity.txt
2023-03-21 22:51:11,128:INFO:pysm3:Access data from /mnt/sdceph/users/azonca/pysm-data/pysm_2/dust_u_new.fits
2023-03-21 22:51:11,175:WARNING:pysm3:No physical unit associated with file /mnt/sdceph/users/azonca/pysm-data/pysm_2/dust_u_new.fits
2023-03-21 22:51:11,176:INFO:pysm3:Access data from /mnt/sdceph/users/azonca/pysm-data/pysm_2/dust_q_new.fits
2023-03-21 22:51:11,220:WARNING:pysm3:No physical unit associated with file /mnt/sdceph/users/azonca/pysm-data/pysm_2/dust_q_new.fits
2023-03-21 22:51:11,288:INFO:pysm3:Access data from /mnt/sdceph/users/azonca/pysm-data/pysm_2/ame2_t_new.fits
2023-03-21 22:51:11,335:INFO:pysm3:Access data from /mnt/sdceph/users/azonca/pysm-data/pysm_2/emissivity.txt
2023-03-21 22:51:11,338:INFO:pysm3:Access data from /mnt/sdceph/users/azonca/pysm-data/pysm_2/dust_u_new.fits
2023-03-21 22:51:11,374:WARNING:pysm3:No physical unit associated with file /mnt/sdceph/users/azonca/pysm-data/pysm_2/dust_u_new.fits
2023-03-21 22:51:11,375:INFO:pysm3:Access data from /mnt/sdceph/users/azonca/pysm-data/pysm_2/dust_q_new.fits
2023-03-21 22:51:11,412:WARNING:pysm3:No physical unit associated with file /mnt/sdceph/users/azonca/pysm-data/pysm_2/dust_q_new.fits
2023-03-21 22:51:11,472:INFO:mapsims:Processing channel Channel LAT_f090
2023-03-21 22:51:11,472:INFO:mapsims:Bandpass integration for Channel LAT_f090
2023-03-21 22:51:22,902:INFO:mapsims:Smoothing and coord-transform for Channel LAT_f090
2023-03-21 22:51:27,713:INFO:pysm3:Used map2alm_lsq, converged in 7 iterations,residual relative error 0.15
2023-03-21 22:51:27,713:INFO:pysm3:Smoothing with fwhm of 2.2 arcmin
2023-03-21 22:51:27,760:INFO:pysm3:Rotate Alm
2023-03-21 22:51:30,017:INFO:pysm3:Alm to map HEALPix
2023-03-21 22:51:44,046:INFO:pysm3:Alm to map CAR
2023-03-21 22:52:23,221:INFO:mapsims:Writing output map sobs_mbs-s0012-20230321_LAT_mission_LAT_f090_ame_high_healpix.fits
2023-03-21 22:52:23,222:INFO:mapsims:Replace NaN with UNSEEN
2023-03-21 22:52:25,811:INFO:mapsims:Reorder ring to nest
2023-03-21 22:53:29,682:INFO:mapsims:Writing output map
2023-03-21 22:54:04,932:INFO:mapsims:Writing output map sobs_mbs-s0012-20230321_LAT_mission_LAT_f090_ame_high_car.fits
2023-03-21 22:54:04,971:INFO:mapsims:Writing output map

real	3m44.872s
user	7m1.135s
sys	2m21.365s
