
WARNING: version mismatch between CFITSIO header (v3.47) and linked library (v4.02).


WARNING: version mismatch between CFITSIO header (v3.47) and linked library (v4.02).


WARNING: version mismatch between CFITSIO header (v3.47) and linked library (v4.02).

2023-03-21 22:46:02,107:INFO:mapsims:Parsing configuration from common.toml, ame.toml
2023-03-21 22:46:02,118:INFO:mapsims:Nside: 2048, Modeling Nside: 512, Ellmax: 1280
2023-03-21 22:46:02,122:INFO:mapsims:Initializing the PySM Sky object
2023-03-21 22:46:02,124:INFO:pysm3:Access data from /mnt/sdceph/users/azonca/pysm-data/pysm_2/ame_t_new.fits
2023-03-21 22:46:02,313:INFO:pysm3:Access data from /mnt/sdceph/users/azonca/pysm-data/pysm_2/ame_nu_peak_0.fits
2023-03-21 22:46:02,502:INFO:pysm3:Access data from /mnt/sdceph/users/azonca/pysm-data/pysm_2/emissivity.txt
2023-03-21 22:46:02,538:INFO:pysm3:Access data from /mnt/sdceph/users/azonca/pysm-data/pysm_2/ame2_t_new.fits
2023-03-21 22:46:02,678:INFO:pysm3:Access data from /mnt/sdceph/users/azonca/pysm-data/pysm_2/emissivity.txt
2023-03-21 22:46:02,681:INFO:mapsims:Processing channel Channel LAT_f030
2023-03-21 22:46:02,681:INFO:mapsims:Bandpass integration for Channel LAT_f030
2023-03-21 22:46:33,915:INFO:mapsims:Smoothing and coord-transform for Channel LAT_f030
2023-03-21 22:46:38,813:INFO:pysm3:Used map2alm_lsq, converged in 8 iterations,residual relative error 0.039
2023-03-21 22:46:38,813:INFO:pysm3:Smoothing with fwhm of 7.4 arcmin
2023-03-21 22:46:38,869:INFO:pysm3:Rotate Alm
2023-03-21 22:46:41,463:INFO:pysm3:Alm to map HEALPix
2023-03-21 22:46:42,401:INFO:pysm3:Alm to map CAR
2023-03-21 22:46:45,075:INFO:mapsims:Writing output map sobs_mbs-s0012-20230321_LAT_mission_LAT_f030_ame_healpix.fits
2023-03-21 22:46:45,075:INFO:mapsims:Replace NaN with UNSEEN
2023-03-21 22:46:45,214:INFO:mapsims:Reorder ring to nest
2023-03-21 22:46:49,542:INFO:mapsims:Writing output map
2023-03-21 22:46:52,012:INFO:mapsims:Writing output map sobs_mbs-s0012-20230321_LAT_mission_LAT_f030_ame_car.fits
2023-03-21 22:46:52,015:INFO:mapsims:Writing output map

real	0m55.999s
user	4m13.726s
sys	1m31.174s
