
WARNING: version mismatch between CFITSIO header (v3.47) and linked library (v4.02).


WARNING: version mismatch between CFITSIO header (v3.47) and linked library (v4.02).


WARNING: version mismatch between CFITSIO header (v3.47) and linked library (v4.02).

2023-03-21 22:57:26,263:INFO:mapsims:Parsing configuration from common.toml, tsz.toml
2023-03-21 22:57:26,275:INFO:mapsims:Nside: 8192, Modeling Nside: 8192, Ellmax: 16384
2023-03-21 22:57:26,277:INFO:mapsims:Initializing the PySM Sky object
2023-03-21 22:57:26,279:INFO:pysm3:Access data from /mnt/sdceph/users/azonca/pysm-data/websky/0.4/tsz_8192_hp.fits
2023-03-21 22:57:26,279:INFO:pysm3:Access data from /mnt/sdceph/users/azonca/pysm-data/websky/0.4/tsz_8192_hp.fits
2023-03-21 22:57:33,411:INFO:mapsims:Processing channel Channel LAT_f290
2023-03-21 22:57:33,411:INFO:mapsims:Bandpass integration for Channel LAT_f290
2023-03-21 23:07:56,945:INFO:mapsims:Smoothing and coord-transform for Channel LAT_f290
2023-03-21 23:16:11,644:INFO:pysm3:Used map2alm_lsq, converged in 2 iterations,residual relative error 0.2
2023-03-21 23:16:11,644:INFO:pysm3:Smoothing with fwhm of 0.9 arcmin
2023-03-21 23:16:20,959:INFO:pysm3:Rotate Alm
2023-03-22 00:05:58,890:INFO:pysm3:Alm to map HEALPix
2023-03-22 00:06:37,299:INFO:pysm3:Alm to map CAR
2023-03-22 00:07:31,596:INFO:mapsims:Writing output map sobs_mbs-s0012-20230321_LAT_mission_LAT_f290_tsz_healpix.fits
2023-03-22 00:07:31,596:INFO:mapsims:Replace NaN with UNSEEN
2023-03-22 00:07:34,125:INFO:mapsims:Reorder ring to nest
2023-03-22 00:08:37,171:INFO:mapsims:Writing output map
2023-03-22 00:09:10,242:INFO:mapsims:Writing output map sobs_mbs-s0012-20230321_LAT_mission_LAT_f290_tsz_car.fits
2023-03-22 00:09:10,281:INFO:mapsims:Writing output map

real	72m33.110s
user	1646m18.682s
sys	15m6.821s
