
WARNING: version mismatch between CFITSIO header (v3.47) and linked library (v4.02).


WARNING: version mismatch between CFITSIO header (v3.47) and linked library (v4.02).


WARNING: version mismatch between CFITSIO header (v3.47) and linked library (v4.02).

2023-03-21 22:51:21,084:INFO:mapsims:Parsing configuration from common.toml, ame_high.toml
2023-03-21 22:51:21,095:INFO:mapsims:Nside: 8192, Modeling Nside: 512, Ellmax: 1280
2023-03-21 22:51:21,097:INFO:mapsims:Initializing the PySM Sky object
2023-03-21 22:51:21,098:INFO:pysm3:Access data from /mnt/sdceph/users/azonca/pysm-data/pysm_2/ame_t_new.fits
2023-03-21 22:51:21,128:INFO:pysm3:Access data from /mnt/sdceph/users/azonca/pysm-data/pysm_2/ame_nu_peak_0.fits
2023-03-21 22:51:21,161:INFO:pysm3:Access data from /mnt/sdceph/users/azonca/pysm-data/pysm_2/emissivity.txt
2023-03-21 22:51:21,165:INFO:pysm3:Access data from /mnt/sdceph/users/azonca/pysm-data/pysm_2/dust_u_new.fits
2023-03-21 22:51:21,214:WARNING:pysm3:No physical unit associated with file /mnt/sdceph/users/azonca/pysm-data/pysm_2/dust_u_new.fits
2023-03-21 22:51:21,215:INFO:pysm3:Access data from /mnt/sdceph/users/azonca/pysm-data/pysm_2/dust_q_new.fits
2023-03-21 22:51:21,263:WARNING:pysm3:No physical unit associated with file /mnt/sdceph/users/azonca/pysm-data/pysm_2/dust_q_new.fits
2023-03-21 22:51:21,324:INFO:pysm3:Access data from /mnt/sdceph/users/azonca/pysm-data/pysm_2/ame2_t_new.fits
2023-03-21 22:51:21,355:INFO:pysm3:Access data from /mnt/sdceph/users/azonca/pysm-data/pysm_2/emissivity.txt
2023-03-21 22:51:21,359:INFO:pysm3:Access data from /mnt/sdceph/users/azonca/pysm-data/pysm_2/dust_u_new.fits
2023-03-21 22:51:21,389:WARNING:pysm3:No physical unit associated with file /mnt/sdceph/users/azonca/pysm-data/pysm_2/dust_u_new.fits
2023-03-21 22:51:21,390:INFO:pysm3:Access data from /mnt/sdceph/users/azonca/pysm-data/pysm_2/dust_q_new.fits
2023-03-21 22:51:21,420:WARNING:pysm3:No physical unit associated with file /mnt/sdceph/users/azonca/pysm-data/pysm_2/dust_q_new.fits
2023-03-21 22:51:21,486:INFO:mapsims:Processing channel Channel LAT_f150
2023-03-21 22:51:21,486:INFO:mapsims:Bandpass integration for Channel LAT_f150
2023-03-21 22:51:35,430:INFO:mapsims:Smoothing and coord-transform for Channel LAT_f150
2023-03-21 22:51:39,691:INFO:pysm3:Used map2alm_lsq, converged in 7 iterations,residual relative error 0.19
2023-03-21 22:51:39,694:INFO:pysm3:Smoothing with fwhm of 1.4 arcmin
2023-03-21 22:51:39,759:INFO:pysm3:Rotate Alm
2023-03-21 22:51:41,885:INFO:pysm3:Alm to map HEALPix
2023-03-21 22:51:55,869:INFO:pysm3:Alm to map CAR
2023-03-21 22:52:34,473:INFO:mapsims:Writing output map sobs_mbs-s0012-20230321_LAT_mission_LAT_f150_ame_high_healpix.fits
2023-03-21 22:52:34,474:INFO:mapsims:Replace NaN with UNSEEN
2023-03-21 22:52:36,899:INFO:mapsims:Reorder ring to nest
2023-03-21 22:53:39,768:INFO:mapsims:Writing output map
2023-03-21 22:54:11,771:INFO:mapsims:Writing output map sobs_mbs-s0012-20230321_LAT_mission_LAT_f150_ame_high_car.fits
2023-03-21 22:54:11,811:INFO:mapsims:Writing output map

real	3m38.894s
user	6m37.073s
sys	2m28.293s
