
WARNING: version mismatch between CFITSIO header (v3.47) and linked library (v4.02).


WARNING: version mismatch between CFITSIO header (v3.47) and linked library (v4.02).


WARNING: version mismatch between CFITSIO header (v3.47) and linked library (v4.02).

2023-03-21 22:35:20,877:INFO:mapsims:Parsing configuration from common.toml, co_low.toml
2023-03-21 22:35:20,889:INFO:mapsims:Nside: 2048, Modeling Nside: 2048, Ellmax: 5120
2023-03-21 22:35:20,892:INFO:mapsims:Initializing the PySM Sky object
2023-03-21 22:35:20,894:INFO:pysm3:Access data from /mnt/sdceph/users/azonca/pysm-data/co/HFI_CompMap_CO-Type1_2048_R2.00_ring.fits
2023-03-21 22:35:20,895:INFO:pysm3:Access data from /mnt/sdceph/users/azonca/pysm-data/co/HFI_CompMap_CO-Type1_2048_R2.00_ring.fits
2023-03-21 22:35:38,763:INFO:mapsims:Processing channel Channel LAT_f030
2023-03-21 22:35:38,763:INFO:mapsims:Bandpass integration for Channel LAT_f030
2023-03-21 22:35:39,623:INFO:mapsims:Smoothing and coord-transform for Channel LAT_f030
/mnt/home/azonca/mambaforge-pypy3/envs/so/lib/python3.10/site-packages/healpy/sphtfunc.py:414: RuntimeWarning: invalid value encountered in double_scalars
  return realalm2alm(res[0]), res[3] / norm(maps.reshape((-1,))), res[2]
2023-03-21 22:35:49,962:INFO:pysm3:Used map2alm_lsq, converged in 0 iterations,residual relative error nan
2023-03-21 22:35:49,966:INFO:pysm3:Smoothing with fwhm of 7.4 arcmin
2023-03-21 22:35:51,050:INFO:pysm3:Rotate Alm
2023-03-21 22:37:08,395:INFO:pysm3:Alm to map HEALPix
2023-03-21 22:37:10,114:INFO:pysm3:Alm to map CAR
2023-03-21 22:37:13,244:INFO:mapsims:Writing output map sobs_mbs-s0012-20230321_LAT_mission_LAT_f030_co_low_healpix.fits
2023-03-21 22:37:13,244:INFO:mapsims:Replace NaN with UNSEEN
2023-03-21 22:37:13,451:INFO:mapsims:Reorder ring to nest
2023-03-21 22:37:17,656:INFO:mapsims:Writing output map
2023-03-21 22:37:19,814:INFO:mapsims:Writing output map sobs_mbs-s0012-20230321_LAT_mission_LAT_f030_co_low_car.fits
2023-03-21 22:37:19,817:INFO:mapsims:Writing output map

real	2m4.118s
user	65m49.247s
sys	0m32.920s
