
WARNING: version mismatch between CFITSIO header (v3.47) and linked library (v4.02).


WARNING: version mismatch between CFITSIO header (v3.47) and linked library (v4.02).


WARNING: version mismatch between CFITSIO header (v3.47) and linked library (v4.02).

2023-03-21 22:52:07,349:INFO:mapsims:Parsing configuration from common.toml, ame_high.toml
2023-03-21 22:52:07,359:INFO:mapsims:Nside: 512, Modeling Nside: 512, Ellmax: 1280
2023-03-21 22:52:07,362:INFO:mapsims:Initializing the PySM Sky object
2023-03-21 22:52:07,363:INFO:pysm3:Access data from /mnt/sdceph/users/azonca/pysm-data/pysm_2/ame_t_new.fits
2023-03-21 22:52:07,392:INFO:pysm3:Access data from /mnt/sdceph/users/azonca/pysm-data/pysm_2/ame_nu_peak_0.fits
2023-03-21 22:52:07,426:INFO:pysm3:Access data from /mnt/sdceph/users/azonca/pysm-data/pysm_2/emissivity.txt
2023-03-21 22:52:07,430:INFO:pysm3:Access data from /mnt/sdceph/users/azonca/pysm-data/pysm_2/dust_u_new.fits
2023-03-21 22:52:07,463:WARNING:pysm3:No physical unit associated with file /mnt/sdceph/users/azonca/pysm-data/pysm_2/dust_u_new.fits
2023-03-21 22:52:07,464:INFO:pysm3:Access data from /mnt/sdceph/users/azonca/pysm-data/pysm_2/dust_q_new.fits
2023-03-21 22:52:07,492:WARNING:pysm3:No physical unit associated with file /mnt/sdceph/users/azonca/pysm-data/pysm_2/dust_q_new.fits
2023-03-21 22:52:07,559:INFO:pysm3:Access data from /mnt/sdceph/users/azonca/pysm-data/pysm_2/ame2_t_new.fits
2023-03-21 22:52:07,587:INFO:pysm3:Access data from /mnt/sdceph/users/azonca/pysm-data/pysm_2/emissivity.txt
2023-03-21 22:52:07,591:INFO:pysm3:Access data from /mnt/sdceph/users/azonca/pysm-data/pysm_2/dust_u_new.fits
2023-03-21 22:52:07,619:WARNING:pysm3:No physical unit associated with file /mnt/sdceph/users/azonca/pysm-data/pysm_2/dust_u_new.fits
2023-03-21 22:52:07,620:INFO:pysm3:Access data from /mnt/sdceph/users/azonca/pysm-data/pysm_2/dust_q_new.fits
2023-03-21 22:52:07,648:WARNING:pysm3:No physical unit associated with file /mnt/sdceph/users/azonca/pysm-data/pysm_2/dust_q_new.fits
2023-03-21 22:52:07,708:INFO:mapsims:Processing channel Channel SAT_f150
2023-03-21 22:52:07,708:INFO:mapsims:Bandpass integration for Channel SAT_f150
2023-03-21 22:52:21,587:INFO:mapsims:Smoothing and coord-transform for Channel SAT_f150
2023-03-21 22:52:25,781:INFO:pysm3:Used map2alm_lsq, converged in 7 iterations,residual relative error 0.19
2023-03-21 22:52:25,782:INFO:pysm3:Smoothing with fwhm of 17.0 arcmin
2023-03-21 22:52:25,837:INFO:pysm3:Rotate Alm
2023-03-21 22:52:28,063:INFO:pysm3:Alm to map HEALPix
2023-03-21 22:52:28,140:INFO:pysm3:Alm to map CAR
2023-03-21 22:52:28,714:INFO:mapsims:Writing output map sobs_mbs-s0012-20230321_SAT_mission_SAT_f150_ame_high_healpix.fits
2023-03-21 22:52:28,714:INFO:mapsims:Replace NaN with UNSEEN
2023-03-21 22:52:28,721:INFO:mapsims:Reorder ring to nest
2023-03-21 22:52:28,913:INFO:mapsims:Writing output map
2023-03-21 22:52:29,081:INFO:mapsims:Writing output map sobs_mbs-s0012-20230321_SAT_mission_SAT_f150_ame_high_car.fits
2023-03-21 22:52:29,082:INFO:mapsims:Writing output map

real	0m24.659s
user	3m28.030s
sys	1m10.166s
