
WARNING: version mismatch between CFITSIO header (v3.47) and linked library (v4.02).


WARNING: version mismatch between CFITSIO header (v3.47) and linked library (v4.02).


WARNING: version mismatch between CFITSIO header (v3.47) and linked library (v4.02).

2023-03-21 23:01:11,832:INFO:mapsims:Parsing configuration from common.toml, dust_high.toml
2023-03-21 23:01:11,842:INFO:mapsims:Nside: 8192, Modeling Nside: 2048, Ellmax: 5120
2023-03-21 23:01:11,844:INFO:mapsims:Initializing the PySM Sky object
2023-03-21 23:01:14,153:INFO:pysm3:Access data from /mnt/sdceph/users/azonca/pysm-data/mkd_dust/2048/thermaldust_ampl1.fits
2023-03-21 23:01:16,324:INFO:pysm3:Access data from /mnt/sdceph/users/azonca/pysm-data/mkd_dust/2048/thermaldust_ampl2.fits
2023-03-21 23:01:18,546:INFO:pysm3:Access data from /mnt/sdceph/users/azonca/pysm-data/mkd_dust/2048/thermaldust_ampl3.fits
2023-03-21 23:01:20,641:INFO:pysm3:Access data from /mnt/sdceph/users/azonca/pysm-data/mkd_dust/2048/thermaldust_ampl4.fits
2023-03-21 23:01:22,587:INFO:pysm3:Access data from /mnt/sdceph/users/azonca/pysm-data/mkd_dust/2048/thermaldust_ampl5.fits
2023-03-21 23:01:24,775:INFO:pysm3:Access data from /mnt/sdceph/users/azonca/pysm-data/mkd_dust/2048/thermaldust_ampl6.fits
2023-03-21 23:01:33,628:INFO:pysm3:Access data from /mnt/sdceph/users/azonca/pysm-data/mkd_dust/2048/thermaldust_specind1.fits
2023-03-21 23:01:34,262:INFO:pysm3:Access data from /mnt/sdceph/users/azonca/pysm-data/mkd_dust/2048/thermaldust_specind2.fits
2023-03-21 23:01:34,942:INFO:pysm3:Access data from /mnt/sdceph/users/azonca/pysm-data/mkd_dust/2048/thermaldust_specind3.fits
2023-03-21 23:01:35,601:INFO:pysm3:Access data from /mnt/sdceph/users/azonca/pysm-data/mkd_dust/2048/thermaldust_specind4.fits
2023-03-21 23:01:36,202:INFO:pysm3:Access data from /mnt/sdceph/users/azonca/pysm-data/mkd_dust/2048/thermaldust_specind5.fits
2023-03-21 23:01:36,821:INFO:pysm3:Access data from /mnt/sdceph/users/azonca/pysm-data/mkd_dust/2048/thermaldust_specind6.fits
2023-03-21 23:01:38,251:INFO:pysm3:Access data from /mnt/sdceph/users/azonca/pysm-data/mkd_dust/2048/thermaldust_temp1.fits
2023-03-21 23:01:38,859:INFO:pysm3:Access data from /mnt/sdceph/users/azonca/pysm-data/mkd_dust/2048/thermaldust_temp2.fits
2023-03-21 23:01:39,496:INFO:pysm3:Access data from /mnt/sdceph/users/azonca/pysm-data/mkd_dust/2048/thermaldust_temp3.fits
2023-03-21 23:01:40,106:INFO:pysm3:Access data from /mnt/sdceph/users/azonca/pysm-data/mkd_dust/2048/thermaldust_temp4.fits
2023-03-21 23:01:40,677:INFO:pysm3:Access data from /mnt/sdceph/users/azonca/pysm-data/mkd_dust/2048/thermaldust_temp5.fits
2023-03-21 23:01:41,386:INFO:pysm3:Access data from /mnt/sdceph/users/azonca/pysm-data/mkd_dust/2048/thermaldust_temp6.fits
2023-03-21 23:01:42,205:INFO:mapsims:Processing channel Channel LAT_f090
2023-03-21 23:01:42,206:INFO:mapsims:Bandpass integration for Channel LAT_f090
2023-03-21 23:12:50,361:INFO:mapsims:Smoothing and coord-transform for Channel LAT_f090
2023-03-21 23:14:19,612:WARNING:pysm3:hp.map2alm_lsq did not converge in 10 iterations, residual relative error is 0.0012
2023-03-21 23:14:19,612:INFO:pysm3:Smoothing with fwhm of 2.2 arcmin
2023-03-21 23:14:20,545:INFO:pysm3:Rotate Alm
2023-03-21 23:15:47,419:INFO:pysm3:Alm to map HEALPix
2023-03-21 23:16:04,083:INFO:pysm3:Alm to map CAR
2023-03-21 23:16:44,514:INFO:mapsims:Writing output map sobs_mbs-s0012-20230321_LAT_mission_LAT_f090_dust_high_healpix.fits
2023-03-21 23:16:44,514:INFO:mapsims:Replace NaN with UNSEEN
2023-03-21 23:16:47,421:INFO:mapsims:Reorder ring to nest
2023-03-21 23:17:50,879:INFO:mapsims:Writing output map
2023-03-21 23:18:24,540:INFO:mapsims:Writing output map sobs_mbs-s0012-20230321_LAT_mission_LAT_f090_dust_high_car.fits
2023-03-21 23:18:24,580:INFO:mapsims:Writing output map

real	18m1.312s
user	112m45.950s
sys	8m35.262s
