
WARNING: version mismatch between CFITSIO header (v3.47) and linked library (v4.02).


WARNING: version mismatch between CFITSIO header (v3.47) and linked library (v4.02).


WARNING: version mismatch between CFITSIO header (v3.47) and linked library (v4.02).

2023-03-21 22:45:28,541:INFO:mapsims:Parsing configuration from common.toml, synchrotron_high.toml
2023-03-21 22:45:28,552:INFO:mapsims:Nside: 512, Modeling Nside: 2048, Ellmax: 1280
2023-03-21 22:45:28,554:INFO:mapsims:Initializing the PySM Sky object
2023-03-21 22:45:28,555:INFO:pysm3:Access data from /mnt/sdceph/users/azonca/pysm-data/synch/synch_template_nside2048_2023.02.25.fits
2023-03-21 22:45:30,330:INFO:pysm3:Access data from /mnt/sdceph/users/azonca/pysm-data/synch/synch_beta_nside2048.fits
2023-03-21 22:45:30,797:INFO:pysm3:Access data from /mnt/sdceph/users/azonca/pysm-data/synch/synch_curvature_nside2048.fits
2023-03-21 22:45:31,240:INFO:mapsims:Processing channel Channel SAT_f150
2023-03-21 22:45:31,240:INFO:mapsims:Bandpass integration for Channel SAT_f150
2023-03-21 22:46:00,349:INFO:mapsims:Smoothing and coord-transform for Channel SAT_f150
2023-03-21 22:46:00,351:INFO:pysm3:Using map2alm with pixel weights
2023-03-21 22:46:01,866:INFO:pysm3:Smoothing with fwhm of 17.0 arcmin
2023-03-21 22:46:01,921:INFO:pysm3:Rotate Alm
2023-03-21 22:46:03,693:INFO:pysm3:Alm to map HEALPix
2023-03-21 22:46:03,782:INFO:pysm3:Alm to map CAR
2023-03-21 22:46:04,357:INFO:mapsims:Writing output map sobs_mbs-s0012-20230321_SAT_mission_SAT_f150_synchrotron_high_healpix.fits
2023-03-21 22:46:04,357:INFO:mapsims:Replace NaN with UNSEEN
2023-03-21 22:46:04,366:INFO:mapsims:Reorder ring to nest
2023-03-21 22:46:04,607:INFO:mapsims:Writing output map
2023-03-21 22:46:04,781:INFO:mapsims:Writing output map sobs_mbs-s0012-20230321_SAT_mission_SAT_f150_synchrotron_high_car.fits
2023-03-21 22:46:04,782:INFO:mapsims:Writing output map

real	0m39.214s
user	7m25.341s
sys	0m37.909s
