
WARNING: version mismatch between CFITSIO header (v3.47) and linked library (v4.02).


WARNING: version mismatch between CFITSIO header (v3.47) and linked library (v4.02).


WARNING: version mismatch between CFITSIO header (v3.47) and linked library (v4.02).

2023-03-21 22:45:00,721:INFO:mapsims:Parsing configuration from common.toml, synchrotron_high.toml
2023-03-21 22:45:00,731:INFO:mapsims:Nside: 128, Modeling Nside: 2048, Ellmax: 320
2023-03-21 22:45:00,733:INFO:mapsims:Initializing the PySM Sky object
2023-03-21 22:45:00,734:INFO:pysm3:Access data from /mnt/sdceph/users/azonca/pysm-data/synch/synch_template_nside2048_2023.02.25.fits
2023-03-21 22:45:02,597:INFO:pysm3:Access data from /mnt/sdceph/users/azonca/pysm-data/synch/synch_beta_nside2048.fits
2023-03-21 22:45:03,619:INFO:pysm3:Access data from /mnt/sdceph/users/azonca/pysm-data/synch/synch_curvature_nside2048.fits
2023-03-21 22:45:04,135:INFO:mapsims:Processing channel Channel SAT_f040
2023-03-21 22:45:04,135:INFO:mapsims:Bandpass integration for Channel SAT_f040
2023-03-21 22:47:45,768:INFO:mapsims:Smoothing and coord-transform for Channel SAT_f040
2023-03-21 22:47:45,770:INFO:pysm3:Using map2alm with pixel weights
2023-03-21 22:47:47,111:INFO:pysm3:Smoothing with fwhm of 63.0 arcmin
2023-03-21 22:47:47,114:INFO:pysm3:Rotate Alm
2023-03-21 22:47:47,228:INFO:pysm3:Alm to map HEALPix
2023-03-21 22:47:47,233:INFO:pysm3:Alm to map CAR
2023-03-21 22:47:47,354:INFO:mapsims:Writing output map sobs_mbs-s0012-20230321_SAT_mission_SAT_f040_synchrotron_high_healpix.fits
2023-03-21 22:47:47,354:INFO:mapsims:Replace NaN with UNSEEN
2023-03-21 22:47:47,355:INFO:mapsims:Reorder ring to nest
2023-03-21 22:47:47,365:INFO:mapsims:Writing output map
2023-03-21 22:47:47,391:INFO:mapsims:Writing output map sobs_mbs-s0012-20230321_SAT_mission_SAT_f040_synchrotron_high_car.fits
2023-03-21 22:47:47,391:INFO:mapsims:Writing output map

real	2m48.691s
user	34m12.583s
sys	3m23.421s
