
WARNING: version mismatch between CFITSIO header (v3.47) and linked library (v4.02).


WARNING: version mismatch between CFITSIO header (v3.47) and linked library (v4.02).


WARNING: version mismatch between CFITSIO header (v3.47) and linked library (v4.02).

2023-03-21 22:42:03,150:INFO:mapsims:Parsing configuration from common.toml, dust_low.toml
2023-03-21 22:42:03,175:INFO:mapsims:Nside: 512, Modeling Nside: 2048, Ellmax: 1280
2023-03-21 22:42:03,179:INFO:mapsims:Initializing the PySM Sky object
2023-03-21 22:42:03,180:INFO:pysm3:Access data from /mnt/sdceph/users/azonca/pysm-data/dust_gnilc/gnilc_dust_template_nside2048.fits
2023-03-21 22:42:04,786:INFO:mapsims:Processing channel Channel SAT_f150
2023-03-21 22:42:04,787:INFO:mapsims:Bandpass integration for Channel SAT_f150
2023-03-21 22:42:43,922:INFO:mapsims:Smoothing and coord-transform for Channel SAT_f150
2023-03-21 22:42:43,928:INFO:pysm3:Using map2alm with pixel weights
2023-03-21 22:42:45,617:INFO:pysm3:Smoothing with fwhm of 17.0 arcmin
2023-03-21 22:42:45,671:INFO:pysm3:Rotate Alm
2023-03-21 22:42:48,019:INFO:pysm3:Alm to map HEALPix
2023-03-21 22:42:48,108:INFO:pysm3:Alm to map CAR
2023-03-21 22:42:48,655:INFO:mapsims:Writing output map sobs_mbs-s0012-20230321_SAT_mission_SAT_f150_dust_low_healpix.fits
2023-03-21 22:42:48,655:INFO:mapsims:Replace NaN with UNSEEN
2023-03-21 22:42:48,663:INFO:mapsims:Reorder ring to nest
2023-03-21 22:42:48,854:INFO:mapsims:Writing output map
2023-03-21 22:42:49,038:INFO:mapsims:Writing output map sobs_mbs-s0012-20230321_SAT_mission_SAT_f150_dust_low_car.fits
2023-03-21 22:42:49,039:INFO:mapsims:Writing output map

real	0m54.093s
user	3m12.846s
sys	0m19.191s
