
WARNING: version mismatch between CFITSIO header (v3.47) and linked library (v4.02).


WARNING: version mismatch between CFITSIO header (v3.47) and linked library (v4.02).


WARNING: version mismatch between CFITSIO header (v3.47) and linked library (v4.02).

2023-03-21 22:43:44,026:INFO:mapsims:Parsing configuration from common.toml, synchrotron_high.toml
2023-03-21 22:43:44,036:INFO:mapsims:Nside: 8192, Modeling Nside: 8192, Ellmax: 16384
2023-03-21 22:43:44,038:INFO:mapsims:Initializing the PySM Sky object
2023-03-21 22:43:44,039:INFO:pysm3:Access data from /mnt/sdceph/users/azonca/pysm-data/synch/synch_template_nside8192_2023.02.25.fits
2023-03-21 22:44:08,963:INFO:pysm3:Access data from /mnt/sdceph/users/azonca/pysm-data/synch/synch_beta_nside8192.fits
2023-03-21 22:44:16,251:INFO:pysm3:Access data from /mnt/sdceph/users/azonca/pysm-data/synch/synch_curvature_nside8192.fits
2023-03-21 22:44:30,531:INFO:mapsims:Processing channel Channel LAT_f150
2023-03-21 22:44:30,532:INFO:mapsims:Bandpass integration for Channel LAT_f150
2023-03-21 22:51:14,875:INFO:mapsims:Smoothing and coord-transform for Channel LAT_f150
2023-03-21 22:59:30,539:INFO:pysm3:Used map2alm_lsq, converged in 2 iterations,residual relative error 0.002
2023-03-21 22:59:30,540:INFO:pysm3:Smoothing with fwhm of 1.4 arcmin
2023-03-21 22:59:40,136:INFO:pysm3:Rotate Alm
2023-03-22 00:14:03,080:INFO:pysm3:Alm to map HEALPix
2023-03-22 00:14:43,352:INFO:pysm3:Alm to map CAR
2023-03-22 00:15:36,844:INFO:mapsims:Writing output map sobs_mbs-s0012-20230321_LAT_mission_LAT_f150_synchrotron_high_healpix.fits
2023-03-22 00:15:36,844:INFO:mapsims:Replace NaN with UNSEEN
2023-03-22 00:15:39,326:INFO:mapsims:Reorder ring to nest
2023-03-22 00:16:42,931:INFO:mapsims:Writing output map
2023-03-22 00:17:19,142:INFO:mapsims:Writing output map sobs_mbs-s0012-20230321_LAT_mission_LAT_f150_synchrotron_high_car.fits
2023-03-22 00:17:19,181:INFO:mapsims:Writing output map

real	94m28.273s
user	1825m11.842s
sys	12m58.099s
