
WARNING: version mismatch between CFITSIO header (v3.47) and linked library (v4.02).


WARNING: version mismatch between CFITSIO header (v3.47) and linked library (v4.02).


WARNING: version mismatch between CFITSIO header (v3.47) and linked library (v4.02).

2023-03-21 22:35:28,482:INFO:mapsims:Parsing configuration from common.toml, ksz.toml
2023-03-21 22:35:28,507:INFO:mapsims:Nside: 2048, Modeling Nside: 4096, Ellmax: 5120
2023-03-21 22:35:28,536:INFO:mapsims:Initializing the PySM Sky object
2023-03-21 22:35:28,538:INFO:pysm3:Access data from /mnt/sdceph/users/azonca/pysm-data/websky/0.4/ksz.fits
2023-03-21 22:35:28,539:INFO:pysm3:Access data from /mnt/sdceph/users/azonca/pysm-data/websky/0.4/ksz.fits
2023-03-21 22:35:34,734:INFO:mapsims:Processing channel Channel LAT_f030
2023-03-21 22:35:34,734:INFO:mapsims:Bandpass integration for Channel LAT_f030
2023-03-21 22:37:03,932:INFO:mapsims:Smoothing and coord-transform for Channel LAT_f030
2023-03-21 22:37:03,938:INFO:pysm3:Using map2alm with pixel weights
2023-03-21 22:37:10,641:INFO:pysm3:Smoothing with fwhm of 7.4 arcmin
2023-03-21 22:37:11,516:INFO:pysm3:Rotate Alm
2023-03-21 22:38:21,843:INFO:pysm3:Alm to map HEALPix
2023-03-21 22:38:23,488:INFO:pysm3:Alm to map CAR
2023-03-21 22:38:26,453:INFO:mapsims:Writing output map sobs_mbs-s0012-20230321_LAT_mission_LAT_f030_ksz_healpix.fits
2023-03-21 22:38:26,453:INFO:mapsims:Replace NaN with UNSEEN
2023-03-21 22:38:26,590:INFO:mapsims:Reorder ring to nest
2023-03-21 22:38:30,647:INFO:mapsims:Writing output map
2023-03-21 22:38:32,955:INFO:mapsims:Writing output map sobs_mbs-s0012-20230321_LAT_mission_LAT_f030_ksz_car.fits
2023-03-21 22:38:32,957:INFO:mapsims:Writing output map

real	3m13.955s
user	57m55.344s
sys	0m56.100s
