
WARNING: version mismatch between CFITSIO header (v3.47) and linked library (v4.02).


WARNING: version mismatch between CFITSIO header (v3.47) and linked library (v4.02).


WARNING: version mismatch between CFITSIO header (v3.47) and linked library (v4.02).

2023-03-21 23:03:16,046:INFO:mapsims:Parsing configuration from common.toml, dust_high.toml
2023-03-21 23:03:16,058:INFO:mapsims:Nside: 8192, Modeling Nside: 2048, Ellmax: 5120
2023-03-21 23:03:16,060:INFO:mapsims:Initializing the PySM Sky object
2023-03-21 23:03:18,369:INFO:pysm3:Access data from /mnt/sdceph/users/azonca/pysm-data/mkd_dust/2048/thermaldust_ampl1.fits
2023-03-21 23:03:20,497:INFO:pysm3:Access data from /mnt/sdceph/users/azonca/pysm-data/mkd_dust/2048/thermaldust_ampl2.fits
2023-03-21 23:03:22,427:INFO:pysm3:Access data from /mnt/sdceph/users/azonca/pysm-data/mkd_dust/2048/thermaldust_ampl3.fits
2023-03-21 23:03:24,395:INFO:pysm3:Access data from /mnt/sdceph/users/azonca/pysm-data/mkd_dust/2048/thermaldust_ampl4.fits
2023-03-21 23:03:26,291:INFO:pysm3:Access data from /mnt/sdceph/users/azonca/pysm-data/mkd_dust/2048/thermaldust_ampl5.fits
2023-03-21 23:03:28,618:INFO:pysm3:Access data from /mnt/sdceph/users/azonca/pysm-data/mkd_dust/2048/thermaldust_ampl6.fits
2023-03-21 23:03:37,242:INFO:pysm3:Access data from /mnt/sdceph/users/azonca/pysm-data/mkd_dust/2048/thermaldust_specind1.fits
2023-03-21 23:03:38,031:INFO:pysm3:Access data from /mnt/sdceph/users/azonca/pysm-data/mkd_dust/2048/thermaldust_specind2.fits
2023-03-21 23:03:38,692:INFO:pysm3:Access data from /mnt/sdceph/users/azonca/pysm-data/mkd_dust/2048/thermaldust_specind3.fits
2023-03-21 23:03:39,438:INFO:pysm3:Access data from /mnt/sdceph/users/azonca/pysm-data/mkd_dust/2048/thermaldust_specind4.fits
2023-03-21 23:03:40,145:INFO:pysm3:Access data from /mnt/sdceph/users/azonca/pysm-data/mkd_dust/2048/thermaldust_specind5.fits
2023-03-21 23:03:40,910:INFO:pysm3:Access data from /mnt/sdceph/users/azonca/pysm-data/mkd_dust/2048/thermaldust_specind6.fits
2023-03-21 23:03:42,351:INFO:pysm3:Access data from /mnt/sdceph/users/azonca/pysm-data/mkd_dust/2048/thermaldust_temp1.fits
2023-03-21 23:03:43,046:INFO:pysm3:Access data from /mnt/sdceph/users/azonca/pysm-data/mkd_dust/2048/thermaldust_temp2.fits
2023-03-21 23:03:43,649:INFO:pysm3:Access data from /mnt/sdceph/users/azonca/pysm-data/mkd_dust/2048/thermaldust_temp3.fits
2023-03-21 23:03:44,389:INFO:pysm3:Access data from /mnt/sdceph/users/azonca/pysm-data/mkd_dust/2048/thermaldust_temp4.fits
2023-03-21 23:03:45,101:INFO:pysm3:Access data from /mnt/sdceph/users/azonca/pysm-data/mkd_dust/2048/thermaldust_temp5.fits
2023-03-21 23:03:45,953:INFO:pysm3:Access data from /mnt/sdceph/users/azonca/pysm-data/mkd_dust/2048/thermaldust_temp6.fits
2023-03-21 23:03:47,051:INFO:mapsims:Processing channel Channel LAT_f290
2023-03-21 23:03:47,051:INFO:mapsims:Bandpass integration for Channel LAT_f290
2023-03-22 00:56:52,674:INFO:mapsims:Smoothing and coord-transform for Channel LAT_f290
2023-03-22 00:58:23,281:WARNING:pysm3:hp.map2alm_lsq did not converge in 10 iterations, residual relative error is 0.00062
2023-03-22 00:58:23,281:INFO:pysm3:Smoothing with fwhm of 0.9 arcmin
2023-03-22 00:58:24,217:INFO:pysm3:Rotate Alm
2023-03-22 00:59:49,548:INFO:pysm3:Alm to map HEALPix
2023-03-22 01:00:06,616:INFO:pysm3:Alm to map CAR
2023-03-22 01:00:47,108:INFO:mapsims:Writing output map sobs_mbs-s0012-20230321_LAT_mission_LAT_f290_dust_high_healpix.fits
2023-03-22 01:00:47,108:INFO:mapsims:Replace NaN with UNSEEN
2023-03-22 01:00:49,822:INFO:mapsims:Reorder ring to nest
2023-03-22 01:01:53,759:INFO:mapsims:Writing output map
2023-03-22 01:02:28,612:INFO:mapsims:Writing output map sobs_mbs-s0012-20230321_LAT_mission_LAT_f290_dust_high_car.fits
2023-03-22 01:02:28,651:INFO:mapsims:Writing output map

real	120m3.979s
user	362m46.822s
sys	40m4.875s
