
WARNING: version mismatch between CFITSIO header (v3.47) and linked library (v4.02).


WARNING: version mismatch between CFITSIO header (v3.47) and linked library (v4.02).


WARNING: version mismatch between CFITSIO header (v3.47) and linked library (v4.02).

2023-03-21 22:55:44,269:INFO:mapsims:Parsing configuration from common.toml, synchrotron_low.toml
2023-03-21 22:55:44,279:INFO:mapsims:Nside: 512, Modeling Nside: 2048, Ellmax: 1280
2023-03-21 22:55:44,282:INFO:mapsims:Initializing the PySM Sky object
2023-03-21 22:55:44,283:INFO:pysm3:Access data from /mnt/sdceph/users/azonca/pysm-data/synch/synch_template_nside2048_2023.02.25.fits
2023-03-21 22:55:46,007:INFO:mapsims:Processing channel Channel SAT_f090
2023-03-21 22:55:46,007:INFO:mapsims:Bandpass integration for Channel SAT_f090
2023-03-21 22:56:00,960:INFO:mapsims:Smoothing and coord-transform for Channel SAT_f090
2023-03-21 22:56:00,962:INFO:pysm3:Using map2alm with pixel weights
2023-03-21 22:56:02,404:INFO:pysm3:Smoothing with fwhm of 30.0 arcmin
2023-03-21 22:56:02,458:INFO:pysm3:Rotate Alm
2023-03-21 22:56:04,420:INFO:pysm3:Alm to map HEALPix
2023-03-21 22:56:04,508:INFO:pysm3:Alm to map CAR
2023-03-21 22:56:05,048:INFO:mapsims:Writing output map sobs_mbs-s0012-20230321_SAT_mission_SAT_f090_synchrotron_low_healpix.fits
2023-03-21 22:56:05,049:INFO:mapsims:Replace NaN with UNSEEN
2023-03-21 22:56:05,056:INFO:mapsims:Reorder ring to nest
2023-03-21 22:56:05,253:INFO:mapsims:Writing output map
2023-03-21 22:56:05,410:INFO:mapsims:Writing output map sobs_mbs-s0012-20230321_SAT_mission_SAT_f090_synchrotron_low_car.fits
2023-03-21 22:56:05,411:INFO:mapsims:Writing output map

real	0m23.983s
user	2m25.028s
sys	0m22.683s
