
WARNING: version mismatch between CFITSIO header (v3.47) and linked library (v4.02).


WARNING: version mismatch between CFITSIO header (v3.47) and linked library (v4.02).


WARNING: version mismatch between CFITSIO header (v3.47) and linked library (v4.02).

2023-03-21 22:38:35,052:INFO:mapsims:Parsing configuration from common.toml, dust_low.toml
2023-03-21 22:38:35,064:INFO:mapsims:Nside: 2048, Modeling Nside: 4096, Ellmax: 5120
2023-03-21 22:38:35,069:INFO:mapsims:Initializing the PySM Sky object
2023-03-21 22:38:35,070:INFO:pysm3:Access data from /mnt/sdceph/users/azonca/pysm-data/dust_gnilc/gnilc_dust_template_nside4096.fits
2023-03-21 22:38:45,174:INFO:mapsims:Processing channel Channel LAT_f040
2023-03-21 22:38:45,175:INFO:mapsims:Bandpass integration for Channel LAT_f040
2023-03-21 22:54:19,882:INFO:mapsims:Smoothing and coord-transform for Channel LAT_f040
2023-03-21 22:54:19,883:INFO:pysm3:Using map2alm with pixel weights
2023-03-21 22:54:26,743:INFO:pysm3:Smoothing with fwhm of 5.1 arcmin
2023-03-21 22:54:27,660:INFO:pysm3:Rotate Alm
2023-03-21 22:55:51,896:INFO:pysm3:Alm to map HEALPix
2023-03-21 22:55:53,553:INFO:pysm3:Alm to map CAR
2023-03-21 22:55:56,605:INFO:mapsims:Writing output map sobs_mbs-s0012-20230321_LAT_mission_LAT_f040_dust_low_healpix.fits
2023-03-21 22:55:56,605:INFO:mapsims:Replace NaN with UNSEEN
2023-03-21 22:55:56,744:INFO:mapsims:Reorder ring to nest
2023-03-21 22:56:00,918:INFO:mapsims:Writing output map
2023-03-21 22:56:03,463:INFO:mapsims:Writing output map sobs_mbs-s0012-20230321_LAT_mission_LAT_f040_dust_low_car.fits
2023-03-21 22:56:03,466:INFO:mapsims:Writing output map

real	17m34.442s
user	90m34.585s
sys	5m24.743s
