
WARNING: version mismatch between CFITSIO header (v3.47) and linked library (v4.02).


WARNING: version mismatch between CFITSIO header (v3.47) and linked library (v4.02).


WARNING: version mismatch between CFITSIO header (v3.47) and linked library (v4.02).

2023-03-21 23:11:05,943:INFO:mapsims:Parsing configuration from common.toml, freefree.toml
2023-03-21 23:11:05,954:INFO:mapsims:Nside: 128, Modeling Nside: 512, Ellmax: 320
2023-03-21 23:11:05,960:INFO:mapsims:Initializing the PySM Sky object
2023-03-21 23:11:05,961:INFO:pysm3:Access data from /mnt/sdceph/users/azonca/pysm-data/pysm_2/ff_t_new.fits
2023-03-21 23:11:06,007:INFO:mapsims:Processing channel Channel SAT_f040
2023-03-21 23:11:06,007:INFO:mapsims:Bandpass integration for Channel SAT_f040
2023-03-21 23:11:10,064:INFO:mapsims:Smoothing and coord-transform for Channel SAT_f040
2023-03-21 23:11:10,065:INFO:pysm3:Using map2alm with pixel weights
2023-03-21 23:11:10,275:INFO:pysm3:Smoothing with fwhm of 63.0 arcmin
2023-03-21 23:11:10,279:INFO:pysm3:Rotate Alm
2023-03-21 23:11:10,469:INFO:pysm3:Alm to map HEALPix
2023-03-21 23:11:10,519:INFO:pysm3:Alm to map CAR
2023-03-21 23:11:10,619:INFO:mapsims:Writing output map sobs_mbs-s0012-20230321_SAT_mission_SAT_f040_freefree_healpix.fits
2023-03-21 23:11:10,620:INFO:mapsims:Replace NaN with UNSEEN
2023-03-21 23:11:10,620:INFO:mapsims:Reorder ring to nest
2023-03-21 23:11:10,631:INFO:mapsims:Writing output map
2023-03-21 23:11:10,655:INFO:mapsims:Writing output map sobs_mbs-s0012-20230321_SAT_mission_SAT_f040_freefree_car.fits
2023-03-21 23:11:10,655:INFO:mapsims:Writing output map

real	0m6.686s
user	0m26.098s
sys	0m7.887s
