
WARNING: version mismatch between CFITSIO header (v3.47) and linked library (v4.02).


WARNING: version mismatch between CFITSIO header (v3.47) and linked library (v4.02).


WARNING: version mismatch between CFITSIO header (v3.47) and linked library (v4.02).

2023-03-21 22:48:59,679:INFO:mapsims:Parsing configuration from common.toml, cmb_unlensed.toml
2023-03-21 22:48:59,690:INFO:mapsims:Nside: 128, Modeling Nside: 4096, Ellmax: 320
2023-03-21 22:48:59,692:INFO:mapsims:Initializing the PySM Sky object
2023-03-21 22:48:59,694:INFO:pysm3:Access data from /mnt/sdceph/users/azonca/pysm-data/websky/0.4/cmb/map_I_unlensed_alm_seed1_nside4096.fits
2023-03-21 22:48:59,695:INFO:pysm3:Access data from /mnt/sdceph/users/azonca/pysm-data/websky/0.4/cmb/map_Q_unlensed_alm_seed1_nside4096.fits
2023-03-21 22:48:59,696:INFO:pysm3:Access data from /mnt/sdceph/users/azonca/pysm-data/websky/0.4/cmb/map_U_unlensed_alm_seed1_nside4096.fits
2023-03-21 22:48:59,697:INFO:pysm3:Access data from /mnt/sdceph/users/azonca/pysm-data/websky/0.4/cmb/map_I_unlensed_alm_seed1_nside4096.fits
2023-03-21 22:49:01,565:INFO:pysm3:Access data from /mnt/sdceph/users/azonca/pysm-data/websky/0.4/cmb/map_Q_unlensed_alm_seed1_nside4096.fits
2023-03-21 22:49:06,001:INFO:pysm3:Access data from /mnt/sdceph/users/azonca/pysm-data/websky/0.4/cmb/map_U_unlensed_alm_seed1_nside4096.fits
2023-03-21 22:49:08,818:INFO:mapsims:Processing channel Channel SAT_f040
2023-03-21 22:49:08,819:INFO:mapsims:Bandpass integration for Channel SAT_f040
2023-03-21 22:49:11,414:INFO:mapsims:Smoothing and coord-transform for Channel SAT_f040
2023-03-21 22:49:11,415:INFO:pysm3:Using map2alm with pixel weights
2023-03-21 22:49:16,274:INFO:pysm3:Smoothing with fwhm of 63.0 arcmin
2023-03-21 22:49:16,277:INFO:pysm3:Rotate Alm
2023-03-21 22:49:16,406:INFO:pysm3:Alm to map HEALPix
2023-03-21 22:49:16,411:INFO:pysm3:Alm to map CAR
2023-03-21 22:49:16,529:INFO:mapsims:Writing output map sobs_mbs-s0012-20230321_SAT_mission_SAT_f040_cmb_unlensed_healpix.fits
2023-03-21 22:49:16,530:INFO:mapsims:Replace NaN with UNSEEN
2023-03-21 22:49:16,530:INFO:mapsims:Reorder ring to nest
2023-03-21 22:49:16,552:INFO:mapsims:Writing output map
2023-03-21 22:49:16,578:INFO:mapsims:Writing output map sobs_mbs-s0012-20230321_SAT_mission_SAT_f040_cmb_unlensed_car.fits
2023-03-21 22:49:16,578:INFO:mapsims:Writing output map

real	0m18.810s
user	0m35.792s
sys	0m8.388s
