
WARNING: version mismatch between CFITSIO header (v3.47) and linked library (v4.02).


WARNING: version mismatch between CFITSIO header (v3.47) and linked library (v4.02).


WARNING: version mismatch between CFITSIO header (v3.47) and linked library (v4.02).

2023-03-21 22:50:38,260:INFO:mapsims:Parsing configuration from common.toml, cmb.toml
2023-03-21 22:50:38,271:INFO:mapsims:Nside: 512, Modeling Nside: 4096, Ellmax: 1280
2023-03-21 22:50:38,273:INFO:mapsims:Initializing the PySM Sky object
2023-03-21 22:50:38,275:INFO:pysm3:Access data from /mnt/sdceph/users/azonca/pysm-data/websky/0.4/cmb/map_I_lensed_alm_seed1_nside4096.fits
2023-03-21 22:50:38,276:INFO:pysm3:Access data from /mnt/sdceph/users/azonca/pysm-data/websky/0.4/cmb/map_Q_lensed_alm_seed1_nside4096.fits
2023-03-21 22:50:38,277:INFO:pysm3:Access data from /mnt/sdceph/users/azonca/pysm-data/websky/0.4/cmb/map_U_lensed_alm_seed1_nside4096.fits
2023-03-21 22:50:38,278:INFO:pysm3:Access data from /mnt/sdceph/users/azonca/pysm-data/websky/0.4/cmb/map_I_lensed_alm_seed1_nside4096.fits
2023-03-21 22:50:40,115:INFO:pysm3:Access data from /mnt/sdceph/users/azonca/pysm-data/websky/0.4/cmb/map_Q_lensed_alm_seed1_nside4096.fits
2023-03-21 22:50:41,984:INFO:pysm3:Access data from /mnt/sdceph/users/azonca/pysm-data/websky/0.4/cmb/map_U_lensed_alm_seed1_nside4096.fits
2023-03-21 22:50:44,654:INFO:mapsims:Processing channel Channel SAT_f090
2023-03-21 22:50:44,654:INFO:mapsims:Bandpass integration for Channel SAT_f090
2023-03-21 22:50:47,242:INFO:mapsims:Smoothing and coord-transform for Channel SAT_f090
2023-03-21 22:50:47,243:INFO:pysm3:Using map2alm with pixel weights
2023-03-21 22:50:52,193:INFO:pysm3:Smoothing with fwhm of 30.0 arcmin
2023-03-21 22:50:52,249:INFO:pysm3:Rotate Alm
2023-03-21 22:50:54,579:INFO:pysm3:Alm to map HEALPix
2023-03-21 22:50:54,665:INFO:pysm3:Alm to map CAR
2023-03-21 22:50:55,188:INFO:mapsims:Writing output map sobs_mbs-s0012-20230321_SAT_mission_SAT_f090_cmb_healpix.fits
2023-03-21 22:50:55,188:INFO:mapsims:Replace NaN with UNSEEN
2023-03-21 22:50:55,198:INFO:mapsims:Reorder ring to nest
2023-03-21 22:50:55,399:INFO:mapsims:Writing output map
2023-03-21 22:50:55,550:INFO:mapsims:Writing output map sobs_mbs-s0012-20230321_SAT_mission_SAT_f090_cmb_car.fits
2023-03-21 22:50:55,550:INFO:mapsims:Writing output map

real	0m19.888s
user	2m29.329s
sys	0m9.974s
