
WARNING: version mismatch between CFITSIO header (v3.47) and linked library (v4.02).


WARNING: version mismatch between CFITSIO header (v3.47) and linked library (v4.02).


WARNING: version mismatch between CFITSIO header (v3.47) and linked library (v4.02).

2023-03-21 22:49:56,992:INFO:mapsims:Parsing configuration from common.toml, cmb.toml
2023-03-21 22:49:57,002:INFO:mapsims:Nside: 8192, Modeling Nside: 4096, Ellmax: 10240
2023-03-21 22:49:57,004:INFO:mapsims:Initializing the PySM Sky object
2023-03-21 22:49:57,005:INFO:pysm3:Access data from /mnt/sdceph/users/azonca/pysm-data/websky/0.4/cmb/map_I_lensed_alm_seed1_nside4096.fits
2023-03-21 22:49:57,006:INFO:pysm3:Access data from /mnt/sdceph/users/azonca/pysm-data/websky/0.4/cmb/map_Q_lensed_alm_seed1_nside4096.fits
2023-03-21 22:49:57,007:INFO:pysm3:Access data from /mnt/sdceph/users/azonca/pysm-data/websky/0.4/cmb/map_U_lensed_alm_seed1_nside4096.fits
2023-03-21 22:49:57,008:INFO:pysm3:Access data from /mnt/sdceph/users/azonca/pysm-data/websky/0.4/cmb/map_I_lensed_alm_seed1_nside4096.fits
2023-03-21 22:49:58,874:INFO:pysm3:Access data from /mnt/sdceph/users/azonca/pysm-data/websky/0.4/cmb/map_Q_lensed_alm_seed1_nside4096.fits
2023-03-21 22:50:00,616:INFO:pysm3:Access data from /mnt/sdceph/users/azonca/pysm-data/websky/0.4/cmb/map_U_lensed_alm_seed1_nside4096.fits
2023-03-21 22:50:03,471:INFO:mapsims:Processing channel Channel LAT_f090
2023-03-21 22:50:03,471:INFO:mapsims:Bandpass integration for Channel LAT_f090
2023-03-21 22:50:06,031:INFO:mapsims:Smoothing and coord-transform for Channel LAT_f090
2023-03-21 22:52:13,732:INFO:pysm3:Used map2alm_lsq, converged in 2 iterations,residual relative error 4.3e-08
2023-03-21 22:52:13,732:INFO:pysm3:Smoothing with fwhm of 2.2 arcmin
2023-03-21 22:52:17,225:INFO:pysm3:Rotate Alm
2023-03-21 23:07:00,617:INFO:pysm3:Alm to map HEALPix
2023-03-21 23:07:24,737:INFO:pysm3:Alm to map CAR
2023-03-21 23:08:09,433:INFO:mapsims:Writing output map sobs_mbs-s0012-20230321_LAT_mission_LAT_f090_cmb_healpix.fits
2023-03-21 23:08:09,434:INFO:mapsims:Replace NaN with UNSEEN
2023-03-21 23:08:11,604:INFO:mapsims:Reorder ring to nest
2023-03-21 23:09:14,210:INFO:mapsims:Writing output map
2023-03-21 23:09:48,711:INFO:mapsims:Writing output map sobs_mbs-s0012-20230321_LAT_mission_LAT_f090_cmb_car.fits
2023-03-21 23:09:48,748:INFO:mapsims:Writing output map

real	20m46.888s
user	475m0.908s
sys	3m30.054s
