
WARNING: version mismatch between CFITSIO header (v3.47) and linked library (v4.02).


WARNING: version mismatch between CFITSIO header (v3.47) and linked library (v4.02).


WARNING: version mismatch between CFITSIO header (v3.47) and linked library (v4.02).

2023-03-21 23:09:21,923:INFO:mapsims:Parsing configuration from common.toml, co.toml
2023-03-21 23:09:21,934:INFO:mapsims:Nside: 8192, Modeling Nside: 2048, Ellmax: 5120
2023-03-21 23:09:21,936:INFO:mapsims:Initializing the PySM Sky object
2023-03-21 23:09:21,938:INFO:pysm3:Access data from /mnt/sdceph/users/azonca/pysm-data/co/HFI_CompMap_CO-Type1_2048_R2.00_ring.fits
2023-03-21 23:09:21,938:INFO:pysm3:Access data from /mnt/sdceph/users/azonca/pysm-data/co/HFI_CompMap_CO-Type1_2048_R2.00_ring.fits
2023-03-21 23:09:38,989:INFO:pysm3:Access data from /mnt/sdceph/users/azonca/pysm-data/co/psimap_dust90_2048.fits
2023-03-21 23:09:38,991:INFO:pysm3:Access data from /mnt/sdceph/users/azonca/pysm-data/co/psimap_dust90_2048.fits
2023-03-21 23:09:39,500:WARNING:pysm3:No physical unit associated with file /mnt/sdceph/users/azonca/pysm-data/co/psimap_dust90_2048.fits
2023-03-21 23:09:39,501:INFO:pysm3:Access data from /mnt/sdceph/users/azonca/pysm-data/co/gmap_dust90_2048.fits
2023-03-21 23:09:39,502:INFO:pysm3:Access data from /mnt/sdceph/users/azonca/pysm-data/co/gmap_dust90_2048.fits
2023-03-21 23:09:40,013:WARNING:pysm3:No physical unit associated with file /mnt/sdceph/users/azonca/pysm-data/co/gmap_dust90_2048.fits
2023-03-21 23:09:40,014:INFO:pysm3:Access data from /mnt/sdceph/users/azonca/pysm-data/co/mcmoleCO_HGL_2048.fits
2023-03-21 23:09:40,015:INFO:pysm3:Access data from /mnt/sdceph/users/azonca/pysm-data/co/mcmoleCO_HGL_2048.fits
2023-03-21 23:09:41,538:INFO:mapsims:Processing channel Channel LAT_f290
2023-03-21 23:09:41,538:INFO:mapsims:Bandpass integration for Channel LAT_f290
2023-03-21 23:09:46,115:INFO:mapsims:Smoothing and coord-transform for Channel LAT_f290
2023-03-21 23:11:14,723:WARNING:pysm3:hp.map2alm_lsq did not converge in 10 iterations, residual relative error is 0.55
2023-03-21 23:11:14,723:INFO:pysm3:Smoothing with fwhm of 0.9 arcmin
2023-03-21 23:11:15,652:INFO:pysm3:Rotate Alm
2023-03-21 23:12:44,246:INFO:pysm3:Alm to map HEALPix
2023-03-21 23:13:00,954:INFO:pysm3:Alm to map CAR
2023-03-21 23:13:41,680:INFO:mapsims:Writing output map sobs_mbs-s0012-20230321_LAT_mission_LAT_f290_co_healpix.fits
2023-03-21 23:13:41,680:INFO:mapsims:Replace NaN with UNSEEN
2023-03-21 23:13:44,398:INFO:mapsims:Reorder ring to nest
2023-03-21 23:14:48,338:INFO:mapsims:Writing output map
2023-03-21 23:15:22,383:INFO:mapsims:Writing output map sobs_mbs-s0012-20230321_LAT_mission_LAT_f290_co_car.fits
2023-03-21 23:15:22,423:INFO:mapsims:Writing output map

real	6m52.790s
user	87m59.183s
sys	4m30.889s
