
WARNING: version mismatch between CFITSIO header (v3.47) and linked library (v4.02).


WARNING: version mismatch between CFITSIO header (v3.47) and linked library (v4.02).


WARNING: version mismatch between CFITSIO header (v3.47) and linked library (v4.02).

2023-03-21 22:35:28,493:INFO:mapsims:Parsing configuration from common.toml, ksz.toml
2023-03-21 22:35:28,516:INFO:mapsims:Nside: 1024, Modeling Nside: 4096, Ellmax: 2560
2023-03-21 22:35:28,538:INFO:mapsims:Initializing the PySM Sky object
2023-03-21 22:35:28,540:INFO:pysm3:Access data from /mnt/sdceph/users/azonca/pysm-data/websky/0.4/ksz.fits
2023-03-21 22:35:28,541:INFO:pysm3:Access data from /mnt/sdceph/users/azonca/pysm-data/websky/0.4/ksz.fits
2023-03-21 22:35:36,465:INFO:mapsims:Processing channel Channel SAT_f290
2023-03-21 22:35:36,465:INFO:mapsims:Bandpass integration for Channel SAT_f290
2023-03-21 22:37:58,750:INFO:mapsims:Smoothing and coord-transform for Channel SAT_f290
2023-03-21 22:37:58,755:INFO:pysm3:Using map2alm with pixel weights
2023-03-21 22:38:04,052:INFO:pysm3:Smoothing with fwhm of 9.0 arcmin
2023-03-21 22:38:04,271:INFO:pysm3:Rotate Alm
2023-03-21 22:38:16,503:INFO:pysm3:Alm to map HEALPix
2023-03-21 22:38:16,868:INFO:pysm3:Alm to map CAR
2023-03-21 22:38:17,687:INFO:mapsims:Writing output map sobs_mbs-s0012-20230321_SAT_mission_SAT_f290_ksz_healpix.fits
2023-03-21 22:38:17,687:INFO:mapsims:Replace NaN with UNSEEN
2023-03-21 22:38:17,722:INFO:mapsims:Reorder ring to nest
2023-03-21 22:38:18,530:INFO:mapsims:Writing output map
2023-03-21 22:38:19,177:INFO:mapsims:Writing output map sobs_mbs-s0012-20230321_SAT_mission_SAT_f290_ksz_car.fits
2023-03-21 22:38:19,178:INFO:mapsims:Writing output map

real	2m57.603s
user	12m7.546s
sys	1m11.639s
