
WARNING: version mismatch between CFITSIO header (v3.47) and linked library (v4.02).


WARNING: version mismatch between CFITSIO header (v3.47) and linked library (v4.02).


WARNING: version mismatch between CFITSIO header (v3.47) and linked library (v4.02).

2023-03-21 22:35:25,145:INFO:mapsims:Parsing configuration from common.toml, co_low.toml
2023-03-21 22:35:25,171:INFO:mapsims:Nside: 512, Modeling Nside: 2048, Ellmax: 1280
2023-03-21 22:35:25,193:INFO:mapsims:Initializing the PySM Sky object
2023-03-21 22:35:25,195:INFO:pysm3:Access data from /mnt/sdceph/users/azonca/pysm-data/co/HFI_CompMap_CO-Type1_2048_R2.00_ring.fits
2023-03-21 22:35:25,196:INFO:pysm3:Access data from /mnt/sdceph/users/azonca/pysm-data/co/HFI_CompMap_CO-Type1_2048_R2.00_ring.fits
2023-03-21 22:35:43,257:INFO:mapsims:Processing channel Channel SAT_f150
2023-03-21 22:35:43,257:INFO:mapsims:Bandpass integration for Channel SAT_f150
2023-03-21 22:35:44,673:INFO:mapsims:Smoothing and coord-transform for Channel SAT_f150
2023-03-21 22:35:44,677:INFO:pysm3:Using map2alm with pixel weights
2023-03-21 22:35:46,311:INFO:pysm3:Smoothing with fwhm of 17.0 arcmin
2023-03-21 22:35:46,368:INFO:pysm3:Rotate Alm
2023-03-21 22:35:48,697:INFO:pysm3:Alm to map HEALPix
2023-03-21 22:35:48,783:INFO:pysm3:Alm to map CAR
2023-03-21 22:35:49,354:INFO:mapsims:Writing output map sobs_mbs-s0012-20230321_SAT_mission_SAT_f150_co_low_healpix.fits
2023-03-21 22:35:49,355:INFO:mapsims:Replace NaN with UNSEEN
2023-03-21 22:35:49,363:INFO:mapsims:Reorder ring to nest
2023-03-21 22:35:49,552:INFO:mapsims:Writing output map
2023-03-21 22:35:49,732:INFO:mapsims:Writing output map sobs_mbs-s0012-20230321_SAT_mission_SAT_f150_co_low_car.fits
2023-03-21 22:35:49,733:INFO:mapsims:Writing output map

real	0m31.320s
user	2m34.990s
sys	0m9.551s
