
WARNING: version mismatch between CFITSIO header (v3.47) and linked library (v4.02).


WARNING: version mismatch between CFITSIO header (v3.47) and linked library (v4.02).


WARNING: version mismatch between CFITSIO header (v3.47) and linked library (v4.02).

2023-03-21 22:44:47,292:INFO:mapsims:Parsing configuration from common.toml, synchrotron_high.toml
2023-03-21 22:44:47,304:INFO:mapsims:Nside: 8192, Modeling Nside: 8192, Ellmax: 16384
2023-03-21 22:44:47,306:INFO:mapsims:Initializing the PySM Sky object
2023-03-21 22:44:47,308:INFO:pysm3:Access data from /mnt/sdceph/users/azonca/pysm-data/synch/synch_template_nside8192_2023.02.25.fits
2023-03-21 22:45:12,282:INFO:pysm3:Access data from /mnt/sdceph/users/azonca/pysm-data/synch/synch_beta_nside8192.fits
2023-03-21 22:45:19,110:INFO:pysm3:Access data from /mnt/sdceph/users/azonca/pysm-data/synch/synch_curvature_nside8192.fits
2023-03-21 22:45:26,609:INFO:mapsims:Processing channel Channel LAT_f290
2023-03-21 22:45:26,609:INFO:mapsims:Bandpass integration for Channel LAT_f290
2023-03-21 23:29:10,452:INFO:mapsims:Smoothing and coord-transform for Channel LAT_f290
2023-03-21 23:37:29,237:INFO:pysm3:Used map2alm_lsq, converged in 2 iterations,residual relative error 0.0021
2023-03-21 23:37:29,237:INFO:pysm3:Smoothing with fwhm of 0.9 arcmin
2023-03-21 23:37:38,577:INFO:pysm3:Rotate Alm
2023-03-22 00:50:46,103:INFO:pysm3:Alm to map HEALPix
2023-03-22 00:51:24,802:INFO:pysm3:Alm to map CAR
2023-03-22 00:52:18,678:INFO:mapsims:Writing output map sobs_mbs-s0012-20230321_LAT_mission_LAT_f290_synchrotron_high_healpix.fits
2023-03-22 00:52:18,678:INFO:mapsims:Replace NaN with UNSEEN
2023-03-22 00:52:21,164:INFO:mapsims:Reorder ring to nest
2023-03-22 00:53:23,873:INFO:mapsims:Writing output map
2023-03-22 00:54:00,808:INFO:mapsims:Writing output map sobs_mbs-s0012-20230321_LAT_mission_LAT_f290_synchrotron_high_car.fits
2023-03-22 00:54:00,849:INFO:mapsims:Writing output map

real	130m2.106s
user	2178m19.421s
sys	47m40.735s
