
WARNING: version mismatch between CFITSIO header (v3.47) and linked library (v4.02).


WARNING: version mismatch between CFITSIO header (v3.47) and linked library (v4.02).


WARNING: version mismatch between CFITSIO header (v3.47) and linked library (v4.02).

2023-03-21 22:48:01,721:INFO:mapsims:Parsing configuration from common.toml, cmb_unlensed.toml
2023-03-21 22:48:01,732:INFO:mapsims:Nside: 8192, Modeling Nside: 4096, Ellmax: 10240
2023-03-21 22:48:01,734:INFO:mapsims:Initializing the PySM Sky object
2023-03-21 22:48:01,735:INFO:pysm3:Access data from /mnt/sdceph/users/azonca/pysm-data/websky/0.4/cmb/map_I_unlensed_alm_seed1_nside4096.fits
2023-03-21 22:48:01,736:INFO:pysm3:Access data from /mnt/sdceph/users/azonca/pysm-data/websky/0.4/cmb/map_Q_unlensed_alm_seed1_nside4096.fits
2023-03-21 22:48:01,738:INFO:pysm3:Access data from /mnt/sdceph/users/azonca/pysm-data/websky/0.4/cmb/map_U_unlensed_alm_seed1_nside4096.fits
2023-03-21 22:48:01,738:INFO:pysm3:Access data from /mnt/sdceph/users/azonca/pysm-data/websky/0.4/cmb/map_I_unlensed_alm_seed1_nside4096.fits
2023-03-21 22:48:03,671:INFO:pysm3:Access data from /mnt/sdceph/users/azonca/pysm-data/websky/0.4/cmb/map_Q_unlensed_alm_seed1_nside4096.fits
2023-03-21 22:48:05,409:INFO:pysm3:Access data from /mnt/sdceph/users/azonca/pysm-data/websky/0.4/cmb/map_U_unlensed_alm_seed1_nside4096.fits
2023-03-21 22:48:08,412:INFO:mapsims:Processing channel Channel LAT_f150
2023-03-21 22:48:08,413:INFO:mapsims:Bandpass integration for Channel LAT_f150
2023-03-21 22:48:10,985:INFO:mapsims:Smoothing and coord-transform for Channel LAT_f150
2023-03-21 22:50:19,910:INFO:pysm3:Used map2alm_lsq, converged in 2 iterations,residual relative error 4.9e-08
2023-03-21 22:50:19,910:INFO:pysm3:Smoothing with fwhm of 1.4 arcmin
2023-03-21 22:50:24,335:INFO:pysm3:Rotate Alm
2023-03-21 23:04:51,891:INFO:pysm3:Alm to map HEALPix
2023-03-21 23:05:15,592:INFO:pysm3:Alm to map CAR
2023-03-21 23:05:59,447:INFO:mapsims:Writing output map sobs_mbs-s0012-20230321_LAT_mission_LAT_f150_cmb_unlensed_healpix.fits
2023-03-21 23:05:59,447:INFO:mapsims:Replace NaN with UNSEEN
2023-03-21 23:06:01,665:INFO:mapsims:Reorder ring to nest
2023-03-21 23:07:03,928:INFO:mapsims:Writing output map
2023-03-21 23:07:37,703:INFO:mapsims:Writing output map sobs_mbs-s0012-20230321_LAT_mission_LAT_f150_cmb_unlensed_car.fits
2023-03-21 23:07:37,744:INFO:mapsims:Writing output map

real	20m26.279s
user	460m39.537s
sys	3m30.485s
