
WARNING: version mismatch between CFITSIO header (v3.47) and linked library (v4.02).


WARNING: version mismatch between CFITSIO header (v3.47) and linked library (v4.02).


WARNING: version mismatch between CFITSIO header (v3.47) and linked library (v4.02).

2023-03-21 22:35:22,615:INFO:mapsims:Parsing configuration from common.toml, co_low.toml
2023-03-21 22:35:22,629:INFO:mapsims:Nside: 8192, Modeling Nside: 2048, Ellmax: 5120
2023-03-21 22:35:22,632:INFO:mapsims:Initializing the PySM Sky object
2023-03-21 22:35:22,633:INFO:pysm3:Access data from /mnt/sdceph/users/azonca/pysm-data/co/HFI_CompMap_CO-Type1_2048_R2.00_ring.fits
2023-03-21 22:35:22,634:INFO:pysm3:Access data from /mnt/sdceph/users/azonca/pysm-data/co/HFI_CompMap_CO-Type1_2048_R2.00_ring.fits
2023-03-21 22:35:42,764:INFO:mapsims:Processing channel Channel LAT_f290
2023-03-21 22:35:42,764:INFO:mapsims:Bandpass integration for Channel LAT_f290
2023-03-21 22:35:44,570:INFO:mapsims:Smoothing and coord-transform for Channel LAT_f290
2023-03-21 22:37:15,687:WARNING:pysm3:hp.map2alm_lsq did not converge in 10 iterations, residual relative error is 0.55
2023-03-21 22:37:15,688:INFO:pysm3:Smoothing with fwhm of 0.9 arcmin
2023-03-21 22:37:16,611:INFO:pysm3:Rotate Alm
2023-03-21 22:38:24,152:INFO:pysm3:Alm to map HEALPix
2023-03-21 22:38:41,080:INFO:pysm3:Alm to map CAR
2023-03-21 22:39:22,545:INFO:mapsims:Writing output map sobs_mbs-s0012-20230321_LAT_mission_LAT_f290_co_low_healpix.fits
2023-03-21 22:39:22,545:INFO:mapsims:Replace NaN with UNSEEN
2023-03-21 22:39:25,268:INFO:mapsims:Reorder ring to nest
2023-03-21 22:40:30,992:INFO:mapsims:Writing output map
2023-03-21 22:41:08,076:INFO:mapsims:Writing output map sobs_mbs-s0012-20230321_LAT_mission_LAT_f290_co_low_car.fits
2023-03-21 22:41:08,116:INFO:mapsims:Writing output map

real	6m35.386s
user	77m1.903s
sys	4m50.816s
