
WARNING: version mismatch between CFITSIO header (v3.47) and linked library (v4.02).


WARNING: version mismatch between CFITSIO header (v3.47) and linked library (v4.02).


WARNING: version mismatch between CFITSIO header (v3.47) and linked library (v4.02).

2023-03-21 22:35:24,233:INFO:mapsims:Parsing configuration from common.toml, dust.toml
2023-03-21 22:35:24,245:INFO:mapsims:Nside: 8192, Modeling Nside: 8192, Ellmax: 16384
2023-03-21 22:35:24,253:INFO:mapsims:Initializing the PySM Sky object
2023-03-21 22:35:24,255:INFO:pysm3:Access data from /mnt/sdceph/users/azonca/pysm-data/dust_gnilc/gnilc_dust_template_nside8192.fits
2023-03-21 22:35:55,085:INFO:pysm3:Access data from /mnt/sdceph/users/azonca/pysm-data/dust_gnilc/gnilc_dust_beta_nside8192.fits
2023-03-21 22:36:07,242:INFO:pysm3:Access data from /mnt/sdceph/users/azonca/pysm-data/dust_gnilc/gnilc_dust_Td_nside8192.fits
2023-03-21 22:36:20,677:INFO:mapsims:Processing channel Channel LAT_f290
2023-03-21 22:36:20,677:INFO:mapsims:Bandpass integration for Channel LAT_f290
2023-03-22 03:05:06,523:INFO:mapsims:Smoothing and coord-transform for Channel LAT_f290
2023-03-22 03:13:20,629:INFO:pysm3:Used map2alm_lsq, converged in 2 iterations,residual relative error 0.004
2023-03-22 03:13:20,629:INFO:pysm3:Smoothing with fwhm of 0.9 arcmin
2023-03-22 03:13:29,278:INFO:pysm3:Rotate Alm
2023-03-22 04:29:22,575:INFO:pysm3:Alm to map HEALPix
2023-03-22 04:30:02,834:INFO:pysm3:Alm to map CAR
2023-03-22 04:30:58,195:INFO:mapsims:Writing output map sobs_mbs-s0012-20230321_LAT_mission_LAT_f290_dust_healpix.fits
2023-03-22 04:30:58,195:INFO:mapsims:Replace NaN with UNSEEN
2023-03-22 04:31:01,256:INFO:mapsims:Reorder ring to nest
2023-03-22 04:32:03,883:INFO:mapsims:Writing output map
2023-03-22 04:32:39,761:INFO:mapsims:Writing output map sobs_mbs-s0012-20230321_LAT_mission_LAT_f290_dust_car.fits
2023-03-22 04:32:39,804:INFO:mapsims:Writing output map

real	358m7.735s
user	2812m0.172s
sys	90m40.263s
