
WARNING: version mismatch between CFITSIO header (v3.47) and linked library (v4.02).


WARNING: version mismatch between CFITSIO header (v3.47) and linked library (v4.02).


WARNING: version mismatch between CFITSIO header (v3.47) and linked library (v4.02).

2023-03-21 23:10:56,385:INFO:mapsims:Parsing configuration from common.toml, freefree.toml
2023-03-21 23:10:56,396:INFO:mapsims:Nside: 128, Modeling Nside: 512, Ellmax: 320
2023-03-21 23:10:56,398:INFO:mapsims:Initializing the PySM Sky object
2023-03-21 23:10:56,400:INFO:pysm3:Access data from /mnt/sdceph/users/azonca/pysm-data/pysm_2/ff_t_new.fits
2023-03-21 23:10:56,443:INFO:mapsims:Processing channel Channel SAT_f030
2023-03-21 23:10:56,443:INFO:mapsims:Bandpass integration for Channel SAT_f030
2023-03-21 23:10:59,606:INFO:mapsims:Smoothing and coord-transform for Channel SAT_f030
2023-03-21 23:10:59,607:INFO:pysm3:Using map2alm with pixel weights
2023-03-21 23:10:59,811:INFO:pysm3:Smoothing with fwhm of 91.0 arcmin
2023-03-21 23:10:59,815:INFO:pysm3:Rotate Alm
2023-03-21 23:11:00,121:INFO:pysm3:Alm to map HEALPix
2023-03-21 23:11:00,125:INFO:pysm3:Alm to map CAR
2023-03-21 23:11:00,232:INFO:mapsims:Writing output map sobs_mbs-s0012-20230321_SAT_mission_SAT_f030_freefree_healpix.fits
2023-03-21 23:11:00,232:INFO:mapsims:Replace NaN with UNSEEN
2023-03-21 23:11:00,233:INFO:mapsims:Reorder ring to nest
2023-03-21 23:11:00,244:INFO:mapsims:Writing output map
2023-03-21 23:11:00,266:INFO:mapsims:Writing output map sobs_mbs-s0012-20230321_SAT_mission_SAT_f030_freefree_car.fits
2023-03-21 23:11:00,266:INFO:mapsims:Writing output map

real	0m5.869s
user	0m30.800s
sys	0m3.594s
