
WARNING: version mismatch between CFITSIO header (v3.47) and linked library (v4.02).


WARNING: version mismatch between CFITSIO header (v3.47) and linked library (v4.02).


WARNING: version mismatch between CFITSIO header (v3.47) and linked library (v4.02).

2023-03-21 22:53:36,182:INFO:mapsims:Parsing configuration from common.toml, synchrotron_low.toml
2023-03-21 22:53:36,193:INFO:mapsims:Nside: 8192, Modeling Nside: 8192, Ellmax: 16384
2023-03-21 22:53:36,195:INFO:mapsims:Initializing the PySM Sky object
2023-03-21 22:53:36,196:INFO:pysm3:Access data from /mnt/sdceph/users/azonca/pysm-data/synch/synch_template_nside8192_2023.02.25.fits
2023-03-21 22:53:59,900:INFO:mapsims:Processing channel Channel LAT_f230
2023-03-21 22:53:59,900:INFO:mapsims:Bandpass integration for Channel LAT_f230
2023-03-21 23:24:18,336:INFO:mapsims:Smoothing and coord-transform for Channel LAT_f230
2023-03-21 23:32:23,295:INFO:pysm3:Used map2alm_lsq, converged in 2 iterations,residual relative error 0.0019
2023-03-21 23:32:23,296:INFO:pysm3:Smoothing with fwhm of 1.0 arcmin
2023-03-21 23:32:32,652:INFO:pysm3:Rotate Alm
2023-03-22 00:45:55,475:INFO:pysm3:Alm to map HEALPix
2023-03-22 00:46:34,055:INFO:pysm3:Alm to map CAR
2023-03-22 00:47:28,685:INFO:mapsims:Writing output map sobs_mbs-s0012-20230321_LAT_mission_LAT_f230_synchrotron_low_healpix.fits
2023-03-22 00:47:28,685:INFO:mapsims:Replace NaN with UNSEEN
2023-03-22 00:47:31,166:INFO:mapsims:Reorder ring to nest
2023-03-22 00:48:34,633:INFO:mapsims:Writing output map
2023-03-22 00:49:10,038:INFO:mapsims:Writing output map sobs_mbs-s0012-20230321_LAT_mission_LAT_f230_synchrotron_low_car.fits
2023-03-22 00:49:10,077:INFO:mapsims:Writing output map

real	116m21.612s
user	1660m29.565s
sys	41m25.106s
