
WARNING: version mismatch between CFITSIO header (v3.47) and linked library (v4.02).


WARNING: version mismatch between CFITSIO header (v3.47) and linked library (v4.02).


WARNING: version mismatch between CFITSIO header (v3.47) and linked library (v4.02).

2023-03-21 22:48:40,613:INFO:mapsims:Parsing configuration from common.toml, cmb_unlensed.toml
2023-03-21 22:48:40,625:INFO:mapsims:Nside: 8192, Modeling Nside: 4096, Ellmax: 10240
2023-03-21 22:48:40,628:INFO:mapsims:Initializing the PySM Sky object
2023-03-21 22:48:40,630:INFO:pysm3:Access data from /mnt/sdceph/users/azonca/pysm-data/websky/0.4/cmb/map_I_unlensed_alm_seed1_nside4096.fits
2023-03-21 22:48:40,632:INFO:pysm3:Access data from /mnt/sdceph/users/azonca/pysm-data/websky/0.4/cmb/map_Q_unlensed_alm_seed1_nside4096.fits
2023-03-21 22:48:40,633:INFO:pysm3:Access data from /mnt/sdceph/users/azonca/pysm-data/websky/0.4/cmb/map_U_unlensed_alm_seed1_nside4096.fits
2023-03-21 22:48:40,634:INFO:pysm3:Access data from /mnt/sdceph/users/azonca/pysm-data/websky/0.4/cmb/map_I_unlensed_alm_seed1_nside4096.fits
2023-03-21 22:48:42,507:INFO:pysm3:Access data from /mnt/sdceph/users/azonca/pysm-data/websky/0.4/cmb/map_Q_unlensed_alm_seed1_nside4096.fits
2023-03-21 22:48:44,428:INFO:pysm3:Access data from /mnt/sdceph/users/azonca/pysm-data/websky/0.4/cmb/map_U_unlensed_alm_seed1_nside4096.fits
2023-03-21 22:48:47,169:INFO:mapsims:Processing channel Channel LAT_f290
2023-03-21 22:48:47,169:INFO:mapsims:Bandpass integration for Channel LAT_f290
2023-03-21 22:48:49,778:INFO:mapsims:Smoothing and coord-transform for Channel LAT_f290
2023-03-21 22:50:58,544:INFO:pysm3:Used map2alm_lsq, converged in 2 iterations,residual relative error 4.7e-08
2023-03-21 22:50:58,545:INFO:pysm3:Smoothing with fwhm of 0.9 arcmin
2023-03-21 22:51:03,394:INFO:pysm3:Rotate Alm
2023-03-21 23:06:14,807:INFO:pysm3:Alm to map HEALPix
2023-03-21 23:06:38,341:INFO:pysm3:Alm to map CAR
2023-03-21 23:07:23,062:INFO:mapsims:Writing output map sobs_mbs-s0012-20230321_LAT_mission_LAT_f290_cmb_unlensed_healpix.fits
2023-03-21 23:07:23,062:INFO:mapsims:Replace NaN with UNSEEN
2023-03-21 23:07:25,261:INFO:mapsims:Reorder ring to nest
2023-03-21 23:08:27,278:INFO:mapsims:Writing output map
2023-03-21 23:09:02,994:INFO:mapsims:Writing output map sobs_mbs-s0012-20230321_LAT_mission_LAT_f290_cmb_unlensed_car.fits
2023-03-21 23:09:03,034:INFO:mapsims:Writing output map

real	21m12.682s
user	496m53.033s
sys	3m27.483s
